
*** Running vivado
    with args -log top_ad_da_fft_lcd.vds -m64 -product Vivado -mode batch -messageDb vivado.pb -notrace -source top_ad_da_fft_lcd.tcl


****** Vivado v2018.3 (64-bit)
  **** SW Build 2405991 on Thu Dec  6 23:38:27 MST 2018
  **** IP Build 2404404 on Fri Dec  7 01:43:56 MST 2018
    ** Copyright 1986-2018 Xilinx, Inc. All Rights Reserved.

source top_ad_da_fft_lcd.tcl -notrace
Command: synth_design -top top_ad_da_fft_lcd -part xc7z020clg400-2
Starting synth_design
Attempting to get a license for feature 'Synthesis' and/or device 'xc7z020'
INFO: [Common 17-349] Got license for feature 'Synthesis' and/or device 'xc7z020'
INFO: Launching helper process for spawning children vivado processes
INFO: Helper process launched with PID 21156 
---------------------------------------------------------------------------------
Starting RTL Elaboration : Time (s): cpu = 00:00:01 ; elapsed = 00:00:01 . Memory (MB): peak = 400.168 ; gain = 104.203
---------------------------------------------------------------------------------
INFO: [Synth 8-6157] synthesizing module 'top_ad_da_fft_lcd' [D:/GitHub/my_fpga/fpga_project1_High_speed_ADDA_realTime_spectrum_analyzer_PL/code/src/top_ad_da_fft_lcd.v:18]
INFO: [Synth 8-6157] synthesizing module 'my_pll' [D:/GitHub/my_fpga/fpga_project1_High_speed_ADDA_realTime_spectrum_analyzer_PL/code/proj/my_project/my_project.runs/synth_1/.Xil/Vivado-35920-LAPTOP-ECP6913Q/realtime/my_pll_stub.v:5]
INFO: [Synth 8-6155] done synthesizing module 'my_pll' (1#1) [D:/GitHub/my_fpga/fpga_project1_High_speed_ADDA_realTime_spectrum_analyzer_PL/code/proj/my_project/my_project.runs/synth_1/.Xil/Vivado-35920-LAPTOP-ECP6913Q/realtime/my_pll_stub.v:5]
INFO: [Synth 8-6157] synthesizing module 'hs_da' [D:/GitHub/my_fpga/fpga_project1_High_speed_ADDA_realTime_spectrum_analyzer_PL/code/src/hs_da.v:1]
INFO: [Synth 8-6157] synthesizing module 'da_wave_send' [D:/GitHub/my_fpga/fpga_project1_High_speed_ADDA_realTime_spectrum_analyzer_PL/code/src/da_wave_send.v:1]
	Parameter FREQ_ADJ bound to: 8'b00000000 
INFO: [Synth 8-6157] synthesizing module 'key_debounce' [D:/GitHub/my_fpga/fpga_project1_High_speed_ADDA_realTime_spectrum_analyzer_PL/code/src/key_debounce.v:1]
	Parameter CNT_MAX bound to: 20'b11110100001001000000 
INFO: [Synth 8-6155] done synthesizing module 'key_debounce' (2#1) [D:/GitHub/my_fpga/fpga_project1_High_speed_ADDA_realTime_spectrum_analyzer_PL/code/src/key_debounce.v:1]
INFO: [Synth 8-6155] done synthesizing module 'da_wave_send' (3#1) [D:/GitHub/my_fpga/fpga_project1_High_speed_ADDA_realTime_spectrum_analyzer_PL/code/src/da_wave_send.v:1]
INFO: [Synth 8-6157] synthesizing module 'rom_256X8_0' [D:/GitHub/my_fpga/fpga_project1_High_speed_ADDA_realTime_spectrum_analyzer_PL/code/proj/my_project/my_project.runs/synth_1/.Xil/Vivado-35920-LAPTOP-ECP6913Q/realtime/rom_256X8_0_stub.v:6]
INFO: [Synth 8-6155] done synthesizing module 'rom_256X8_0' (4#1) [D:/GitHub/my_fpga/fpga_project1_High_speed_ADDA_realTime_spectrum_analyzer_PL/code/proj/my_project/my_project.runs/synth_1/.Xil/Vivado-35920-LAPTOP-ECP6913Q/realtime/rom_256X8_0_stub.v:6]
INFO: [Synth 8-6157] synthesizing module 'rom_256X8_1' [D:/GitHub/my_fpga/fpga_project1_High_speed_ADDA_realTime_spectrum_analyzer_PL/code/proj/my_project/my_project.runs/synth_1/.Xil/Vivado-35920-LAPTOP-ECP6913Q/realtime/rom_256X8_1_stub.v:6]
INFO: [Synth 8-6155] done synthesizing module 'rom_256X8_1' (5#1) [D:/GitHub/my_fpga/fpga_project1_High_speed_ADDA_realTime_spectrum_analyzer_PL/code/proj/my_project/my_project.runs/synth_1/.Xil/Vivado-35920-LAPTOP-ECP6913Q/realtime/rom_256X8_1_stub.v:6]
INFO: [Synth 8-6155] done synthesizing module 'hs_da' (6#1) [D:/GitHub/my_fpga/fpga_project1_High_speed_ADDA_realTime_spectrum_analyzer_PL/code/src/hs_da.v:1]
INFO: [Synth 8-6157] synthesizing module 'fifo_ctrl' [D:/GitHub/my_fpga/fpga_project1_High_speed_ADDA_realTime_spectrum_analyzer_PL/code/src/fifo_ctrl.v:18]
INFO: [Synth 8-6157] synthesizing module 'fifo_512X8' [D:/GitHub/my_fpga/fpga_project1_High_speed_ADDA_realTime_spectrum_analyzer_PL/code/proj/my_project/my_project.runs/synth_1/.Xil/Vivado-35920-LAPTOP-ECP6913Q/realtime/fifo_512X8_stub.v:6]
INFO: [Synth 8-6155] done synthesizing module 'fifo_512X8' (7#1) [D:/GitHub/my_fpga/fpga_project1_High_speed_ADDA_realTime_spectrum_analyzer_PL/code/proj/my_project/my_project.runs/synth_1/.Xil/Vivado-35920-LAPTOP-ECP6913Q/realtime/fifo_512X8_stub.v:6]
WARNING: [Synth 8-689] width (9) of port connection 'rd_data_count' does not match port width (8) of module 'fifo_512X8' [D:/GitHub/my_fpga/fpga_project1_High_speed_ADDA_realTime_spectrum_analyzer_PL/code/src/fifo_ctrl.v:136]
WARNING: [Synth 8-350] instance 'u_fifo_512x8' of module 'fifo_512X8' requires 12 connections, but only 9 given [D:/GitHub/my_fpga/fpga_project1_High_speed_ADDA_realTime_spectrum_analyzer_PL/code/src/fifo_ctrl.v:127]
INFO: [Synth 8-6155] done synthesizing module 'fifo_ctrl' (8#1) [D:/GitHub/my_fpga/fpga_project1_High_speed_ADDA_realTime_spectrum_analyzer_PL/code/src/fifo_ctrl.v:18]
INFO: [Synth 8-6157] synthesizing module 'xfft_0' [D:/GitHub/my_fpga/fpga_project1_High_speed_ADDA_realTime_spectrum_analyzer_PL/code/proj/my_project/my_project.runs/synth_1/.Xil/Vivado-35920-LAPTOP-ECP6913Q/realtime/xfft_0_stub.v:6]
INFO: [Synth 8-6155] done synthesizing module 'xfft_0' (9#1) [D:/GitHub/my_fpga/fpga_project1_High_speed_ADDA_realTime_spectrum_analyzer_PL/code/proj/my_project/my_project.runs/synth_1/.Xil/Vivado-35920-LAPTOP-ECP6913Q/realtime/xfft_0_stub.v:6]
INFO: [Synth 8-6157] synthesizing module 'data_modulus' [D:/GitHub/my_fpga/fpga_project1_High_speed_ADDA_realTime_spectrum_analyzer_PL/code/src/data_modulus.v:1]
INFO: [Synth 8-6157] synthesizing module 'cordic_0' [D:/GitHub/my_fpga/fpga_project1_High_speed_ADDA_realTime_spectrum_analyzer_PL/code/proj/my_project/my_project.runs/synth_1/.Xil/Vivado-35920-LAPTOP-ECP6913Q/realtime/cordic_0_stub.v:6]
INFO: [Synth 8-6155] done synthesizing module 'cordic_0' (10#1) [D:/GitHub/my_fpga/fpga_project1_High_speed_ADDA_realTime_spectrum_analyzer_PL/code/proj/my_project/my_project.runs/synth_1/.Xil/Vivado-35920-LAPTOP-ECP6913Q/realtime/cordic_0_stub.v:6]
INFO: [Synth 8-6155] done synthesizing module 'data_modulus' (11#1) [D:/GitHub/my_fpga/fpga_project1_High_speed_ADDA_realTime_spectrum_analyzer_PL/code/src/data_modulus.v:1]
INFO: [Synth 8-6157] synthesizing module 'lcd_top' [D:/GitHub/my_fpga/fpga_project1_High_speed_ADDA_realTime_spectrum_analyzer_PL/code/src/lcd_top.v:1]
INFO: [Synth 8-6157] synthesizing module 'rw_ram_ctrl' [D:/GitHub/my_fpga/fpga_project1_High_speed_ADDA_realTime_spectrum_analyzer_PL/code/src/rw_ram_ctrl.v:1]
	Parameter TRANSFORM_LEN bound to: 256 - type: integer 
INFO: [Synth 8-6157] synthesizing module 'ram_256X8' [D:/GitHub/my_fpga/fpga_project1_High_speed_ADDA_realTime_spectrum_analyzer_PL/code/proj/my_project/my_project.runs/synth_1/.Xil/Vivado-35920-LAPTOP-ECP6913Q/realtime/ram_256X8_stub.v:6]
INFO: [Synth 8-6155] done synthesizing module 'ram_256X8' (12#1) [D:/GitHub/my_fpga/fpga_project1_High_speed_ADDA_realTime_spectrum_analyzer_PL/code/proj/my_project/my_project.runs/synth_1/.Xil/Vivado-35920-LAPTOP-ECP6913Q/realtime/ram_256X8_stub.v:6]
INFO: [Synth 8-6155] done synthesizing module 'rw_ram_ctrl' (13#1) [D:/GitHub/my_fpga/fpga_project1_High_speed_ADDA_realTime_spectrum_analyzer_PL/code/src/rw_ram_ctrl.v:1]
INFO: [Synth 8-6157] synthesizing module 'lcd_rgb_top' [D:/GitHub/my_fpga/fpga_project1_High_speed_ADDA_realTime_spectrum_analyzer_PL/code/src/lcd_rgb_top.v:1]
INFO: [Synth 8-6157] synthesizing module 'rd_id' [D:/GitHub/my_fpga/fpga_project1_High_speed_ADDA_realTime_spectrum_analyzer_PL/code/proj/my_project/my_project.srcs/sources_1/new/rd_id.v:1]
INFO: [Synth 8-6155] done synthesizing module 'rd_id' (14#1) [D:/GitHub/my_fpga/fpga_project1_High_speed_ADDA_realTime_spectrum_analyzer_PL/code/proj/my_project/my_project.srcs/sources_1/new/rd_id.v:1]
INFO: [Synth 8-6157] synthesizing module 'clk_div' [D:/GitHub/my_fpga/fpga_project1_High_speed_ADDA_realTime_spectrum_analyzer_PL/code/proj/my_project/my_project.srcs/sources_1/new/clk_div.v:1]
INFO: [Synth 8-6155] done synthesizing module 'clk_div' (15#1) [D:/GitHub/my_fpga/fpga_project1_High_speed_ADDA_realTime_spectrum_analyzer_PL/code/proj/my_project/my_project.srcs/sources_1/new/clk_div.v:1]
INFO: [Synth 8-6157] synthesizing module 'lcd_display' [D:/GitHub/my_fpga/fpga_project1_High_speed_ADDA_realTime_spectrum_analyzer_PL/code/src/lcd_display.v:1]
	Parameter BLACK bound to: 24'b000000000000000000000000 
	Parameter WHITE bound to: 24'b111111111111111111111111 
	Parameter BLUE bound to: 24'b000000000000000011111111 
	Parameter RED bound to: 24'b111111110000000000000000 
	Parameter H_OFFSET bound to: 8'b01000000 
	Parameter V_OFFSET bound to: 8'b00101100 
INFO: [Synth 8-6157] synthesizing module 'rom_row_axle' [D:/GitHub/my_fpga/fpga_project1_High_speed_ADDA_realTime_spectrum_analyzer_PL/code/proj/my_project/my_project.runs/synth_1/.Xil/Vivado-35920-LAPTOP-ECP6913Q/realtime/rom_row_axle_stub.v:6]
INFO: [Synth 8-6155] done synthesizing module 'rom_row_axle' (16#1) [D:/GitHub/my_fpga/fpga_project1_High_speed_ADDA_realTime_spectrum_analyzer_PL/code/proj/my_project/my_project.runs/synth_1/.Xil/Vivado-35920-LAPTOP-ECP6913Q/realtime/rom_row_axle_stub.v:6]
WARNING: [Synth 8-689] width (11) of port connection 'addra' does not match port width (10) of module 'rom_row_axle' [D:/GitHub/my_fpga/fpga_project1_High_speed_ADDA_realTime_spectrum_analyzer_PL/code/src/lcd_display.v:514]
INFO: [Synth 8-6157] synthesizing module 'rom_col_axle' [D:/GitHub/my_fpga/fpga_project1_High_speed_ADDA_realTime_spectrum_analyzer_PL/code/proj/my_project/my_project.runs/synth_1/.Xil/Vivado-35920-LAPTOP-ECP6913Q/realtime/rom_col_axle_stub.v:6]
INFO: [Synth 8-6155] done synthesizing module 'rom_col_axle' (17#1) [D:/GitHub/my_fpga/fpga_project1_High_speed_ADDA_realTime_spectrum_analyzer_PL/code/proj/my_project/my_project.runs/synth_1/.Xil/Vivado-35920-LAPTOP-ECP6913Q/realtime/rom_col_axle_stub.v:6]
INFO: [Synth 8-6155] done synthesizing module 'lcd_display' (18#1) [D:/GitHub/my_fpga/fpga_project1_High_speed_ADDA_realTime_spectrum_analyzer_PL/code/src/lcd_display.v:1]
INFO: [Synth 8-6157] synthesizing module 'lcd_driver' [D:/GitHub/my_fpga/fpga_project1_High_speed_ADDA_realTime_spectrum_analyzer_PL/code/proj/my_project/my_project.srcs/sources_1/new/lcd_driver.v:18]
	Parameter H_SYNC_4342 bound to: 11'b00000101001 
	Parameter H_BACK_4342 bound to: 11'b00000000010 
	Parameter H_DISP_4342 bound to: 11'b00111100000 
	Parameter H_FRONT_4342 bound to: 11'b00000000010 
	Parameter H_TOTAL_4342 bound to: 11'b01000001101 
	Parameter V_SYNC_4342 bound to: 11'b00000001010 
	Parameter V_BACK_4342 bound to: 11'b00000000010 
	Parameter V_DISP_4342 bound to: 11'b00100010000 
	Parameter V_FRONT_4342 bound to: 11'b00000000010 
	Parameter V_TOTAL_4342 bound to: 11'b00100011110 
	Parameter H_SYNC_7084 bound to: 11'b00010000000 
	Parameter H_BACK_7084 bound to: 11'b00001011000 
	Parameter H_DISP_7084 bound to: 11'b01100100000 
	Parameter H_FRONT_7084 bound to: 11'b00000101000 
	Parameter H_TOTAL_7084 bound to: 11'b10000100000 
	Parameter V_SYNC_7084 bound to: 11'b00000000010 
	Parameter V_BACK_7084 bound to: 11'b00000100001 
	Parameter V_DISP_7084 bound to: 11'b00111100000 
	Parameter V_FRONT_7084 bound to: 11'b00000001010 
	Parameter V_TOTAL_7084 bound to: 11'b01000001101 
	Parameter H_SYNC_7016 bound to: 11'b00000010100 
	Parameter H_BACK_7016 bound to: 11'b00010001100 
	Parameter H_DISP_7016 bound to: 11'b10000000000 
	Parameter H_FRONT_7016 bound to: 11'b00010100000 
	Parameter H_TOTAL_7016 bound to: 11'b10101000000 
	Parameter V_SYNC_7016 bound to: 11'b00000000011 
	Parameter V_BACK_7016 bound to: 11'b00000010100 
	Parameter V_DISP_7016 bound to: 11'b01001011000 
	Parameter V_FRONT_7016 bound to: 11'b00000001100 
	Parameter V_TOTAL_7016 bound to: 11'b01001111011 
	Parameter H_SYNC_1018 bound to: 11'b00000001010 
	Parameter H_BACK_1018 bound to: 11'b00001010000 
	Parameter H_DISP_1018 bound to: 11'b10100000000 
	Parameter H_FRONT_1018 bound to: 11'b00001000110 
	Parameter H_TOTAL_1018 bound to: 11'b10110100000 
	Parameter V_SYNC_1018 bound to: 11'b00000000011 
	Parameter V_BACK_1018 bound to: 11'b00000001010 
	Parameter V_DISP_1018 bound to: 11'b01100100000 
	Parameter V_FRONT_1018 bound to: 11'b00000001010 
	Parameter V_TOTAL_1018 bound to: 11'b01100110111 
	Parameter H_SYNC_4384 bound to: 11'b00010000000 
	Parameter H_BACK_4384 bound to: 11'b00001011000 
	Parameter H_DISP_4384 bound to: 11'b01100100000 
	Parameter H_FRONT_4384 bound to: 11'b00000101000 
	Parameter H_TOTAL_4384 bound to: 11'b10000100000 
	Parameter V_SYNC_4384 bound to: 11'b00000000010 
	Parameter V_BACK_4384 bound to: 11'b00000100001 
	Parameter V_DISP_4384 bound to: 11'b00111100000 
	Parameter V_FRONT_4384 bound to: 11'b00000001010 
	Parameter V_TOTAL_4384 bound to: 11'b01000001101 
INFO: [Synth 8-6155] done synthesizing module 'lcd_driver' (19#1) [D:/GitHub/my_fpga/fpga_project1_High_speed_ADDA_realTime_spectrum_analyzer_PL/code/proj/my_project/my_project.srcs/sources_1/new/lcd_driver.v:18]
INFO: [Synth 8-6155] done synthesizing module 'lcd_rgb_top' (20#1) [D:/GitHub/my_fpga/fpga_project1_High_speed_ADDA_realTime_spectrum_analyzer_PL/code/src/lcd_rgb_top.v:1]
WARNING: [Synth 8-6104] Input port 'out_vsync' has an internal driver [D:/GitHub/my_fpga/fpga_project1_High_speed_ADDA_realTime_spectrum_analyzer_PL/code/src/lcd_top.v:65]
INFO: [Synth 8-6155] done synthesizing module 'lcd_top' (21#1) [D:/GitHub/my_fpga/fpga_project1_High_speed_ADDA_realTime_spectrum_analyzer_PL/code/src/lcd_top.v:1]
WARNING: [Synth 8-689] width (8) of port connection 'fft_data' does not match port width (1) of module 'lcd_top' [D:/GitHub/my_fpga/fpga_project1_High_speed_ADDA_realTime_spectrum_analyzer_PL/code/src/top_ad_da_fft_lcd.v:182]
WARNING: [Synth 8-3848] Net out_vsync in module/entity top_ad_da_fft_lcd does not have driver. [D:/GitHub/my_fpga/fpga_project1_High_speed_ADDA_realTime_spectrum_analyzer_PL/code/src/top_ad_da_fft_lcd.v:60]
INFO: [Synth 8-6155] done synthesizing module 'top_ad_da_fft_lcd' (22#1) [D:/GitHub/my_fpga/fpga_project1_High_speed_ADDA_realTime_spectrum_analyzer_PL/code/src/top_ad_da_fft_lcd.v:18]
WARNING: [Synth 8-3331] design lcd_display has unconnected port lcd_id[15]
WARNING: [Synth 8-3331] design lcd_display has unconnected port lcd_id[14]
WARNING: [Synth 8-3331] design lcd_display has unconnected port lcd_id[13]
WARNING: [Synth 8-3331] design lcd_display has unconnected port lcd_id[12]
WARNING: [Synth 8-3331] design lcd_display has unconnected port lcd_id[11]
WARNING: [Synth 8-3331] design lcd_display has unconnected port lcd_id[10]
WARNING: [Synth 8-3331] design lcd_display has unconnected port lcd_id[9]
WARNING: [Synth 8-3331] design lcd_display has unconnected port lcd_id[8]
WARNING: [Synth 8-3331] design rd_id has unconnected port lcd_rgb[22]
WARNING: [Synth 8-3331] design rd_id has unconnected port lcd_rgb[21]
WARNING: [Synth 8-3331] design rd_id has unconnected port lcd_rgb[20]
WARNING: [Synth 8-3331] design rd_id has unconnected port lcd_rgb[19]
WARNING: [Synth 8-3331] design rd_id has unconnected port lcd_rgb[18]
WARNING: [Synth 8-3331] design rd_id has unconnected port lcd_rgb[17]
WARNING: [Synth 8-3331] design rd_id has unconnected port lcd_rgb[16]
WARNING: [Synth 8-3331] design rd_id has unconnected port lcd_rgb[14]
WARNING: [Synth 8-3331] design rd_id has unconnected port lcd_rgb[13]
WARNING: [Synth 8-3331] design rd_id has unconnected port lcd_rgb[12]
WARNING: [Synth 8-3331] design rd_id has unconnected port lcd_rgb[11]
WARNING: [Synth 8-3331] design rd_id has unconnected port lcd_rgb[10]
WARNING: [Synth 8-3331] design rd_id has unconnected port lcd_rgb[9]
WARNING: [Synth 8-3331] design rd_id has unconnected port lcd_rgb[8]
WARNING: [Synth 8-3331] design rd_id has unconnected port lcd_rgb[6]
WARNING: [Synth 8-3331] design rd_id has unconnected port lcd_rgb[5]
WARNING: [Synth 8-3331] design rd_id has unconnected port lcd_rgb[4]
WARNING: [Synth 8-3331] design rd_id has unconnected port lcd_rgb[3]
WARNING: [Synth 8-3331] design rd_id has unconnected port lcd_rgb[2]
WARNING: [Synth 8-3331] design rd_id has unconnected port lcd_rgb[1]
WARNING: [Synth 8-3331] design rd_id has unconnected port lcd_rgb[0]
WARNING: [Synth 8-3331] design top_ad_da_fft_lcd has unconnected port ad_otr
---------------------------------------------------------------------------------
Finished RTL Elaboration : Time (s): cpu = 00:00:01 ; elapsed = 00:00:02 . Memory (MB): peak = 456.215 ; gain = 160.250
---------------------------------------------------------------------------------

Report Check Netlist: 
+------+------------------+-------+---------+-------+------------------+
|      |Item              |Errors |Warnings |Status |Description       |
+------+------------------+-------+---------+-------+------------------+
|1     |multi_driven_nets |      0|        0|Passed |Multi driven nets |
+------+------------------+-------+---------+-------+------------------+
WARNING: [Synth 8-3295] tying undriven pin u_fifo_ctrl:in_vsync to constant 0 [D:/GitHub/my_fpga/fpga_project1_High_speed_ADDA_realTime_spectrum_analyzer_PL/code/src/top_ad_da_fft_lcd.v:109]
WARNING: [Synth 8-3295] tying undriven pin u_lcd_top:out_vsync to constant 0 [D:/GitHub/my_fpga/fpga_project1_High_speed_ADDA_realTime_spectrum_analyzer_PL/code/src/top_ad_da_fft_lcd.v:169]
---------------------------------------------------------------------------------
Start Handling Custom Attributes
---------------------------------------------------------------------------------
---------------------------------------------------------------------------------
Finished Handling Custom Attributes : Time (s): cpu = 00:00:01 ; elapsed = 00:00:02 . Memory (MB): peak = 456.215 ; gain = 160.250
---------------------------------------------------------------------------------
---------------------------------------------------------------------------------
Finished RTL Optimization Phase 1 : Time (s): cpu = 00:00:01 ; elapsed = 00:00:02 . Memory (MB): peak = 456.215 ; gain = 160.250
---------------------------------------------------------------------------------
INFO: [Device 21-403] Loading part xc7z020clg400-2
INFO: [Project 1-570] Preparing netlist for logic optimization

Processing XDC Constraints
Initializing timing engine
Parsing XDC File [d:/GitHub/my_fpga/fpga_project1_High_speed_ADDA_realTime_spectrum_analyzer_PL/code/proj/my_project/my_project.srcs/sources_1/ip/xfft_0/xfft_0/xfft_0_in_context.xdc] for cell 'xfft_0'
Finished Parsing XDC File [d:/GitHub/my_fpga/fpga_project1_High_speed_ADDA_realTime_spectrum_analyzer_PL/code/proj/my_project/my_project.srcs/sources_1/ip/xfft_0/xfft_0/xfft_0_in_context.xdc] for cell 'xfft_0'
Parsing XDC File [d:/GitHub/my_fpga/fpga_project1_High_speed_ADDA_realTime_spectrum_analyzer_PL/code/proj/my_project/my_project.srcs/sources_1/ip/cordic_0/cordic_0/cordic_0_in_context.xdc] for cell 'u_data_modulus/u_cordic_0'
Finished Parsing XDC File [d:/GitHub/my_fpga/fpga_project1_High_speed_ADDA_realTime_spectrum_analyzer_PL/code/proj/my_project/my_project.srcs/sources_1/ip/cordic_0/cordic_0/cordic_0_in_context.xdc] for cell 'u_data_modulus/u_cordic_0'
Parsing XDC File [d:/GitHub/my_fpga/fpga_project1_High_speed_ADDA_realTime_spectrum_analyzer_PL/code/proj/my_project/my_project.srcs/sources_1/ip/rom_256X8_0/rom_256X8_0/rom_256X8_0_in_context.xdc] for cell 'u_hs_da/rom_256X8_0_inst'
Finished Parsing XDC File [d:/GitHub/my_fpga/fpga_project1_High_speed_ADDA_realTime_spectrum_analyzer_PL/code/proj/my_project/my_project.srcs/sources_1/ip/rom_256X8_0/rom_256X8_0/rom_256X8_0_in_context.xdc] for cell 'u_hs_da/rom_256X8_0_inst'
Parsing XDC File [d:/GitHub/my_fpga/fpga_project1_High_speed_ADDA_realTime_spectrum_analyzer_PL/code/proj/my_project/my_project.srcs/sources_1/ip/rom_256X8_1/rom_256X8_1/rom_256X8_1_in_context.xdc] for cell 'u_hs_da/rom_256X8_1_inst'
Finished Parsing XDC File [d:/GitHub/my_fpga/fpga_project1_High_speed_ADDA_realTime_spectrum_analyzer_PL/code/proj/my_project/my_project.srcs/sources_1/ip/rom_256X8_1/rom_256X8_1/rom_256X8_1_in_context.xdc] for cell 'u_hs_da/rom_256X8_1_inst'
Parsing XDC File [d:/GitHub/my_fpga/fpga_project1_High_speed_ADDA_realTime_spectrum_analyzer_PL/code/proj/my_project/my_project.srcs/sources_1/ip/my_pll/my_pll/my_pll_in_context.xdc] for cell 'u_pll'
Finished Parsing XDC File [d:/GitHub/my_fpga/fpga_project1_High_speed_ADDA_realTime_spectrum_analyzer_PL/code/proj/my_project/my_project.srcs/sources_1/ip/my_pll/my_pll/my_pll_in_context.xdc] for cell 'u_pll'
Parsing XDC File [d:/GitHub/my_fpga/fpga_project1_High_speed_ADDA_realTime_spectrum_analyzer_PL/code/proj/my_project/my_project.srcs/sources_1/ip/fifo_512X8/fifo_512X8/fifo_512X8_in_context.xdc] for cell 'u_fifo_ctrl/u_fifo_512x8'
Finished Parsing XDC File [d:/GitHub/my_fpga/fpga_project1_High_speed_ADDA_realTime_spectrum_analyzer_PL/code/proj/my_project/my_project.srcs/sources_1/ip/fifo_512X8/fifo_512X8/fifo_512X8_in_context.xdc] for cell 'u_fifo_ctrl/u_fifo_512x8'
Parsing XDC File [d:/GitHub/my_fpga/fpga_project1_High_speed_ADDA_realTime_spectrum_analyzer_PL/code/proj/my_project/my_project.srcs/sources_1/ip/ram_256X8/ram_256X8/ram_256X8_in_context.xdc] for cell 'u_lcd_top/rw_ram_ctrl_inst/ram_256X8'
Finished Parsing XDC File [d:/GitHub/my_fpga/fpga_project1_High_speed_ADDA_realTime_spectrum_analyzer_PL/code/proj/my_project/my_project.srcs/sources_1/ip/ram_256X8/ram_256X8/ram_256X8_in_context.xdc] for cell 'u_lcd_top/rw_ram_ctrl_inst/ram_256X8'
Parsing XDC File [d:/GitHub/my_fpga/fpga_project1_High_speed_ADDA_realTime_spectrum_analyzer_PL/code/proj/my_project/my_project.srcs/sources_1/ip/rom_row_axle/rom_row_axle/rom_row_axle_in_context.xdc] for cell 'u_lcd_top/lcd_rgb_top_inst/lcd_display_inst/u_rom_row_axle'
Finished Parsing XDC File [d:/GitHub/my_fpga/fpga_project1_High_speed_ADDA_realTime_spectrum_analyzer_PL/code/proj/my_project/my_project.srcs/sources_1/ip/rom_row_axle/rom_row_axle/rom_row_axle_in_context.xdc] for cell 'u_lcd_top/lcd_rgb_top_inst/lcd_display_inst/u_rom_row_axle'
Parsing XDC File [d:/GitHub/my_fpga/fpga_project1_High_speed_ADDA_realTime_spectrum_analyzer_PL/code/proj/my_project/my_project.srcs/sources_1/ip/rom_col_axle/rom_col_axle/rom_col_axle_in_context.xdc] for cell 'u_lcd_top/lcd_rgb_top_inst/lcd_display_inst/u_rom_col_axle'
Finished Parsing XDC File [d:/GitHub/my_fpga/fpga_project1_High_speed_ADDA_realTime_spectrum_analyzer_PL/code/proj/my_project/my_project.srcs/sources_1/ip/rom_col_axle/rom_col_axle/rom_col_axle_in_context.xdc] for cell 'u_lcd_top/lcd_rgb_top_inst/lcd_display_inst/u_rom_col_axle'
Parsing XDC File [D:/GitHub/my_fpga/fpga_project1_High_speed_ADDA_realTime_spectrum_analyzer_PL/code/proj/my_project/my_project.srcs/constrs_1/new/constraints.xdc]
WARNING: [Constraints 18-619] A clock with name 'sys_clk' already exists, overwriting the previous clock with the same name. [D:/GitHub/my_fpga/fpga_project1_High_speed_ADDA_realTime_spectrum_analyzer_PL/code/proj/my_project/my_project.srcs/constrs_1/new/constraints.xdc:2]
Finished Parsing XDC File [D:/GitHub/my_fpga/fpga_project1_High_speed_ADDA_realTime_spectrum_analyzer_PL/code/proj/my_project/my_project.srcs/constrs_1/new/constraints.xdc]
INFO: [Project 1-236] Implementation specific constraints were found while reading constraint file [D:/GitHub/my_fpga/fpga_project1_High_speed_ADDA_realTime_spectrum_analyzer_PL/code/proj/my_project/my_project.srcs/constrs_1/new/constraints.xdc]. These constraints will be ignored for synthesis but will be used in implementation. Impacted constraints are listed in the file [.Xil/top_ad_da_fft_lcd_propImpl.xdc].
Resolution: To avoid this warning, move constraints listed in [.Xil/top_ad_da_fft_lcd_propImpl.xdc] to another XDC file and exclude this new file from synthesis with the used_in_synthesis property (File Properties dialog in GUI) and re-run elaboration/synthesis.
Netlist sorting complete. Time (s): cpu = 00:00:00 ; elapsed = 00:00:00 . Memory (MB): peak = 830.699 ; gain = 0.000
Completed Processing XDC Constraints

Netlist sorting complete. Time (s): cpu = 00:00:00 ; elapsed = 00:00:00 . Memory (MB): peak = 830.699 ; gain = 0.000
INFO: [Project 1-111] Unisim Transformation Summary:
No Unisim elements were transformed.

Netlist sorting complete. Time (s): cpu = 00:00:00 ; elapsed = 00:00:00.001 . Memory (MB): peak = 830.699 ; gain = 0.000
Constraint Validation Runtime : Time (s): cpu = 00:00:00 ; elapsed = 00:00:00.004 . Memory (MB): peak = 830.699 ; gain = 0.000
WARNING: [Timing 38-316] Clock period '1000.000' specified during out-of-context synthesis of instance 'u_data_modulus/u_cordic_0' at clock pin 'aclk' is different from the actual clock period '10.000', this can lead to different synthesis results.
WARNING: [Timing 38-316] Clock period '20.000' specified during out-of-context synthesis of instance 'u_lcd_top/rw_ram_ctrl_inst/ram_256X8' at clock pin 'clka' is different from the actual clock period '10.000', this can lead to different synthesis results.
---------------------------------------------------------------------------------
Finished Constraint Validation : Time (s): cpu = 00:00:06 ; elapsed = 00:00:07 . Memory (MB): peak = 830.699 ; gain = 534.734
---------------------------------------------------------------------------------
---------------------------------------------------------------------------------
Start Loading Part and Timing Information
---------------------------------------------------------------------------------
Loading part: xc7z020clg400-2
---------------------------------------------------------------------------------
Finished Loading Part and Timing Information : Time (s): cpu = 00:00:06 ; elapsed = 00:00:07 . Memory (MB): peak = 830.699 ; gain = 534.734
---------------------------------------------------------------------------------
---------------------------------------------------------------------------------
Start Applying 'set_property' XDC Constraints
---------------------------------------------------------------------------------
Applied set_property IO_BUFFER_TYPE = NONE for sys_clk. (constraint file  d:/GitHub/my_fpga/fpga_project1_High_speed_ADDA_realTime_spectrum_analyzer_PL/code/proj/my_project/my_project.srcs/sources_1/ip/my_pll/my_pll/my_pll_in_context.xdc, line 6).
Applied set_property CLOCK_BUFFER_TYPE = NONE for sys_clk. (constraint file  d:/GitHub/my_fpga/fpga_project1_High_speed_ADDA_realTime_spectrum_analyzer_PL/code/proj/my_project/my_project.srcs/sources_1/ip/my_pll/my_pll/my_pll_in_context.xdc, line 7).
Applied set_property DONT_TOUCH = true for xfft_0. (constraint file  auto generated constraint, line ).
Applied set_property DONT_TOUCH = true for u_data_modulus/u_cordic_0. (constraint file  auto generated constraint, line ).
Applied set_property DONT_TOUCH = true for u_hs_da/rom_256X8_0_inst. (constraint file  auto generated constraint, line ).
Applied set_property DONT_TOUCH = true for u_hs_da/rom_256X8_1_inst. (constraint file  auto generated constraint, line ).
Applied set_property DONT_TOUCH = true for u_pll. (constraint file  auto generated constraint, line ).
Applied set_property DONT_TOUCH = true for u_fifo_ctrl/u_fifo_512x8. (constraint file  auto generated constraint, line ).
Applied set_property DONT_TOUCH = true for u_lcd_top/rw_ram_ctrl_inst/ram_256X8. (constraint file  auto generated constraint, line ).
Applied set_property DONT_TOUCH = true for u_lcd_top/lcd_rgb_top_inst/lcd_display_inst/u_rom_row_axle. (constraint file  auto generated constraint, line ).
Applied set_property DONT_TOUCH = true for u_lcd_top/lcd_rgb_top_inst/lcd_display_inst/u_rom_col_axle. (constraint file  auto generated constraint, line ).
---------------------------------------------------------------------------------
Finished applying 'set_property' XDC Constraints : Time (s): cpu = 00:00:06 ; elapsed = 00:00:07 . Memory (MB): peak = 830.699 ; gain = 534.734
---------------------------------------------------------------------------------
INFO: [Synth 8-5546] ROM "key_filter" won't be mapped to RAM because it is too sparse
INFO: [Synth 8-5546] ROM "rd_addr" won't be mapped to RAM because it is too sparse
INFO: [Synth 8-5546] ROM "data_invalid" won't be mapped to RAM because it is too sparse
INFO: [Synth 8-5544] ROM "y_frame_data" won't be mapped to Block RAM because address size (1) smaller than threshold (5)
INFO: [Synth 8-5544] ROM "pixel_data" won't be mapped to Block RAM because address size (1) smaller than threshold (5)
INFO: [Synth 8-4471] merging register 'lcd_bl_reg' into 'lcd_rst_reg' [D:/GitHub/my_fpga/fpga_project1_High_speed_ADDA_realTime_spectrum_analyzer_PL/code/proj/my_project/my_project.srcs/sources_1/new/lcd_driver.v:256]
INFO: [Synth 8-5546] ROM "h_sync" won't be mapped to RAM because it is too sparse
INFO: [Synth 8-5546] ROM "h_back" won't be mapped to RAM because it is too sparse
INFO: [Synth 8-5546] ROM "h_disp" won't be mapped to RAM because it is too sparse
INFO: [Synth 8-5546] ROM "h_total" won't be mapped to RAM because it is too sparse
INFO: [Synth 8-5546] ROM "v_sync" won't be mapped to RAM because it is too sparse
INFO: [Synth 8-5546] ROM "v_back" won't be mapped to RAM because it is too sparse
INFO: [Synth 8-5546] ROM "v_disp" won't be mapped to RAM because it is too sparse
INFO: [Synth 8-5546] ROM "v_total" won't be mapped to RAM because it is too sparse
---------------------------------------------------------------------------------
Finished RTL Optimization Phase 2 : Time (s): cpu = 00:00:06 ; elapsed = 00:00:08 . Memory (MB): peak = 830.699 ; gain = 534.734
---------------------------------------------------------------------------------

Report RTL Partitions: 
+-+--------------+------------+----------+
| |RTL Partition |Replication |Instances |
+-+--------------+------------+----------+
+-+--------------+------------+----------+
---------------------------------------------------------------------------------
Start RTL Component Statistics 
---------------------------------------------------------------------------------
Detailed RTL Component Info : 
+---Adders : 
	   2 Input     32 Bit       Adders := 2     
	   2 Input     20 Bit       Adders := 1     
	   3 Input     15 Bit       Adders := 1     
	   3 Input     12 Bit       Adders := 2     
	   3 Input     11 Bit       Adders := 3     
	   2 Input     11 Bit       Adders := 38    
	   2 Input     10 Bit       Adders := 8     
	   2 Input      9 Bit       Adders := 3     
	   2 Input      8 Bit       Adders := 8     
	   2 Input      6 Bit       Adders := 1     
	   2 Input      4 Bit       Adders := 1     
	   2 Input      3 Bit       Adders := 1     
	   2 Input      2 Bit       Adders := 1     
	   2 Input      1 Bit       Adders := 1     
+---Registers : 
	               24 Bit    Registers := 3     
	               20 Bit    Registers := 1     
	               16 Bit    Registers := 2     
	               11 Bit    Registers := 16    
	                9 Bit    Registers := 3     
	                8 Bit    Registers := 17    
	                6 Bit    Registers := 1     
	                4 Bit    Registers := 1     
	                3 Bit    Registers := 1     
	                2 Bit    Registers := 1     
	                1 Bit    Registers := 25    
+---Muxes : 
	   2 Input     24 Bit        Muxes := 11    
	   5 Input     24 Bit        Muxes := 1     
	   6 Input     24 Bit        Muxes := 1     
	   9 Input     24 Bit        Muxes := 1     
	   2 Input     20 Bit        Muxes := 2     
	   6 Input     15 Bit        Muxes := 1     
	   2 Input     11 Bit        Muxes := 9     
	   4 Input     11 Bit        Muxes := 2     
	   4 Input     10 Bit        Muxes := 2     
	   2 Input     10 Bit        Muxes := 2     
	   2 Input      9 Bit        Muxes := 3     
	   2 Input      8 Bit        Muxes := 14    
	   4 Input      8 Bit        Muxes := 2     
	   2 Input      6 Bit        Muxes := 2     
	   4 Input      6 Bit        Muxes := 1     
	   3 Input      4 Bit        Muxes := 1     
	   2 Input      4 Bit        Muxes := 1     
	   2 Input      3 Bit        Muxes := 1     
	   2 Input      2 Bit        Muxes := 1     
	   6 Input      2 Bit        Muxes := 8     
	   2 Input      1 Bit        Muxes := 24    
	   3 Input      1 Bit        Muxes := 1     
	   6 Input      1 Bit        Muxes := 1     
	   5 Input      1 Bit        Muxes := 1     
---------------------------------------------------------------------------------
Finished RTL Component Statistics 
---------------------------------------------------------------------------------
---------------------------------------------------------------------------------
Start RTL Hierarchical Component Statistics 
---------------------------------------------------------------------------------
Hierarchical RTL Component report 
Module key_debounce 
Detailed RTL Component Info : 
+---Adders : 
	   2 Input     20 Bit       Adders := 1     
+---Registers : 
	               20 Bit    Registers := 1     
	                1 Bit    Registers := 4     
+---Muxes : 
	   2 Input     20 Bit        Muxes := 2     
	   2 Input      1 Bit        Muxes := 1     
Module da_wave_send 
Detailed RTL Component Info : 
+---Adders : 
	   2 Input      9 Bit       Adders := 1     
	   2 Input      8 Bit       Adders := 2     
	   2 Input      2 Bit       Adders := 1     
+---Registers : 
	                9 Bit    Registers := 1     
	                8 Bit    Registers := 3     
	                2 Bit    Registers := 1     
+---Muxes : 
	   2 Input      8 Bit        Muxes := 3     
	   2 Input      2 Bit        Muxes := 1     
	   2 Input      1 Bit        Muxes := 2     
Module fifo_ctrl 
Detailed RTL Component Info : 
+---Adders : 
	   2 Input      9 Bit       Adders := 2     
+---Registers : 
	                9 Bit    Registers := 2     
	                8 Bit    Registers := 2     
	                1 Bit    Registers := 5     
+---Muxes : 
	   2 Input      9 Bit        Muxes := 2     
	   2 Input      1 Bit        Muxes := 3     
Module data_modulus 
Detailed RTL Component Info : 
+---Adders : 
	   2 Input      8 Bit       Adders := 2     
+---Registers : 
	               16 Bit    Registers := 1     
	                8 Bit    Registers := 4     
+---Muxes : 
	   2 Input      8 Bit        Muxes := 2     
Module rw_ram_ctrl 
Detailed RTL Component Info : 
+---Adders : 
	   2 Input      8 Bit       Adders := 3     
+---Registers : 
	                8 Bit    Registers := 3     
	                1 Bit    Registers := 1     
+---Muxes : 
	   2 Input      8 Bit        Muxes := 4     
	   2 Input      1 Bit        Muxes := 2     
	   3 Input      1 Bit        Muxes := 1     
Module rd_id 
Detailed RTL Component Info : 
+---Registers : 
	               16 Bit    Registers := 1     
	                1 Bit    Registers := 1     
+---Muxes : 
	   6 Input     15 Bit        Muxes := 1     
Module clk_div 
Detailed RTL Component Info : 
+---Adders : 
	   2 Input      1 Bit       Adders := 1     
+---Registers : 
	                1 Bit    Registers := 3     
+---Muxes : 
	   6 Input      1 Bit        Muxes := 1     
	   2 Input      1 Bit        Muxes := 1     
Module lcd_display 
Detailed RTL Component Info : 
+---Adders : 
	   2 Input     32 Bit       Adders := 2     
	   3 Input     15 Bit       Adders := 1     
	   3 Input     12 Bit       Adders := 1     
	   3 Input     11 Bit       Adders := 1     
	   2 Input     11 Bit       Adders := 27    
	   2 Input     10 Bit       Adders := 8     
	   2 Input      8 Bit       Adders := 1     
	   2 Input      6 Bit       Adders := 1     
	   2 Input      4 Bit       Adders := 1     
	   2 Input      3 Bit       Adders := 1     
+---Registers : 
	               24 Bit    Registers := 3     
	               11 Bit    Registers := 6     
	                8 Bit    Registers := 5     
	                6 Bit    Registers := 1     
	                4 Bit    Registers := 1     
	                3 Bit    Registers := 1     
	                1 Bit    Registers := 10    
+---Muxes : 
	   2 Input     24 Bit        Muxes := 10    
	   5 Input     24 Bit        Muxes := 1     
	   6 Input     24 Bit        Muxes := 1     
	   9 Input     24 Bit        Muxes := 1     
	   2 Input     11 Bit        Muxes := 3     
	   2 Input      9 Bit        Muxes := 1     
	   2 Input      8 Bit        Muxes := 3     
	   2 Input      6 Bit        Muxes := 1     
	   2 Input      3 Bit        Muxes := 1     
	   2 Input      1 Bit        Muxes := 15    
	   5 Input      1 Bit        Muxes := 1     
Module lcd_driver 
Detailed RTL Component Info : 
+---Adders : 
	   3 Input     12 Bit       Adders := 1     
	   2 Input     11 Bit       Adders := 11    
	   3 Input     11 Bit       Adders := 2     
+---Registers : 
	               11 Bit    Registers := 10    
	                1 Bit    Registers := 1     
+---Muxes : 
	   2 Input     24 Bit        Muxes := 1     
	   4 Input     11 Bit        Muxes := 2     
	   2 Input     11 Bit        Muxes := 6     
	   4 Input     10 Bit        Muxes := 2     
	   2 Input     10 Bit        Muxes := 2     
	   4 Input      8 Bit        Muxes := 2     
	   2 Input      8 Bit        Muxes := 2     
	   4 Input      6 Bit        Muxes := 1     
	   2 Input      6 Bit        Muxes := 1     
	   3 Input      4 Bit        Muxes := 1     
	   2 Input      4 Bit        Muxes := 1     
	   6 Input      2 Bit        Muxes := 8     
---------------------------------------------------------------------------------
Finished RTL Hierarchical Component Statistics
---------------------------------------------------------------------------------
---------------------------------------------------------------------------------
Start Part Resource Summary
---------------------------------------------------------------------------------
Part Resources:
DSPs: 220 (col length:60)
BRAMs: 280 (col length: RAMB18 60 RAMB36 30)
---------------------------------------------------------------------------------
Finished Part Resource Summary
---------------------------------------------------------------------------------
---------------------------------------------------------------------------------
Start Cross Boundary and Area Optimization
---------------------------------------------------------------------------------
Warning: Parallel synthesis criteria is not met 
INFO: [Synth 8-5546] ROM "p_0_out" won't be mapped to RAM because it is too sparse
INFO: [Synth 8-5546] ROM "u_hs_da/da_wave_send_inst/key_debounce_inst/key_filter" won't be mapped to RAM because it is too sparse
INFO: [Synth 8-5546] ROM "u_hs_da/da_wave_send_inst/rd_addr" won't be mapped to RAM because it is too sparse
INFO: [Synth 8-5546] ROM "u_lcd_top/lcd_rgb_top_inst/lcd_driver_inst/h_disp" won't be mapped to RAM because it is too sparse
INFO: [Synth 8-5546] ROM "u_lcd_top/lcd_rgb_top_inst/lcd_driver_inst/h_back" won't be mapped to RAM because it is too sparse
INFO: [Synth 8-5546] ROM "u_lcd_top/lcd_rgb_top_inst/lcd_driver_inst/h_sync" won't be mapped to RAM because it is too sparse
INFO: [Synth 8-5546] ROM "u_lcd_top/lcd_rgb_top_inst/lcd_driver_inst/h_total" won't be mapped to RAM because it is too sparse
INFO: [Synth 8-5546] ROM "u_lcd_top/lcd_rgb_top_inst/lcd_driver_inst/v_back" won't be mapped to RAM because it is too sparse
INFO: [Synth 8-5546] ROM "u_lcd_top/lcd_rgb_top_inst/lcd_driver_inst/v_sync" won't be mapped to RAM because it is too sparse
INFO: [Synth 8-5546] ROM "u_lcd_top/lcd_rgb_top_inst/lcd_driver_inst/v_total" won't be mapped to RAM because it is too sparse
INFO: [Synth 8-5546] ROM "u_lcd_top/lcd_rgb_top_inst/lcd_driver_inst/v_disp" won't be mapped to RAM because it is too sparse
WARNING: [Synth 8-3917] design top_ad_da_fft_lcd has port lcd_hs driven by constant 1
WARNING: [Synth 8-3917] design top_ad_da_fft_lcd has port lcd_vs driven by constant 1
WARNING: [Synth 8-3331] design lcd_display has unconnected port lcd_id[15]
WARNING: [Synth 8-3331] design lcd_display has unconnected port lcd_id[14]
WARNING: [Synth 8-3331] design lcd_display has unconnected port lcd_id[13]
WARNING: [Synth 8-3331] design lcd_display has unconnected port lcd_id[12]
WARNING: [Synth 8-3331] design lcd_display has unconnected port lcd_id[11]
WARNING: [Synth 8-3331] design lcd_display has unconnected port lcd_id[10]
WARNING: [Synth 8-3331] design lcd_display has unconnected port lcd_id[9]
WARNING: [Synth 8-3331] design lcd_display has unconnected port lcd_id[8]
WARNING: [Synth 8-3331] design top_ad_da_fft_lcd has unconnected port ad_otr
INFO: [Synth 8-3886] merging instance 'u_lcd_top/lcd_rgb_top_inst/lcd_display_inst/fft_x_frame_end_reg[0]' (FDC) to 'u_lcd_top/lcd_rgb_top_inst/lcd_display_inst/fft_x_frame_end_reg[2]'
INFO: [Synth 8-3886] merging instance 'u_lcd_top/lcd_rgb_top_inst/lcd_display_inst/fft_x_frame_end_reg[1]' (FDC) to 'u_lcd_top/lcd_rgb_top_inst/lcd_display_inst/fft_x_frame_end_reg[2]'
INFO: [Synth 8-3886] merging instance 'u_lcd_top/lcd_rgb_top_inst/lcd_display_inst/fft_x_frame_end_reg[2]' (FDC) to 'u_lcd_top/lcd_rgb_top_inst/lcd_display_inst/fft_x_frame_start_reg[10]'
INFO: [Synth 8-3886] merging instance 'u_lcd_top/lcd_rgb_top_inst/lcd_display_inst/fft_x_frame_start_reg[0]' (FDC) to 'u_lcd_top/lcd_rgb_top_inst/lcd_display_inst/fft_x_frame_start_reg[10]'
INFO: [Synth 8-3886] merging instance 'u_lcd_top/lcd_rgb_top_inst/lcd_display_inst/fft_x_frame_start_reg[1]' (FDC) to 'u_lcd_top/lcd_rgb_top_inst/lcd_display_inst/fft_x_frame_start_reg[10]'
INFO: [Synth 8-3886] merging instance 'u_lcd_top/lcd_rgb_top_inst/lcd_display_inst/fft_x_frame_start_reg[2]' (FDC) to 'u_lcd_top/lcd_rgb_top_inst/lcd_display_inst/fft_x_frame_start_reg[10]'
INFO: [Synth 8-3886] merging instance 'u_lcd_top/lcd_rgb_top_inst/lcd_display_inst/fft_x_frame_start_reg[3]' (FDC) to 'u_lcd_top/lcd_rgb_top_inst/lcd_display_inst/fft_x_frame_start_reg[10]'
INFO: [Synth 8-3886] merging instance 'u_lcd_top/lcd_rgb_top_inst/lcd_display_inst/fft_x_frame_start_reg[4]' (FDC) to 'u_lcd_top/lcd_rgb_top_inst/lcd_display_inst/fft_x_frame_start_reg[10]'
INFO: [Synth 8-3886] merging instance 'u_lcd_top/lcd_rgb_top_inst/lcd_display_inst/fft_x_frame_start_reg[5]' (FDC) to 'u_lcd_top/lcd_rgb_top_inst/lcd_display_inst/fft_x_frame_start_reg[10]'
INFO: [Synth 8-3886] merging instance 'u_lcd_top/lcd_rgb_top_inst/lcd_display_inst/fft_x_frame_start_reg[7]' (FDC) to 'u_lcd_top/lcd_rgb_top_inst/lcd_display_inst/fft_x_frame_start_reg[10]'
INFO: [Synth 8-3886] merging instance 'u_lcd_top/lcd_rgb_top_inst/lcd_display_inst/fft_x_frame_start_reg[8]' (FDC) to 'u_lcd_top/lcd_rgb_top_inst/lcd_display_inst/fft_x_frame_start_reg[10]'
INFO: [Synth 8-3886] merging instance 'u_lcd_top/lcd_rgb_top_inst/lcd_display_inst/fft_x_frame_start_reg[9]' (FDC) to 'u_lcd_top/lcd_rgb_top_inst/lcd_display_inst/fft_x_frame_start_reg[10]'
INFO: [Synth 8-3333] propagating constant 0 across sequential element (\u_lcd_top/lcd_rgb_top_inst/lcd_display_inst /\fft_x_frame_start_reg[10] )
INFO: [Synth 8-3886] merging instance 'u_lcd_top/lcd_rgb_top_inst/lcd_display_inst/x_frame_data_reg[1]' (FDP) to 'u_lcd_top/lcd_rgb_top_inst/lcd_display_inst/x_frame_data_reg[2]'
INFO: [Synth 8-3886] merging instance 'u_lcd_top/lcd_rgb_top_inst/lcd_display_inst/y_frame_data_reg[1]' (FDP) to 'u_lcd_top/lcd_rgb_top_inst/lcd_display_inst/y_frame_data_reg[2]'
INFO: [Synth 8-3886] merging instance 'u_lcd_top/lcd_rgb_top_inst/lcd_display_inst/x_frame_data_reg[2]' (FDP) to 'u_lcd_top/lcd_rgb_top_inst/lcd_display_inst/x_frame_data_reg[3]'
INFO: [Synth 8-3886] merging instance 'u_lcd_top/lcd_rgb_top_inst/lcd_display_inst/y_frame_data_reg[2]' (FDP) to 'u_lcd_top/lcd_rgb_top_inst/lcd_display_inst/y_frame_data_reg[3]'
INFO: [Synth 8-3886] merging instance 'u_lcd_top/lcd_rgb_top_inst/lcd_display_inst/x_frame_data_reg[3]' (FDP) to 'u_lcd_top/lcd_rgb_top_inst/lcd_display_inst/x_frame_data_reg[4]'
INFO: [Synth 8-3886] merging instance 'u_lcd_top/lcd_rgb_top_inst/lcd_display_inst/y_frame_data_reg[3]' (FDP) to 'u_lcd_top/lcd_rgb_top_inst/lcd_display_inst/y_frame_data_reg[4]'
INFO: [Synth 8-3886] merging instance 'u_lcd_top/lcd_rgb_top_inst/lcd_display_inst/x_frame_data_reg[4]' (FDP) to 'u_lcd_top/lcd_rgb_top_inst/lcd_display_inst/x_frame_data_reg[5]'
INFO: [Synth 8-3886] merging instance 'u_lcd_top/lcd_rgb_top_inst/lcd_display_inst/y_frame_data_reg[4]' (FDP) to 'u_lcd_top/lcd_rgb_top_inst/lcd_display_inst/y_frame_data_reg[5]'
INFO: [Synth 8-3886] merging instance 'u_lcd_top/lcd_rgb_top_inst/lcd_display_inst/x_frame_data_reg[5]' (FDP) to 'u_lcd_top/lcd_rgb_top_inst/lcd_display_inst/x_frame_data_reg[6]'
INFO: [Synth 8-3886] merging instance 'u_lcd_top/lcd_rgb_top_inst/lcd_display_inst/y_frame_data_reg[5]' (FDP) to 'u_lcd_top/lcd_rgb_top_inst/lcd_display_inst/y_frame_data_reg[6]'
INFO: [Synth 8-3886] merging instance 'u_lcd_top/lcd_rgb_top_inst/lcd_display_inst/x_frame_data_reg[6]' (FDP) to 'u_lcd_top/lcd_rgb_top_inst/lcd_display_inst/x_frame_data_reg[7]'
INFO: [Synth 8-3886] merging instance 'u_lcd_top/lcd_rgb_top_inst/lcd_display_inst/y_frame_data_reg[6]' (FDP) to 'u_lcd_top/lcd_rgb_top_inst/lcd_display_inst/y_frame_data_reg[7]'
INFO: [Synth 8-3886] merging instance 'u_lcd_top/lcd_rgb_top_inst/lcd_display_inst/x_frame_data_reg[7]' (FDP) to 'u_lcd_top/lcd_rgb_top_inst/lcd_display_inst/x_frame_data_reg[8]'
INFO: [Synth 8-3886] merging instance 'u_lcd_top/lcd_rgb_top_inst/lcd_display_inst/y_frame_data_reg[7]' (FDP) to 'u_lcd_top/lcd_rgb_top_inst/lcd_display_inst/y_frame_data_reg[8]'
INFO: [Synth 8-3886] merging instance 'u_lcd_top/lcd_rgb_top_inst/lcd_display_inst/x_frame_data_reg[8]' (FDP) to 'u_lcd_top/lcd_rgb_top_inst/lcd_display_inst/x_frame_data_reg[9]'
INFO: [Synth 8-3886] merging instance 'u_lcd_top/lcd_rgb_top_inst/lcd_display_inst/y_frame_data_reg[8]' (FDP) to 'u_lcd_top/lcd_rgb_top_inst/lcd_display_inst/y_frame_data_reg[9]'
INFO: [Synth 8-3886] merging instance 'u_lcd_top/lcd_rgb_top_inst/lcd_display_inst/x_frame_data_reg[9]' (FDP) to 'u_lcd_top/lcd_rgb_top_inst/lcd_display_inst/x_frame_data_reg[10]'
INFO: [Synth 8-3886] merging instance 'u_lcd_top/lcd_rgb_top_inst/lcd_display_inst/y_frame_data_reg[9]' (FDP) to 'u_lcd_top/lcd_rgb_top_inst/lcd_display_inst/y_frame_data_reg[10]'
INFO: [Synth 8-3886] merging instance 'u_lcd_top/lcd_rgb_top_inst/lcd_display_inst/x_frame_data_reg[10]' (FDP) to 'u_lcd_top/lcd_rgb_top_inst/lcd_display_inst/x_frame_data_reg[11]'
INFO: [Synth 8-3886] merging instance 'u_lcd_top/lcd_rgb_top_inst/lcd_display_inst/y_frame_data_reg[10]' (FDP) to 'u_lcd_top/lcd_rgb_top_inst/lcd_display_inst/y_frame_data_reg[11]'
INFO: [Synth 8-3886] merging instance 'u_lcd_top/lcd_rgb_top_inst/lcd_display_inst/x_frame_data_reg[11]' (FDP) to 'u_lcd_top/lcd_rgb_top_inst/lcd_display_inst/x_frame_data_reg[12]'
INFO: [Synth 8-3886] merging instance 'u_lcd_top/lcd_rgb_top_inst/lcd_display_inst/y_frame_data_reg[11]' (FDP) to 'u_lcd_top/lcd_rgb_top_inst/lcd_display_inst/y_frame_data_reg[12]'
INFO: [Synth 8-3886] merging instance 'u_lcd_top/lcd_rgb_top_inst/lcd_display_inst/x_frame_data_reg[12]' (FDP) to 'u_lcd_top/lcd_rgb_top_inst/lcd_display_inst/x_frame_data_reg[13]'
INFO: [Synth 8-3886] merging instance 'u_lcd_top/lcd_rgb_top_inst/lcd_display_inst/y_frame_data_reg[12]' (FDP) to 'u_lcd_top/lcd_rgb_top_inst/lcd_display_inst/y_frame_data_reg[13]'
INFO: [Synth 8-3886] merging instance 'u_lcd_top/lcd_rgb_top_inst/lcd_display_inst/x_frame_data_reg[13]' (FDP) to 'u_lcd_top/lcd_rgb_top_inst/lcd_display_inst/x_frame_data_reg[14]'
INFO: [Synth 8-3886] merging instance 'u_lcd_top/lcd_rgb_top_inst/lcd_display_inst/y_frame_data_reg[13]' (FDP) to 'u_lcd_top/lcd_rgb_top_inst/lcd_display_inst/y_frame_data_reg[14]'
INFO: [Synth 8-3886] merging instance 'u_lcd_top/lcd_rgb_top_inst/lcd_display_inst/x_frame_data_reg[14]' (FDP) to 'u_lcd_top/lcd_rgb_top_inst/lcd_display_inst/x_frame_data_reg[15]'
INFO: [Synth 8-3886] merging instance 'u_lcd_top/lcd_rgb_top_inst/lcd_display_inst/y_frame_data_reg[14]' (FDP) to 'u_lcd_top/lcd_rgb_top_inst/lcd_display_inst/y_frame_data_reg[15]'
INFO: [Synth 8-3886] merging instance 'u_lcd_top/lcd_rgb_top_inst/lcd_display_inst/x_frame_data_reg[15]' (FDP) to 'u_lcd_top/lcd_rgb_top_inst/lcd_display_inst/x_frame_data_reg[0]'
INFO: [Synth 8-3886] merging instance 'u_lcd_top/lcd_rgb_top_inst/lcd_display_inst/y_frame_data_reg[15]' (FDP) to 'u_lcd_top/lcd_rgb_top_inst/lcd_display_inst/y_frame_data_reg[0]'
INFO: [Synth 8-3886] merging instance 'u_lcd_top/lcd_rgb_top_inst/lcd_display_inst/x_frame_data_reg[16]' (FDP) to 'u_lcd_top/lcd_rgb_top_inst/lcd_display_inst/x_frame_data_reg[23]'
INFO: [Synth 8-3886] merging instance 'u_lcd_top/lcd_rgb_top_inst/lcd_display_inst/y_frame_data_reg[16]' (FDP) to 'u_lcd_top/lcd_rgb_top_inst/lcd_display_inst/x_frame_data_reg[23]'
INFO: [Synth 8-3886] merging instance 'u_lcd_top/lcd_rgb_top_inst/lcd_display_inst/x_frame_data_reg[17]' (FDP) to 'u_lcd_top/lcd_rgb_top_inst/lcd_display_inst/x_frame_data_reg[23]'
INFO: [Synth 8-3886] merging instance 'u_lcd_top/lcd_rgb_top_inst/lcd_display_inst/y_frame_data_reg[17]' (FDP) to 'u_lcd_top/lcd_rgb_top_inst/lcd_display_inst/x_frame_data_reg[23]'
INFO: [Synth 8-3886] merging instance 'u_lcd_top/lcd_rgb_top_inst/lcd_display_inst/x_frame_data_reg[18]' (FDP) to 'u_lcd_top/lcd_rgb_top_inst/lcd_display_inst/x_frame_data_reg[23]'
INFO: [Synth 8-3886] merging instance 'u_lcd_top/lcd_rgb_top_inst/lcd_display_inst/y_frame_data_reg[18]' (FDP) to 'u_lcd_top/lcd_rgb_top_inst/lcd_display_inst/x_frame_data_reg[23]'
INFO: [Synth 8-3886] merging instance 'u_lcd_top/lcd_rgb_top_inst/lcd_display_inst/x_frame_data_reg[19]' (FDP) to 'u_lcd_top/lcd_rgb_top_inst/lcd_display_inst/x_frame_data_reg[23]'
INFO: [Synth 8-3886] merging instance 'u_lcd_top/lcd_rgb_top_inst/lcd_display_inst/y_frame_data_reg[19]' (FDP) to 'u_lcd_top/lcd_rgb_top_inst/lcd_display_inst/x_frame_data_reg[23]'
INFO: [Synth 8-3886] merging instance 'u_lcd_top/lcd_rgb_top_inst/lcd_display_inst/x_frame_data_reg[20]' (FDP) to 'u_lcd_top/lcd_rgb_top_inst/lcd_display_inst/x_frame_data_reg[23]'
INFO: [Synth 8-3886] merging instance 'u_lcd_top/lcd_rgb_top_inst/lcd_display_inst/y_frame_data_reg[20]' (FDP) to 'u_lcd_top/lcd_rgb_top_inst/lcd_display_inst/x_frame_data_reg[23]'
INFO: [Synth 8-3886] merging instance 'u_lcd_top/lcd_rgb_top_inst/lcd_display_inst/x_frame_data_reg[21]' (FDP) to 'u_lcd_top/lcd_rgb_top_inst/lcd_display_inst/x_frame_data_reg[23]'
INFO: [Synth 8-3886] merging instance 'u_lcd_top/lcd_rgb_top_inst/lcd_display_inst/y_frame_data_reg[21]' (FDP) to 'u_lcd_top/lcd_rgb_top_inst/lcd_display_inst/x_frame_data_reg[23]'
INFO: [Synth 8-3886] merging instance 'u_lcd_top/lcd_rgb_top_inst/lcd_display_inst/x_frame_data_reg[22]' (FDP) to 'u_lcd_top/lcd_rgb_top_inst/lcd_display_inst/x_frame_data_reg[23]'
INFO: [Synth 8-3886] merging instance 'u_lcd_top/lcd_rgb_top_inst/lcd_display_inst/y_frame_data_reg[22]' (FDP) to 'u_lcd_top/lcd_rgb_top_inst/lcd_display_inst/x_frame_data_reg[23]'
INFO: [Synth 8-3886] merging instance 'u_lcd_top/lcd_rgb_top_inst/lcd_display_inst/x_frame_data_reg[23]' (FDP) to 'u_lcd_top/lcd_rgb_top_inst/lcd_display_inst/y_frame_data_reg[23]'
INFO: [Synth 8-3333] propagating constant 1 across sequential element (\u_lcd_top/lcd_rgb_top_inst/lcd_display_inst /\y_frame_data_reg[23] )
INFO: [Synth 8-3886] merging instance 'u_lcd_top/lcd_rgb_top_inst/lcd_driver_inst/v_total_reg[0]' (FDC) to 'u_lcd_top/lcd_rgb_top_inst/lcd_driver_inst/v_total_reg[9]'
INFO: [Synth 8-3886] merging instance 'u_lcd_top/lcd_rgb_top_inst/lcd_driver_inst/v_total_reg[1]' (FDC) to 'u_lcd_top/lcd_rgb_top_inst/lcd_driver_inst/v_total_reg[4]'
INFO: [Synth 8-3886] merging instance 'u_lcd_top/lcd_rgb_top_inst/lcd_driver_inst/v_total_reg[7]' (FDC) to 'u_lcd_top/lcd_rgb_top_inst/lcd_driver_inst/v_disp_reg[10]'
INFO: [Synth 8-3886] merging instance 'u_lcd_top/lcd_rgb_top_inst/lcd_driver_inst/v_total_reg[10]' (FDC) to 'u_lcd_top/lcd_rgb_top_inst/lcd_driver_inst/v_disp_reg[10]'
INFO: [Synth 8-3886] merging instance 'u_lcd_top/lcd_rgb_top_inst/lcd_driver_inst/h_total_reg[0]' (FDC) to 'u_lcd_top/lcd_rgb_top_inst/lcd_driver_inst/h_total_reg[2]'
INFO: [Synth 8-3886] merging instance 'u_lcd_top/lcd_rgb_top_inst/lcd_driver_inst/h_total_reg[1]' (FDC) to 'u_lcd_top/lcd_rgb_top_inst/lcd_driver_inst/v_disp_reg[10]'
INFO: [Synth 8-3886] merging instance 'u_lcd_top/lcd_rgb_top_inst/lcd_driver_inst/h_total_reg[2]' (FDC) to 'u_lcd_top/lcd_rgb_top_inst/lcd_driver_inst/h_total_reg[3]'
INFO: [Synth 8-3886] merging instance 'u_lcd_top/lcd_rgb_top_inst/lcd_driver_inst/h_total_reg[3]' (FDC) to 'u_lcd_top/lcd_rgb_top_inst/lcd_driver_inst/h_total_reg[9]'
INFO: [Synth 8-3886] merging instance 'u_lcd_top/lcd_rgb_top_inst/lcd_driver_inst/h_total_reg[4]' (FDC) to 'u_lcd_top/lcd_rgb_top_inst/lcd_driver_inst/v_disp_reg[10]'
INFO: [Synth 8-3886] merging instance 'u_lcd_top/lcd_rgb_top_inst/rd_id_inst/lcd_id_reg[15]' (FDCE) to 'u_lcd_top/lcd_rgb_top_inst/rd_id_inst/lcd_id_reg[11]'
INFO: [Synth 8-3886] merging instance 'u_lcd_top/lcd_rgb_top_inst/rd_id_inst/lcd_id_reg[11]' (FDCE) to 'u_lcd_top/lcd_rgb_top_inst/rd_id_inst/lcd_id_reg[10]'
INFO: [Synth 8-3886] merging instance 'u_lcd_top/lcd_rgb_top_inst/rd_id_inst/lcd_id_reg[10]' (FDCE) to 'u_lcd_top/lcd_rgb_top_inst/rd_id_inst/lcd_id_reg[5]'
INFO: [Synth 8-3886] merging instance 'u_lcd_top/lcd_rgb_top_inst/rd_id_inst/lcd_id_reg[0]' (FDCE) to 'u_lcd_top/lcd_rgb_top_inst/rd_id_inst/lcd_id_reg[5]'
INFO: [Synth 8-3333] propagating constant 0 across sequential element (\u_lcd_top/lcd_rgb_top_inst/rd_id_inst/lcd_id_reg[5] )
INFO: [Synth 8-3886] merging instance 'u_lcd_top/lcd_rgb_top_inst/rd_id_inst/lcd_id_reg[9]' (FDCE) to 'u_lcd_top/lcd_rgb_top_inst/rd_id_inst/lcd_id_reg[8]'
INFO: [Synth 8-3886] merging instance 'u_lcd_top/lcd_rgb_top_inst/lcd_driver_inst/v_disp_reg[0]' (FDC) to 'u_lcd_top/lcd_rgb_top_inst/lcd_driver_inst/v_disp_reg[10]'
INFO: [Synth 8-3886] merging instance 'u_lcd_top/lcd_rgb_top_inst/lcd_driver_inst/v_disp_reg[1]' (FDC) to 'u_lcd_top/lcd_rgb_top_inst/lcd_driver_inst/v_disp_reg[10]'
INFO: [Synth 8-3886] merging instance 'u_lcd_top/lcd_rgb_top_inst/lcd_driver_inst/v_disp_reg[2]' (FDC) to 'u_lcd_top/lcd_rgb_top_inst/lcd_driver_inst/v_disp_reg[10]'
INFO: [Synth 8-3886] merging instance 'u_lcd_top/lcd_rgb_top_inst/lcd_driver_inst/v_disp_reg[10]' (FDC) to 'u_lcd_top/lcd_rgb_top_inst/lcd_driver_inst/v_back_reg[10]'
INFO: [Synth 8-3886] merging instance 'u_lcd_top/lcd_rgb_top_inst/lcd_driver_inst/v_back_reg[0]' (FDC) to 'u_lcd_top/lcd_rgb_top_inst/lcd_driver_inst/v_back_reg[5]'
INFO: [Synth 8-3886] merging instance 'u_lcd_top/lcd_rgb_top_inst/lcd_driver_inst/v_sync_reg[2]' (FDC) to 'u_lcd_top/lcd_rgb_top_inst/lcd_driver_inst/v_back_reg[10]'
INFO: [Synth 8-3886] merging instance 'u_lcd_top/lcd_rgb_top_inst/lcd_driver_inst/v_back_reg[2]' (FDC) to 'u_lcd_top/lcd_rgb_top_inst/lcd_driver_inst/v_back_reg[4]'
INFO: [Synth 8-3886] merging instance 'u_lcd_top/lcd_rgb_top_inst/lcd_driver_inst/v_sync_reg[4]' (FDC) to 'u_lcd_top/lcd_rgb_top_inst/lcd_driver_inst/v_back_reg[10]'
INFO: [Synth 8-3886] merging instance 'u_lcd_top/lcd_rgb_top_inst/lcd_driver_inst/v_sync_reg[5]' (FDC) to 'u_lcd_top/lcd_rgb_top_inst/lcd_driver_inst/v_back_reg[10]'
INFO: [Synth 8-3886] merging instance 'u_lcd_top/lcd_rgb_top_inst/lcd_driver_inst/v_sync_reg[6]' (FDC) to 'u_lcd_top/lcd_rgb_top_inst/lcd_driver_inst/v_back_reg[10]'
INFO: [Synth 8-3886] merging instance 'u_lcd_top/lcd_rgb_top_inst/lcd_driver_inst/v_back_reg[6]' (FDC) to 'u_lcd_top/lcd_rgb_top_inst/lcd_driver_inst/v_back_reg[10]'
INFO: [Synth 8-3886] merging instance 'u_lcd_top/lcd_rgb_top_inst/lcd_driver_inst/v_sync_reg[7]' (FDC) to 'u_lcd_top/lcd_rgb_top_inst/lcd_driver_inst/v_back_reg[10]'
INFO: [Synth 8-3886] merging instance 'u_lcd_top/lcd_rgb_top_inst/lcd_driver_inst/v_back_reg[7]' (FDC) to 'u_lcd_top/lcd_rgb_top_inst/lcd_driver_inst/v_back_reg[10]'
INFO: [Synth 8-3886] merging instance 'u_lcd_top/lcd_rgb_top_inst/lcd_driver_inst/v_sync_reg[8]' (FDC) to 'u_lcd_top/lcd_rgb_top_inst/lcd_driver_inst/v_back_reg[10]'
INFO: [Synth 8-3886] merging instance 'u_lcd_top/lcd_rgb_top_inst/lcd_driver_inst/v_back_reg[8]' (FDC) to 'u_lcd_top/lcd_rgb_top_inst/lcd_driver_inst/v_back_reg[10]'
INFO: [Synth 8-3886] merging instance 'u_lcd_top/lcd_rgb_top_inst/lcd_driver_inst/v_sync_reg[9]' (FDC) to 'u_lcd_top/lcd_rgb_top_inst/lcd_driver_inst/v_back_reg[10]'
INFO: [Synth 8-3886] merging instance 'u_lcd_top/lcd_rgb_top_inst/lcd_driver_inst/v_back_reg[9]' (FDC) to 'u_lcd_top/lcd_rgb_top_inst/lcd_driver_inst/v_back_reg[10]'
INFO: [Synth 8-3886] merging instance 'u_lcd_top/lcd_rgb_top_inst/lcd_driver_inst/v_sync_reg[10]' (FDC) to 'u_lcd_top/lcd_rgb_top_inst/lcd_driver_inst/v_back_reg[10]'
INFO: [Synth 8-3886] merging instance 'u_lcd_top/lcd_rgb_top_inst/lcd_driver_inst/v_back_reg[10]' (FDC) to 'u_lcd_top/lcd_rgb_top_inst/lcd_driver_inst/h_sync_reg[10]'
INFO: [Synth 8-3886] merging instance 'u_lcd_top/lcd_rgb_top_inst/lcd_driver_inst/h_disp_reg[0]' (FDC) to 'u_lcd_top/lcd_rgb_top_inst/lcd_driver_inst/h_sync_reg[10]'
INFO: [Synth 8-3886] merging instance 'u_lcd_top/lcd_rgb_top_inst/lcd_driver_inst/h_disp_reg[1]' (FDC) to 'u_lcd_top/lcd_rgb_top_inst/lcd_driver_inst/h_sync_reg[10]'
INFO: [Synth 8-3886] merging instance 'u_lcd_top/lcd_rgb_top_inst/lcd_driver_inst/h_disp_reg[2]' (FDC) to 'u_lcd_top/lcd_rgb_top_inst/lcd_driver_inst/h_sync_reg[10]'
INFO: [Synth 8-3886] merging instance 'u_lcd_top/lcd_rgb_top_inst/lcd_driver_inst/h_disp_reg[3]' (FDC) to 'u_lcd_top/lcd_rgb_top_inst/lcd_driver_inst/h_sync_reg[10]'
INFO: [Synth 8-3886] merging instance 'u_lcd_top/lcd_rgb_top_inst/lcd_driver_inst/h_disp_reg[4]' (FDC) to 'u_lcd_top/lcd_rgb_top_inst/lcd_driver_inst/h_sync_reg[10]'
INFO: [Synth 8-3886] merging instance 'u_lcd_top/lcd_rgb_top_inst/lcd_driver_inst/h_disp_reg[6]' (FDC) to 'u_lcd_top/lcd_rgb_top_inst/lcd_driver_inst/h_disp_reg[7]'
INFO: [Synth 8-3886] merging instance 'u_lcd_top/lcd_rgb_top_inst/lcd_driver_inst/h_sync_reg[0]' (FDC) to 'u_lcd_top/lcd_rgb_top_inst/lcd_driver_inst/h_sync_reg[5]'
INFO: [Synth 8-3886] merging instance 'u_lcd_top/lcd_rgb_top_inst/lcd_driver_inst/h_back_reg[0]' (FDC) to 'u_lcd_top/lcd_rgb_top_inst/lcd_driver_inst/h_sync_reg[10]'
INFO: [Synth 8-3886] merging instance 'u_lcd_top/lcd_rgb_top_inst/lcd_driver_inst/h_sync_reg[2]' (FDC) to 'u_lcd_top/lcd_rgb_top_inst/lcd_driver_inst/h_sync_reg[4]'
INFO: [Synth 8-3886] merging instance 'u_lcd_top/lcd_rgb_top_inst/lcd_driver_inst/h_back_reg[2]' (FDC) to 'u_lcd_top/lcd_rgb_top_inst/lcd_driver_inst/h_back_reg[7]'
INFO: [Common 17-14] Message 'Synth 8-3886' appears 100 times and further instances of the messages will be disabled. Use the Tcl command set_msg_config to change the current settings.
INFO: [Synth 8-3333] propagating constant 0 across sequential element (\u_lcd_top/lcd_rgb_top_inst/lcd_driver_inst/h_back_reg[10] )
INFO: [Synth 8-3333] propagating constant 0 across sequential element (\u_lcd_top/lcd_rgb_top_inst/lcd_display_inst /\fft_y_frame_start_reg[2] )
---------------------------------------------------------------------------------
Finished Cross Boundary and Area Optimization : Time (s): cpu = 00:00:09 ; elapsed = 00:00:11 . Memory (MB): peak = 830.699 ; gain = 534.734
---------------------------------------------------------------------------------

Report RTL Partitions: 
+-+--------------+------------+----------+
| |RTL Partition |Replication |Instances |
+-+--------------+------------+----------+
+-+--------------+------------+----------+
---------------------------------------------------------------------------------
Start Applying XDC Timing Constraints
---------------------------------------------------------------------------------
INFO: [Synth 8-5578] Moved timing constraint from pin 'u_pll/clk_out1' to pin 'u_pll/bbstub_clk_out1/O'
INFO: [Synth 8-5578] Moved timing constraint from pin 'u_pll/clk_out2' to pin 'u_pll/bbstub_clk_out2/O'
INFO: [Synth 8-5578] Moved timing constraint from pin 'u_pll/clk_out3' to pin 'u_pll/bbstub_clk_out3/O'
INFO: [Synth 8-5578] Moved timing constraint from pin 'u_pll/clk_out4' to pin 'u_pll/bbstub_clk_out4/O'
WARNING: [Synth 8-565] redefining clock 'sys_clk'
INFO: [Synth 8-5819] Moved 4 constraints on hierarchical pins to their respective driving/loading pins
---------------------------------------------------------------------------------
Finished Applying XDC Timing Constraints : Time (s): cpu = 00:00:13 ; elapsed = 00:00:16 . Memory (MB): peak = 830.699 ; gain = 534.734
---------------------------------------------------------------------------------
---------------------------------------------------------------------------------
Start Timing Optimization
---------------------------------------------------------------------------------
---------------------------------------------------------------------------------
Finished Timing Optimization : Time (s): cpu = 00:00:14 ; elapsed = 00:00:16 . Memory (MB): peak = 847.711 ; gain = 551.746
---------------------------------------------------------------------------------

Report RTL Partitions: 
+-+--------------+------------+----------+
| |RTL Partition |Replication |Instances |
+-+--------------+------------+----------+
+-+--------------+------------+----------+
---------------------------------------------------------------------------------
Start Technology Mapping
---------------------------------------------------------------------------------
---------------------------------------------------------------------------------
Finished Technology Mapping : Time (s): cpu = 00:00:14 ; elapsed = 00:00:17 . Memory (MB): peak = 867.000 ; gain = 571.035
---------------------------------------------------------------------------------

Report RTL Partitions: 
+-+--------------+------------+----------+
| |RTL Partition |Replication |Instances |
+-+--------------+------------+----------+
+-+--------------+------------+----------+
---------------------------------------------------------------------------------
Start IO Insertion
---------------------------------------------------------------------------------
---------------------------------------------------------------------------------
Start Flattening Before IO Insertion
---------------------------------------------------------------------------------
---------------------------------------------------------------------------------
Finished Flattening Before IO Insertion
---------------------------------------------------------------------------------
---------------------------------------------------------------------------------
Start Final Netlist Cleanup
---------------------------------------------------------------------------------
---------------------------------------------------------------------------------
Finished Final Netlist Cleanup
---------------------------------------------------------------------------------
---------------------------------------------------------------------------------
Finished IO Insertion : Time (s): cpu = 00:00:14 ; elapsed = 00:00:17 . Memory (MB): peak = 867.000 ; gain = 571.035
---------------------------------------------------------------------------------

Report Check Netlist: 
+------+------------------+-------+---------+-------+------------------+
|      |Item              |Errors |Warnings |Status |Description       |
+------+------------------+-------+---------+-------+------------------+
|1     |multi_driven_nets |      0|        0|Passed |Multi driven nets |
+------+------------------+-------+---------+-------+------------------+
---------------------------------------------------------------------------------
Start Renaming Generated Instances
---------------------------------------------------------------------------------
---------------------------------------------------------------------------------
Finished Renaming Generated Instances : Time (s): cpu = 00:00:14 ; elapsed = 00:00:17 . Memory (MB): peak = 867.000 ; gain = 571.035
---------------------------------------------------------------------------------

Report RTL Partitions: 
+-+--------------+------------+----------+
| |RTL Partition |Replication |Instances |
+-+--------------+------------+----------+
+-+--------------+------------+----------+
---------------------------------------------------------------------------------
Start Rebuilding User Hierarchy
---------------------------------------------------------------------------------
---------------------------------------------------------------------------------
Finished Rebuilding User Hierarchy : Time (s): cpu = 00:00:14 ; elapsed = 00:00:17 . Memory (MB): peak = 867.000 ; gain = 571.035
---------------------------------------------------------------------------------
---------------------------------------------------------------------------------
Start Renaming Generated Ports
---------------------------------------------------------------------------------
---------------------------------------------------------------------------------
Finished Renaming Generated Ports : Time (s): cpu = 00:00:14 ; elapsed = 00:00:17 . Memory (MB): peak = 867.000 ; gain = 571.035
---------------------------------------------------------------------------------
---------------------------------------------------------------------------------
Start Handling Custom Attributes
---------------------------------------------------------------------------------
---------------------------------------------------------------------------------
Finished Handling Custom Attributes : Time (s): cpu = 00:00:14 ; elapsed = 00:00:17 . Memory (MB): peak = 867.000 ; gain = 571.035
---------------------------------------------------------------------------------
---------------------------------------------------------------------------------
Start Renaming Generated Nets
---------------------------------------------------------------------------------
---------------------------------------------------------------------------------
Finished Renaming Generated Nets : Time (s): cpu = 00:00:14 ; elapsed = 00:00:17 . Memory (MB): peak = 867.000 ; gain = 571.035
---------------------------------------------------------------------------------
---------------------------------------------------------------------------------
Start Writing Synthesis Report
---------------------------------------------------------------------------------

Report BlackBoxes: 
+------+--------------+----------+
|      |BlackBox name |Instances |
+------+--------------+----------+
|1     |my_pll        |         1|
|2     |xfft_0        |         1|
|3     |cordic_0      |         1|
|4     |fifo_512X8    |         1|
|5     |rom_256X8_0   |         1|
|6     |rom_256X8_1   |         1|
|7     |rom_row_axle  |         1|
|8     |rom_col_axle  |         1|
|9     |ram_256X8     |         1|
+------+--------------+----------+

Report Cell Usage: 
+------+-------------+------+
|      |Cell         |Count |
+------+-------------+------+
|1     |cordic_0     |     1|
|2     |fifo_512X8   |     1|
|3     |my_pll       |     1|
|4     |ram_256X8    |     1|
|5     |rom_256X8_0  |     1|
|6     |rom_256X8_1  |     1|
|7     |rom_col_axle |     1|
|8     |rom_row_axle |     1|
|9     |xfft_0       |     1|
|10    |BUFG         |     1|
|11    |CARRY4       |   158|
|12    |LUT1         |    38|
|13    |LUT2         |   172|
|14    |LUT3         |   103|
|15    |LUT4         |   229|
|16    |LUT5         |   327|
|17    |LUT6         |   412|
|18    |FDCE         |   313|
|19    |FDPE         |     8|
|20    |IBUF         |    10|
|21    |IOBUF        |     3|
|22    |OBUF         |    16|
|23    |OBUFT        |    21|
+------+-------------+------+

Report Instance Areas: 
+------+------------------------+-------------+------+
|      |Instance                |Module       |Cells |
+------+------------------------+-------------+------+
|1     |top                     |             |  1968|
|2     |  u_data_modulus        |data_modulus |   257|
|3     |  u_fifo_ctrl           |fifo_ctrl    |    95|
|4     |  u_hs_da               |hs_da        |   150|
|5     |    da_wave_send_inst   |da_wave_send |   134|
|6     |      key_debounce_inst |key_debounce |    78|
|7     |  u_lcd_top             |lcd_top      |  1337|
|8     |    lcd_rgb_top_inst    |lcd_rgb_top  |  1218|
|9     |      clk_div_inst      |clk_div      |     6|
|10    |      lcd_display_inst  |lcd_display  |   556|
|11    |      lcd_driver_inst   |lcd_driver   |   603|
|12    |      rd_id_inst        |rd_id        |    49|
|13    |    rw_ram_ctrl_inst    |rw_ram_ctrl  |   119|
+------+------------------------+-------------+------+
---------------------------------------------------------------------------------
Finished Writing Synthesis Report : Time (s): cpu = 00:00:14 ; elapsed = 00:00:17 . Memory (MB): peak = 867.000 ; gain = 571.035
---------------------------------------------------------------------------------
Synthesis finished with 0 errors, 0 critical warnings and 12 warnings.
Synthesis Optimization Runtime : Time (s): cpu = 00:00:10 ; elapsed = 00:00:13 . Memory (MB): peak = 867.000 ; gain = 196.551
Synthesis Optimization Complete : Time (s): cpu = 00:00:15 ; elapsed = 00:00:18 . Memory (MB): peak = 867.000 ; gain = 571.035
INFO: [Project 1-571] Translating synthesized netlist
INFO: [Netlist 29-17] Analyzing 161 Unisim elements for replacement
INFO: [Netlist 29-28] Unisim Transformation completed in 0 CPU seconds
INFO: [Project 1-570] Preparing netlist for logic optimization
INFO: [Opt 31-138] Pushed 0 inverter(s) to 0 load pin(s).
Netlist sorting complete. Time (s): cpu = 00:00:00 ; elapsed = 00:00:00 . Memory (MB): peak = 867.000 ; gain = 0.000
INFO: [Project 1-111] Unisim Transformation Summary:
  A total of 3 instances were transformed.
  IOBUF => IOBUF (IBUF, OBUFT): 3 instances

INFO: [Common 17-83] Releasing license: Synthesis
192 Infos, 53 Warnings, 0 Critical Warnings and 0 Errors encountered.
synth_design completed successfully
synth_design: Time (s): cpu = 00:00:16 ; elapsed = 00:00:19 . Memory (MB): peak = 867.000 ; gain = 580.094
Netlist sorting complete. Time (s): cpu = 00:00:00 ; elapsed = 00:00:00 . Memory (MB): peak = 867.000 ; gain = 0.000
WARNING: [Constraints 18-5210] No constraints selected for write.
Resolution: This message can indicate that there are no constraints for the design, or it can indicate that the used_in flags are set such that the constraints are ignored. This later case is used when running synth_design to not write synthesis constraints to the resulting checkpoint. Instead, project constraints are read when the synthesized design is opened.
INFO: [Common 17-1381] The checkpoint 'D:/GitHub/my_fpga/fpga_project1_High_speed_ADDA_realTime_spectrum_analyzer_PL/code/proj/my_project/my_project.runs/synth_1/top_ad_da_fft_lcd.dcp' has been generated.
INFO: [runtcl-4] Executing : report_utilization -file top_ad_da_fft_lcd_utilization_synth.rpt -pb top_ad_da_fft_lcd_utilization_synth.pb
INFO: [Common 17-206] Exiting Vivado at Thu Apr  9 21:32:08 2026...
