Vivado Simulator 2018.3
Copyright 1986-1999, 2001-2018 Xilinx, Inc. All Rights Reserved.
Running: D:/Xilinx/Vivado/2018.3/bin/unwrapped/win64.o/xelab.exe -wto 40fc3fde5cb64cbbae2aa94538261ec6 --incr --debug typical --relax --mt 2 -L xil_defaultlib -L blk_mem_gen_v8_4_2 -L unisims_ver -L unimacro_ver -L secureip -L xpm --snapshot hs_ad_da_tb_behav xil_defaultlib.hs_ad_da_tb xil_defaultlib.glbl -log elaborate.log 
Using 2 slave threads.
Starting static elaboration
WARNING: [VRFC 10-3091] actual bit length 8 differs from formal bit length 7 for port 'probe0' [D:/XilinxFPGA/exam20260316_AD_DA/src/hs_ad_da.v:57]
WARNING: [VRFC 10-3091] actual bit length 8 differs from formal bit length 7 for port 'probe1' [D:/XilinxFPGA/exam20260316_AD_DA/src/hs_ad_da.v:58]
WARNING: [VRFC 10-3091] actual bit length 8 differs from formal bit length 7 for port 'probe2' [D:/XilinxFPGA/exam20260316_AD_DA/src/hs_ad_da.v:59]
WARNING: [VRFC 10-3091] actual bit length 8 differs from formal bit length 7 for port 'probe3' [D:/XilinxFPGA/exam20260316_AD_DA/src/hs_ad_da.v:60]
Completed static elaboration
Starting simulation data flow analysis
Completed simulation data flow analysis
Time Resolution for simulation is 1ps
Compiling module unisims_ver.IBUF
Compiling module unisims_ver.MMCME2_ADV(CLKFBOUT_MULT_F=19.5,...
Compiling module unisims_ver.BUFG
Compiling module xil_defaultlib.clk_wiz_0_clk_wiz
Compiling module xil_defaultlib.clk_wiz_0
Compiling module xil_defaultlib.da_wave_send
Compiling module blk_mem_gen_v8_4_2.blk_mem_gen_v8_4_2_output_stage(...
Compiling module blk_mem_gen_v8_4_2.blk_mem_gen_v8_4_2_softecc_outpu...
Compiling module blk_mem_gen_v8_4_2.blk_mem_gen_v8_4_2_mem_module(C_...
Compiling module blk_mem_gen_v8_4_2.blk_mem_gen_v8_4_2(C_FAMILY="zyn...
Compiling module xil_defaultlib.blk_mem_gen_0
Compiling module xil_defaultlib.ila_0
Compiling module xil_defaultlib.hs_ad_da
Compiling module xil_defaultlib.hs_ad_da_tb
Compiling module xil_defaultlib.glbl
Built simulation snapshot hs_ad_da_tb_behav
