Analysis & Synthesis report for IIC
Tue Mar 31 11:59:16 2026
Quartus II 64-Bit Version 13.1.0 Build 162 10/23/2013 SJ Full Version


---------------------
; Table of Contents ;
---------------------
  1. Legal Notice
  2. Analysis & Synthesis Summary
  3. Analysis & Synthesis Settings
  4. Parallel Compilation
  5. Analysis & Synthesis Source Files Read
  6. Analysis & Synthesis Resource Usage Summary
  7. Analysis & Synthesis Resource Utilization by Entity
  8. State Machine - |iic|c_state
  9. Registers Removed During Synthesis
 10. General Register Statistics
 11. Parameter Settings for User Entity Instance: Top-level Entity: |iic
 12. Elapsed Time Per Partition
 13. Analysis & Synthesis Messages
 14. Analysis & Synthesis Suppressed Messages



----------------
; Legal Notice ;
----------------
Copyright (C) 1991-2013 Altera Corporation
Your use of Altera Corporation's design tools, logic functions 
and other software and tools, and its AMPP partner logic 
functions, and any output files from any of the foregoing 
(including device programming or simulation files), and any 
associated documentation or information are expressly subject 
to the terms and conditions of the Altera Program License 
Subscription Agreement, Altera MegaCore Function License 
Agreement, or other applicable license agreement, including, 
without limitation, that your use is for the sole purpose of 
programming logic devices manufactured by Altera and sold by 
Altera or its authorized distributors.  Please refer to the 
applicable agreement for further details.



+----------------------------------------------------------------------------------+
; Analysis & Synthesis Summary                                                     ;
+------------------------------------+---------------------------------------------+
; Analysis & Synthesis Status        ; Successful - Tue Mar 31 11:59:16 2026       ;
; Quartus II 64-Bit Version          ; 13.1.0 Build 162 10/23/2013 SJ Full Version ;
; Revision Name                      ; IIC                                         ;
; Top-level Entity Name              ; iic                                         ;
; Family                             ; Cyclone IV E                                ;
; Total logic elements               ; 194                                         ;
;     Total combinational functions  ; 191                                         ;
;     Dedicated logic registers      ; 65                                          ;
; Total registers                    ; 65                                          ;
; Total pins                         ; 41                                          ;
; Total virtual pins                 ; 0                                           ;
; Total memory bits                  ; 0                                           ;
; Embedded Multiplier 9-bit elements ; 0                                           ;
; Total PLLs                         ; 0                                           ;
+------------------------------------+---------------------------------------------+


+----------------------------------------------------------------------------------------------------------------------+
; Analysis & Synthesis Settings                                                                                        ;
+----------------------------------------------------------------------------+--------------------+--------------------+
; Option                                                                     ; Setting            ; Default Value      ;
+----------------------------------------------------------------------------+--------------------+--------------------+
; Device                                                                     ; EP4CE10F17C8       ;                    ;
; Top-level entity name                                                      ; iic                ; IIC                ;
; Family name                                                                ; Cyclone IV E       ; Cyclone IV GX      ;
; Use smart compilation                                                      ; Off                ; Off                ;
; Enable parallel Assembler and TimeQuest Timing Analyzer during compilation ; On                 ; On                 ;
; Enable compact report table                                                ; Off                ; Off                ;
; Restructure Multiplexers                                                   ; Auto               ; Auto               ;
; Create Debugging Nodes for IP Cores                                        ; Off                ; Off                ;
; Preserve fewer node names                                                  ; On                 ; On                 ;
; Disable OpenCore Plus hardware evaluation                                  ; Off                ; Off                ;
; Verilog Version                                                            ; Verilog_2001       ; Verilog_2001       ;
; VHDL Version                                                               ; VHDL_1993          ; VHDL_1993          ;
; State Machine Processing                                                   ; Auto               ; Auto               ;
; Safe State Machine                                                         ; Off                ; Off                ;
; Extract Verilog State Machines                                             ; On                 ; On                 ;
; Extract VHDL State Machines                                                ; On                 ; On                 ;
; Ignore Verilog initial constructs                                          ; Off                ; Off                ;
; Iteration limit for constant Verilog loops                                 ; 5000               ; 5000               ;
; Iteration limit for non-constant Verilog loops                             ; 250                ; 250                ;
; Add Pass-Through Logic to Inferred RAMs                                    ; On                 ; On                 ;
; Infer RAMs from Raw Logic                                                  ; On                 ; On                 ;
; Parallel Synthesis                                                         ; On                 ; On                 ;
; DSP Block Balancing                                                        ; Auto               ; Auto               ;
; NOT Gate Push-Back                                                         ; On                 ; On                 ;
; Power-Up Don't Care                                                        ; On                 ; On                 ;
; Remove Redundant Logic Cells                                               ; Off                ; Off                ;
; Remove Duplicate Registers                                                 ; On                 ; On                 ;
; Ignore CARRY Buffers                                                       ; Off                ; Off                ;
; Ignore CASCADE Buffers                                                     ; Off                ; Off                ;
; Ignore GLOBAL Buffers                                                      ; Off                ; Off                ;
; Ignore ROW GLOBAL Buffers                                                  ; Off                ; Off                ;
; Ignore LCELL Buffers                                                       ; Off                ; Off                ;
; Ignore SOFT Buffers                                                        ; On                 ; On                 ;
; Limit AHDL Integers to 32 Bits                                             ; Off                ; Off                ;
; Optimization Technique                                                     ; Balanced           ; Balanced           ;
; Carry Chain Length                                                         ; 70                 ; 70                 ;
; Auto Carry Chains                                                          ; On                 ; On                 ;
; Auto Open-Drain Pins                                                       ; On                 ; On                 ;
; Perform WYSIWYG Primitive Resynthesis                                      ; Off                ; Off                ;
; Auto ROM Replacement                                                       ; On                 ; On                 ;
; Auto RAM Replacement                                                       ; On                 ; On                 ;
; Auto DSP Block Replacement                                                 ; On                 ; On                 ;
; Auto Shift Register Replacement                                            ; Auto               ; Auto               ;
; Allow Shift Register Merging across Hierarchies                            ; Auto               ; Auto               ;
; Auto Clock Enable Replacement                                              ; On                 ; On                 ;
; Strict RAM Replacement                                                     ; Off                ; Off                ;
; Allow Synchronous Control Signals                                          ; On                 ; On                 ;
; Force Use of Synchronous Clear Signals                                     ; Off                ; Off                ;
; Auto RAM Block Balancing                                                   ; On                 ; On                 ;
; Auto RAM to Logic Cell Conversion                                          ; Off                ; Off                ;
; Auto Resource Sharing                                                      ; Off                ; Off                ;
; Allow Any RAM Size For Recognition                                         ; Off                ; Off                ;
; Allow Any ROM Size For Recognition                                         ; Off                ; Off                ;
; Allow Any Shift Register Size For Recognition                              ; Off                ; Off                ;
; Use LogicLock Constraints during Resource Balancing                        ; On                 ; On                 ;
; Ignore translate_off and synthesis_off directives                          ; Off                ; Off                ;
; Timing-Driven Synthesis                                                    ; On                 ; On                 ;
; Report Parameter Settings                                                  ; On                 ; On                 ;
; Report Source Assignments                                                  ; On                 ; On                 ;
; Report Connectivity Checks                                                 ; On                 ; On                 ;
; Ignore Maximum Fan-Out Assignments                                         ; Off                ; Off                ;
; Synchronization Register Chain Length                                      ; 2                  ; 2                  ;
; PowerPlay Power Optimization                                               ; Normal compilation ; Normal compilation ;
; HDL message level                                                          ; Level2             ; Level2             ;
; Suppress Register Optimization Related Messages                            ; Off                ; Off                ;
; Number of Removed Registers Reported in Synthesis Report                   ; 5000               ; 5000               ;
; Number of Swept Nodes Reported in Synthesis Report                         ; 5000               ; 5000               ;
; Number of Inverted Registers Reported in Synthesis Report                  ; 100                ; 100                ;
; Clock MUX Protection                                                       ; On                 ; On                 ;
; Auto Gated Clock Conversion                                                ; Off                ; Off                ;
; Block Design Naming                                                        ; Auto               ; Auto               ;
; SDC constraint protection                                                  ; Off                ; Off                ;
; Synthesis Effort                                                           ; Auto               ; Auto               ;
; Shift Register Replacement - Allow Asynchronous Clear Signal               ; On                 ; On                 ;
; Pre-Mapping Resynthesis Optimization                                       ; Off                ; Off                ;
; Analysis & Synthesis Message Level                                         ; Medium             ; Medium             ;
; Disable Register Merging Across Hierarchies                                ; Auto               ; Auto               ;
; Resource Aware Inference For Block RAM                                     ; On                 ; On                 ;
; Synthesis Seed                                                             ; 1                  ; 1                  ;
+----------------------------------------------------------------------------+--------------------+--------------------+


+------------------------------------------+
; Parallel Compilation                     ;
+----------------------------+-------------+
; Processors                 ; Number      ;
+----------------------------+-------------+
; Number detected on machine ; 8           ;
; Maximum allowed            ; 4           ;
;                            ;             ;
; Average used               ; 1.00        ;
; Maximum used               ; 1           ;
;                            ;             ;
; Usage by Processor         ; % Time Used ;
;     Processor 1            ; 100.0%      ;
;     Processors 2-8         ;   0.0%      ;
+----------------------------+-------------+


+-------------------------------------------------------------------------------------------------------------------------------------+
; Analysis & Synthesis Source Files Read                                                                                              ;
+----------------------------------+-----------------+------------------------+---------------------------------------------+---------+
; File Name with User-Entered Path ; Used in Netlist ; File Type              ; File Name with Absolute Path                ; Library ;
+----------------------------------+-----------------+------------------------+---------------------------------------------+---------+
; ../src/iic.v                     ; yes             ; User Verilog HDL File  ; C:/Users/dell/Desktop/ZX/3.31/IIC/src/iic.v ;         ;
+----------------------------------+-----------------+------------------------+---------------------------------------------+---------+


+---------------------------------------------------------+
; Analysis & Synthesis Resource Usage Summary             ;
+---------------------------------------------+-----------+
; Resource                                    ; Usage     ;
+---------------------------------------------+-----------+
; Estimated Total logic elements              ; 194       ;
;                                             ;           ;
; Total combinational functions               ; 191       ;
; Logic element usage by number of LUT inputs ;           ;
;     -- 4 input functions                    ; 111       ;
;     -- 3 input functions                    ; 41        ;
;     -- <=2 input functions                  ; 39        ;
;                                             ;           ;
; Logic elements by mode                      ;           ;
;     -- normal mode                          ; 155       ;
;     -- arithmetic mode                      ; 36        ;
;                                             ;           ;
; Total registers                             ; 65        ;
;     -- Dedicated logic registers            ; 65        ;
;     -- I/O registers                        ; 0         ;
;                                             ;           ;
; I/O pins                                    ; 41        ;
; Embedded Multiplier 9-bit elements          ; 0         ;
; Maximum fan-out node                        ; clk~input ;
; Maximum fan-out                             ; 65        ;
; Total fan-out                               ; 895       ;
; Average fan-out                             ; 2.63      ;
+---------------------------------------------+-----------+


+-----------------------------------------------------------------------------------------------------------------------------------------------------------------------------+
; Analysis & Synthesis Resource Utilization by Entity                                                                                                                         ;
+----------------------------+-------------------+--------------+-------------+--------------+---------+-----------+------+--------------+---------------------+--------------+
; Compilation Hierarchy Node ; LC Combinationals ; LC Registers ; Memory Bits ; DSP Elements ; DSP 9x9 ; DSP 18x18 ; Pins ; Virtual Pins ; Full Hierarchy Name ; Library Name ;
+----------------------------+-------------------+--------------+-------------+--------------+---------+-----------+------+--------------+---------------------+--------------+
; |iic                       ; 191 (191)         ; 65 (65)      ; 0           ; 0            ; 0       ; 0         ; 41   ; 0            ; |iic                ; work         ;
+----------------------------+-------------------+--------------+-------------+--------------+---------+-----------+------+--------------+---------------------+--------------+
Note: For table entries with two numbers listed, the numbers in parentheses indicate the number of resources of the given type used by the specific entity alone. The numbers listed outside of parentheses indicate the total resources of the given type used by the specific entity and all of its sub-entities in the hierarchy.


Encoding Type:  One-Hot
+----------------------------------------------------------------------------------------------------------------------------------------------------------------------------------------------------+
; State Machine - |iic|c_state                                                                                                                                                                       ;
+----------------+--------------+-------------+----------------+--------------+--------------+--------------+--------------+--------------+--------------+------------+---------------+--------------+
; Name           ; c_state.ACK4 ; c_state.ID1 ; c_state.START1 ; c_state.ACK3 ; c_state.RECV ; c_state.STOP ; c_state.ACK2 ; c_state.SEND ; c_state.ACK1 ; c_state.ID ; c_state.START ; c_state.IDLE ;
+----------------+--------------+-------------+----------------+--------------+--------------+--------------+--------------+--------------+--------------+------------+---------------+--------------+
; c_state.IDLE   ; 0            ; 0           ; 0              ; 0            ; 0            ; 0            ; 0            ; 0            ; 0            ; 0          ; 0             ; 0            ;
; c_state.START  ; 0            ; 0           ; 0              ; 0            ; 0            ; 0            ; 0            ; 0            ; 0            ; 0          ; 1             ; 1            ;
; c_state.ID     ; 0            ; 0           ; 0              ; 0            ; 0            ; 0            ; 0            ; 0            ; 0            ; 1          ; 0             ; 1            ;
; c_state.ACK1   ; 0            ; 0           ; 0              ; 0            ; 0            ; 0            ; 0            ; 0            ; 1            ; 0          ; 0             ; 1            ;
; c_state.SEND   ; 0            ; 0           ; 0              ; 0            ; 0            ; 0            ; 0            ; 1            ; 0            ; 0          ; 0             ; 1            ;
; c_state.ACK2   ; 0            ; 0           ; 0              ; 0            ; 0            ; 0            ; 1            ; 0            ; 0            ; 0          ; 0             ; 1            ;
; c_state.STOP   ; 0            ; 0           ; 0              ; 0            ; 0            ; 1            ; 0            ; 0            ; 0            ; 0          ; 0             ; 1            ;
; c_state.RECV   ; 0            ; 0           ; 0              ; 0            ; 1            ; 0            ; 0            ; 0            ; 0            ; 0          ; 0             ; 1            ;
; c_state.ACK3   ; 0            ; 0           ; 0              ; 1            ; 0            ; 0            ; 0            ; 0            ; 0            ; 0          ; 0             ; 1            ;
; c_state.START1 ; 0            ; 0           ; 1              ; 0            ; 0            ; 0            ; 0            ; 0            ; 0            ; 0          ; 0             ; 1            ;
; c_state.ID1    ; 0            ; 1           ; 0              ; 0            ; 0            ; 0            ; 0            ; 0            ; 0            ; 0          ; 0             ; 1            ;
; c_state.ACK4   ; 1            ; 0           ; 0              ; 0            ; 0            ; 0            ; 0            ; 0            ; 0            ; 0          ; 0             ; 1            ;
+----------------+--------------+-------------+----------------+--------------+--------------+--------------+--------------+--------------+--------------+------------+---------------+--------------+


+------------------------------------------------------------+
; Registers Removed During Synthesis                         ;
+---------------------------------------+--------------------+
; Register name                         ; Reason for Removal ;
+---------------------------------------+--------------------+
; c_state~4                             ; Lost fanout        ;
; c_state~5                             ; Lost fanout        ;
; c_state~6                             ; Lost fanout        ;
; c_state~7                             ; Lost fanout        ;
; Total Number of Removed Registers = 4 ;                    ;
+---------------------------------------+--------------------+


+------------------------------------------------------+
; General Register Statistics                          ;
+----------------------------------------------+-------+
; Statistic                                    ; Value ;
+----------------------------------------------+-------+
; Total registers                              ; 65    ;
; Number of registers using Synchronous Clear  ; 0     ;
; Number of registers using Synchronous Load   ; 0     ;
; Number of registers using Asynchronous Clear ; 65    ;
; Number of registers using Asynchronous Load  ; 0     ;
; Number of registers using Clock Enable       ; 0     ;
; Number of registers using Preset             ; 0     ;
+----------------------------------------------+-------+


+---------------------------------------------------------------------+
; Parameter Settings for User Entity Instance: Top-level Entity: |iic ;
+----------------+----------+-----------------------------------------+
; Parameter Name ; Value    ; Type                                    ;
+----------------+----------+-----------------------------------------+
; sysclk         ; 50000000 ; Signed Integer                          ;
; iicclk         ; 100000   ; Signed Integer                          ;
; delay          ; 500      ; Signed Integer                          ;
; MID            ; 250      ; Signed Integer                          ;
; Q_MID          ; 125      ; Signed Integer                          ;
; TQ_MID         ; 375      ; Signed Integer                          ;
; IDW            ; 10101010 ; Unsigned Binary                         ;
; IDR            ; 10101011 ; Unsigned Binary                         ;
+----------------+----------+-----------------------------------------+
Note: In order to hide this table in the UI and the text report file, please set the "Show Parameter Settings in Synthesis Report" option in "Analysis and Synthesis Settings -> More Settings" to "Off".


+-------------------------------+
; Elapsed Time Per Partition    ;
+----------------+--------------+
; Partition Name ; Elapsed Time ;
+----------------+--------------+
; Top            ; 00:00:01     ;
+----------------+--------------+


+-------------------------------+
; Analysis & Synthesis Messages ;
+-------------------------------+
Info: *******************************************************************
Info: Running Quartus II 64-Bit Analysis & Synthesis
    Info: Version 13.1.0 Build 162 10/23/2013 SJ Full Version
    Info: Processing started: Tue Mar 31 11:59:13 2026
Info: Command: quartus_map --read_settings_files=on --write_settings_files=off IIC -c IIC
Info (11104): Parallel Compilation has detected 8 hyper-threaded processors. However, the extra hyper-threaded processors will not be used by default. Parallel Compilation will use 4 of the 4 physical processors detected instead.
Info (12021): Found 1 design units, including 1 entities, in source file /users/dell/desktop/zx/3.31/iic/src/iic.v
    Info (12023): Found entity 1: iic
Info (12127): Elaborating entity "iic" for the top level hierarchy
Warning (10036): Verilog HDL or VHDL warning at iic.v(69): object "scl_in" assigned a value but never read
Warning (10230): Verilog HDL assignment warning at iic.v(256): truncated value with size 32 to match size of target (9)
Warning (10230): Verilog HDL assignment warning at iic.v(286): truncated value with size 32 to match size of target (4)
Warning (10230): Verilog HDL assignment warning at iic.v(290): truncated value with size 32 to match size of target (9)
Warning (10230): Verilog HDL assignment warning at iic.v(323): truncated value with size 32 to match size of target (9)
Warning (10230): Verilog HDL assignment warning at iic.v(352): truncated value with size 32 to match size of target (4)
Warning (10230): Verilog HDL assignment warning at iic.v(356): truncated value with size 32 to match size of target (9)
Warning (10230): Verilog HDL assignment warning at iic.v(386): truncated value with size 32 to match size of target (9)
Warning (10230): Verilog HDL assignment warning at iic.v(398): truncated value with size 32 to match size of target (8)
Warning (10230): Verilog HDL assignment warning at iic.v(421): truncated value with size 32 to match size of target (9)
Warning (10230): Verilog HDL assignment warning at iic.v(451): truncated value with size 32 to match size of target (4)
Warning (10230): Verilog HDL assignment warning at iic.v(455): truncated value with size 32 to match size of target (9)
Warning (10230): Verilog HDL assignment warning at iic.v(482): truncated value with size 32 to match size of target (9)
Warning (10230): Verilog HDL assignment warning at iic.v(493): truncated value with size 32 to match size of target (8)
Warning (10230): Verilog HDL assignment warning at iic.v(513): truncated value with size 32 to match size of target (9)
Warning (10230): Verilog HDL assignment warning at iic.v(543): truncated value with size 32 to match size of target (4)
Warning (10230): Verilog HDL assignment warning at iic.v(547): truncated value with size 32 to match size of target (9)
Warning (10230): Verilog HDL assignment warning at iic.v(577): truncated value with size 32 to match size of target (9)
Warning (10230): Verilog HDL assignment warning at iic.v(618): truncated value with size 32 to match size of target (1)
Warning (10230): Verilog HDL assignment warning at iic.v(619): truncated value with size 32 to match size of target (1)
Warning (10230): Verilog HDL assignment warning at iic.v(620): truncated value with size 32 to match size of target (1)
Info (286030): Timing-Driven Synthesis is running
Info (17049): 4 registers lost all their fanouts during netlist optimizations.
Info (144001): Generated suppressed messages file C:/Users/dell/Desktop/ZX/3.31/IIC/prj/output_files/IIC.map.smsg
Info (16010): Generating hard_block partition "hard_block:auto_generated_inst"
    Info (16011): Adding 0 node(s), including 0 DDIO, 0 PLL, 0 transceiver and 0 LCELL
Info (21057): Implemented 236 device resources after synthesis - the final resource count might be different
    Info (21058): Implemented 28 input pins
    Info (21059): Implemented 11 output pins
    Info (21060): Implemented 2 bidirectional pins
    Info (21061): Implemented 195 logic cells
Info: Quartus II 64-Bit Analysis & Synthesis was successful. 0 errors, 21 warnings
    Info: Peak virtual memory: 4649 megabytes
    Info: Processing ended: Tue Mar 31 11:59:16 2026
    Info: Elapsed time: 00:00:03
    Info: Total CPU time (on all processors): 00:00:02


+------------------------------------------+
; Analysis & Synthesis Suppressed Messages ;
+------------------------------------------+
The suppressed messages can be found in C:/Users/dell/Desktop/ZX/3.31/IIC/prj/output_files/IIC.map.smsg.


