Copyright 1986-2018 Xilinx, Inc. All Rights Reserved.
----------------------------------------------------------------------------------------------
| Tool Version : Vivado v.2018.3 (win64) Build 2405991 Thu Dec  6 23:38:27 MST 2018
| Date         : Thu Apr  9 21:32:41 2026
| Host         : LAPTOP-ECP6913Q running 64-bit major release  (build 9200)
| Command      : report_control_sets -verbose -file top_ad_da_fft_lcd_control_sets_placed.rpt
| Design       : top_ad_da_fft_lcd
| Device       : xc7z020
----------------------------------------------------------------------------------------------

Control Set Information

Table of Contents
-----------------
1. Summary
2. Histogram
3. Flip-Flop Distribution
4. Detailed Control Set Information

1. Summary
----------

+----------------------------------------------------------+-------+
|                          Status                          | Count |
+----------------------------------------------------------+-------+
| Number of unique control sets                            |    37 |
| Unused register locations in slices containing registers |   103 |
+----------------------------------------------------------+-------+


2. Histogram
------------

+--------+--------------+
| Fanout | Control Sets |
+--------+--------------+
|      1 |            2 |
|      3 |            1 |
|      4 |            1 |
|      7 |            3 |
|      8 |            9 |
|      9 |            1 |
|     10 |            4 |
|     11 |            3 |
|    16+ |           13 |
+--------+--------------+


3. Flip-Flop Distribution
-------------------------

+--------------+-----------------------+------------------------+-----------------+--------------+
| Clock Enable | Synchronous Set/Reset | Asynchronous Set/Reset | Total Registers | Total Slices |
+--------------+-----------------------+------------------------+-----------------+--------------+
| No           | No                    | No                     |             201 |           66 |
| No           | No                    | Yes                    |             231 |          100 |
| No           | Yes                   | No                     |              39 |           13 |
| Yes          | No                    | No                     |            1591 |          338 |
| Yes          | No                    | Yes                    |              92 |           30 |
| Yes          | Yes                   | No                     |              79 |           23 |
+--------------+-----------------------+------------------------+-----------------+--------------+


4. Detailed Control Set Information
-----------------------------------

+----------------------+--------------------------------------------------------------------------------------------------------------------------------------------------------+--------------------------------------------------------------------------------------------------------------------------+------------------+----------------+
|     Clock Signal     |                                                                      Enable Signal                                                                     |                                                     Set/Reset Signal                                                     | Slice Load Count | Bel Load Count |
+----------------------+--------------------------------------------------------------------------------------------------------------------------------------------------------+--------------------------------------------------------------------------------------------------------------------------+------------------+----------------+
|  u_pll/inst/clk_out1 | xfft_0/U0/i_synth/axi_wrapper/config_channel_fifo/gen_non_real_time.data_in_fifo_pt1/wr_enable                                                         |                                                                                                                          |                1 |              1 |
|  u_pll/inst/clk_out1 | u_data_modulus/u_cordic_0/U0/i_synth/i_synth/gen_sqrt.square_root/gen_rdy_int/rdy_int                                                                  |                                                                                                                          |                1 |              1 |
|  u_pll/inst/clk_out2 |                                                                                                                                                        | u_lcd_top/lcd_rgb_top_inst/sys_rst_n                                                                                     |                2 |              3 |
|  u_pll/inst/clk_out1 | xfft_0/U0/i_synth/axi_wrapper/ce_rank_0                                                                                                                | xfft_0/U0/i_synth/xfft_inst/non_floating_point.arch_b.xfft_inst/control/control/process_state_s_reg_0                    |                2 |              4 |
|  u_pll/inst/clk_out1 | xfft_0/U0/i_synth/xfft_inst/non_floating_point.arch_b.xfft_inst/control/control/processing_state/i_ce_rn_reg                                           | xfft_0/U0/i_synth/xfft_inst/non_floating_point.arch_b.xfft_inst/control/control/loading_state/sclr_or_nfft_we_or_loading |                3 |              7 |
|  u_pll/inst/clk_out1 | xfft_0/U0/i_synth/xfft_inst/non_floating_point.arch_b.xfft_inst/control/control/processing_state/ce_pedelay                                            | xfft_0/U0/i_synth/axi_wrapper/sclr_w2c                                                                                   |                3 |              7 |
|  u_pll/inst/clk_out1 | xfft_0/U0/i_synth/axi_wrapper/ce_w2c                                                                                                                   | xfft_0/U0/i_synth/axi_wrapper/sclr_w2c                                                                                   |                2 |              7 |
|  u_pll/inst/clk_out1 | xfft_0/U0/i_synth/axi_wrapper/data_in_channel_fifo/gen_non_real_time.data_in_fifo_pt1/E[0]                                                             | xfft_0/U0/i_synth/axi_wrapper/reset_pipe[1]                                                                              |                1 |              8 |
|  u_pll/inst/clk_out1 | xfft_0/U0/i_synth/axi_wrapper/data_in_channel_fifo/gen_non_real_time.data_in_fifo_pt1/wr_enable                                                        |                                                                                                                          |                1 |              8 |
|  u_pll/inst/clk_out1 | xfft_0/U0/i_synth/axi_wrapper/data_in_channel_fifo/gen_non_real_time.data_in_fifo_pt1/gen_non_real_time.gen_has_skid_buffer.data_out_reg_full_2_reg[0] | xfft_0/U0/i_synth/axi_wrapper/reset_pipe[1]                                                                              |                1 |              8 |
|  u_pll/inst/clk_out1 | xfft_0/U0/i_synth/axi_wrapper/symbols_out_remaining[7]_i_1_n_129                                                                                       | xfft_0/U0/i_synth/axi_wrapper/reset_pipe[1]                                                                              |                3 |              8 |
|  u_pll/inst/clk_out1 | u_lcd_top/lcd_rgb_top_inst/lcd_display_inst/E[0]                                                                                                       | u_lcd_top/lcd_rgb_top_inst/sys_rst_n                                                                                     |                5 |              8 |
|  u_pll/inst/clk_out1 | u_data_modulus/E[0]                                                                                                                                    | u_lcd_top/lcd_rgb_top_inst/sys_rst_n_0                                                                                   |                2 |              8 |
|  lcd_clk_OBUF_BUFG   | u_lcd_top/lcd_rgb_top_inst/lcd_display_inst/rom_col_shift_data                                                                                         | u_lcd_top/lcd_rgb_top_inst/col_x_axle_en_i_2_n_0                                                                         |                2 |              8 |
|  lcd_clk_OBUF_BUFG   | u_lcd_top/lcd_rgb_top_inst/lcd_display_inst/rom_row_shift_data[7]_i_1_n_0                                                                              | u_lcd_top/lcd_rgb_top_inst/col_x_axle_en_i_2_n_0                                                                         |                3 |              8 |
|  lcd_clk_OBUF_BUFG   | u_lcd_top/lcd_rgb_top_inst/lcd_display_inst/E[0]                                                                                                       | u_lcd_top/lcd_rgb_top_inst/sys_rst_n                                                                                     |                3 |              8 |
|  u_pll/inst/clk_out1 | u_fifo_ctrl/E[0]                                                                                                                                       | u_lcd_top/lcd_rgb_top_inst/sys_rst_n_0                                                                                   |                2 |              9 |
|  u_pll/inst/clk_out1 | xfft_0/U0/i_synth/axi_wrapper/ce_w2c                                                                                                                   | xfft_0/U0/i_synth/axi_wrapper/reset_pipe[1]                                                                              |                2 |             10 |
|  u_pll/inst/clk_out1 | xfft_0/U0/i_synth/axi_wrapper/xk_index_counter_ce                                                                                                      | xfft_0/U0/i_synth/axi_wrapper/sclr_w2c                                                                                   |                3 |             10 |
|  u_pll/inst/clk_out1 | xfft_0/U0/i_synth/xfft_inst/non_floating_point.arch_b.xfft_inst/control/control/loading_state/xn_index_counter_ce                                      | xfft_0/U0/i_synth/axi_wrapper/sclr_w2c                                                                                   |                3 |             10 |
|  lcd_clk_OBUF_BUFG   | u_lcd_top/lcd_rgb_top_inst/lcd_display_inst/row_axle_addr[9]_i_1_n_0                                                                                   | u_lcd_top/lcd_rgb_top_inst/col_x_axle_en_i_2_n_0                                                                         |                2 |             10 |
|  lcd_clk_OBUF_BUFG   | u_lcd_top/lcd_rgb_top_inst/lcd_driver_inst/sel                                                                                                         | u_lcd_top/lcd_rgb_top_inst/sys_rst_n                                                                                     |                4 |             11 |
|  u_pll/inst/clk_out2 | u_lcd_top/lcd_rgb_top_inst/rd_id_inst/rd_flag_i_1_n_0                                                                                                  | u_lcd_top/lcd_rgb_top_inst/sys_rst_n                                                                                     |                2 |             11 |
|  lcd_clk_OBUF_BUFG   | u_lcd_top/lcd_rgb_top_inst/lcd_display_inst/col_axle_addr[10]_i_1_n_0                                                                                  | u_lcd_top/lcd_rgb_top_inst/col_x_axle_en_i_2_n_0                                                                         |                5 |             11 |
|  u_pll/inst/clk_out1 | xfft_0/U0/i_synth/axi_wrapper/data_out_channel/gen_non_real_time.fifo_i_1__0_n_129                                                                     |                                                                                                                          |                3 |             19 |
|  u_pll/inst/clk_out1 | u_fifo_ctrl/u_fifo_512x8/U0/inst_fifo_gen/gconvfifo.rf/grf.rf/gntv_or_sync_fifo.gl0.rd/gras.rsts/E[0]                                                  |                                                                                                                          |                6 |             27 |
|  u_pll/inst/clk_out4 |                                                                                                                                                        | u_lcd_top/lcd_rgb_top_inst/sys_rst_n_0                                                                                   |               13 |             29 |
|  u_pll/inst/clk_out4 | u_fifo_ctrl/u_fifo_512x8/U0/inst_fifo_gen/gconvfifo.rf/grf.rf/gntv_or_sync_fifo.gl0.wr/gwas.wsts/E[0]                                                  |                                                                                                                          |                8 |             36 |
|  u_pll/inst/clk_out4 |                                                                                                                                                        |                                                                                                                          |               11 |             38 |
|  lcd_clk_OBUF_BUFG   |                                                                                                                                                        | u_lcd_top/lcd_rgb_top_inst/col_x_axle_en_i_2_n_0                                                                         |               18 |             38 |
|  u_pll/inst/clk_out1 |                                                                                                                                                        | xfft_0/U0/i_synth/axi_wrapper/reset_pipe[1]                                                                              |               13 |             39 |
|  u_pll/inst/clk_out1 |                                                                                                                                                        | u_lcd_top/lcd_rgb_top_inst/sys_rst_n_0                                                                                   |               15 |             43 |
|  u_pll/inst/clk_out2 |                                                                                                                                                        | u_lcd_top/lcd_rgb_top_inst/sys_rst_n_0                                                                                   |               16 |             50 |
|  lcd_clk_OBUF_BUFG   |                                                                                                                                                        | u_lcd_top/lcd_rgb_top_inst/sys_rst_n                                                                                     |               36 |             68 |
|  u_pll/inst/clk_out1 | xfft_0/U0/i_synth/axi_wrapper/i_sw_en                                                                                                                  |                                                                                                                          |               20 |             72 |
|  u_pll/inst/clk_out1 |                                                                                                                                                        |                                                                                                                          |               55 |            167 |
|  u_pll/inst/clk_out1 | xfft_0/U0/i_synth/axi_wrapper/ce_w2c                                                                                                                   |                                                                                                                          |              303 |           1707 |
+----------------------+--------------------------------------------------------------------------------------------------------------------------------------------------------+--------------------------------------------------------------------------------------------------------------------------+------------------+----------------+


