Copyright 1986-2018 Xilinx, Inc. All Rights Reserved.
-----------------------------------------------------------------------------------------------------------------------------------------------------------------------------------------
| Tool Version : Vivado v.2018.3 (win64) Build 2405991 Thu Dec  6 23:38:27 MST 2018
| Date         : Thu Apr  9 21:33:22 2026
| Host         : LAPTOP-ECP6913Q running 64-bit major release  (build 9200)
| Command      : report_methodology -file top_ad_da_fft_lcd_methodology_drc_routed.rpt -pb top_ad_da_fft_lcd_methodology_drc_routed.pb -rpx top_ad_da_fft_lcd_methodology_drc_routed.rpx
| Design       : top_ad_da_fft_lcd
| Device       : xc7z020clg400-2
| Speed File   : -2
| Design State : Fully Routed
-----------------------------------------------------------------------------------------------------------------------------------------------------------------------------------------

Report Methodology

Table of Contents
-----------------
1. REPORT SUMMARY
2. REPORT DETAILS

1. REPORT SUMMARY
-----------------
            Netlist: netlist
          Floorplan: design_1
      Design limits: <entire design considered>
             Max violations: <unlimited>
             Violations found: 45
+-----------+----------+--------------------------------------------------------+------------+
| Rule      | Severity | Description                                            | Violations |
+-----------+----------+--------------------------------------------------------+------------+
| LUTAR-1   | Warning  | LUT drives async reset alert                           | 3          |
| TIMING-14 | Warning  | LUT on the clock tree                                  | 3          |
| TIMING-18 | Warning  | Missing input or output delay                          | 37         |
| XDCC-1    | Warning  | Scoped Clock constraint overwritten with the same name | 1          |
| XDCC-7    | Warning  | Scoped Clock constraint overwritten on the same source | 1          |
+-----------+----------+--------------------------------------------------------+------------+

2. REPORT DETAILS
-----------------
LUTAR-1#1 Warning
LUT drives async reset alert  
LUT cell u_lcd_top/lcd_rgb_top_inst/cnt_key_flag[1]_i_2, with 2 or more inputs, drives asynchronous preset/clear pin(s) u_fifo_ctrl/ad_data_in_d0_reg[0]/CLR, u_fifo_ctrl/ad_data_in_d0_reg[1]/CLR, u_fifo_ctrl/ad_data_in_d0_reg[2]/CLR, u_fifo_ctrl/ad_data_in_d0_reg[3]/CLR, u_fifo_ctrl/ad_data_in_d0_reg[4]/CLR, u_fifo_ctrl/ad_data_in_d0_reg[5]/CLR, u_fifo_ctrl/ad_data_in_d0_reg[6]/CLR, u_fifo_ctrl/ad_data_in_d0_reg[7]/CLR, u_fifo_ctrl/ad_data_in_d1_reg[0]/CLR, u_fifo_ctrl/ad_data_in_d1_reg[1]/CLR, u_fifo_ctrl/ad_data_in_d1_reg[2]/CLR, u_fifo_ctrl/ad_data_in_d1_reg[3]/CLR, u_fifo_ctrl/ad_data_in_d1_reg[4]/CLR, u_fifo_ctrl/ad_data_in_d1_reg[5]/CLR, u_fifo_ctrl/ad_data_in_d1_reg[6]/CLR (the first 15 of 139 listed). The LUT may glitch and trigger an unexpected reset, even if it is a properly timed path.
Related violations: <none>

LUTAR-1#2 Warning
LUT drives async reset alert  
LUT cell u_lcd_top/lcd_rgb_top_inst/col_x_axle_en_i_2, with 2 or more inputs, drives asynchronous preset/clear pin(s) u_lcd_top/lcd_rgb_top_inst/lcd_display_inst/cnt_col_en_reg[0]/CLR, u_lcd_top/lcd_rgb_top_inst/lcd_display_inst/cnt_col_en_reg[1]/CLR, u_lcd_top/lcd_rgb_top_inst/lcd_display_inst/cnt_col_en_reg[2]/CLR, u_lcd_top/lcd_rgb_top_inst/lcd_display_inst/cnt_col_en_reg[3]/CLR, u_lcd_top/lcd_rgb_top_inst/lcd_display_inst/cnt_col_en_reg[4]/CLR, u_lcd_top/lcd_rgb_top_inst/lcd_display_inst/cnt_col_en_reg[5]/CLR, u_lcd_top/lcd_rgb_top_inst/lcd_display_inst/cnt_col_en_reg[6]/CLR, u_lcd_top/lcd_rgb_top_inst/lcd_display_inst/cnt_col_en_reg[7]/CLR, u_lcd_top/lcd_rgb_top_inst/lcd_display_inst/cnt_row_en_reg[0]/CLR, u_lcd_top/lcd_rgb_top_inst/lcd_display_inst/cnt_row_en_reg[1]/CLR, u_lcd_top/lcd_rgb_top_inst/lcd_display_inst/cnt_row_en_reg[2]/CLR, u_lcd_top/lcd_rgb_top_inst/lcd_display_inst/col_axle_addr_reg[0]/CLR, u_lcd_top/lcd_rgb_top_inst/lcd_display_inst/col_axle_addr_reg[10]/CLR, u_lcd_top/lcd_rgb_top_inst/lcd_display_inst/col_axle_addr_reg[1]/CLR, u_lcd_top/lcd_rgb_top_inst/lcd_display_inst/col_axle_addr_reg[2]/CLR (the first 15 of 75 listed). The LUT may glitch and trigger an unexpected reset, even if it is a properly timed path.
Related violations: <none>

LUTAR-1#3 Warning
LUT drives async reset alert  
LUT cell u_lcd_top/lcd_rgb_top_inst/fft_step[3]_i_2, with 2 or more inputs, drives asynchronous preset/clear pin(s) u_lcd_top/rw_ram_ctrl_inst/data_invalid_reg/CLR, u_lcd_top/rw_ram_ctrl_inst/fft_point_cnt_reg[0]/CLR, u_lcd_top/rw_ram_ctrl_inst/fft_point_cnt_reg[1]/CLR, u_lcd_top/rw_ram_ctrl_inst/fft_point_cnt_reg[2]/CLR, u_lcd_top/rw_ram_ctrl_inst/fft_point_cnt_reg[3]/CLR, u_lcd_top/rw_ram_ctrl_inst/fft_point_cnt_reg[4]/CLR, u_lcd_top/rw_ram_ctrl_inst/fft_point_cnt_reg[5]/CLR, u_lcd_top/rw_ram_ctrl_inst/fft_point_cnt_reg[6]/CLR, u_lcd_top/rw_ram_ctrl_inst/fft_point_cnt_reg[7]/CLR, u_lcd_top/rw_ram_ctrl_inst/ram_raddr_reg[0]/CLR, u_lcd_top/rw_ram_ctrl_inst/ram_raddr_reg[1]/CLR, u_lcd_top/rw_ram_ctrl_inst/ram_raddr_reg[2]/CLR, u_lcd_top/rw_ram_ctrl_inst/ram_raddr_reg[3]/CLR, u_lcd_top/rw_ram_ctrl_inst/ram_raddr_reg[4]/CLR, u_lcd_top/rw_ram_ctrl_inst/ram_raddr_reg[5]/CLR (the first 15 of 109 listed). The LUT may glitch and trigger an unexpected reset, even if it is a properly timed path.
Related violations: <none>

TIMING-14#1 Warning
LUT on the clock tree  
The LUT u_lcd_top/lcd_rgb_top_inst/rd_id_inst/lcd_clk_OBUF_BUFG_inst_i_1 has been found on the clock tree. Run opt_design to optimize the clock trees, then re-run report_methodology. If LUT(s) are still present in the clock trees, modify the RTL or the synthesis options accordingly to move the clock gating logic to dedicated clock enable resources. Keep in mind that post-opt_design database cannot be used for pin-planning tasks
Related violations: <none>

TIMING-14#2 Warning
LUT on the clock tree  
The LUT u_lcd_top/lcd_rgb_top_inst/rd_id_inst/lcd_clk_OBUF_BUFG_inst_i_4 has been found on the clock tree. Run opt_design to optimize the clock trees, then re-run report_methodology. If LUT(s) are still present in the clock trees, modify the RTL or the synthesis options accordingly to move the clock gating logic to dedicated clock enable resources. Keep in mind that post-opt_design database cannot be used for pin-planning tasks
Related violations: <none>

TIMING-14#3 Warning
LUT on the clock tree  
The LUT u_lcd_top/lcd_rgb_top_inst/rd_id_inst/lcd_clk_OBUF_BUFG_inst_i_6 has been found on the clock tree. Run opt_design to optimize the clock trees, then re-run report_methodology. If LUT(s) are still present in the clock trees, modify the RTL or the synthesis options accordingly to move the clock gating logic to dedicated clock enable resources. Keep in mind that post-opt_design database cannot be used for pin-planning tasks
Related violations: <none>

TIMING-18#1 Warning
Missing input or output delay  
An input delay is missing on key relative to clock(s) sys_clk
Related violations: <none>

TIMING-18#2 Warning
Missing input or output delay  
An input delay is missing on lcd_rgb[0] relative to clock(s) sys_clk
Related violations: <none>

TIMING-18#3 Warning
Missing input or output delay  
An input delay is missing on lcd_rgb[10] relative to clock(s) sys_clk
Related violations: <none>

TIMING-18#4 Warning
Missing input or output delay  
An input delay is missing on lcd_rgb[11] relative to clock(s) sys_clk
Related violations: <none>

TIMING-18#5 Warning
Missing input or output delay  
An input delay is missing on lcd_rgb[12] relative to clock(s) sys_clk
Related violations: <none>

TIMING-18#6 Warning
Missing input or output delay  
An input delay is missing on lcd_rgb[13] relative to clock(s) sys_clk
Related violations: <none>

TIMING-18#7 Warning
Missing input or output delay  
An input delay is missing on lcd_rgb[14] relative to clock(s) sys_clk
Related violations: <none>

TIMING-18#8 Warning
Missing input or output delay  
An input delay is missing on lcd_rgb[15] relative to clock(s) sys_clk
Related violations: <none>

TIMING-18#9 Warning
Missing input or output delay  
An input delay is missing on lcd_rgb[16] relative to clock(s) sys_clk
Related violations: <none>

TIMING-18#10 Warning
Missing input or output delay  
An input delay is missing on lcd_rgb[17] relative to clock(s) sys_clk
Related violations: <none>

TIMING-18#11 Warning
Missing input or output delay  
An input delay is missing on lcd_rgb[18] relative to clock(s) sys_clk
Related violations: <none>

TIMING-18#12 Warning
Missing input or output delay  
An input delay is missing on lcd_rgb[19] relative to clock(s) sys_clk
Related violations: <none>

TIMING-18#13 Warning
Missing input or output delay  
An input delay is missing on lcd_rgb[1] relative to clock(s) sys_clk
Related violations: <none>

TIMING-18#14 Warning
Missing input or output delay  
An input delay is missing on lcd_rgb[20] relative to clock(s) sys_clk
Related violations: <none>

TIMING-18#15 Warning
Missing input or output delay  
An input delay is missing on lcd_rgb[21] relative to clock(s) sys_clk
Related violations: <none>

TIMING-18#16 Warning
Missing input or output delay  
An input delay is missing on lcd_rgb[22] relative to clock(s) sys_clk
Related violations: <none>

TIMING-18#17 Warning
Missing input or output delay  
An input delay is missing on lcd_rgb[23] relative to clock(s) sys_clk
Related violations: <none>

TIMING-18#18 Warning
Missing input or output delay  
An input delay is missing on lcd_rgb[2] relative to clock(s) sys_clk
Related violations: <none>

TIMING-18#19 Warning
Missing input or output delay  
An input delay is missing on lcd_rgb[3] relative to clock(s) sys_clk
Related violations: <none>

TIMING-18#20 Warning
Missing input or output delay  
An input delay is missing on lcd_rgb[4] relative to clock(s) sys_clk
Related violations: <none>

TIMING-18#21 Warning
Missing input or output delay  
An input delay is missing on lcd_rgb[5] relative to clock(s) sys_clk
Related violations: <none>

TIMING-18#22 Warning
Missing input or output delay  
An input delay is missing on lcd_rgb[6] relative to clock(s) sys_clk
Related violations: <none>

TIMING-18#23 Warning
Missing input or output delay  
An input delay is missing on lcd_rgb[7] relative to clock(s) sys_clk
Related violations: <none>

TIMING-18#24 Warning
Missing input or output delay  
An input delay is missing on lcd_rgb[8] relative to clock(s) sys_clk
Related violations: <none>

TIMING-18#25 Warning
Missing input or output delay  
An input delay is missing on lcd_rgb[9] relative to clock(s) sys_clk
Related violations: <none>

TIMING-18#26 Warning
Missing input or output delay  
An input delay is missing on sys_rst_n relative to clock(s) sys_clk
Related violations: <none>

TIMING-18#27 Warning
Missing input or output delay  
An output delay is missing on da_data[0] relative to clock(s) sys_clk
Related violations: <none>

TIMING-18#28 Warning
Missing input or output delay  
An output delay is missing on da_data[1] relative to clock(s) sys_clk
Related violations: <none>

TIMING-18#29 Warning
Missing input or output delay  
An output delay is missing on da_data[2] relative to clock(s) sys_clk
Related violations: <none>

TIMING-18#30 Warning
Missing input or output delay  
An output delay is missing on da_data[3] relative to clock(s) sys_clk
Related violations: <none>

TIMING-18#31 Warning
Missing input or output delay  
An output delay is missing on da_data[4] relative to clock(s) sys_clk
Related violations: <none>

TIMING-18#32 Warning
Missing input or output delay  
An output delay is missing on da_data[5] relative to clock(s) sys_clk
Related violations: <none>

TIMING-18#33 Warning
Missing input or output delay  
An output delay is missing on da_data[6] relative to clock(s) sys_clk
Related violations: <none>

TIMING-18#34 Warning
Missing input or output delay  
An output delay is missing on da_data[7] relative to clock(s) sys_clk
Related violations: <none>

TIMING-18#35 Warning
Missing input or output delay  
An output delay is missing on lcd_bl relative to clock(s) sys_clk
Related violations: <none>

TIMING-18#36 Warning
Missing input or output delay  
An output delay is missing on lcd_de relative to clock(s) sys_clk
Related violations: <none>

TIMING-18#37 Warning
Missing input or output delay  
An output delay is missing on lcd_rst relative to clock(s) sys_clk
Related violations: <none>

XDCC-1#1 Warning
Scoped Clock constraint overwritten with the same name  
A new clock constraint create_clock overrides a previous scoped clock constraint with the same name. It is not recommended to override a scoped (typically an IP) clock constraint and could result in unexpected behaviors.
New: create_clock -period 20.000 -name sys_clk [get_ports sys_clk] (Source: D:/GitHub/my_fpga/fpga_project1_High_speed_ADDA_realTime_spectrum_analyzer_PL/code/proj/my_project/my_project.srcs/constrs_1/new/constraints.xdc (Line: 2))
Previous: create_clock -period 20.000 [get_ports sys_clk] (Source: d:/GitHub/my_fpga/fpga_project1_High_speed_ADDA_realTime_spectrum_analyzer_PL/code/proj/my_project/my_project.srcs/sources_1/ip/my_pll/my_pll.xdc (Line: 56))
Related violations: <none>

XDCC-7#1 Warning
Scoped Clock constraint overwritten on the same source  
A new clock constraint create_clock overrides a previous scoped clock constraint defined on the same source. It is not recommended to override a scoped (typically an IP) clock constraint and could result in unexpected behaviors.
New: create_clock -period 20.000 -name sys_clk [get_ports sys_clk] (Source: D:/GitHub/my_fpga/fpga_project1_High_speed_ADDA_realTime_spectrum_analyzer_PL/code/proj/my_project/my_project.srcs/constrs_1/new/constraints.xdc (Line: 2))
Previous: create_clock -period 20.000 [get_ports sys_clk] (Source: d:/GitHub/my_fpga/fpga_project1_High_speed_ADDA_realTime_spectrum_analyzer_PL/code/proj/my_project/my_project.srcs/sources_1/ip/my_pll/my_pll.xdc (Line: 56))
Related violations: <none>


