INFO: [VRFC 10-2263] Analyzing Verilog file "G:/V3/4_Source_Code/1_FPGA_Design/ZYNQ_7020_FPGA/37_top_ad_da_fir_lcd/prj/top_ad_da_fir_lcd.gen/sources_1/ip/rom_col_axle/sim/rom_col_axle.v" into library xil_defaultlib
INFO: [VRFC 10-311] analyzing module rom_col_axle
INFO: [VRFC 10-2263] Analyzing Verilog file "G:/V3/4_Source_Code/1_FPGA_Design/ZYNQ_7020_FPGA/37_top_ad_da_fir_lcd/prj/top_ad_da_fir_lcd.gen/sources_1/ip/rom_row_axle/sim/rom_row_axle.v" into library xil_defaultlib
INFO: [VRFC 10-311] analyzing module rom_row_axle
INFO: [VRFC 10-2263] Analyzing Verilog file "G:/V3/4_Source_Code/1_FPGA_Design/ZYNQ_7020_FPGA/37_top_ad_da_fir_lcd/prj/top_ad_da_fir_lcd.gen/sources_1/ip/ram_256x8/sim/ram_256x8.v" into library xil_defaultlib
INFO: [VRFC 10-311] analyzing module ram_256x8
INFO: [VRFC 10-2263] Analyzing Verilog file "G:/V3/4_Source_Code/1_FPGA_Design/ZYNQ_7020_FPGA/37_top_ad_da_fir_lcd/prj/top_ad_da_fir_lcd.gen/sources_1/ip/fifo_512x8/sim/fifo_512x8.v" into library xil_defaultlib
INFO: [VRFC 10-311] analyzing module fifo_512x8
INFO: [VRFC 10-2263] Analyzing Verilog file "G:/V3/4_Source_Code/1_FPGA_Design/ZYNQ_7020_FPGA/37_top_ad_da_fir_lcd/prj/top_ad_da_fir_lcd.gen/sources_1/ip/rom_256x8_1/sim/rom_256x8_1.v" into library xil_defaultlib
INFO: [VRFC 10-311] analyzing module rom_256x8_1
INFO: [VRFC 10-2263] Analyzing Verilog file "G:/V3/4_Source_Code/1_FPGA_Design/ZYNQ_7020_FPGA/37_top_ad_da_fir_lcd/prj/top_ad_da_fir_lcd.gen/sources_1/ip/rom_256x8_0/sim/rom_256x8_0.v" into library xil_defaultlib
INFO: [VRFC 10-311] analyzing module rom_256x8_0
INFO: [VRFC 10-2263] Analyzing Verilog file "G:/V3/4_Source_Code/1_FPGA_Design/ZYNQ_7020_FPGA/37_top_ad_da_fir_lcd/prj/top_ad_da_fir_lcd.gen/sources_1/ip/pll/pll_clk_wiz.v" into library xil_defaultlib
INFO: [VRFC 10-311] analyzing module pll_clk_wiz
INFO: [VRFC 10-2263] Analyzing Verilog file "G:/V3/4_Source_Code/1_FPGA_Design/ZYNQ_7020_FPGA/37_top_ad_da_fir_lcd/prj/top_ad_da_fir_lcd.gen/sources_1/ip/pll/pll.v" into library xil_defaultlib
INFO: [VRFC 10-311] analyzing module pll
INFO: [VRFC 10-2263] Analyzing Verilog file "G:/V3/4_Source_Code/1_FPGA_Design/ZYNQ_7020_FPGA/37_top_ad_da_fir_lcd/rtl/lcd_rgb_top/clk_div.v" into library xil_defaultlib
INFO: [VRFC 10-311] analyzing module clk_div
INFO: [VRFC 10-2263] Analyzing Verilog file "G:/V3/4_Source_Code/1_FPGA_Design/ZYNQ_7020_FPGA/37_top_ad_da_fir_lcd/rtl/da_wave_send.v" into library xil_defaultlib
INFO: [VRFC 10-311] analyzing module da_wave_send
INFO: [VRFC 10-2263] Analyzing Verilog file "G:/V3/4_Source_Code/1_FPGA_Design/ZYNQ_7020_FPGA/37_top_ad_da_fir_lcd/rtl/data_modulus.v" into library xil_defaultlib
INFO: [VRFC 10-311] analyzing module data_modulus
INFO: [VRFC 10-2263] Analyzing Verilog file "G:/V3/4_Source_Code/1_FPGA_Design/ZYNQ_7020_FPGA/37_top_ad_da_fir_lcd/rtl/fifo_ctrl.v" into library xil_defaultlib
INFO: [VRFC 10-311] analyzing module fifo_ctrl
INFO: [VRFC 10-2263] Analyzing Verilog file "G:/V3/4_Source_Code/1_FPGA_Design/ZYNQ_7020_FPGA/37_top_ad_da_fir_lcd/rtl/hs_da.v" into library xil_defaultlib
INFO: [VRFC 10-311] analyzing module hs_da
INFO: [VRFC 10-2263] Analyzing Verilog file "G:/V3/4_Source_Code/1_FPGA_Design/ZYNQ_7020_FPGA/37_top_ad_da_fir_lcd/rtl/key_debounce.v" into library xil_defaultlib
INFO: [VRFC 10-311] analyzing module key_debounce
INFO: [VRFC 10-2263] Analyzing Verilog file "G:/V3/4_Source_Code/1_FPGA_Design/ZYNQ_7020_FPGA/37_top_ad_da_fir_lcd/rtl/lcd_rgb_top/lcd_display.v" into library xil_defaultlib
INFO: [VRFC 10-311] analyzing module lcd_display
INFO: [VRFC 10-2263] Analyzing Verilog file "G:/V3/4_Source_Code/1_FPGA_Design/ZYNQ_7020_FPGA/37_top_ad_da_fir_lcd/rtl/lcd_rgb_top/lcd_driver.v" into library xil_defaultlib
INFO: [VRFC 10-311] analyzing module lcd_driver
INFO: [VRFC 10-2263] Analyzing Verilog file "G:/V3/4_Source_Code/1_FPGA_Design/ZYNQ_7020_FPGA/37_top_ad_da_fir_lcd/rtl/lcd_rgb_top/lcd_rgb_top.v" into library xil_defaultlib
INFO: [VRFC 10-311] analyzing module lcd_rgb_top
INFO: [VRFC 10-2263] Analyzing Verilog file "G:/V3/4_Source_Code/1_FPGA_Design/ZYNQ_7020_FPGA/37_top_ad_da_fir_lcd/rtl/lcd_top.v" into library xil_defaultlib
INFO: [VRFC 10-311] analyzing module lcd_top
INFO: [VRFC 10-2263] Analyzing Verilog file "G:/V3/4_Source_Code/1_FPGA_Design/ZYNQ_7020_FPGA/37_top_ad_da_fir_lcd/rtl/lcd_rgb_top/rd_id.v" into library xil_defaultlib
INFO: [VRFC 10-311] analyzing module rd_id
INFO: [VRFC 10-2263] Analyzing Verilog file "G:/V3/4_Source_Code/1_FPGA_Design/ZYNQ_7020_FPGA/37_top_ad_da_fir_lcd/rtl/rw_ram_ctrl.v" into library xil_defaultlib
INFO: [VRFC 10-311] analyzing module rw_ram_ctrl
INFO: [VRFC 10-2263] Analyzing Verilog file "G:/V3/4_Source_Code/1_FPGA_Design/ZYNQ_7020_FPGA/37_top_ad_da_fir_lcd/rtl/top_ad_da_fir_lcd.v" into library xil_defaultlib
INFO: [VRFC 10-311] analyzing module top_ad_da_fir_lcd
INFO: [VRFC 10-2263] Analyzing Verilog file "G:/V3/4_Source_Code/1_FPGA_Design/ZYNQ_7020_FPGA/37_top_ad_da_fir_lcd/sim/tb/tb_top_ad_da_fir_lcd.v" into library xil_defaultlib
INFO: [VRFC 10-311] analyzing module tb_top_ad_da_fir_lcd
INFO: [VRFC 10-2263] Analyzing Verilog file "G:/V3/4_Source_Code/1_FPGA_Design/ZYNQ_7020_FPGA/37_top_ad_da_fir_lcd/prj/top_ad_da_fir_lcd.sim/sim_1/behav/xsim/glbl.v" into library xil_defaultlib
INFO: [VRFC 10-311] analyzing module glbl
INFO: [VRFC 10-163] Analyzing VHDL file "G:/V3/4_Source_Code/1_FPGA_Design/ZYNQ_7020_FPGA/37_top_ad_da_fir_lcd/prj/top_ad_da_fir_lcd.gen/sources_1/ip/cordic_0/sim/cordic_0.vhd" into library xil_defaultlib
INFO: [VRFC 10-3107] analyzing entity 'cordic_0'
INFO: [VRFC 10-163] Analyzing VHDL file "G:/V3/4_Source_Code/1_FPGA_Design/ZYNQ_7020_FPGA/37_top_ad_da_fir_lcd/prj/top_ad_da_fir_lcd.gen/sources_1/ip/xfft_0/sim/xfft_0.vhd" into library xil_defaultlib
INFO: [VRFC 10-3107] analyzing entity 'xfft_0'
INFO: [VRFC 10-163] Analyzing VHDL file "G:/V3/4_Source_Code/1_FPGA_Design/ZYNQ_7020_FPGA/37_top_ad_da_fir_lcd/prj/top_ad_da_fir_lcd.gen/sources_1/ip/fir_lowpass/sim/fir_lowpass.vhd" into library xil_defaultlib
INFO: [VRFC 10-3107] analyzing entity 'fir_lowpass'
