Analysis & Synthesis report for eeprom
Fri Apr 03 16:55:00 2026
Quartus Prime Version 18.0.0 Build 614 04/24/2018 SJ Lite Edition


---------------------
; Table of Contents ;
---------------------
  1. Legal Notice
  2. Analysis & Synthesis Summary
  3. Analysis & Synthesis Settings
  4. Parallel Compilation
  5. Analysis & Synthesis Source Files Read
  6. Analysis & Synthesis Resource Usage Summary
  7. Analysis & Synthesis Resource Utilization by Entity
  8. Analysis & Synthesis IP Cores Summary
  9. State Machine - |top|uart_tx:tx_inst|state_c
 10. State Machine - |top|i2c_dri:i2c_dri_inst|cur_state
 11. Registers Removed During Synthesis
 12. Removed Registers Triggering Further Register Optimizations
 13. General Register Statistics
 14. Multiplexer Restructuring Statistics (Restructuring Performed)
 15. Source assignments for fifo_rd:fifo_rd_inst|rfifo:rfifo_inst|scfifo:scfifo_component|scfifo_b441:auto_generated|a_dpfifo_ia41:dpfifo|altsyncram_kkm1:FIFOram
 16. Parameter Settings for User Entity Instance: e2prom_rw:u_e2prom_rw
 17. Parameter Settings for User Entity Instance: i2c_dri:i2c_dri_inst
 18. Parameter Settings for User Entity Instance: fifo_rd:fifo_rd_inst|rfifo:rfifo_inst|scfifo:scfifo_component
 19. Parameter Settings for User Entity Instance: uart_tx:tx_inst
 20. scfifo Parameter Settings by Entity Instance
 21. Port Connectivity Checks: "uart_tx:tx_inst"
 22. Port Connectivity Checks: "fifo_rd:fifo_rd_inst|rfifo:rfifo_inst"
 23. Port Connectivity Checks: "fifo_rd:fifo_rd_inst"
 24. Port Connectivity Checks: "i2c_dri:i2c_dri_inst"
 25. Port Connectivity Checks: "e2prom_rw:u_e2prom_rw"
 26. Post-Synthesis Netlist Statistics for Top Partition
 27. Elapsed Time Per Partition
 28. Analysis & Synthesis Messages
 29. Analysis & Synthesis Suppressed Messages



----------------
; Legal Notice ;
----------------
Copyright (C) 2018  Intel Corporation. All rights reserved.
Your use of Intel Corporation's design tools, logic functions 
and other software and tools, and its AMPP partner logic 
functions, and any output files from any of the foregoing 
(including device programming or simulation files), and any 
associated documentation or information are expressly subject 
to the terms and conditions of the Intel Program License 
Subscription Agreement, the Intel Quartus Prime License Agreement,
the Intel FPGA IP License Agreement, or other applicable license
agreement, including, without limitation, that your use is for
the sole purpose of programming logic devices manufactured by
Intel and sold by Intel or its authorized distributors.  Please
refer to the applicable agreement for further details.



+----------------------------------------------------------------------------------+
; Analysis & Synthesis Summary                                                     ;
+------------------------------------+---------------------------------------------+
; Analysis & Synthesis Status        ; Successful - Fri Apr 03 16:55:00 2026       ;
; Quartus Prime Version              ; 18.0.0 Build 614 04/24/2018 SJ Lite Edition ;
; Revision Name                      ; eeprom                                      ;
; Top-level Entity Name              ; top                                         ;
; Family                             ; Cyclone IV E                                ;
; Total logic elements               ; 0                                           ;
;     Total combinational functions  ; 0                                           ;
;     Dedicated logic registers      ; 0                                           ;
; Total registers                    ; 0                                           ;
; Total pins                         ; 6                                           ;
; Total virtual pins                 ; 0                                           ;
; Total memory bits                  ; 0                                           ;
; Embedded Multiplier 9-bit elements ; 0                                           ;
; Total PLLs                         ; 0                                           ;
+------------------------------------+---------------------------------------------+


+------------------------------------------------------------------------------------------------------------+
; Analysis & Synthesis Settings                                                                              ;
+------------------------------------------------------------------+--------------------+--------------------+
; Option                                                           ; Setting            ; Default Value      ;
+------------------------------------------------------------------+--------------------+--------------------+
; Device                                                           ; EP4CE10F17C8       ;                    ;
; Top-level entity name                                            ; top                ; eeprom             ;
; Family name                                                      ; Cyclone IV E       ; Cyclone V          ;
; Use smart compilation                                            ; Off                ; Off                ;
; Enable parallel Assembler and Timing Analyzer during compilation ; On                 ; On                 ;
; Enable compact report table                                      ; Off                ; Off                ;
; Restructure Multiplexers                                         ; Auto               ; Auto               ;
; Create Debugging Nodes for IP Cores                              ; Off                ; Off                ;
; Preserve fewer node names                                        ; On                 ; On                 ;
; Intel FPGA IP Evaluation Mode                                    ; Enable             ; Enable             ;
; Verilog Version                                                  ; Verilog_2001       ; Verilog_2001       ;
; VHDL Version                                                     ; VHDL_1993          ; VHDL_1993          ;
; State Machine Processing                                         ; Auto               ; Auto               ;
; Safe State Machine                                               ; Off                ; Off                ;
; Extract Verilog State Machines                                   ; On                 ; On                 ;
; Extract VHDL State Machines                                      ; On                 ; On                 ;
; Ignore Verilog initial constructs                                ; Off                ; Off                ;
; Iteration limit for constant Verilog loops                       ; 5000               ; 5000               ;
; Iteration limit for non-constant Verilog loops                   ; 250                ; 250                ;
; Add Pass-Through Logic to Inferred RAMs                          ; On                 ; On                 ;
; Infer RAMs from Raw Logic                                        ; On                 ; On                 ;
; Parallel Synthesis                                               ; On                 ; On                 ;
; DSP Block Balancing                                              ; Auto               ; Auto               ;
; NOT Gate Push-Back                                               ; On                 ; On                 ;
; Power-Up Don't Care                                              ; On                 ; On                 ;
; Remove Redundant Logic Cells                                     ; Off                ; Off                ;
; Remove Duplicate Registers                                       ; On                 ; On                 ;
; Ignore CARRY Buffers                                             ; Off                ; Off                ;
; Ignore CASCADE Buffers                                           ; Off                ; Off                ;
; Ignore GLOBAL Buffers                                            ; Off                ; Off                ;
; Ignore ROW GLOBAL Buffers                                        ; Off                ; Off                ;
; Ignore LCELL Buffers                                             ; Off                ; Off                ;
; Ignore SOFT Buffers                                              ; On                 ; On                 ;
; Limit AHDL Integers to 32 Bits                                   ; Off                ; Off                ;
; Optimization Technique                                           ; Balanced           ; Balanced           ;
; Carry Chain Length                                               ; 70                 ; 70                 ;
; Auto Carry Chains                                                ; On                 ; On                 ;
; Auto Open-Drain Pins                                             ; On                 ; On                 ;
; Perform WYSIWYG Primitive Resynthesis                            ; Off                ; Off                ;
; Auto ROM Replacement                                             ; On                 ; On                 ;
; Auto RAM Replacement                                             ; On                 ; On                 ;
; Auto DSP Block Replacement                                       ; On                 ; On                 ;
; Auto Shift Register Replacement                                  ; Auto               ; Auto               ;
; Allow Shift Register Merging across Hierarchies                  ; Auto               ; Auto               ;
; Auto Clock Enable Replacement                                    ; On                 ; On                 ;
; Strict RAM Replacement                                           ; Off                ; Off                ;
; Allow Synchronous Control Signals                                ; On                 ; On                 ;
; Force Use of Synchronous Clear Signals                           ; Off                ; Off                ;
; Auto RAM Block Balancing                                         ; On                 ; On                 ;
; Auto RAM to Logic Cell Conversion                                ; Off                ; Off                ;
; Auto Resource Sharing                                            ; Off                ; Off                ;
; Allow Any RAM Size For Recognition                               ; Off                ; Off                ;
; Allow Any ROM Size For Recognition                               ; Off                ; Off                ;
; Allow Any Shift Register Size For Recognition                    ; Off                ; Off                ;
; Use LogicLock Constraints during Resource Balancing              ; On                 ; On                 ;
; Ignore translate_off and synthesis_off directives                ; Off                ; Off                ;
; Timing-Driven Synthesis                                          ; On                 ; On                 ;
; Report Parameter Settings                                        ; On                 ; On                 ;
; Report Source Assignments                                        ; On                 ; On                 ;
; Report Connectivity Checks                                       ; On                 ; On                 ;
; Ignore Maximum Fan-Out Assignments                               ; Off                ; Off                ;
; Synchronization Register Chain Length                            ; 2                  ; 2                  ;
; Power Optimization During Synthesis                              ; Normal compilation ; Normal compilation ;
; HDL message level                                                ; Level2             ; Level2             ;
; Suppress Register Optimization Related Messages                  ; Off                ; Off                ;
; Number of Removed Registers Reported in Synthesis Report         ; 5000               ; 5000               ;
; Number of Swept Nodes Reported in Synthesis Report               ; 5000               ; 5000               ;
; Number of Inverted Registers Reported in Synthesis Report        ; 100                ; 100                ;
; Clock MUX Protection                                             ; On                 ; On                 ;
; Auto Gated Clock Conversion                                      ; Off                ; Off                ;
; Block Design Naming                                              ; Auto               ; Auto               ;
; SDC constraint protection                                        ; Off                ; Off                ;
; Synthesis Effort                                                 ; Auto               ; Auto               ;
; Shift Register Replacement - Allow Asynchronous Clear Signal     ; On                 ; On                 ;
; Pre-Mapping Resynthesis Optimization                             ; Off                ; Off                ;
; Analysis & Synthesis Message Level                               ; Medium             ; Medium             ;
; Disable Register Merging Across Hierarchies                      ; Auto               ; Auto               ;
; Resource Aware Inference For Block RAM                           ; On                 ; On                 ;
+------------------------------------------------------------------+--------------------+--------------------+


+------------------------------------------+
; Parallel Compilation                     ;
+----------------------------+-------------+
; Processors                 ; Number      ;
+----------------------------+-------------+
; Number detected on machine ; 16          ;
; Maximum allowed            ; 10          ;
;                            ;             ;
; Average used               ; 1.00        ;
; Maximum used               ; 1           ;
;                            ;             ;
; Usage by Processor         ; % Time Used ;
;     Processor 1            ; 100.0%      ;
+----------------------------+-------------+


+---------------------------------------------------------------------------------------------------------------------------------------------------------------------------------------------+
; Analysis & Synthesis Source Files Read                                                                                                                                                      ;
+----------------------------------+-----------------+------------------------------+-----------------------------------------------------------------------------------------------+---------+
; File Name with User-Entered Path ; Used in Netlist ; File Type                    ; File Name with Absolute Path                                                                  ; Library ;
+----------------------------------+-----------------+------------------------------+-----------------------------------------------------------------------------------------------+---------+
; ../src/i2c_dri.v                 ; yes             ; User Verilog HDL File        ; D:/GitHub/my_fpga/1_AlteraFpga_Intel/20260403_IIC_3/4.3/4.3/eeprom/src/i2c_dri.v              ;         ;
; ../src/e2prom_rw.v               ; yes             ; User Verilog HDL File        ; D:/GitHub/my_fpga/1_AlteraFpga_Intel/20260403_IIC_3/4.3/4.3/eeprom/src/e2prom_rw.v            ;         ;
; ../src/uart_tx.v                 ; yes             ; User Verilog HDL File        ; D:/GitHub/my_fpga/1_AlteraFpga_Intel/20260403_IIC_3/4.3/4.3/eeprom/src/uart_tx.v              ;         ;
; ../src/top.v                     ; yes             ; User Verilog HDL File        ; D:/GitHub/my_fpga/1_AlteraFpga_Intel/20260403_IIC_3/4.3/4.3/eeprom/src/top.v                  ;         ;
; ../ip/rfifo.v                    ; yes             ; User Wizard-Generated File   ; D:/GitHub/my_fpga/1_AlteraFpga_Intel/20260403_IIC_3/4.3/4.3/eeprom/ip/rfifo.v                 ;         ;
; ../src/fifo_rd.v                 ; yes             ; User Verilog HDL File        ; D:/GitHub/my_fpga/1_AlteraFpga_Intel/20260403_IIC_3/4.3/4.3/eeprom/src/fifo_rd.v              ;         ;
; scfifo.tdf                       ; yes             ; Megafunction                 ; d:/intelfpga_lite/18.0/quartus/libraries/megafunctions/scfifo.tdf                             ;         ;
; a_regfifo.inc                    ; yes             ; Megafunction                 ; d:/intelfpga_lite/18.0/quartus/libraries/megafunctions/a_regfifo.inc                          ;         ;
; a_dpfifo.inc                     ; yes             ; Megafunction                 ; d:/intelfpga_lite/18.0/quartus/libraries/megafunctions/a_dpfifo.inc                           ;         ;
; a_i2fifo.inc                     ; yes             ; Megafunction                 ; d:/intelfpga_lite/18.0/quartus/libraries/megafunctions/a_i2fifo.inc                           ;         ;
; a_fffifo.inc                     ; yes             ; Megafunction                 ; d:/intelfpga_lite/18.0/quartus/libraries/megafunctions/a_fffifo.inc                           ;         ;
; a_f2fifo.inc                     ; yes             ; Megafunction                 ; d:/intelfpga_lite/18.0/quartus/libraries/megafunctions/a_f2fifo.inc                           ;         ;
; aglobal180.inc                   ; yes             ; Megafunction                 ; d:/intelfpga_lite/18.0/quartus/libraries/megafunctions/aglobal180.inc                         ;         ;
; db/scfifo_b441.tdf               ; yes             ; Auto-Generated Megafunction  ; D:/GitHub/my_fpga/1_AlteraFpga_Intel/20260403_IIC_3/4.3/4.3/eeprom/prj/db/scfifo_b441.tdf     ;         ;
; db/a_dpfifo_ia41.tdf             ; yes             ; Auto-Generated Megafunction  ; D:/GitHub/my_fpga/1_AlteraFpga_Intel/20260403_IIC_3/4.3/4.3/eeprom/prj/db/a_dpfifo_ia41.tdf   ;         ;
; db/a_fefifo_s7f.tdf              ; yes             ; Auto-Generated Megafunction  ; D:/GitHub/my_fpga/1_AlteraFpga_Intel/20260403_IIC_3/4.3/4.3/eeprom/prj/db/a_fefifo_s7f.tdf    ;         ;
; db/cntr_go7.tdf                  ; yes             ; Auto-Generated Megafunction  ; D:/GitHub/my_fpga/1_AlteraFpga_Intel/20260403_IIC_3/4.3/4.3/eeprom/prj/db/cntr_go7.tdf        ;         ;
; db/altsyncram_kkm1.tdf           ; yes             ; Auto-Generated Megafunction  ; D:/GitHub/my_fpga/1_AlteraFpga_Intel/20260403_IIC_3/4.3/4.3/eeprom/prj/db/altsyncram_kkm1.tdf ;         ;
; db/cntr_4ob.tdf                  ; yes             ; Auto-Generated Megafunction  ; D:/GitHub/my_fpga/1_AlteraFpga_Intel/20260403_IIC_3/4.3/4.3/eeprom/prj/db/cntr_4ob.tdf        ;         ;
+----------------------------------+-----------------+------------------------------+-----------------------------------------------------------------------------------------------+---------+


+----------------------------------------------------------+
; Analysis & Synthesis Resource Usage Summary              ;
+---------------------------------------------+------------+
; Resource                                    ; Usage      ;
+---------------------------------------------+------------+
;                                             ;            ;
; Total combinational functions               ; 0          ;
; Logic element usage by number of LUT inputs ;            ;
;     -- 4 input functions                    ; 0          ;
;     -- 3 input functions                    ; 0          ;
;     -- <=2 input functions                  ; 0          ;
;                                             ;            ;
; Logic elements by mode                      ;            ;
;     -- normal mode                          ; 0          ;
;     -- arithmetic mode                      ; 0          ;
;                                             ;            ;
; Total registers                             ; 0          ;
;     -- Dedicated logic registers            ; 0          ;
;     -- I/O registers                        ; 0          ;
;                                             ;            ;
; I/O pins                                    ; 6          ;
;                                             ;            ;
; Embedded Multiplier 9-bit elements          ; 0          ;
;                                             ;            ;
; Maximum fan-out node                        ; scl~output ;
; Maximum fan-out                             ; 1          ;
; Total fan-out                               ; 8          ;
; Average fan-out                             ; 0.57       ;
+---------------------------------------------+------------+


+----------------------------------------------------------------------------------------------------------------------------------------------------------------------------------------------------------+
; Analysis & Synthesis Resource Utilization by Entity                                                                                                                                                      ;
+----------------------------+---------------------+---------------------------+-------------+--------------+---------+-----------+------+--------------+---------------------+-------------+--------------+
; Compilation Hierarchy Node ; Combinational ALUTs ; Dedicated Logic Registers ; Memory Bits ; DSP Elements ; DSP 9x9 ; DSP 18x18 ; Pins ; Virtual Pins ; Full Hierarchy Name ; Entity Name ; Library Name ;
+----------------------------+---------------------+---------------------------+-------------+--------------+---------+-----------+------+--------------+---------------------+-------------+--------------+
; |top                       ; 0 (0)               ; 0 (0)                     ; 0           ; 0            ; 0       ; 0         ; 6    ; 0            ; |top                ; top         ; work         ;
+----------------------------+---------------------+---------------------------+-------------+--------------+---------+-----------+------+--------------+---------------------+-------------+--------------+
Note: For table entries with two numbers listed, the numbers in parentheses indicate the number of resources of the given type used by the specific entity alone. The numbers listed outside of parentheses indicate the total resources of the given type used by the specific entity and all of its sub-entities in the hierarchy.


+------------------------------------------------------------------------------------------------------------------------------+
; Analysis & Synthesis IP Cores Summary                                                                                        ;
+--------+--------------+---------+--------------+--------------+--------------------------------------------+-----------------+
; Vendor ; IP Core Name ; Version ; Release Date ; License Type ; Entity Instance                            ; IP Include File ;
+--------+--------------+---------+--------------+--------------+--------------------------------------------+-----------------+
; Altera ; FIFO         ; 18.0    ; N/A          ; N/A          ; |top|fifo_rd:fifo_rd_inst|rfifo:rfifo_inst ; ../ip/rfifo.v   ;
+--------+--------------+---------+--------------+--------------+--------------------------------------------+-----------------+


Encoding Type:  One-Hot
+--------------------------------------------------------------------------------------------+
; State Machine - |top|uart_tx:tx_inst|state_c                                               ;
+---------------+--------------+---------------+--------------+---------------+--------------+
; Name          ; state_c.STOP ; state_c.CHECK ; state_c.DATA ; state_c.START ; state_c.IDLE ;
+---------------+--------------+---------------+--------------+---------------+--------------+
; state_c.IDLE  ; 0            ; 0             ; 0            ; 0             ; 0            ;
; state_c.START ; 0            ; 0             ; 0            ; 1             ; 1            ;
; state_c.DATA  ; 0            ; 0             ; 1            ; 0             ; 1            ;
; state_c.CHECK ; 0            ; 1             ; 0            ; 0             ; 1            ;
; state_c.STOP  ; 1            ; 0             ; 0            ; 0             ; 1            ;
+---------------+--------------+---------------+--------------+---------------+--------------+


Encoding Type:  One-Hot
+----------------------------------------------------------------------------------------------------------------------------------------------------------------------------------------------------+
; State Machine - |top|i2c_dri:i2c_dri_inst|cur_state                                                                                                                                                ;
+----------------------+-------------------+----------------------+----------------------+----------------------+--------------------+---------------------+---------------------+-------------------+
; Name                 ; cur_state.st_stop ; cur_state.st_data_rd ; cur_state.st_addr_rd ; cur_state.st_data_wr ; cur_state.st_addr8 ; cur_state.st_addr16 ; cur_state.st_sladdr ; cur_state.st_idle ;
+----------------------+-------------------+----------------------+----------------------+----------------------+--------------------+---------------------+---------------------+-------------------+
; cur_state.st_idle    ; 0                 ; 0                    ; 0                    ; 0                    ; 0                  ; 0                   ; 0                   ; 0                 ;
; cur_state.st_sladdr  ; 0                 ; 0                    ; 0                    ; 0                    ; 0                  ; 0                   ; 1                   ; 1                 ;
; cur_state.st_addr16  ; 0                 ; 0                    ; 0                    ; 0                    ; 0                  ; 1                   ; 0                   ; 1                 ;
; cur_state.st_addr8   ; 0                 ; 0                    ; 0                    ; 0                    ; 1                  ; 0                   ; 0                   ; 1                 ;
; cur_state.st_data_wr ; 0                 ; 0                    ; 0                    ; 1                    ; 0                  ; 0                   ; 0                   ; 1                 ;
; cur_state.st_addr_rd ; 0                 ; 0                    ; 1                    ; 0                    ; 0                  ; 0                   ; 0                   ; 1                 ;
; cur_state.st_data_rd ; 0                 ; 1                    ; 0                    ; 0                    ; 0                  ; 0                   ; 0                   ; 1                 ;
; cur_state.st_stop    ; 1                 ; 0                    ; 0                    ; 0                    ; 0                  ; 0                   ; 0                   ; 1                 ;
+----------------------+-------------------+----------------------+----------------------+----------------------+--------------------+---------------------+---------------------+-------------------+


+-----------------------------------------------------------------------------------------------------------------------------------------------------------------------------------------------------------------------------------------+
; Registers Removed During Synthesis                                                                                                                                                                                                      ;
+----------------------------------------------------------------------------------------------------------------------------------------------------------------------------------+------------------------------------------------------+
; Register name                                                                                                                                                                    ; Reason for Removal                                   ;
+----------------------------------------------------------------------------------------------------------------------------------------------------------------------------------+------------------------------------------------------+
; i2c_dri:i2c_dri_inst|data_wr_t[3,7]                                                                                                                                              ; Merged with i2c_dri:i2c_dri_inst|data_wr_t[0]        ;
; i2c_dri:i2c_dri_inst|addr_t[1,5,7,9]                                                                                                                                             ; Merged with i2c_dri:i2c_dri_inst|data_wr_t[0]        ;
; i2c_dri:i2c_dri_inst|data_wr_t[5]                                                                                                                                                ; Merged with i2c_dri:i2c_dri_inst|data_wr_t[0]        ;
; i2c_dri:i2c_dri_inst|addr_t[13]                                                                                                                                                  ; Merged with i2c_dri:i2c_dri_inst|data_wr_t[0]        ;
; i2c_dri:i2c_dri_inst|data_wr_t[1]                                                                                                                                                ; Merged with i2c_dri:i2c_dri_inst|data_wr_t[0]        ;
; i2c_dri:i2c_dri_inst|addr_t[0,2,4,10,12,14]                                                                                                                                      ; Merged with i2c_dri:i2c_dri_inst|data_wr_t[0]        ;
; i2c_dri:i2c_dri_inst|data_wr_t[6]                                                                                                                                                ; Merged with i2c_dri:i2c_dri_inst|data_wr_t[0]        ;
; i2c_dri:i2c_dri_inst|addr_t[8]                                                                                                                                                   ; Merged with i2c_dri:i2c_dri_inst|data_wr_t[0]        ;
; i2c_dri:i2c_dri_inst|data_wr_t[4]                                                                                                                                                ; Merged with i2c_dri:i2c_dri_inst|data_wr_t[0]        ;
; i2c_dri:i2c_dri_inst|wr_flag                                                                                                                                                     ; Merged with i2c_dri:i2c_dri_inst|data_wr_t[0]        ;
; i2c_dri:i2c_dri_inst|data_wr_t[2]                                                                                                                                                ; Merged with i2c_dri:i2c_dri_inst|data_wr_t[0]        ;
; i2c_dri:i2c_dri_inst|addr_t[3,6,11,15]                                                                                                                                           ; Merged with i2c_dri:i2c_dri_inst|data_wr_t[0]        ;
; i2c_dri:i2c_dri_inst|data_wr_t[0]                                                                                                                                                ; Stuck at GND due to stuck port data_in               ;
; fifo_rd:fifo_rd_inst|rfifo:rfifo_inst|scfifo:scfifo_component|scfifo_b441:auto_generated|a_dpfifo_ia41:dpfifo|a_fefifo_s7f:fifo_state|b_full                                     ; Stuck at GND due to stuck port data_in               ;
; fifo_rd:fifo_rd_inst|rfifo:rfifo_inst|scfifo:scfifo_component|scfifo_b441:auto_generated|a_dpfifo_ia41:dpfifo|a_fefifo_s7f:fifo_state|cntr_go7:count_usedw|counter_reg_bit[0..8] ; Lost fanout                                          ;
; i2c_dri:i2c_dri_inst|cur_state.st_addr_rd                                                                                                                                        ; Merged with i2c_dri:i2c_dri_inst|cur_state.st_addr16 ;
; i2c_dri:i2c_dri_inst|cur_state.st_sladdr                                                                                                                                         ; Merged with i2c_dri:i2c_dri_inst|cur_state.st_addr16 ;
; uart_tx:tx_inst|state_c.CHECK                                                                                                                                                    ; Stuck at GND due to stuck port data_in               ;
; i2c_dri:i2c_dri_inst|cur_state.st_addr16                                                                                                                                         ; Stuck at GND due to stuck port data_in               ;
; i2c_dri:i2c_dri_inst|cur_state.st_addr8                                                                                                                                          ; Stuck at GND due to stuck port data_in               ;
; i2c_dri:i2c_dri_inst|cur_state.st_data_rd                                                                                                                                        ; Stuck at GND due to stuck port data_in               ;
; i2c_dri:i2c_dri_inst|i2c_data_r[0]                                                                                                                                               ; Stuck at GND due to stuck port clock_enable          ;
; i2c_dri:i2c_dri_inst|data_r[0]                                                                                                                                                   ; Stuck at GND due to stuck port clock_enable          ;
; i2c_dri:i2c_dri_inst|cur_state.st_data_wr                                                                                                                                        ; Stuck at GND due to stuck port data_in               ;
; i2c_dri:i2c_dri_inst|cur_state.st_stop                                                                                                                                           ; Stuck at GND due to stuck port data_in               ;
; i2c_dri:i2c_dri_inst|scl                                                                                                                                                         ; Stuck at VCC due to stuck port data_in               ;
; i2c_dri:i2c_dri_inst|sda_out                                                                                                                                                     ; Stuck at VCC due to stuck port data_in               ;
; i2c_dri:i2c_dri_inst|sda_dir                                                                                                                                                     ; Stuck at VCC due to stuck port data_in               ;
; i2c_dri:i2c_dri_inst|st_done                                                                                                                                                     ; Stuck at GND due to stuck port data_in               ;
; i2c_dri:i2c_dri_inst|cur_state.st_idle                                                                                                                                           ; Stuck at GND due to stuck port data_in               ;
; i2c_dri:i2c_dri_inst|i2c_done                                                                                                                                                    ; Stuck at GND due to stuck port data_in               ;
; fifo_rd:fifo_rd_inst|rfifo:rfifo_inst|scfifo:scfifo_component|scfifo_b441:auto_generated|a_dpfifo_ia41:dpfifo|a_fefifo_s7f:fifo_state|b_non_empty                                ; Stuck at GND due to stuck port clock_enable          ;
; fifo_rd:fifo_rd_inst|rfifo:rfifo_inst|scfifo:scfifo_component|scfifo_b441:auto_generated|a_dpfifo_ia41:dpfifo|cntr_4ob:wr_ptr|counter_reg_bit[0..8]                              ; Stuck at GND due to stuck port clock_enable          ;
; fifo_rd:fifo_rd_inst|rfifo:rfifo_inst|scfifo:scfifo_component|scfifo_b441:auto_generated|a_dpfifo_ia41:dpfifo|cntr_4ob:rd_ptr_count|counter_reg_bit[0..8]                        ; Stuck at GND due to stuck port clock_enable          ;
; fifo_rd:fifo_rd_inst|start_tx                                                                                                                                                    ; Stuck at GND due to stuck port data_in               ;
; i2c_dri:i2c_dri_inst|cnt[0..6]                                                                                                                                                   ; Stuck at GND due to stuck port data_in               ;
; uart_tx:tx_inst|tx_din_r[0..7]                                                                                                                                                   ; Stuck at GND due to stuck port clock_enable          ;
; uart_tx:tx_inst|state_c.START                                                                                                                                                    ; Stuck at GND due to stuck port data_in               ;
; uart_tx:tx_inst|state_c.DATA                                                                                                                                                     ; Stuck at GND due to stuck port data_in               ;
; uart_tx:tx_inst|uart_txd                                                                                                                                                         ; Stuck at VCC due to stuck port data_in               ;
; uart_tx:tx_inst|cnt_bit[0..2]                                                                                                                                                    ; Stuck at GND due to stuck port clock_enable          ;
; uart_tx:tx_inst|state_c.STOP                                                                                                                                                     ; Stuck at GND due to stuck port data_in               ;
; uart_tx:tx_inst|state_c.IDLE                                                                                                                                                     ; Stuck at GND due to stuck port data_in               ;
; uart_tx:tx_inst|cnt_baud[0..12]                                                                                                                                                  ; Stuck at GND due to stuck port clock_enable          ;
; i2c_dri:i2c_dri_inst|dri_clk                                                                                                                                                     ; Lost fanout                                          ;
; i2c_dri:i2c_dri_inst|clk_cnt[0..9]                                                                                                                                               ; Lost fanout                                          ;
; Total Number of Removed Registers = 118                                                                                                                                          ;                                                      ;
+----------------------------------------------------------------------------------------------------------------------------------------------------------------------------------+------------------------------------------------------+


+-------------------------------------------------------------------------------------------------------------------------------------------------------------------------------------------------------------------------------------------------------------------------------------------------------------------------------------------------------------------------------------------+
; Removed Registers Triggering Further Register Optimizations                                                                                                                                                                                                                                                                                                                               ;
+-------------------------------------------------------------------------------------------------------------------------------------------------------------------------------+---------------------------+-------------------------------------------------------------------------------------------------------------------------------------------------------------------------------+
; Register name                                                                                                                                                                 ; Reason for Removal        ; Registers Removed due to This Register                                                                                                                                        ;
+-------------------------------------------------------------------------------------------------------------------------------------------------------------------------------+---------------------------+-------------------------------------------------------------------------------------------------------------------------------------------------------------------------------+
; i2c_dri:i2c_dri_inst|cur_state.st_stop                                                                                                                                        ; Stuck at GND              ; i2c_dri:i2c_dri_inst|cur_state.st_idle, i2c_dri:i2c_dri_inst|i2c_done,                                                                                                        ;
;                                                                                                                                                                               ; due to stuck port data_in ; fifo_rd:fifo_rd_inst|rfifo:rfifo_inst|scfifo:scfifo_component|scfifo_b441:auto_generated|a_dpfifo_ia41:dpfifo|cntr_4ob:rd_ptr_count|counter_reg_bit[0],                       ;
;                                                                                                                                                                               ;                           ; fifo_rd:fifo_rd_inst|rfifo:rfifo_inst|scfifo:scfifo_component|scfifo_b441:auto_generated|a_dpfifo_ia41:dpfifo|cntr_4ob:rd_ptr_count|counter_reg_bit[1],                       ;
;                                                                                                                                                                               ;                           ; fifo_rd:fifo_rd_inst|rfifo:rfifo_inst|scfifo:scfifo_component|scfifo_b441:auto_generated|a_dpfifo_ia41:dpfifo|cntr_4ob:rd_ptr_count|counter_reg_bit[2],                       ;
;                                                                                                                                                                               ;                           ; fifo_rd:fifo_rd_inst|rfifo:rfifo_inst|scfifo:scfifo_component|scfifo_b441:auto_generated|a_dpfifo_ia41:dpfifo|cntr_4ob:rd_ptr_count|counter_reg_bit[3],                       ;
;                                                                                                                                                                               ;                           ; fifo_rd:fifo_rd_inst|rfifo:rfifo_inst|scfifo:scfifo_component|scfifo_b441:auto_generated|a_dpfifo_ia41:dpfifo|cntr_4ob:rd_ptr_count|counter_reg_bit[4],                       ;
;                                                                                                                                                                               ;                           ; fifo_rd:fifo_rd_inst|rfifo:rfifo_inst|scfifo:scfifo_component|scfifo_b441:auto_generated|a_dpfifo_ia41:dpfifo|cntr_4ob:rd_ptr_count|counter_reg_bit[5],                       ;
;                                                                                                                                                                               ;                           ; fifo_rd:fifo_rd_inst|rfifo:rfifo_inst|scfifo:scfifo_component|scfifo_b441:auto_generated|a_dpfifo_ia41:dpfifo|cntr_4ob:rd_ptr_count|counter_reg_bit[6],                       ;
;                                                                                                                                                                               ;                           ; fifo_rd:fifo_rd_inst|rfifo:rfifo_inst|scfifo:scfifo_component|scfifo_b441:auto_generated|a_dpfifo_ia41:dpfifo|cntr_4ob:rd_ptr_count|counter_reg_bit[7],                       ;
;                                                                                                                                                                               ;                           ; fifo_rd:fifo_rd_inst|rfifo:rfifo_inst|scfifo:scfifo_component|scfifo_b441:auto_generated|a_dpfifo_ia41:dpfifo|cntr_4ob:rd_ptr_count|counter_reg_bit[8],                       ;
;                                                                                                                                                                               ;                           ; fifo_rd:fifo_rd_inst|start_tx, i2c_dri:i2c_dri_inst|cnt[1],                                                                                                                   ;
;                                                                                                                                                                               ;                           ; i2c_dri:i2c_dri_inst|cnt[5], i2c_dri:i2c_dri_inst|cnt[2],                                                                                                                     ;
;                                                                                                                                                                               ;                           ; i2c_dri:i2c_dri_inst|cnt[4], i2c_dri:i2c_dri_inst|cnt[3],                                                                                                                     ;
;                                                                                                                                                                               ;                           ; i2c_dri:i2c_dri_inst|cnt[6], uart_tx:tx_inst|state_c.START                                                                                                                    ;
; fifo_rd:fifo_rd_inst|rfifo:rfifo_inst|scfifo:scfifo_component|scfifo_b441:auto_generated|a_dpfifo_ia41:dpfifo|a_fefifo_s7f:fifo_state|b_full                                  ; Stuck at GND              ; fifo_rd:fifo_rd_inst|rfifo:rfifo_inst|scfifo:scfifo_component|scfifo_b441:auto_generated|a_dpfifo_ia41:dpfifo|cntr_4ob:wr_ptr|counter_reg_bit[1],                             ;
;                                                                                                                                                                               ; due to stuck port data_in ; fifo_rd:fifo_rd_inst|rfifo:rfifo_inst|scfifo:scfifo_component|scfifo_b441:auto_generated|a_dpfifo_ia41:dpfifo|cntr_4ob:wr_ptr|counter_reg_bit[2],                             ;
;                                                                                                                                                                               ;                           ; fifo_rd:fifo_rd_inst|rfifo:rfifo_inst|scfifo:scfifo_component|scfifo_b441:auto_generated|a_dpfifo_ia41:dpfifo|cntr_4ob:wr_ptr|counter_reg_bit[3],                             ;
;                                                                                                                                                                               ;                           ; fifo_rd:fifo_rd_inst|rfifo:rfifo_inst|scfifo:scfifo_component|scfifo_b441:auto_generated|a_dpfifo_ia41:dpfifo|cntr_4ob:wr_ptr|counter_reg_bit[4],                             ;
;                                                                                                                                                                               ;                           ; fifo_rd:fifo_rd_inst|rfifo:rfifo_inst|scfifo:scfifo_component|scfifo_b441:auto_generated|a_dpfifo_ia41:dpfifo|cntr_4ob:wr_ptr|counter_reg_bit[5],                             ;
;                                                                                                                                                                               ;                           ; fifo_rd:fifo_rd_inst|rfifo:rfifo_inst|scfifo:scfifo_component|scfifo_b441:auto_generated|a_dpfifo_ia41:dpfifo|cntr_4ob:wr_ptr|counter_reg_bit[6],                             ;
;                                                                                                                                                                               ;                           ; fifo_rd:fifo_rd_inst|rfifo:rfifo_inst|scfifo:scfifo_component|scfifo_b441:auto_generated|a_dpfifo_ia41:dpfifo|cntr_4ob:wr_ptr|counter_reg_bit[7],                             ;
;                                                                                                                                                                               ;                           ; fifo_rd:fifo_rd_inst|rfifo:rfifo_inst|scfifo:scfifo_component|scfifo_b441:auto_generated|a_dpfifo_ia41:dpfifo|cntr_4ob:wr_ptr|counter_reg_bit[8],                             ;
;                                                                                                                                                                               ;                           ; uart_tx:tx_inst|tx_din_r[7], uart_tx:tx_inst|tx_din_r[6],                                                                                                                     ;
;                                                                                                                                                                               ;                           ; uart_tx:tx_inst|tx_din_r[5], uart_tx:tx_inst|tx_din_r[4],                                                                                                                     ;
;                                                                                                                                                                               ;                           ; uart_tx:tx_inst|tx_din_r[3], uart_tx:tx_inst|tx_din_r[2],                                                                                                                     ;
;                                                                                                                                                                               ;                           ; uart_tx:tx_inst|tx_din_r[1], uart_tx:tx_inst|tx_din_r[0]                                                                                                                      ;
; uart_tx:tx_inst|state_c.CHECK                                                                                                                                                 ; Stuck at GND              ; uart_tx:tx_inst|uart_txd, uart_tx:tx_inst|state_c.STOP, uart_tx:tx_inst|state_c.IDLE,                                                                                         ;
;                                                                                                                                                                               ; due to stuck port data_in ; uart_tx:tx_inst|cnt_baud[8], uart_tx:tx_inst|cnt_baud[0],                                                                                                                     ;
;                                                                                                                                                                               ;                           ; uart_tx:tx_inst|cnt_baud[12], uart_tx:tx_inst|cnt_baud[10],                                                                                                                   ;
;                                                                                                                                                                               ;                           ; uart_tx:tx_inst|cnt_baud[9], uart_tx:tx_inst|cnt_baud[3],                                                                                                                     ;
;                                                                                                                                                                               ;                           ; uart_tx:tx_inst|cnt_baud[1], uart_tx:tx_inst|cnt_baud[7],                                                                                                                     ;
;                                                                                                                                                                               ;                           ; uart_tx:tx_inst|cnt_baud[5], uart_tx:tx_inst|cnt_baud[4],                                                                                                                     ;
;                                                                                                                                                                               ;                           ; uart_tx:tx_inst|cnt_baud[6], uart_tx:tx_inst|cnt_baud[2]                                                                                                                      ;
; i2c_dri:i2c_dri_inst|data_wr_t[0]                                                                                                                                             ; Stuck at GND              ; i2c_dri:i2c_dri_inst|sda_out, i2c_dri:i2c_dri_inst|dri_clk,                                                                                                                   ;
;                                                                                                                                                                               ; due to stuck port data_in ; i2c_dri:i2c_dri_inst|clk_cnt[9], i2c_dri:i2c_dri_inst|clk_cnt[8],                                                                                                             ;
;                                                                                                                                                                               ;                           ; i2c_dri:i2c_dri_inst|clk_cnt[7], i2c_dri:i2c_dri_inst|clk_cnt[6],                                                                                                             ;
;                                                                                                                                                                               ;                           ; i2c_dri:i2c_dri_inst|clk_cnt[5], i2c_dri:i2c_dri_inst|clk_cnt[4],                                                                                                             ;
;                                                                                                                                                                               ;                           ; i2c_dri:i2c_dri_inst|clk_cnt[3], i2c_dri:i2c_dri_inst|clk_cnt[2],                                                                                                             ;
;                                                                                                                                                                               ;                           ; i2c_dri:i2c_dri_inst|clk_cnt[1], i2c_dri:i2c_dri_inst|clk_cnt[0]                                                                                                              ;
; i2c_dri:i2c_dri_inst|cur_state.st_addr16                                                                                                                                      ; Stuck at GND              ; i2c_dri:i2c_dri_inst|scl, i2c_dri:i2c_dri_inst|sda_dir, i2c_dri:i2c_dri_inst|st_done,                                                                                         ;
;                                                                                                                                                                               ; due to stuck port data_in ; i2c_dri:i2c_dri_inst|cnt[0]                                                                                                                                                   ;
; i2c_dri:i2c_dri_inst|cur_state.st_data_rd                                                                                                                                     ; Stuck at GND              ; i2c_dri:i2c_dri_inst|i2c_data_r[0], i2c_dri:i2c_dri_inst|data_r[0]                                                                                                            ;
;                                                                                                                                                                               ; due to stuck port data_in ;                                                                                                                                                                               ;
; fifo_rd:fifo_rd_inst|rfifo:rfifo_inst|scfifo:scfifo_component|scfifo_b441:auto_generated|a_dpfifo_ia41:dpfifo|a_fefifo_s7f:fifo_state|cntr_go7:count_usedw|counter_reg_bit[1] ; Lost Fanouts              ; fifo_rd:fifo_rd_inst|rfifo:rfifo_inst|scfifo:scfifo_component|scfifo_b441:auto_generated|a_dpfifo_ia41:dpfifo|a_fefifo_s7f:fifo_state|cntr_go7:count_usedw|counter_reg_bit[0] ;
+-------------------------------------------------------------------------------------------------------------------------------------------------------------------------------+---------------------------+-------------------------------------------------------------------------------------------------------------------------------------------------------------------------------+


+------------------------------------------------------+
; General Register Statistics                          ;
+----------------------------------------------+-------+
; Statistic                                    ; Value ;
+----------------------------------------------+-------+
; Total registers                              ; 0     ;
; Number of registers using Synchronous Clear  ; 0     ;
; Number of registers using Synchronous Load   ; 0     ;
; Number of registers using Asynchronous Clear ; 0     ;
; Number of registers using Asynchronous Load  ; 0     ;
; Number of registers using Clock Enable       ; 0     ;
; Number of registers using Preset             ; 0     ;
+----------------------------------------------+-------+


+------------------------------------------------------------------------------------------------------------------------------------------------+
; Multiplexer Restructuring Statistics (Restructuring Performed)                                                                                 ;
+--------------------+-----------+---------------+----------------------+------------------------+------------+----------------------------------+
; Multiplexer Inputs ; Bus Width ; Baseline Area ; Area if Restructured ; Saving if Restructured ; Registered ; Example Multiplexer Output       ;
+--------------------+-----------+---------------+----------------------+------------------------+------------+----------------------------------+
; 7:1                ; 7 bits    ; 28 LEs        ; 7 LEs                ; 21 LEs                 ; Yes        ; |top|i2c_dri:i2c_dri_inst|cnt[6] ;
+--------------------+-----------+---------------+----------------------+------------------------+------------+----------------------------------+


+--------------------------------------------------------------------------------------------------------------------------------------------------------------+
; Source assignments for fifo_rd:fifo_rd_inst|rfifo:rfifo_inst|scfifo:scfifo_component|scfifo_b441:auto_generated|a_dpfifo_ia41:dpfifo|altsyncram_kkm1:FIFOram ;
+---------------------------------+--------------------+------+------------------------------------------------------------------------------------------------+
; Assignment                      ; Value              ; From ; To                                                                                             ;
+---------------------------------+--------------------+------+------------------------------------------------------------------------------------------------+
; OPTIMIZE_POWER_DURING_SYNTHESIS ; NORMAL_COMPILATION ; -    ; -                                                                                              ;
+---------------------------------+--------------------+------+------------------------------------------------------------------------------------------------+


+--------------------------------------------------------------------+
; Parameter Settings for User Entity Instance: e2prom_rw:u_e2prom_rw ;
+----------------+------------------+--------------------------------+
; Parameter Name ; Value            ; Type                           ;
+----------------+------------------+--------------------------------+
; WR_WAIT_TIME   ; 01001110001000   ; Unsigned Binary                ;
; MAX_BYTE       ; 0000000100000000 ; Unsigned Binary                ;
+----------------+------------------+--------------------------------+
Note: In order to hide this table in the UI and the text report file, please set the "Show Parameter Settings in Synthesis Report" option in "Analysis and Synthesis Settings -> More Settings" to "Off".


+-------------------------------------------------------------------+
; Parameter Settings for User Entity Instance: i2c_dri:i2c_dri_inst ;
+----------------+----------------------------+---------------------+
; Parameter Name ; Value                      ; Type                ;
+----------------+----------------------------+---------------------+
; SLAVE_ADDR     ; 1010000                    ; Unsigned Binary     ;
; CLK_FREQ       ; 10111110101111000010000000 ; Unsigned Binary     ;
; I2C_FREQ       ; 111101000010010000         ; Unsigned Binary     ;
+----------------+----------------------------+---------------------+
Note: In order to hide this table in the UI and the text report file, please set the "Show Parameter Settings in Synthesis Report" option in "Analysis and Synthesis Settings -> More Settings" to "Off".


+------------------------------------------------------------------------------------------------------------+
; Parameter Settings for User Entity Instance: fifo_rd:fifo_rd_inst|rfifo:rfifo_inst|scfifo:scfifo_component ;
+-------------------------+--------------+-------------------------------------------------------------------+
; Parameter Name          ; Value        ; Type                                                              ;
+-------------------------+--------------+-------------------------------------------------------------------+
; AUTO_CARRY_CHAINS       ; ON           ; AUTO_CARRY                                                        ;
; IGNORE_CARRY_BUFFERS    ; OFF          ; IGNORE_CARRY                                                      ;
; AUTO_CASCADE_CHAINS     ; ON           ; AUTO_CASCADE                                                      ;
; IGNORE_CASCADE_BUFFERS  ; OFF          ; IGNORE_CASCADE                                                    ;
; lpm_width               ; 8            ; Signed Integer                                                    ;
; LPM_NUMWORDS            ; 512          ; Signed Integer                                                    ;
; LPM_WIDTHU              ; 9            ; Signed Integer                                                    ;
; LPM_SHOWAHEAD           ; OFF          ; Untyped                                                           ;
; UNDERFLOW_CHECKING      ; ON           ; Untyped                                                           ;
; OVERFLOW_CHECKING       ; ON           ; Untyped                                                           ;
; ALLOW_RWCYCLE_WHEN_FULL ; OFF          ; Untyped                                                           ;
; ADD_RAM_OUTPUT_REGISTER ; OFF          ; Untyped                                                           ;
; ALMOST_FULL_VALUE       ; 0            ; Untyped                                                           ;
; ALMOST_EMPTY_VALUE      ; 0            ; Untyped                                                           ;
; ENABLE_ECC              ; FALSE        ; Untyped                                                           ;
; USE_EAB                 ; ON           ; Untyped                                                           ;
; MAXIMIZE_SPEED          ; 5            ; Untyped                                                           ;
; DEVICE_FAMILY           ; Cyclone IV E ; Untyped                                                           ;
; OPTIMIZE_FOR_SPEED      ; 5            ; Untyped                                                           ;
; CBXI_PARAMETER          ; scfifo_b441  ; Untyped                                                           ;
+-------------------------+--------------+-------------------------------------------------------------------+
Note: In order to hide this table in the UI and the text report file, please set the "Show Parameter Settings in Synthesis Report" option in "Analysis and Synthesis Settings -> More Settings" to "Off".


+--------------------------------------------------------------+
; Parameter Settings for User Entity Instance: uart_tx:tx_inst ;
+-----------------+----------+---------------------------------+
; Parameter Name  ; Value    ; Type                            ;
+-----------------+----------+---------------------------------+
; CLOCK_FRQ       ; 50000000 ; Signed Integer                  ;
; BAUD            ; 115200   ; Signed Integer                  ;
; DATA_LENTH      ; 8        ; Signed Integer                  ;
; CHECKBIT_SELECT ; 0        ; Signed Integer                  ;
; CHECK_TYPE      ; 0        ; Signed Integer                  ;
+-----------------+----------+---------------------------------+
Note: In order to hide this table in the UI and the text report file, please set the "Show Parameter Settings in Synthesis Report" option in "Analysis and Synthesis Settings -> More Settings" to "Off".


+--------------------------------------------------------------------------------------------+
; scfifo Parameter Settings by Entity Instance                                               ;
+----------------------------+---------------------------------------------------------------+
; Name                       ; Value                                                         ;
+----------------------------+---------------------------------------------------------------+
; Number of entity instances ; 1                                                             ;
; Entity Instance            ; fifo_rd:fifo_rd_inst|rfifo:rfifo_inst|scfifo:scfifo_component ;
;     -- FIFO Type           ; Single Clock                                                  ;
;     -- lpm_width           ; 8                                                             ;
;     -- LPM_NUMWORDS        ; 512                                                           ;
;     -- LPM_SHOWAHEAD       ; OFF                                                           ;
;     -- USE_EAB             ; ON                                                            ;
+----------------------------+---------------------------------------------------------------+


+-------------------------------------------------------------------------------------------------------------------+
; Port Connectivity Checks: "uart_tx:tx_inst"                                                                       ;
+---------+--------+----------+-------------------------------------------------------------------------------------+
; Port    ; Type   ; Severity ; Details                                                                             ;
+---------+--------+----------+-------------------------------------------------------------------------------------+
; tx_done ; Output ; Info     ; Connected to dangling logic. Logic that only feeds a dangling port will be removed. ;
; ready   ; Output ; Info     ; Explicitly unconnected                                                              ;
+---------+--------+----------+-------------------------------------------------------------------------------------+


+-----------------------------------------------------------------------------------------------------------------+
; Port Connectivity Checks: "fifo_rd:fifo_rd_inst|rfifo:rfifo_inst"                                               ;
+-------+--------+----------+-------------------------------------------------------------------------------------+
; Port  ; Type   ; Severity ; Details                                                                             ;
+-------+--------+----------+-------------------------------------------------------------------------------------+
; full  ; Output ; Info     ; Connected to dangling logic. Logic that only feeds a dangling port will be removed. ;
; usedw ; Output ; Info     ; Connected to dangling logic. Logic that only feeds a dangling port will be removed. ;
+-------+--------+----------+-------------------------------------------------------------------------------------+


+------------------------------------------------------------------------------------------------------------------------------------------------------------------------------+
; Port Connectivity Checks: "fifo_rd:fifo_rd_inst"                                                                                                                             ;
+---------+-------+----------+-------------------------------------------------------------------------------------------------------------------------------------------------+
; Port    ; Type  ; Severity ; Details                                                                                                                                         ;
+---------+-------+----------+-------------------------------------------------------------------------------------------------------------------------------------------------+
; data_rd ; Input ; Warning  ; Input port expression (1 bits) is smaller than the input port (8 bits) it drives.  Extra input bit(s) "data_rd[7..1]" will be connected to GND. ;
+---------+-------+----------+-------------------------------------------------------------------------------------------------------------------------------------------------+


+-----------------------------------------------------------------------------------------------------------------------------------------------------------------------------------------------------------------------+
; Port Connectivity Checks: "i2c_dri:i2c_dri_inst"                                                                                                                                                                      ;
+--------------+--------+----------+------------------------------------------------------------------------------------------------------------------------------------------------------------------------------------+
; Port         ; Type   ; Severity ; Details                                                                                                                                                                            ;
+--------------+--------+----------+------------------------------------------------------------------------------------------------------------------------------------------------------------------------------------+
; bit_ctrl     ; Input  ; Warning  ; Input port expression (32 bits) is wider than the input port (1 bits) it drives.  The 31 most-significant bit(s) in the expression will be dangling if they have no other fanouts. ;
; bit_ctrl[-1] ; Input  ; Info     ; Stuck at GND                                                                                                                                                                       ;
; i2c_addr     ; Input  ; Warning  ; Input port expression (1 bits) is smaller than the input port (16 bits) it drives.  Extra input bit(s) "i2c_addr[15..1]" will be connected to GND.                                 ;
; i2c_data_w   ; Input  ; Warning  ; Input port expression (1 bits) is smaller than the input port (8 bits) it drives.  Extra input bit(s) "i2c_data_w[7..1]" will be connected to GND.                                 ;
; i2c_data_r   ; Output ; Warning  ; Output or bidir port (8 bits) is wider than the port expression (1 bits) it drives; bit(s) "i2c_data_r[7..1]" have no fanouts                                                      ;
+--------------+--------+----------+------------------------------------------------------------------------------------------------------------------------------------------------------------------------------------+


+-------------------------------------------------------------------------------------------------------------------------------------------------------------------------------------+
; Port Connectivity Checks: "e2prom_rw:u_e2prom_rw"                                                                                                                                   ;
+------------+--------+----------+----------------------------------------------------------------------------------------------------------------------------------------------------+
; Port       ; Type   ; Severity ; Details                                                                                                                                            ;
+------------+--------+----------+----------------------------------------------------------------------------------------------------------------------------------------------------+
; i2c_exec   ; Output ; Info     ; Connected to dangling logic. Logic that only feeds a dangling port will be removed.                                                                ;
; i2c_rh_wl  ; Output ; Info     ; Connected to dangling logic. Logic that only feeds a dangling port will be removed.                                                                ;
; i2c_addr   ; Output ; Warning  ; Output or bidir port (16 bits) is wider than the port expression (1 bits) it drives; bit(s) "i2c_addr[15..1]" have no fanouts                      ;
; i2c_addr   ; Output ; Info     ; Connected to dangling logic. Logic that only feeds a dangling port will be removed.                                                                ;
; i2c_data_w ; Output ; Warning  ; Output or bidir port (8 bits) is wider than the port expression (1 bits) it drives; bit(s) "i2c_data_w[7..1]" have no fanouts                      ;
; i2c_data_w ; Output ; Info     ; Connected to dangling logic. Logic that only feeds a dangling port will be removed.                                                                ;
; i2c_data_r ; Input  ; Warning  ; Input port expression (1 bits) is smaller than the input port (8 bits) it drives.  Extra input bit(s) "i2c_data_r[7..1]" will be connected to GND. ;
; rw_done    ; Output ; Info     ; Explicitly unconnected                                                                                                                             ;
; rw_result  ; Output ; Info     ; Explicitly unconnected                                                                                                                             ;
+------------+--------+----------+----------------------------------------------------------------------------------------------------------------------------------------------------+


+-----------------------------------------------------+
; Post-Synthesis Netlist Statistics for Top Partition ;
+-----------------------+-----------------------------+
; Type                  ; Count                       ;
+-----------------------+-----------------------------+
; boundary_port         ; 6                           ;
; cycloneiii_io_obuf    ; 2                           ;
; cycloneiii_lcell_comb ; 1                           ;
;     normal            ; 1                           ;
;         0 data inputs ; 1                           ;
;                       ;                             ;
; Max LUT depth         ; 0.00                        ;
; Average LUT depth     ; 0.00                        ;
+-----------------------+-----------------------------+


+-------------------------------+
; Elapsed Time Per Partition    ;
+----------------+--------------+
; Partition Name ; Elapsed Time ;
+----------------+--------------+
; Top            ; 00:00:00     ;
+----------------+--------------+


+-------------------------------+
; Analysis & Synthesis Messages ;
+-------------------------------+
Info: *******************************************************************
Info: Running Quartus Prime Analysis & Synthesis
    Info: Version 18.0.0 Build 614 04/24/2018 SJ Lite Edition
    Info: Processing started: Fri Apr 03 16:54:54 2026
Info: Command: quartus_map --read_settings_files=on --write_settings_files=off eeprom -c eeprom
Warning (18236): Number of processors has not been specified which may cause overloading on shared machines.  Set the global assignment NUM_PARALLEL_PROCESSORS in your QSF to an appropriate value for best performance.
Info (20030): Parallel compilation is enabled and will use 10 of the 10 processors detected
Info (12021): Found 1 design units, including 1 entities, in source file /github/my_fpga/1_alterafpga_intel/20260403_iic_3/4.3/4.3/eeprom/src/i2c_dri.v
    Info (12023): Found entity 1: i2c_dri File: D:/GitHub/my_fpga/1_AlteraFpga_Intel/20260403_IIC_3/4.3/4.3/eeprom/src/i2c_dri.v Line: 19
Info (12021): Found 1 design units, including 1 entities, in source file /github/my_fpga/1_alterafpga_intel/20260403_iic_3/4.3/4.3/eeprom/src/e2prom_rw.v
    Info (12023): Found entity 1: e2prom_rw File: D:/GitHub/my_fpga/1_AlteraFpga_Intel/20260403_IIC_3/4.3/4.3/eeprom/src/e2prom_rw.v Line: 19
Info (12021): Found 1 design units, including 1 entities, in source file /github/my_fpga/1_alterafpga_intel/20260403_iic_3/4.3/4.3/eeprom/sim/m24lc64.v
    Info (12023): Found entity 1: M24LC64 File: D:/GitHub/my_fpga/1_AlteraFpga_Intel/20260403_IIC_3/4.3/4.3/eeprom/sim/M24LC64.v Line: 87
Info (12021): Found 1 design units, including 1 entities, in source file /github/my_fpga/1_alterafpga_intel/20260403_iic_3/4.3/4.3/eeprom/src/uart_tx.v
    Info (12023): Found entity 1: uart_tx File: D:/GitHub/my_fpga/1_AlteraFpga_Intel/20260403_IIC_3/4.3/4.3/eeprom/src/uart_tx.v Line: 9
Info (12021): Found 1 design units, including 1 entities, in source file /github/my_fpga/1_alterafpga_intel/20260403_iic_3/4.3/4.3/eeprom/src/uart_rx.v
    Info (12023): Found entity 1: uart_rx File: D:/GitHub/my_fpga/1_AlteraFpga_Intel/20260403_IIC_3/4.3/4.3/eeprom/src/uart_rx.v Line: 9
Info (12021): Found 1 design units, including 1 entities, in source file /github/my_fpga/1_alterafpga_intel/20260403_iic_3/4.3/4.3/eeprom/src/iic.v
    Info (12023): Found entity 1: iic File: D:/GitHub/my_fpga/1_AlteraFpga_Intel/20260403_IIC_3/4.3/4.3/eeprom/src/iic.v Line: 3
Info (12021): Found 1 design units, including 1 entities, in source file /github/my_fpga/1_alterafpga_intel/20260403_iic_3/4.3/4.3/eeprom/ip/wfifo.v
    Info (12023): Found entity 1: wfifo File: D:/GitHub/my_fpga/1_AlteraFpga_Intel/20260403_IIC_3/4.3/4.3/eeprom/ip/wfifo.v Line: 39
Info (12021): Found 1 design units, including 1 entities, in source file /github/my_fpga/1_alterafpga_intel/20260403_iic_3/4.3/4.3/eeprom/src/top.v
    Info (12023): Found entity 1: top File: D:/GitHub/my_fpga/1_AlteraFpga_Intel/20260403_IIC_3/4.3/4.3/eeprom/src/top.v Line: 4
Info (12021): Found 1 design units, including 1 entities, in source file /github/my_fpga/1_alterafpga_intel/20260403_iic_3/4.3/4.3/eeprom/src/fifo_wr.v
    Info (12023): Found entity 1: fifo_wr File: D:/GitHub/my_fpga/1_AlteraFpga_Intel/20260403_IIC_3/4.3/4.3/eeprom/src/fifo_wr.v Line: 2
Info (12021): Found 1 design units, including 1 entities, in source file /github/my_fpga/1_alterafpga_intel/20260403_iic_3/4.3/4.3/eeprom/ip/rfifo.v
    Info (12023): Found entity 1: rfifo File: D:/GitHub/my_fpga/1_AlteraFpga_Intel/20260403_IIC_3/4.3/4.3/eeprom/ip/rfifo.v Line: 39
Info (12021): Found 1 design units, including 1 entities, in source file /github/my_fpga/1_alterafpga_intel/20260403_iic_3/4.3/4.3/eeprom/src/fifo_rd.v
    Info (12023): Found entity 1: fifo_rd File: D:/GitHub/my_fpga/1_AlteraFpga_Intel/20260403_IIC_3/4.3/4.3/eeprom/src/fifo_rd.v Line: 1
Info (12021): Found 1 design units, including 1 entities, in source file /github/my_fpga/1_alterafpga_intel/20260403_iic_3/4.3/4.3/eeprom/sim/top_tb.v
    Info (12023): Found entity 1: top_tb File: D:/GitHub/my_fpga/1_AlteraFpga_Intel/20260403_IIC_3/4.3/4.3/eeprom/sim/top_tb.v Line: 3
Warning (10236): Verilog HDL Implicit Net warning at top.v(83): created implicit net for "dri_clk" File: D:/GitHub/my_fpga/1_AlteraFpga_Intel/20260403_IIC_3/4.3/4.3/eeprom/src/top.v Line: 83
Warning (10236): Verilog HDL Implicit Net warning at top.v(86): created implicit net for "i2c_exec" File: D:/GitHub/my_fpga/1_AlteraFpga_Intel/20260403_IIC_3/4.3/4.3/eeprom/src/top.v Line: 86
Warning (10236): Verilog HDL Implicit Net warning at top.v(87): created implicit net for "i2c_rh_wl" File: D:/GitHub/my_fpga/1_AlteraFpga_Intel/20260403_IIC_3/4.3/4.3/eeprom/src/top.v Line: 87
Warning (10236): Verilog HDL Implicit Net warning at top.v(88): created implicit net for "i2c_addr" File: D:/GitHub/my_fpga/1_AlteraFpga_Intel/20260403_IIC_3/4.3/4.3/eeprom/src/top.v Line: 88
Warning (10236): Verilog HDL Implicit Net warning at top.v(89): created implicit net for "i2c_data_w" File: D:/GitHub/my_fpga/1_AlteraFpga_Intel/20260403_IIC_3/4.3/4.3/eeprom/src/top.v Line: 89
Warning (10236): Verilog HDL Implicit Net warning at top.v(90): created implicit net for "i2c_data_r" File: D:/GitHub/my_fpga/1_AlteraFpga_Intel/20260403_IIC_3/4.3/4.3/eeprom/src/top.v Line: 90
Warning (10236): Verilog HDL Implicit Net warning at top.v(91): created implicit net for "i2c_done" File: D:/GitHub/my_fpga/1_AlteraFpga_Intel/20260403_IIC_3/4.3/4.3/eeprom/src/top.v Line: 91
Warning (10236): Verilog HDL Implicit Net warning at top.v(92): created implicit net for "i2c_ack" File: D:/GitHub/my_fpga/1_AlteraFpga_Intel/20260403_IIC_3/4.3/4.3/eeprom/src/top.v Line: 92
Warning (10236): Verilog HDL Implicit Net warning at top.v(106): created implicit net for "worr" File: D:/GitHub/my_fpga/1_AlteraFpga_Intel/20260403_IIC_3/4.3/4.3/eeprom/src/top.v Line: 106
Warning (10236): Verilog HDL Implicit Net warning at top.v(107): created implicit net for "addr" File: D:/GitHub/my_fpga/1_AlteraFpga_Intel/20260403_IIC_3/4.3/4.3/eeprom/src/top.v Line: 107
Warning (10236): Verilog HDL Implicit Net warning at top.v(108): created implicit net for "data_in" File: D:/GitHub/my_fpga/1_AlteraFpga_Intel/20260403_IIC_3/4.3/4.3/eeprom/src/top.v Line: 108
Warning (10236): Verilog HDL Implicit Net warning at top.v(109): created implicit net for "data_out" File: D:/GitHub/my_fpga/1_AlteraFpga_Intel/20260403_IIC_3/4.3/4.3/eeprom/src/top.v Line: 109
Warning (10236): Verilog HDL Implicit Net warning at top.v(143): created implicit net for "done_tx" File: D:/GitHub/my_fpga/1_AlteraFpga_Intel/20260403_IIC_3/4.3/4.3/eeprom/src/top.v Line: 143
Warning (10222): Verilog HDL Parameter Declaration warning at uart_tx.v(30): Parameter Declaration in module "uart_tx" behaves as a Local Parameter Declaration because the module has a Module Parameter Port List File: D:/GitHub/my_fpga/1_AlteraFpga_Intel/20260403_IIC_3/4.3/4.3/eeprom/src/uart_tx.v Line: 30
Warning (10222): Verilog HDL Parameter Declaration warning at uart_tx.v(35): Parameter Declaration in module "uart_tx" behaves as a Local Parameter Declaration because the module has a Module Parameter Port List File: D:/GitHub/my_fpga/1_AlteraFpga_Intel/20260403_IIC_3/4.3/4.3/eeprom/src/uart_tx.v Line: 35
Warning (10222): Verilog HDL Parameter Declaration warning at uart_rx.v(26): Parameter Declaration in module "uart_rx" behaves as a Local Parameter Declaration because the module has a Module Parameter Port List File: D:/GitHub/my_fpga/1_AlteraFpga_Intel/20260403_IIC_3/4.3/4.3/eeprom/src/uart_rx.v Line: 26
Warning (10222): Verilog HDL Parameter Declaration warning at uart_rx.v(31): Parameter Declaration in module "uart_rx" behaves as a Local Parameter Declaration because the module has a Module Parameter Port List File: D:/GitHub/my_fpga/1_AlteraFpga_Intel/20260403_IIC_3/4.3/4.3/eeprom/src/uart_rx.v Line: 31
Info (12127): Elaborating entity "top" for the top level hierarchy
Info (12128): Elaborating entity "e2prom_rw" for hierarchy "e2prom_rw:u_e2prom_rw" File: D:/GitHub/my_fpga/1_AlteraFpga_Intel/20260403_IIC_3/4.3/4.3/eeprom/src/top.v Line: 96
Info (12128): Elaborating entity "i2c_dri" for hierarchy "i2c_dri:i2c_dri_inst" File: D:/GitHub/my_fpga/1_AlteraFpga_Intel/20260403_IIC_3/4.3/4.3/eeprom/src/top.v Line: 117
Warning (10230): Verilog HDL assignment warning at i2c_dri.v(79): truncated value with size 26 to match size of target (9) File: D:/GitHub/my_fpga/1_AlteraFpga_Intel/20260403_IIC_3/4.3/4.3/eeprom/src/i2c_dri.v Line: 79
Info (12128): Elaborating entity "fifo_rd" for hierarchy "fifo_rd:fifo_rd_inst" File: D:/GitHub/my_fpga/1_AlteraFpga_Intel/20260403_IIC_3/4.3/4.3/eeprom/src/top.v Line: 129
Info (12128): Elaborating entity "rfifo" for hierarchy "fifo_rd:fifo_rd_inst|rfifo:rfifo_inst" File: D:/GitHub/my_fpga/1_AlteraFpga_Intel/20260403_IIC_3/4.3/4.3/eeprom/src/fifo_rd.v Line: 48
Info (12128): Elaborating entity "scfifo" for hierarchy "fifo_rd:fifo_rd_inst|rfifo:rfifo_inst|scfifo:scfifo_component" File: D:/GitHub/my_fpga/1_AlteraFpga_Intel/20260403_IIC_3/4.3/4.3/eeprom/ip/rfifo.v Line: 82
Info (12130): Elaborated megafunction instantiation "fifo_rd:fifo_rd_inst|rfifo:rfifo_inst|scfifo:scfifo_component" File: D:/GitHub/my_fpga/1_AlteraFpga_Intel/20260403_IIC_3/4.3/4.3/eeprom/ip/rfifo.v Line: 82
Info (12133): Instantiated megafunction "fifo_rd:fifo_rd_inst|rfifo:rfifo_inst|scfifo:scfifo_component" with the following parameter: File: D:/GitHub/my_fpga/1_AlteraFpga_Intel/20260403_IIC_3/4.3/4.3/eeprom/ip/rfifo.v Line: 82
    Info (12134): Parameter "add_ram_output_register" = "OFF"
    Info (12134): Parameter "intended_device_family" = "Cyclone IV E"
    Info (12134): Parameter "lpm_numwords" = "512"
    Info (12134): Parameter "lpm_showahead" = "OFF"
    Info (12134): Parameter "lpm_type" = "scfifo"
    Info (12134): Parameter "lpm_width" = "8"
    Info (12134): Parameter "lpm_widthu" = "9"
    Info (12134): Parameter "overflow_checking" = "ON"
    Info (12134): Parameter "underflow_checking" = "ON"
    Info (12134): Parameter "use_eab" = "ON"
Info (12021): Found 1 design units, including 1 entities, in source file db/scfifo_b441.tdf
    Info (12023): Found entity 1: scfifo_b441 File: D:/GitHub/my_fpga/1_AlteraFpga_Intel/20260403_IIC_3/4.3/4.3/eeprom/prj/db/scfifo_b441.tdf Line: 24
Info (12128): Elaborating entity "scfifo_b441" for hierarchy "fifo_rd:fifo_rd_inst|rfifo:rfifo_inst|scfifo:scfifo_component|scfifo_b441:auto_generated" File: d:/intelfpga_lite/18.0/quartus/libraries/megafunctions/scfifo.tdf Line: 299
Info (12021): Found 1 design units, including 1 entities, in source file db/a_dpfifo_ia41.tdf
    Info (12023): Found entity 1: a_dpfifo_ia41 File: D:/GitHub/my_fpga/1_AlteraFpga_Intel/20260403_IIC_3/4.3/4.3/eeprom/prj/db/a_dpfifo_ia41.tdf Line: 28
Info (12128): Elaborating entity "a_dpfifo_ia41" for hierarchy "fifo_rd:fifo_rd_inst|rfifo:rfifo_inst|scfifo:scfifo_component|scfifo_b441:auto_generated|a_dpfifo_ia41:dpfifo" File: D:/GitHub/my_fpga/1_AlteraFpga_Intel/20260403_IIC_3/4.3/4.3/eeprom/prj/db/scfifo_b441.tdf Line: 37
Info (12021): Found 1 design units, including 1 entities, in source file db/a_fefifo_s7f.tdf
    Info (12023): Found entity 1: a_fefifo_s7f File: D:/GitHub/my_fpga/1_AlteraFpga_Intel/20260403_IIC_3/4.3/4.3/eeprom/prj/db/a_fefifo_s7f.tdf Line: 24
Info (12128): Elaborating entity "a_fefifo_s7f" for hierarchy "fifo_rd:fifo_rd_inst|rfifo:rfifo_inst|scfifo:scfifo_component|scfifo_b441:auto_generated|a_dpfifo_ia41:dpfifo|a_fefifo_s7f:fifo_state" File: D:/GitHub/my_fpga/1_AlteraFpga_Intel/20260403_IIC_3/4.3/4.3/eeprom/prj/db/a_dpfifo_ia41.tdf Line: 42
Info (12021): Found 1 design units, including 1 entities, in source file db/cntr_go7.tdf
    Info (12023): Found entity 1: cntr_go7 File: D:/GitHub/my_fpga/1_AlteraFpga_Intel/20260403_IIC_3/4.3/4.3/eeprom/prj/db/cntr_go7.tdf Line: 25
Info (12128): Elaborating entity "cntr_go7" for hierarchy "fifo_rd:fifo_rd_inst|rfifo:rfifo_inst|scfifo:scfifo_component|scfifo_b441:auto_generated|a_dpfifo_ia41:dpfifo|a_fefifo_s7f:fifo_state|cntr_go7:count_usedw" File: D:/GitHub/my_fpga/1_AlteraFpga_Intel/20260403_IIC_3/4.3/4.3/eeprom/prj/db/a_fefifo_s7f.tdf Line: 38
Info (12021): Found 1 design units, including 1 entities, in source file db/altsyncram_kkm1.tdf
    Info (12023): Found entity 1: altsyncram_kkm1 File: D:/GitHub/my_fpga/1_AlteraFpga_Intel/20260403_IIC_3/4.3/4.3/eeprom/prj/db/altsyncram_kkm1.tdf Line: 27
Info (12128): Elaborating entity "altsyncram_kkm1" for hierarchy "fifo_rd:fifo_rd_inst|rfifo:rfifo_inst|scfifo:scfifo_component|scfifo_b441:auto_generated|a_dpfifo_ia41:dpfifo|altsyncram_kkm1:FIFOram" File: D:/GitHub/my_fpga/1_AlteraFpga_Intel/20260403_IIC_3/4.3/4.3/eeprom/prj/db/a_dpfifo_ia41.tdf Line: 43
Info (12021): Found 1 design units, including 1 entities, in source file db/cntr_4ob.tdf
    Info (12023): Found entity 1: cntr_4ob File: D:/GitHub/my_fpga/1_AlteraFpga_Intel/20260403_IIC_3/4.3/4.3/eeprom/prj/db/cntr_4ob.tdf Line: 25
Info (12128): Elaborating entity "cntr_4ob" for hierarchy "fifo_rd:fifo_rd_inst|rfifo:rfifo_inst|scfifo:scfifo_component|scfifo_b441:auto_generated|a_dpfifo_ia41:dpfifo|cntr_4ob:rd_ptr_count" File: D:/GitHub/my_fpga/1_AlteraFpga_Intel/20260403_IIC_3/4.3/4.3/eeprom/prj/db/a_dpfifo_ia41.tdf Line: 44
Info (12128): Elaborating entity "uart_tx" for hierarchy "uart_tx:tx_inst" File: D:/GitHub/my_fpga/1_AlteraFpga_Intel/20260403_IIC_3/4.3/4.3/eeprom/src/top.v Line: 145
Warning (10230): Verilog HDL assignment warning at uart_tx.v(166): truncated value with size 32 to match size of target (1) File: D:/GitHub/my_fpga/1_AlteraFpga_Intel/20260403_IIC_3/4.3/4.3/eeprom/src/uart_tx.v Line: 166
Warning (14284): Synthesized away the following node(s):
    Warning (14285): Synthesized away the following RAM node(s):
        Warning (14320): Synthesized away node "fifo_rd:fifo_rd_inst|rfifo:rfifo_inst|scfifo:scfifo_component|scfifo_b441:auto_generated|a_dpfifo_ia41:dpfifo|altsyncram_kkm1:FIFOram|q_b[7]" File: D:/GitHub/my_fpga/1_AlteraFpga_Intel/20260403_IIC_3/4.3/4.3/eeprom/prj/db/altsyncram_kkm1.tdf Line: 249
        Warning (14320): Synthesized away node "fifo_rd:fifo_rd_inst|rfifo:rfifo_inst|scfifo:scfifo_component|scfifo_b441:auto_generated|a_dpfifo_ia41:dpfifo|altsyncram_kkm1:FIFOram|q_b[6]" File: D:/GitHub/my_fpga/1_AlteraFpga_Intel/20260403_IIC_3/4.3/4.3/eeprom/prj/db/altsyncram_kkm1.tdf Line: 219
        Warning (14320): Synthesized away node "fifo_rd:fifo_rd_inst|rfifo:rfifo_inst|scfifo:scfifo_component|scfifo_b441:auto_generated|a_dpfifo_ia41:dpfifo|altsyncram_kkm1:FIFOram|q_b[5]" File: D:/GitHub/my_fpga/1_AlteraFpga_Intel/20260403_IIC_3/4.3/4.3/eeprom/prj/db/altsyncram_kkm1.tdf Line: 189
        Warning (14320): Synthesized away node "fifo_rd:fifo_rd_inst|rfifo:rfifo_inst|scfifo:scfifo_component|scfifo_b441:auto_generated|a_dpfifo_ia41:dpfifo|altsyncram_kkm1:FIFOram|q_b[4]" File: D:/GitHub/my_fpga/1_AlteraFpga_Intel/20260403_IIC_3/4.3/4.3/eeprom/prj/db/altsyncram_kkm1.tdf Line: 159
        Warning (14320): Synthesized away node "fifo_rd:fifo_rd_inst|rfifo:rfifo_inst|scfifo:scfifo_component|scfifo_b441:auto_generated|a_dpfifo_ia41:dpfifo|altsyncram_kkm1:FIFOram|q_b[3]" File: D:/GitHub/my_fpga/1_AlteraFpga_Intel/20260403_IIC_3/4.3/4.3/eeprom/prj/db/altsyncram_kkm1.tdf Line: 129
        Warning (14320): Synthesized away node "fifo_rd:fifo_rd_inst|rfifo:rfifo_inst|scfifo:scfifo_component|scfifo_b441:auto_generated|a_dpfifo_ia41:dpfifo|altsyncram_kkm1:FIFOram|q_b[2]" File: D:/GitHub/my_fpga/1_AlteraFpga_Intel/20260403_IIC_3/4.3/4.3/eeprom/prj/db/altsyncram_kkm1.tdf Line: 99
        Warning (14320): Synthesized away node "fifo_rd:fifo_rd_inst|rfifo:rfifo_inst|scfifo:scfifo_component|scfifo_b441:auto_generated|a_dpfifo_ia41:dpfifo|altsyncram_kkm1:FIFOram|q_b[1]" File: D:/GitHub/my_fpga/1_AlteraFpga_Intel/20260403_IIC_3/4.3/4.3/eeprom/prj/db/altsyncram_kkm1.tdf Line: 69
        Warning (14320): Synthesized away node "fifo_rd:fifo_rd_inst|rfifo:rfifo_inst|scfifo:scfifo_component|scfifo_b441:auto_generated|a_dpfifo_ia41:dpfifo|altsyncram_kkm1:FIFOram|q_b[0]" File: D:/GitHub/my_fpga/1_AlteraFpga_Intel/20260403_IIC_3/4.3/4.3/eeprom/prj/db/altsyncram_kkm1.tdf Line: 39
Warning (14284): Synthesized away the following node(s):
    Warning (14285): Synthesized away the following RAM node(s):
        Warning (14320): Synthesized away node "fifo_rd:fifo_rd_inst|rfifo:rfifo_inst|scfifo:scfifo_component|scfifo_b441:auto_generated|a_dpfifo_ia41:dpfifo|altsyncram_kkm1:FIFOram|q_b[7]" File: D:/GitHub/my_fpga/1_AlteraFpga_Intel/20260403_IIC_3/4.3/4.3/eeprom/prj/db/altsyncram_kkm1.tdf Line: 249
        Warning (14320): Synthesized away node "fifo_rd:fifo_rd_inst|rfifo:rfifo_inst|scfifo:scfifo_component|scfifo_b441:auto_generated|a_dpfifo_ia41:dpfifo|altsyncram_kkm1:FIFOram|q_b[6]" File: D:/GitHub/my_fpga/1_AlteraFpga_Intel/20260403_IIC_3/4.3/4.3/eeprom/prj/db/altsyncram_kkm1.tdf Line: 219
        Warning (14320): Synthesized away node "fifo_rd:fifo_rd_inst|rfifo:rfifo_inst|scfifo:scfifo_component|scfifo_b441:auto_generated|a_dpfifo_ia41:dpfifo|altsyncram_kkm1:FIFOram|q_b[5]" File: D:/GitHub/my_fpga/1_AlteraFpga_Intel/20260403_IIC_3/4.3/4.3/eeprom/prj/db/altsyncram_kkm1.tdf Line: 189
        Warning (14320): Synthesized away node "fifo_rd:fifo_rd_inst|rfifo:rfifo_inst|scfifo:scfifo_component|scfifo_b441:auto_generated|a_dpfifo_ia41:dpfifo|altsyncram_kkm1:FIFOram|q_b[4]" File: D:/GitHub/my_fpga/1_AlteraFpga_Intel/20260403_IIC_3/4.3/4.3/eeprom/prj/db/altsyncram_kkm1.tdf Line: 159
        Warning (14320): Synthesized away node "fifo_rd:fifo_rd_inst|rfifo:rfifo_inst|scfifo:scfifo_component|scfifo_b441:auto_generated|a_dpfifo_ia41:dpfifo|altsyncram_kkm1:FIFOram|q_b[3]" File: D:/GitHub/my_fpga/1_AlteraFpga_Intel/20260403_IIC_3/4.3/4.3/eeprom/prj/db/altsyncram_kkm1.tdf Line: 129
        Warning (14320): Synthesized away node "fifo_rd:fifo_rd_inst|rfifo:rfifo_inst|scfifo:scfifo_component|scfifo_b441:auto_generated|a_dpfifo_ia41:dpfifo|altsyncram_kkm1:FIFOram|q_b[2]" File: D:/GitHub/my_fpga/1_AlteraFpga_Intel/20260403_IIC_3/4.3/4.3/eeprom/prj/db/altsyncram_kkm1.tdf Line: 99
        Warning (14320): Synthesized away node "fifo_rd:fifo_rd_inst|rfifo:rfifo_inst|scfifo:scfifo_component|scfifo_b441:auto_generated|a_dpfifo_ia41:dpfifo|altsyncram_kkm1:FIFOram|q_b[1]" File: D:/GitHub/my_fpga/1_AlteraFpga_Intel/20260403_IIC_3/4.3/4.3/eeprom/prj/db/altsyncram_kkm1.tdf Line: 69
        Warning (14320): Synthesized away node "fifo_rd:fifo_rd_inst|rfifo:rfifo_inst|scfifo:scfifo_component|scfifo_b441:auto_generated|a_dpfifo_ia41:dpfifo|altsyncram_kkm1:FIFOram|q_b[0]" File: D:/GitHub/my_fpga/1_AlteraFpga_Intel/20260403_IIC_3/4.3/4.3/eeprom/prj/db/altsyncram_kkm1.tdf Line: 39
Warning (12241): 3 hierarchies have connectivity warnings - see the Connectivity Checks report folder
Warning (13032): The following tri-state nodes are fed by constants
    Warning (13033): The pin "scl" is fed by VCC File: D:/GitHub/my_fpga/1_AlteraFpga_Intel/20260403_IIC_3/4.3/4.3/eeprom/src/top.v Line: 12
Warning (13009): TRI or OPNDRN buffers permanently enabled
    Warning (13010): Node "scl~synth" File: D:/GitHub/my_fpga/1_AlteraFpga_Intel/20260403_IIC_3/4.3/4.3/eeprom/src/top.v Line: 12
    Warning (13010): Node "i2c_dri:i2c_dri_inst|sda~synth" File: D:/GitHub/my_fpga/1_AlteraFpga_Intel/20260403_IIC_3/4.3/4.3/eeprom/src/i2c_dri.v Line: 39
Warning (13024): Output pins are stuck at VCC or GND
    Warning (13410): Pin "tx" is stuck at VCC File: D:/GitHub/my_fpga/1_AlteraFpga_Intel/20260403_IIC_3/4.3/4.3/eeprom/src/top.v Line: 10
Info (17049): 20 registers lost all their fanouts during netlist optimizations.
Info (144001): Generated suppressed messages file D:/GitHub/my_fpga/1_AlteraFpga_Intel/20260403_IIC_3/4.3/4.3/eeprom/prj/output_files/eeprom.map.smsg
Info (16010): Generating hard_block partition "hard_block:auto_generated_inst"
    Info (16011): Adding 0 node(s), including 0 DDIO, 0 PLL, 0 transceiver and 0 LCELL
Warning (21074): Design contains 3 input pin(s) that do not drive logic
    Warning (15610): No output dependent on input pin "rx" File: D:/GitHub/my_fpga/1_AlteraFpga_Intel/20260403_IIC_3/4.3/4.3/eeprom/src/top.v Line: 8
    Warning (15610): No output dependent on input pin "clk" File: D:/GitHub/my_fpga/1_AlteraFpga_Intel/20260403_IIC_3/4.3/4.3/eeprom/src/top.v Line: 6
    Warning (15610): No output dependent on input pin "rst_n" File: D:/GitHub/my_fpga/1_AlteraFpga_Intel/20260403_IIC_3/4.3/4.3/eeprom/src/top.v Line: 6
Info (21057): Implemented 6 device resources after synthesis - the final resource count might be different
    Info (21058): Implemented 3 input pins
    Info (21059): Implemented 1 output pins
    Info (21060): Implemented 2 bidirectional pins
Info: Quartus Prime Analysis & Synthesis was successful. 0 errors, 52 warnings
    Info: Peak virtual memory: 4754 megabytes
    Info: Processing ended: Fri Apr 03 16:55:00 2026
    Info: Elapsed time: 00:00:06
    Info: Total CPU time (on all processors): 00:00:12


+------------------------------------------+
; Analysis & Synthesis Suppressed Messages ;
+------------------------------------------+
The suppressed messages can be found in D:/GitHub/my_fpga/1_AlteraFpga_Intel/20260403_IIC_3/4.3/4.3/eeprom/prj/output_files/eeprom.map.smsg.


