#-----------------------------------------------------------
# Vivado v2020.2 (64-bit)
# SW Build 3064766 on Wed Nov 18 09:12:45 MST 2020
# IP Build 3064653 on Wed Nov 18 14:17:31 MST 2020
# Start of session at: Fri May  1 08:19:11 2026
# Process ID: 20196
# Current directory: D:/ZYNQ/ZYNQ_7020_FPGA/ZYNQ_7020_FPGA/37_top_ad_da_fir_lcd/prj
# Command line: vivado.exe -gui_launcher_event rodinguilauncherevent33116 D:\ZYNQ\ZYNQ_7020_FPGA\ZYNQ_7020_FPGA\37_top_ad_da_fir_lcd\prj\top_ad_da_fir_lcd.xpr
# Log file: D:/ZYNQ/ZYNQ_7020_FPGA/ZYNQ_7020_FPGA/37_top_ad_da_fir_lcd/prj/vivado.log
# Journal file: D:/ZYNQ/ZYNQ_7020_FPGA/ZYNQ_7020_FPGA/37_top_ad_da_fir_lcd/prj\vivado.jou
#-----------------------------------------------------------
start_gui
open_project D:/ZYNQ/ZYNQ_7020_FPGA/ZYNQ_7020_FPGA/37_top_ad_da_fir_lcd/prj/top_ad_da_fir_lcd.xpr
INFO: [Project 1-313] Project file moved from 'G:/V3/4_Source_Code/1_FPGA_Design/ZYNQ_7020_FPGA/37_top_ad_da_fir_lcd/prj' since last save.
Scanning sources...
Finished scanning sources
INFO: [IP_Flow 19-234] Refreshing IP repositories
INFO: [IP_Flow 19-1704] No user IP repositories specified
INFO: [IP_Flow 19-2313] Loaded Vivado IP repository 'D:/Xilinx2020/Vivado/2020.2/data/ip'.
open_project: Time (s): cpu = 00:00:11 ; elapsed = 00:00:06 . Memory (MB): peak = 1139.324 ; gain = 0.000
update_compile_order -fileset sources_1
reset_run synth_1
launch_runs synth_1 -jobs 8
[Fri May  1 08:20:09 2026] Launched synth_1...
Run output will be captured here: D:/ZYNQ/ZYNQ_7020_FPGA/ZYNQ_7020_FPGA/37_top_ad_da_fir_lcd/prj/top_ad_da_fir_lcd.runs/synth_1/runme.log
launch_runs impl_1 -jobs 8
[Fri May  1 08:38:59 2026] Launched impl_1...
Run output will be captured here: D:/ZYNQ/ZYNQ_7020_FPGA/ZYNQ_7020_FPGA/37_top_ad_da_fir_lcd/prj/top_ad_da_fir_lcd.runs/impl_1/runme.log
launch_runs impl_1 -to_step write_bitstream -jobs 8
[Fri May  1 08:43:01 2026] Launched impl_1...
Run output will be captured here: D:/ZYNQ/ZYNQ_7020_FPGA/ZYNQ_7020_FPGA/37_top_ad_da_fir_lcd/prj/top_ad_da_fir_lcd.runs/impl_1/runme.log
open_hw_manager
connect_hw_server -allow_non_jtag
INFO: [Labtools 27-2285] Connecting to hw_server url TCP:localhost:3121
INFO: [Labtools 27-2222] Launching hw_server...
INFO: [Labtools 27-2221] Launch Output:

****** Xilinx hw_server v2020.2
  **** Build date : Nov 18 2020 at 10:01:48
    ** Copyright 1986-2020 Xilinx, Inc. All Rights Reserved.


INFO: [Labtools 27-3415] Connecting to cs_server url TCP:localhost:3042
INFO: [Labtools 27-3417] Launching cs_server...
INFO: [Labtools 27-2221] Launch Output:


******** Xilinx cs_server v2020.2
  ****** Build date   : Nov 04 2020-05:02:56
    **** Build number : 2020.2.1604437376
      ** Copyright 2017-2020 Xilinx, Inc. All Rights Reserved.



connect_hw_server: Time (s): cpu = 00:00:00 ; elapsed = 00:00:08 . Memory (MB): peak = 1316.844 ; gain = 16.988
open_hw_target
INFO: [Labtoolstcl 44-466] Opening hw_target localhost:3121/xilinx_tcf/Digilent/210512180081
set_property PROGRAM.FILE {D:/ZYNQ/ZYNQ_7020_FPGA/ZYNQ_7020_FPGA/37_top_ad_da_fir_lcd/prj/top_ad_da_fir_lcd.runs/impl_1/top_ad_da_fir_lcd.bit} [get_hw_devices xc7z020_1]
current_hw_device [get_hw_devices xc7z020_1]
refresh_hw_device -update_hw_probes false [lindex [get_hw_devices xc7z020_1] 0]
INFO: [Labtools 27-1435] Device xc7z020 (JTAG device index = 1) is not programmed (DONE status = 0).
set_property PROBES.FILE {} [get_hw_devices xc7z020_1]
set_property FULL_PROBES.FILE {} [get_hw_devices xc7z020_1]
set_property PROGRAM.FILE {D:/ZYNQ/ZYNQ_7020_FPGA/ZYNQ_7020_FPGA/37_top_ad_da_fir_lcd/prj/top_ad_da_fir_lcd.runs/impl_1/top_ad_da_fir_lcd.bit} [get_hw_devices xc7z020_1]
program_hw_devices [get_hw_devices xc7z020_1]
INFO: [Labtools 27-3164] End of startup status: HIGH
refresh_hw_device [lindex [get_hw_devices xc7z020_1] 0]
INFO: [Labtools 27-1434] Device xc7z020 (JTAG device index = 1) is programmed with a design that has no supported debug core(s) in it.
ERROR: [Labtoolstcl 44-513] HW Target shutdown. Closing target: localhost:3121/xilinx_tcf/Digilent/210512180081
INFO: [Labtoolstcl 44-466] Opening hw_target localhost:3121/xilinx_tcf/Digilent/210512180081
WARNING: [Labtoolstcl 44-129] No matching hw_ila_data was found.
INFO: [Labtools 27-1435] Device xc7z020 (JTAG device index = 1) is not programmed (DONE status = 0).
WARNING: [Labtoolstcl 44-129] No matching hw_ila_data was found.
ERROR: [Labtoolstcl 44-513] HW Target shutdown. Closing target: localhost:3121/xilinx_tcf/Digilent/210512180081
