#-----------------------------------------------------------
# Vivado v2020.2 (64-bit)
# SW Build 3064766 on Wed Nov 18 09:12:45 MST 2020
# IP Build 3064653 on Wed Nov 18 14:17:31 MST 2020
# Start of session at: Fri May  1 10:50:33 2026
# Process ID: 17712
# Current directory: D:/GitHub/my_fpga/fpga_project1_High_speed_ADDA_realTime_spectrum_analyzer_PL/code/prj
# Command line: vivado.exe -gui_launcher_event rodinguilauncherevent33980 D:\GitHub\my_fpga\fpga_project1_High_speed_ADDA_realTime_spectrum_analyzer_PL\code\prj\top_ad_da_fir_lcd.xpr
# Log file: D:/GitHub/my_fpga/fpga_project1_High_speed_ADDA_realTime_spectrum_analyzer_PL/code/prj/vivado.log
# Journal file: D:/GitHub/my_fpga/fpga_project1_High_speed_ADDA_realTime_spectrum_analyzer_PL/code/prj\vivado.jou
#-----------------------------------------------------------
start_gui
open_project D:/GitHub/my_fpga/fpga_project1_High_speed_ADDA_realTime_spectrum_analyzer_PL/code/prj/top_ad_da_fir_lcd.xpr
INFO: [ProjectBase 1-489] The host OS only allows 260 characters in a normal path. The project is stored in a path with more than 80 characters. If you experience issues with IP, Block Designs, or files not being found, please consider moving the project to a location with a shorter path. Alternately consider using the OS subst command to map part of the path to a drive letter.
Current project path is 'D:/GitHub/my_fpga/fpga_project1_High_speed_ADDA_realTime_spectrum_analyzer_PL/code/prj'
INFO: [Project 1-313] Project file moved from 'D:/ZYNQ/ZYNQ_7020_FPGA/ZYNQ_7020_FPGA/37_top_ad_da_fir_lcd/prj' since last save.
Scanning sources...
Finished scanning sources
INFO: [IP_Flow 19-234] Refreshing IP repositories
INFO: [IP_Flow 19-1704] No user IP repositories specified
INFO: [IP_Flow 19-2313] Loaded Vivado IP repository 'D:/Xilinx2020/Vivado/2020.2/data/ip'.
open_project: Time (s): cpu = 00:00:13 ; elapsed = 00:00:07 . Memory (MB): peak = 1139.898 ; gain = 0.000
update_compile_order -fileset sources_1
reset_run synth_1
launch_runs synth_1 -jobs 8
[Fri May  1 10:52:07 2026] Launched synth_1...
Run output will be captured here: D:/GitHub/my_fpga/fpga_project1_High_speed_ADDA_realTime_spectrum_analyzer_PL/code/prj/top_ad_da_fir_lcd.runs/synth_1/runme.log
launch_runs impl_1 -jobs 8
[Fri May  1 10:53:13 2026] Launched impl_1...
Run output will be captured here: D:/GitHub/my_fpga/fpga_project1_High_speed_ADDA_realTime_spectrum_analyzer_PL/code/prj/top_ad_da_fir_lcd.runs/impl_1/runme.log
launch_runs impl_1 -to_step write_bitstream -jobs 8
[Fri May  1 10:54:26 2026] Launched impl_1...
Run output will be captured here: D:/GitHub/my_fpga/fpga_project1_High_speed_ADDA_realTime_spectrum_analyzer_PL/code/prj/top_ad_da_fir_lcd.runs/impl_1/runme.log
open_hw_manager
connect_hw_server -allow_non_jtag
INFO: [Labtools 27-2285] Connecting to hw_server url TCP:localhost:3121
INFO: [Labtools 27-2222] Launching hw_server...
INFO: [Labtools 27-2221] Launch Output:

****** Xilinx hw_server v2020.2
  **** Build date : Nov 18 2020 at 10:01:48
    ** Copyright 1986-2020 Xilinx, Inc. All Rights Reserved.


INFO: [Labtools 27-3415] Connecting to cs_server url TCP:localhost:3042
INFO: [Labtools 27-3417] Launching cs_server...
INFO: [Labtools 27-2221] Launch Output:


******** Xilinx cs_server v2020.2
  ****** Build date   : Nov 04 2020-05:02:56
    **** Build number : 2020.2.1604437376
      ** Copyright 2017-2020 Xilinx, Inc. All Rights Reserved.



connect_hw_server: Time (s): cpu = 00:00:01 ; elapsed = 00:00:10 . Memory (MB): peak = 1154.020 ; gain = 2.191
open_hw_target
INFO: [Labtoolstcl 44-466] Opening hw_target localhost:3121/xilinx_tcf/Digilent/210512180081
open_hw_target: Time (s): cpu = 00:00:03 ; elapsed = 00:00:06 . Memory (MB): peak = 2705.598 ; gain = 1551.578
set_property PROGRAM.FILE {D:/GitHub/my_fpga/fpga_project1_High_speed_ADDA_realTime_spectrum_analyzer_PL/code/prj/top_ad_da_fir_lcd.runs/impl_1/top_ad_da_fir_lcd.bit} [get_hw_devices xc7z020_1]
current_hw_device [get_hw_devices xc7z020_1]
refresh_hw_device -update_hw_probes false [lindex [get_hw_devices xc7z020_1] 0]
INFO: [Labtools 27-1435] Device xc7z020 (JTAG device index = 1) is not programmed (DONE status = 0).
set_property PROBES.FILE {} [get_hw_devices xc7z020_1]
set_property FULL_PROBES.FILE {} [get_hw_devices xc7z020_1]
set_property PROGRAM.FILE {D:/GitHub/my_fpga/fpga_project1_High_speed_ADDA_realTime_spectrum_analyzer_PL/code/prj/top_ad_da_fir_lcd.runs/impl_1/top_ad_da_fir_lcd.bit} [get_hw_devices xc7z020_1]
program_hw_devices [get_hw_devices xc7z020_1]
INFO: [Labtools 27-3164] End of startup status: HIGH
refresh_hw_device [lindex [get_hw_devices xc7z020_1] 0]
INFO: [Labtools 27-1434] Device xc7z020 (JTAG device index = 1) is programmed with a design that has no supported debug core(s) in it.
ERROR: [Labtoolstcl 44-513] HW Target shutdown. Closing target: localhost:3121/xilinx_tcf/Digilent/210512180081
INFO: [Labtoolstcl 44-466] Opening hw_target localhost:3121/xilinx_tcf/Digilent/210512180081
WARNING: [Labtoolstcl 44-129] No matching hw_ila_data was found.
INFO: [Labtools 27-1435] Device xc7z020 (JTAG device index = 1) is not programmed (DONE status = 0).
WARNING: [Labtoolstcl 44-129] No matching hw_ila_data was found.
ERROR: [Labtoolstcl 44-513] HW Target shutdown. Closing target: localhost:3121/xilinx_tcf/Digilent/210512180081
update_compile_order -fileset sources_1
update_compile_order -fileset sources_1
reset_run synth_1
WARNING: [Vivado 12-1017] Problems encountered:
1. Failed to delete one or more files in run directory D:/GitHub/my_fpga/fpga_project1_High_speed_ADDA_realTime_spectrum_analyzer_PL/code/prj/top_ad_da_fir_lcd.runs/synth_1

update_compile_order -fileset sources_1
update_compile_order -fileset sources_1
update_compile_order -fileset sources_1
update_compile_order -fileset sources_1
update_compile_order -fileset sources_1
file mkdir D:/GitHub/my_fpga/fpga_project1_High_speed_ADDA_realTime_spectrum_analyzer_PL/code/prj/top_ad_da_fir_lcd.srcs/sources_1/new
close [ open D:/GitHub/my_fpga/fpga_project1_High_speed_ADDA_realTime_spectrum_analyzer_PL/code/prj/top_ad_da_fir_lcd.srcs/sources_1/new/hdmi_colorbar_top.v w ]
add_files D:/GitHub/my_fpga/fpga_project1_High_speed_ADDA_realTime_spectrum_analyzer_PL/code/prj/top_ad_da_fir_lcd.srcs/sources_1/new/hdmi_colorbar_top.v
update_compile_order -fileset sources_1
create_ip -name clk_wiz -vendor xilinx.com -library ip -version 6.0 -module_name clk_wiz_0
set_property -dict [list CONFIG.PRIM_IN_FREQ {50.000} CONFIG.CLKOUT2_USED {true} CONFIG.CLKOUT1_REQUESTED_OUT_FREQ {75.000} CONFIG.CLKOUT2_REQUESTED_OUT_FREQ {375} CONFIG.CLKIN1_JITTER_PS {200.0} CONFIG.MMCM_DIVCLK_DIVIDE {1} CONFIG.MMCM_CLKFBOUT_MULT_F {22.500} CONFIG.MMCM_CLKIN1_PERIOD {20.000} CONFIG.MMCM_CLKIN2_PERIOD {10.0} CONFIG.MMCM_CLKOUT0_DIVIDE_F {15.000} CONFIG.MMCM_CLKOUT1_DIVIDE {3} CONFIG.NUM_OUT_CLKS {2} CONFIG.CLKOUT1_JITTER {155.608} CONFIG.CLKOUT1_PHASE_ERROR {158.235} CONFIG.CLKOUT2_JITTER {117.790} CONFIG.CLKOUT2_PHASE_ERROR {158.235}] [get_ips clk_wiz_0]
generate_target {instantiation_template} [get_files d:/GitHub/my_fpga/fpga_project1_High_speed_ADDA_realTime_spectrum_analyzer_PL/code/prj/top_ad_da_fir_lcd.srcs/sources_1/ip/clk_wiz_0/clk_wiz_0.xci]
INFO: [IP_Flow 19-1686] Generating 'Instantiation Template' target for IP 'clk_wiz_0'...
generate_target all [get_files  d:/GitHub/my_fpga/fpga_project1_High_speed_ADDA_realTime_spectrum_analyzer_PL/code/prj/top_ad_da_fir_lcd.srcs/sources_1/ip/clk_wiz_0/clk_wiz_0.xci]
INFO: [IP_Flow 19-1686] Generating 'Synthesis' target for IP 'clk_wiz_0'...
INFO: [IP_Flow 19-1686] Generating 'Simulation' target for IP 'clk_wiz_0'...
INFO: [IP_Flow 19-1686] Generating 'Implementation' target for IP 'clk_wiz_0'...
INFO: [IP_Flow 19-1686] Generating 'Change Log' target for IP 'clk_wiz_0'...
catch { config_ip_cache -export [get_ips -all clk_wiz_0] }
export_ip_user_files -of_objects [get_files d:/GitHub/my_fpga/fpga_project1_High_speed_ADDA_realTime_spectrum_analyzer_PL/code/prj/top_ad_da_fir_lcd.srcs/sources_1/ip/clk_wiz_0/clk_wiz_0.xci] -no_script -sync -force -quiet
create_ip_run [get_files -of_objects [get_fileset sources_1] d:/GitHub/my_fpga/fpga_project1_High_speed_ADDA_realTime_spectrum_analyzer_PL/code/prj/top_ad_da_fir_lcd.srcs/sources_1/ip/clk_wiz_0/clk_wiz_0.xci]
launch_runs clk_wiz_0_synth_1 -jobs 8
[Fri May  1 17:58:27 2026] Launched clk_wiz_0_synth_1...
Run output will be captured here: D:/GitHub/my_fpga/fpga_project1_High_speed_ADDA_realTime_spectrum_analyzer_PL/code/prj/top_ad_da_fir_lcd.runs/clk_wiz_0_synth_1/runme.log
export_simulation -of_objects [get_files d:/GitHub/my_fpga/fpga_project1_High_speed_ADDA_realTime_spectrum_analyzer_PL/code/prj/top_ad_da_fir_lcd.srcs/sources_1/ip/clk_wiz_0/clk_wiz_0.xci] -directory D:/GitHub/my_fpga/fpga_project1_High_speed_ADDA_realTime_spectrum_analyzer_PL/code/prj/top_ad_da_fir_lcd.ip_user_files/sim_scripts -ip_user_files_dir D:/GitHub/my_fpga/fpga_project1_High_speed_ADDA_realTime_spectrum_analyzer_PL/code/prj/top_ad_da_fir_lcd.ip_user_files -ipstatic_source_dir D:/GitHub/my_fpga/fpga_project1_High_speed_ADDA_realTime_spectrum_analyzer_PL/code/prj/top_ad_da_fir_lcd.ip_user_files/ipstatic -lib_map_path [list {modelsim=D:/GitHub/my_fpga/fpga_project1_High_speed_ADDA_realTime_spectrum_analyzer_PL/code/prj/top_ad_da_fir_lcd.cache/compile_simlib/modelsim} {questa=D:/GitHub/my_fpga/fpga_project1_High_speed_ADDA_realTime_spectrum_analyzer_PL/code/prj/top_ad_da_fir_lcd.cache/compile_simlib/questa} {riviera=D:/GitHub/my_fpga/fpga_project1_High_speed_ADDA_realTime_spectrum_analyzer_PL/code/prj/top_ad_da_fir_lcd.cache/compile_simlib/riviera} {activehdl=D:/GitHub/my_fpga/fpga_project1_High_speed_ADDA_realTime_spectrum_analyzer_PL/code/prj/top_ad_da_fir_lcd.cache/compile_simlib/activehdl}] -use_ip_compiled_libs -force -quiet
close [ open D:/GitHub/my_fpga/fpga_project1_High_speed_ADDA_realTime_spectrum_analyzer_PL/code/prj/top_ad_da_fir_lcd.srcs/sources_1/new/video_driver.v w ]
add_files D:/GitHub/my_fpga/fpga_project1_High_speed_ADDA_realTime_spectrum_analyzer_PL/code/prj/top_ad_da_fir_lcd.srcs/sources_1/new/video_driver.v
update_compile_order -fileset sources_1
close [ open D:/GitHub/my_fpga/fpga_project1_High_speed_ADDA_realTime_spectrum_analyzer_PL/code/prj/top_ad_da_fir_lcd.srcs/sources_1/new/video_display.v w ]
add_files D:/GitHub/my_fpga/fpga_project1_High_speed_ADDA_realTime_spectrum_analyzer_PL/code/prj/top_ad_da_fir_lcd.srcs/sources_1/new/video_display.v
update_compile_order -fileset sources_1
close [ open D:/GitHub/my_fpga/fpga_project1_High_speed_ADDA_realTime_spectrum_analyzer_PL/code/prj/top_ad_da_fir_lcd.srcs/sources_1/new/dvi_transmitter_top.v w ]
add_files D:/GitHub/my_fpga/fpga_project1_High_speed_ADDA_realTime_spectrum_analyzer_PL/code/prj/top_ad_da_fir_lcd.srcs/sources_1/new/dvi_transmitter_top.v
update_compile_order -fileset sources_1
update_compile_order -fileset sources_1
update_compile_order -fileset sources_1
update_compile_order -fileset sources_1
update_compile_order -fileset sources_1
close [ open D:/GitHub/my_fpga/fpga_project1_High_speed_ADDA_realTime_spectrum_analyzer_PL/code/prj/top_ad_da_fir_lcd.srcs/sources_1/new/asyn_rst_syn.v w ]
add_files D:/GitHub/my_fpga/fpga_project1_High_speed_ADDA_realTime_spectrum_analyzer_PL/code/prj/top_ad_da_fir_lcd.srcs/sources_1/new/asyn_rst_syn.v
update_compile_order -fileset sources_1
close [ open D:/GitHub/my_fpga/fpga_project1_High_speed_ADDA_realTime_spectrum_analyzer_PL/code/prj/top_ad_da_fir_lcd.srcs/sources_1/new/dvi_encoder.v w ]
add_files D:/GitHub/my_fpga/fpga_project1_High_speed_ADDA_realTime_spectrum_analyzer_PL/code/prj/top_ad_da_fir_lcd.srcs/sources_1/new/dvi_encoder.v
update_compile_order -fileset sources_1
close [ open D:/GitHub/my_fpga/fpga_project1_High_speed_ADDA_realTime_spectrum_analyzer_PL/code/prj/top_ad_da_fir_lcd.srcs/sources_1/new/serializer_10_to_1.v w ]
add_files D:/GitHub/my_fpga/fpga_project1_High_speed_ADDA_realTime_spectrum_analyzer_PL/code/prj/top_ad_da_fir_lcd.srcs/sources_1/new/serializer_10_to_1.v
update_compile_order -fileset sources_1
launch_runs synth_1 -jobs 8
[Fri May  1 18:25:43 2026] Launched synth_1...
Run output will be captured here: D:/GitHub/my_fpga/fpga_project1_High_speed_ADDA_realTime_spectrum_analyzer_PL/code/prj/top_ad_da_fir_lcd.runs/synth_1/runme.log
reset_run synth_1
WARNING: [Vivado 12-1017] Problems encountered:
1. Failed to delete one or more files in run directory D:/GitHub/my_fpga/fpga_project1_High_speed_ADDA_realTime_spectrum_analyzer_PL/code/prj/top_ad_da_fir_lcd.runs/synth_1

launch_runs synth_1 -jobs 8
[Fri May  1 18:36:21 2026] Launched synth_1...
Run output will be captured here: D:/GitHub/my_fpga/fpga_project1_High_speed_ADDA_realTime_spectrum_analyzer_PL/code/prj/top_ad_da_fir_lcd.runs/synth_1/runme.log
reset_run synth_1
WARNING: [Vivado 12-1017] Problems encountered:
1. Failed to delete one or more files in run directory D:/GitHub/my_fpga/fpga_project1_High_speed_ADDA_realTime_spectrum_analyzer_PL/code/prj/top_ad_da_fir_lcd.runs/synth_1

launch_runs synth_1 -jobs 8
[Fri May  1 18:38:08 2026] Launched synth_1...
Run output will be captured here: D:/GitHub/my_fpga/fpga_project1_High_speed_ADDA_realTime_spectrum_analyzer_PL/code/prj/top_ad_da_fir_lcd.runs/synth_1/runme.log
launch_runs impl_1 -jobs 8
[Fri May  1 18:39:29 2026] Launched impl_1...
Run output will be captured here: D:/GitHub/my_fpga/fpga_project1_High_speed_ADDA_realTime_spectrum_analyzer_PL/code/prj/top_ad_da_fir_lcd.runs/impl_1/runme.log
reset_run synth_1
WARNING: [Vivado 12-1017] Problems encountered:
1. Failed to delete one or more files in run directory D:/GitHub/my_fpga/fpga_project1_High_speed_ADDA_realTime_spectrum_analyzer_PL/code/prj/top_ad_da_fir_lcd.runs/synth_1

launch_runs synth_1 -jobs 8
[Fri May  1 19:09:02 2026] Launched synth_1...
Run output will be captured here: D:/GitHub/my_fpga/fpga_project1_High_speed_ADDA_realTime_spectrum_analyzer_PL/code/prj/top_ad_da_fir_lcd.runs/synth_1/runme.log
launch_runs impl_1 -jobs 8
[Fri May  1 19:09:37 2026] Launched impl_1...
Run output will be captured here: D:/GitHub/my_fpga/fpga_project1_High_speed_ADDA_realTime_spectrum_analyzer_PL/code/prj/top_ad_da_fir_lcd.runs/impl_1/runme.log
open_run impl_1
INFO: [Device 21-403] Loading part xc7z020clg400-2
INFO: [Common 17-41] Interrupt caught. Command should exit soon.
Netlist sorting complete. Time (s): cpu = 00:00:00 ; elapsed = 00:00:00.055 . Memory (MB): peak = 3352.562 ; gain = 0.000
INFO: [Netlist 29-17] Analyzing 275 Unisim elements for replacement
INFO: [Netlist 29-28] Unisim Transformation completed in 0 CPU seconds
INFO: [Project 1-479] Netlist was created with Vivado 2020.2
open_run: Time (s): cpu = 00:00:07 ; elapsed = 00:00:11 . Memory (MB): peak = 3370.035 ; gain = 183.871
INFO: [Common 17-344] 'open_run' was cancelled
open_run impl_1
Netlist sorting complete. Time (s): cpu = 00:00:00 ; elapsed = 00:00:00.055 . Memory (MB): peak = 3407.715 ; gain = 0.000
INFO: [Netlist 29-17] Analyzing 275 Unisim elements for replacement
INFO: [Netlist 29-28] Unisim Transformation completed in 0 CPU seconds
INFO: [Project 1-479] Netlist was created with Vivado 2020.2
INFO: [Project 1-570] Preparing netlist for logic optimization
WARNING: [Constraints 18-550] Could not create 'IBUF_LOW_PWR' constraint because net 'hdmi_colorbar_top_inst/clk_wiz_0/clk_in1' is not directly connected to top level port. Synthesis is ignored for IBUF_LOW_PWR but preserved for implementation.
INFO: [Timing 38-478] Restoring timing data from binary archive.
INFO: [Timing 38-479] Binary timing data restore complete.
INFO: [Project 1-856] Restoring constraints from binary archive.
INFO: [Project 1-853] Binary constraint restore complete.
Reading XDEF placement.
Reading placer database...
Reading XDEF routing.
Read XDEF File: Time (s): cpu = 00:00:00 ; elapsed = 00:00:00.226 . Memory (MB): peak = 4032.020 ; gain = 0.000
Restored from archive | CPU: 0.000000 secs | Memory: 0.000000 MB |
Finished XDEF File Restore: Time (s): cpu = 00:00:00 ; elapsed = 00:00:00.228 . Memory (MB): peak = 4032.020 ; gain = 0.000
Netlist sorting complete. Time (s): cpu = 00:00:00 ; elapsed = 00:00:00.002 . Memory (MB): peak = 4032.020 ; gain = 0.000
INFO: [Project 1-111] Unisim Transformation Summary:
No Unisim elements were transformed.

open_run: Time (s): cpu = 00:00:20 ; elapsed = 00:00:13 . Memory (MB): peak = 4366.406 ; gain = 970.504
CRITICAL WARNING: [Timing 38-282] The design failed to meet the timing requirements. Please see the timing summary report for details on the timing violations.
WARNING: [Timing 38-436] There are set_bus_skew constraint(s) in this design. Please run report_bus_skew to ensure that bus skew requirements are met.
reset_run synth_1
WARNING: [Vivado 12-1017] Problems encountered:
1. Failed to delete one or more files in run directory D:/GitHub/my_fpga/fpga_project1_High_speed_ADDA_realTime_spectrum_analyzer_PL/code/prj/top_ad_da_fir_lcd.runs/synth_1

launch_runs synth_1 -jobs 8
[Fri May  1 19:21:03 2026] Launched synth_1...
Run output will be captured here: D:/GitHub/my_fpga/fpga_project1_High_speed_ADDA_realTime_spectrum_analyzer_PL/code/prj/top_ad_da_fir_lcd.runs/synth_1/runme.log
launch_runs impl_1 -jobs 8
[Fri May  1 19:21:49 2026] Launched impl_1...
Run output will be captured here: D:/GitHub/my_fpga/fpga_project1_High_speed_ADDA_realTime_spectrum_analyzer_PL/code/prj/top_ad_da_fir_lcd.runs/impl_1/runme.log
set_property is_loc_fixed true [get_ports [list  tmds_clk_p]]
set_property is_loc_fixed false [get_ports [list  tmds_clk_p]]
set_property is_loc_fixed true [get_ports [list  tmds_clk_p]]
set_property target_constrs_file D:/GitHub/my_fpga/fpga_project1_High_speed_ADDA_realTime_spectrum_analyzer_PL/code/prj/top_ad_da_fir_lcd.srcs/constrs_1/new/top_ad_da_fir_lcd.xdc [current_fileset -constrset]
save_constraints -force
reset_run synth_1
WARNING: [Vivado 12-1017] Problems encountered:
1. Failed to delete one or more files in run directory D:/GitHub/my_fpga/fpga_project1_High_speed_ADDA_realTime_spectrum_analyzer_PL/code/prj/top_ad_da_fir_lcd.runs/synth_1

launch_runs synth_1 -jobs 8
[Fri May  1 19:31:54 2026] Launched synth_1...
Run output will be captured here: D:/GitHub/my_fpga/fpga_project1_High_speed_ADDA_realTime_spectrum_analyzer_PL/code/prj/top_ad_da_fir_lcd.runs/synth_1/runme.log
launch_runs impl_1 -jobs 8
[Fri May  1 19:34:36 2026] Launched impl_1...
Run output will be captured here: D:/GitHub/my_fpga/fpga_project1_High_speed_ADDA_realTime_spectrum_analyzer_PL/code/prj/top_ad_da_fir_lcd.runs/impl_1/runme.log
launch_runs impl_1 -to_step write_bitstream -jobs 8
[Fri May  1 19:55:38 2026] Launched impl_1...
Run output will be captured here: D:/GitHub/my_fpga/fpga_project1_High_speed_ADDA_realTime_spectrum_analyzer_PL/code/prj/top_ad_da_fir_lcd.runs/impl_1/runme.log
place_ports {tmds_data_p[2]} J20
place_ports {tmds_data_p[1]} K19
place_ports {tmds_data_p[0]} G19
place_ports tmds_clk_p J18
save_constraints -force
reset_run synth_1
WARNING: [Vivado 12-1017] Problems encountered:
1. Failed to delete one or more files in run directory D:/GitHub/my_fpga/fpga_project1_High_speed_ADDA_realTime_spectrum_analyzer_PL/code/prj/top_ad_da_fir_lcd.runs/synth_1

launch_runs synth_1 -jobs 8
[Fri May  1 19:59:05 2026] Launched synth_1...
Run output will be captured here: D:/GitHub/my_fpga/fpga_project1_High_speed_ADDA_realTime_spectrum_analyzer_PL/code/prj/top_ad_da_fir_lcd.runs/synth_1/runme.log
launch_runs impl_1 -jobs 8
[Fri May  1 19:59:38 2026] Launched impl_1...
Run output will be captured here: D:/GitHub/my_fpga/fpga_project1_High_speed_ADDA_realTime_spectrum_analyzer_PL/code/prj/top_ad_da_fir_lcd.runs/impl_1/runme.log
launch_runs impl_1 -to_step write_bitstream -jobs 8
[Fri May  1 20:03:11 2026] Launched impl_1...
Run output will be captured here: D:/GitHub/my_fpga/fpga_project1_High_speed_ADDA_realTime_spectrum_analyzer_PL/code/prj/top_ad_da_fir_lcd.runs/impl_1/runme.log
reset_run impl_1
launch_runs impl_1 -jobs 8
[Fri May  1 20:05:31 2026] Launched impl_1...
Run output will be captured here: D:/GitHub/my_fpga/fpga_project1_High_speed_ADDA_realTime_spectrum_analyzer_PL/code/prj/top_ad_da_fir_lcd.runs/impl_1/runme.log
launch_runs impl_1 -to_step write_bitstream -jobs 8
[Fri May  1 20:09:37 2026] Launched impl_1...
Run output will be captured here: D:/GitHub/my_fpga/fpga_project1_High_speed_ADDA_realTime_spectrum_analyzer_PL/code/prj/top_ad_da_fir_lcd.runs/impl_1/runme.log
reset_run impl_1 -prev_step 
WARNING: [Vivado 12-1017] Problems encountered:
1. Couldn't access process for termination

reset_run impl_1 -prev_step 
WARNING: [Vivado 12-1017] Problems encountered:
1. PID not specified

reset_run impl_1
launch_runs impl_1 -jobs 8
[Fri May  1 20:11:24 2026] Launched impl_1...
Run output will be captured here: D:/GitHub/my_fpga/fpga_project1_High_speed_ADDA_realTime_spectrum_analyzer_PL/code/prj/top_ad_da_fir_lcd.runs/impl_1/runme.log
reset_run synth_1
WARNING: [Vivado 12-1017] Problems encountered:
1. Failed to delete one or more files in run directory D:/GitHub/my_fpga/fpga_project1_High_speed_ADDA_realTime_spectrum_analyzer_PL/code/prj/top_ad_da_fir_lcd.runs/synth_1

launch_runs synth_1 -jobs 8
[Fri May  1 20:16:00 2026] Launched synth_1...
Run output will be captured here: D:/GitHub/my_fpga/fpga_project1_High_speed_ADDA_realTime_spectrum_analyzer_PL/code/prj/top_ad_da_fir_lcd.runs/synth_1/runme.log
launch_runs impl_1 -jobs 8
[Fri May  1 20:17:48 2026] Launched impl_1...
Run output will be captured here: D:/GitHub/my_fpga/fpga_project1_High_speed_ADDA_realTime_spectrum_analyzer_PL/code/prj/top_ad_da_fir_lcd.runs/impl_1/runme.log
WARNING: [IP_Flow 19-4067] Ignoring invalid widget type specified checkbox.Providing a default widget
WARNING: [IP_Flow 19-4067] Ignoring invalid widget type specified checkbox.Providing a default widget
WARNING: [IP_Flow 19-4067] Ignoring invalid widget type specified checkbox.Providing a default widget
WARNING: [IP_Flow 19-4067] Ignoring invalid widget type specified checkbox.Providing a default widget
WARNING: [IP_Flow 19-4067] Ignoring invalid widget type specified checkbox.Providing a default widget
WARNING: [IP_Flow 19-4067] Ignoring invalid widget type specified checkbox.Providing a default widget
WARNING: [IP_Flow 19-4067] Ignoring invalid widget type specified checkbox.Providing a default widget
WARNING: [IP_Flow 19-4067] Ignoring invalid widget type specified checkbox.Providing a default widget
WARNING: [IP_Flow 19-4067] Ignoring invalid widget type specified checkbox.Providing a default widget
WARNING: [IP_Flow 19-4067] Ignoring invalid widget type specified checkbox.Providing a default widget
reset_run synth_1
WARNING: [Vivado 12-1017] Problems encountered:
1. Failed to delete one or more files in run directory D:/GitHub/my_fpga/fpga_project1_High_speed_ADDA_realTime_spectrum_analyzer_PL/code/prj/top_ad_da_fir_lcd.runs/synth_1

launch_runs impl_1 -jobs 8
[Fri May  1 20:38:51 2026] Launched synth_1...
Run output will be captured here: D:/GitHub/my_fpga/fpga_project1_High_speed_ADDA_realTime_spectrum_analyzer_PL/code/prj/top_ad_da_fir_lcd.runs/synth_1/runme.log
[Fri May  1 20:38:51 2026] Launched impl_1...
Run output will be captured here: D:/GitHub/my_fpga/fpga_project1_High_speed_ADDA_realTime_spectrum_analyzer_PL/code/prj/top_ad_da_fir_lcd.runs/impl_1/runme.log
set_property CONFIG.ACLK_FREQ_HZ 100000000 [get_ips cordic_0]
ERROR: [Vivado 12-4371] Cannot find parameter 'ACLK_FREQ_HZ' on IP 'cordic_0'.
ERROR: [Vivado 12-1342] Failed to set property 'CONFIG.ACLK_FREQ_HZ' on IP 'cordic_0'.
ERROR: [Common 17-39] 'set_property' failed due to earlier errors.
reset_run synth_1
WARNING: [Vivado 12-1017] Problems encountered:
1. Failed to delete one or more files in run directory D:/GitHub/my_fpga/fpga_project1_High_speed_ADDA_realTime_spectrum_analyzer_PL/code/prj/top_ad_da_fir_lcd.runs/synth_1

launch_runs synth_1 -jobs 8
[Fri May  1 20:44:04 2026] Launched synth_1...
Run output will be captured here: D:/GitHub/my_fpga/fpga_project1_High_speed_ADDA_realTime_spectrum_analyzer_PL/code/prj/top_ad_da_fir_lcd.runs/synth_1/runme.log
launch_runs impl_1 -jobs 8
[Fri May  1 20:44:40 2026] Launched impl_1...
Run output will be captured here: D:/GitHub/my_fpga/fpga_project1_High_speed_ADDA_realTime_spectrum_analyzer_PL/code/prj/top_ad_da_fir_lcd.runs/impl_1/runme.log
report_timing_summary -delay_type min_max -report_unconstrained -check_timing_verbose -max_paths 10 -input_pins -routable_nets -name timing_1
INFO: [Timing 38-91] UpdateTimingParams: Speed grade: -2, Delay Type: min_max.
INFO: [Timing 38-191] Multithreading enabled for timing update using a maximum of 2 CPUs
WARNING: [Timing 38-436] There are set_bus_skew constraint(s) in this design. Please run report_bus_skew to ensure that bus skew requirements are met.
WARNING: [IP_Flow 19-4067] Ignoring invalid widget type specified checkbox.Providing a default widget
WARNING: [IP_Flow 19-4331] Invalid usage of property - Setting value property on PARAM_VALUE.ALL_PROBE_SAME_MU is not allowed in procedure update_gui_for_PARAM_VALUE.C_ADV_TRIGGER
open_run synth_1 -name synth_1
Design is defaulting to impl run constrset: constrs_1
Design is defaulting to synth run part: xc7z020clg400-2
INFO: [Project 1-454] Reading design checkpoint 'd:/GitHub/my_fpga/fpga_project1_High_speed_ADDA_realTime_spectrum_analyzer_PL/code/prj/top_ad_da_fir_lcd.gen/sources_1/ip/fir_lowpass/fir_lowpass.dcp' for cell 'fir_lowpass_inst'
INFO: [Project 1-454] Reading design checkpoint 'd:/GitHub/my_fpga/fpga_project1_High_speed_ADDA_realTime_spectrum_analyzer_PL/code/prj/top_ad_da_fir_lcd.gen/sources_1/ip/pll/pll.dcp' for cell 'u_pll'
INFO: [Project 1-454] Reading design checkpoint 'd:/GitHub/my_fpga/fpga_project1_High_speed_ADDA_realTime_spectrum_analyzer_PL/code/prj/top_ad_da_fir_lcd.gen/sources_1/ip/xfft_0/xfft_0.dcp' for cell 'xfft_0_inst'
INFO: [Project 1-454] Reading design checkpoint 'd:/GitHub/my_fpga/fpga_project1_High_speed_ADDA_realTime_spectrum_analyzer_PL/code/prj/top_ad_da_fir_lcd.gen/sources_1/ip/clk_wiz_0/clk_wiz_0.dcp' for cell 'hdmi_colorbar_top_inst/clk_wiz_0'
INFO: [Project 1-454] Reading design checkpoint 'd:/GitHub/my_fpga/fpga_project1_High_speed_ADDA_realTime_spectrum_analyzer_PL/code/prj/top_ad_da_fir_lcd.gen/sources_1/ip/rom_col_axle/rom_col_axle.dcp' for cell 'hdmi_colorbar_top_inst/u_video_display/u_rom_col_axle'
INFO: [Project 1-454] Reading design checkpoint 'd:/GitHub/my_fpga/fpga_project1_High_speed_ADDA_realTime_spectrum_analyzer_PL/code/prj/top_ad_da_fir_lcd.gen/sources_1/ip/rom_row_axle/rom_row_axle.dcp' for cell 'hdmi_colorbar_top_inst/u_video_display/u_rom_row_axle'
INFO: [Project 1-454] Reading design checkpoint 'd:/GitHub/my_fpga/fpga_project1_High_speed_ADDA_realTime_spectrum_analyzer_PL/code/prj/top_ad_da_fir_lcd.gen/sources_1/ip/cordic_0/cordic_0.dcp' for cell 'u_data_modulus/u_cordic_0'
INFO: [Project 1-454] Reading design checkpoint 'd:/GitHub/my_fpga/fpga_project1_High_speed_ADDA_realTime_spectrum_analyzer_PL/code/prj/top_ad_da_fir_lcd.gen/sources_1/ip/fifo_512x8/fifo_512x8.dcp' for cell 'u_fifo_ctrl/u_fifo_512x8'
INFO: [Project 1-454] Reading design checkpoint 'd:/GitHub/my_fpga/fpga_project1_High_speed_ADDA_realTime_spectrum_analyzer_PL/code/prj/top_ad_da_fir_lcd.gen/sources_1/ip/rom_256x8_0/rom_256x8_0.dcp' for cell 'u_hs_da/u_rom_256x8_0'
INFO: [Project 1-454] Reading design checkpoint 'd:/GitHub/my_fpga/fpga_project1_High_speed_ADDA_realTime_spectrum_analyzer_PL/code/prj/top_ad_da_fir_lcd.gen/sources_1/ip/rom_256x8_1/rom_256x8_1.dcp' for cell 'u_hs_da/u_rom_256x8_1'
Netlist sorting complete. Time (s): cpu = 00:00:01 ; elapsed = 00:00:00.065 . Memory (MB): peak = 4482.969 ; gain = 0.000
INFO: [Netlist 29-17] Analyzing 279 Unisim elements for replacement
INFO: [Netlist 29-28] Unisim Transformation completed in 0 CPU seconds
INFO: [Project 1-479] Netlist was created with Vivado 2020.2
INFO: [Project 1-570] Preparing netlist for logic optimization
WARNING: [Opt 31-32] Removing redundant IBUF since it is not being driven by a top-level port. hdmi_colorbar_top_inst/clk_wiz_0/inst/clkin1_ibufg 
Resolution: The tool has removed redundant IBUF. To resolve this warning, check for redundant IBUF in the input design.
WARNING: [Constraints 18-550] Could not create 'IBUF_LOW_PWR' constraint because net 'hdmi_colorbar_top_inst/clk_wiz_0/clk_in1' is not directly connected to top level port. Synthesis is ignored for IBUF_LOW_PWR but preserved for implementation.
Parsing XDC File [d:/GitHub/my_fpga/fpga_project1_High_speed_ADDA_realTime_spectrum_analyzer_PL/code/prj/top_ad_da_fir_lcd.gen/sources_1/ip/pll/pll_board.xdc] for cell 'u_pll/inst'
Finished Parsing XDC File [d:/GitHub/my_fpga/fpga_project1_High_speed_ADDA_realTime_spectrum_analyzer_PL/code/prj/top_ad_da_fir_lcd.gen/sources_1/ip/pll/pll_board.xdc] for cell 'u_pll/inst'
Parsing XDC File [d:/GitHub/my_fpga/fpga_project1_High_speed_ADDA_realTime_spectrum_analyzer_PL/code/prj/top_ad_da_fir_lcd.gen/sources_1/ip/pll/pll.xdc] for cell 'u_pll/inst'
INFO: [Timing 38-35] Done setting XDC timing constraints. [d:/GitHub/my_fpga/fpga_project1_High_speed_ADDA_realTime_spectrum_analyzer_PL/code/prj/top_ad_da_fir_lcd.gen/sources_1/ip/pll/pll.xdc:57]
INFO: [Timing 38-2] Deriving generated clocks [d:/GitHub/my_fpga/fpga_project1_High_speed_ADDA_realTime_spectrum_analyzer_PL/code/prj/top_ad_da_fir_lcd.gen/sources_1/ip/pll/pll.xdc:57]
Finished Parsing XDC File [d:/GitHub/my_fpga/fpga_project1_High_speed_ADDA_realTime_spectrum_analyzer_PL/code/prj/top_ad_da_fir_lcd.gen/sources_1/ip/pll/pll.xdc] for cell 'u_pll/inst'
Parsing XDC File [d:/GitHub/my_fpga/fpga_project1_High_speed_ADDA_realTime_spectrum_analyzer_PL/code/prj/top_ad_da_fir_lcd.gen/sources_1/ip/fir_lowpass/constraints/fir_compiler_v7_2.xdc] for cell 'fir_lowpass_inst/U0'
Finished Parsing XDC File [d:/GitHub/my_fpga/fpga_project1_High_speed_ADDA_realTime_spectrum_analyzer_PL/code/prj/top_ad_da_fir_lcd.gen/sources_1/ip/fir_lowpass/constraints/fir_compiler_v7_2.xdc] for cell 'fir_lowpass_inst/U0'
Parsing XDC File [d:/GitHub/my_fpga/fpga_project1_High_speed_ADDA_realTime_spectrum_analyzer_PL/code/prj/top_ad_da_fir_lcd.gen/sources_1/ip/fifo_512x8/fifo_512x8.xdc] for cell 'u_fifo_ctrl/u_fifo_512x8/U0'
Finished Parsing XDC File [d:/GitHub/my_fpga/fpga_project1_High_speed_ADDA_realTime_spectrum_analyzer_PL/code/prj/top_ad_da_fir_lcd.gen/sources_1/ip/fifo_512x8/fifo_512x8.xdc] for cell 'u_fifo_ctrl/u_fifo_512x8/U0'
Parsing XDC File [d:/GitHub/my_fpga/fpga_project1_High_speed_ADDA_realTime_spectrum_analyzer_PL/code/prj/top_ad_da_fir_lcd.gen/sources_1/ip/clk_wiz_0/clk_wiz_0_board.xdc] for cell 'hdmi_colorbar_top_inst/clk_wiz_0/inst'
Finished Parsing XDC File [d:/GitHub/my_fpga/fpga_project1_High_speed_ADDA_realTime_spectrum_analyzer_PL/code/prj/top_ad_da_fir_lcd.gen/sources_1/ip/clk_wiz_0/clk_wiz_0_board.xdc] for cell 'hdmi_colorbar_top_inst/clk_wiz_0/inst'
Parsing XDC File [d:/GitHub/my_fpga/fpga_project1_High_speed_ADDA_realTime_spectrum_analyzer_PL/code/prj/top_ad_da_fir_lcd.gen/sources_1/ip/clk_wiz_0/clk_wiz_0.xdc] for cell 'hdmi_colorbar_top_inst/clk_wiz_0/inst'
INFO: [Timing 38-2] Deriving generated clocks [d:/GitHub/my_fpga/fpga_project1_High_speed_ADDA_realTime_spectrum_analyzer_PL/code/prj/top_ad_da_fir_lcd.gen/sources_1/ip/clk_wiz_0/clk_wiz_0.xdc:57]
Finished Parsing XDC File [d:/GitHub/my_fpga/fpga_project1_High_speed_ADDA_realTime_spectrum_analyzer_PL/code/prj/top_ad_da_fir_lcd.gen/sources_1/ip/clk_wiz_0/clk_wiz_0.xdc] for cell 'hdmi_colorbar_top_inst/clk_wiz_0/inst'
Parsing XDC File [D:/GitHub/my_fpga/fpga_project1_High_speed_ADDA_realTime_spectrum_analyzer_PL/code/prj/top_ad_da_fir_lcd.srcs/constrs_1/new/top_ad_da_fir_lcd.xdc]
WARNING: [Constraints 18-619] A clock with name 'sys_clk' already exists, overwriting the previous clock with the same name. [D:/GitHub/my_fpga/fpga_project1_High_speed_ADDA_realTime_spectrum_analyzer_PL/code/prj/top_ad_da_fir_lcd.srcs/constrs_1/new/top_ad_da_fir_lcd.xdc:2]
Finished Parsing XDC File [D:/GitHub/my_fpga/fpga_project1_High_speed_ADDA_realTime_spectrum_analyzer_PL/code/prj/top_ad_da_fir_lcd.srcs/constrs_1/new/top_ad_da_fir_lcd.xdc]
Parsing XDC File [d:/GitHub/my_fpga/fpga_project1_High_speed_ADDA_realTime_spectrum_analyzer_PL/code/prj/top_ad_da_fir_lcd.gen/sources_1/ip/fifo_512x8/fifo_512x8_clocks.xdc] for cell 'u_fifo_ctrl/u_fifo_512x8/U0'
Finished Parsing XDC File [d:/GitHub/my_fpga/fpga_project1_High_speed_ADDA_realTime_spectrum_analyzer_PL/code/prj/top_ad_da_fir_lcd.gen/sources_1/ip/fifo_512x8/fifo_512x8_clocks.xdc] for cell 'u_fifo_ctrl/u_fifo_512x8/U0'
INFO: [Project 1-1715] 1 XPM XDC files have been applied to the design.
INFO: [Opt 31-138] Pushed 0 inverter(s) to 0 load pin(s).
Netlist sorting complete. Time (s): cpu = 00:00:00 ; elapsed = 00:00:00.002 . Memory (MB): peak = 4665.676 ; gain = 0.000
INFO: [Project 1-111] Unisim Transformation Summary:
No Unisim elements were transformed.

open_run: Time (s): cpu = 00:00:12 ; elapsed = 00:00:08 . Memory (MB): peak = 4762.723 ; gain = 304.160
exit
INFO: [Common 17-206] Exiting Vivado at Sat May  2 09:02:36 2026...
