Analysis & Synthesis report for dds
Thu Mar 05 12:02:02 2026
Quartus II 64-Bit Version 13.1.0 Build 162 10/23/2013 SJ Full Version


---------------------
; Table of Contents ;
---------------------
  1. Legal Notice
  2. Analysis & Synthesis Summary
  3. Analysis & Synthesis Settings
  4. Parallel Compilation
  5. Analysis & Synthesis Source Files Read
  6. Analysis & Synthesis Resource Usage Summary
  7. Analysis & Synthesis Resource Utilization by Entity
  8. Analysis & Synthesis RAM Summary
  9. Analysis & Synthesis IP Cores Summary
 10. Registers Removed During Synthesis
 11. Removed Registers Triggering Further Register Optimizations
 12. General Register Statistics
 13. Inverted Register Statistics
 14. Multiplexer Restructuring Statistics (Restructuring Performed)
 15. Source assignments for dds_ctrl:d1|dds_rom:d1|altsyncram:altsyncram_component|altsyncram_kg91:auto_generated
 16. Parameter Settings for User Entity Instance: key_filter:k1
 17. Parameter Settings for User Entity Instance: key_filter:k2
 18. Parameter Settings for User Entity Instance: key_filter:k3
 19. Parameter Settings for User Entity Instance: key_filter:k4
 20. Parameter Settings for User Entity Instance: adjust_ctrl:a1
 21. Parameter Settings for User Entity Instance: dds_ctrl:d1|dds_rom:d1|altsyncram:altsyncram_component
 22. Parameter Settings for Inferred Entity Instance: dds_ctrl:d1|lpm_mult:Mult0
 23. Parameter Settings for Inferred Entity Instance: dds_ctrl:d1|f_word_cal:f1|lpm_divide:Div0
 24. altsyncram Parameter Settings by Entity Instance
 25. lpm_mult Parameter Settings by Entity Instance
 26. Port Connectivity Checks: "key_filter:k4"
 27. Port Connectivity Checks: "key_filter:k3"
 28. Port Connectivity Checks: "key_filter:k2"
 29. Port Connectivity Checks: "key_filter:k1"
 30. Elapsed Time Per Partition
 31. Analysis & Synthesis Messages



----------------
; Legal Notice ;
----------------
Copyright (C) 1991-2013 Altera Corporation
Your use of Altera Corporation's design tools, logic functions 
and other software and tools, and its AMPP partner logic 
functions, and any output files from any of the foregoing 
(including device programming or simulation files), and any 
associated documentation or information are expressly subject 
to the terms and conditions of the Altera Program License 
Subscription Agreement, Altera MegaCore Function License 
Agreement, or other applicable license agreement, including, 
without limitation, that your use is for the sole purpose of 
programming logic devices manufactured by Altera and sold by 
Altera or its authorized distributors.  Please refer to the 
applicable agreement for further details.



+----------------------------------------------------------------------------------+
; Analysis & Synthesis Summary                                                     ;
+------------------------------------+---------------------------------------------+
; Analysis & Synthesis Status        ; Successful - Thu Mar 05 12:02:02 2026       ;
; Quartus II 64-Bit Version          ; 13.1.0 Build 162 10/23/2013 SJ Full Version ;
; Revision Name                      ; dds                                         ;
; Top-level Entity Name              ; dds_top                                     ;
; Family                             ; Cyclone IV E                                ;
; Total logic elements               ; 1,577                                       ;
;     Total combinational functions  ; 1,569                                       ;
;     Dedicated logic registers      ; 201                                         ;
; Total registers                    ; 201                                         ;
; Total pins                         ; 16                                          ;
; Total virtual pins                 ; 0                                           ;
; Total memory bits                  ; 8,192                                       ;
; Embedded Multiplier 9-bit elements ; 0                                           ;
; Total PLLs                         ; 0                                           ;
+------------------------------------+---------------------------------------------+


+----------------------------------------------------------------------------------------------------------------------+
; Analysis & Synthesis Settings                                                                                        ;
+----------------------------------------------------------------------------+--------------------+--------------------+
; Option                                                                     ; Setting            ; Default Value      ;
+----------------------------------------------------------------------------+--------------------+--------------------+
; Device                                                                     ; EP4CE10F17C8       ;                    ;
; Top-level entity name                                                      ; dds_top            ; dds                ;
; Family name                                                                ; Cyclone IV E       ; Cyclone IV GX      ;
; Use smart compilation                                                      ; Off                ; Off                ;
; Enable parallel Assembler and TimeQuest Timing Analyzer during compilation ; On                 ; On                 ;
; Enable compact report table                                                ; Off                ; Off                ;
; Restructure Multiplexers                                                   ; Auto               ; Auto               ;
; Create Debugging Nodes for IP Cores                                        ; Off                ; Off                ;
; Preserve fewer node names                                                  ; On                 ; On                 ;
; Disable OpenCore Plus hardware evaluation                                  ; Off                ; Off                ;
; Verilog Version                                                            ; Verilog_2001       ; Verilog_2001       ;
; VHDL Version                                                               ; VHDL_1993          ; VHDL_1993          ;
; State Machine Processing                                                   ; Auto               ; Auto               ;
; Safe State Machine                                                         ; Off                ; Off                ;
; Extract Verilog State Machines                                             ; On                 ; On                 ;
; Extract VHDL State Machines                                                ; On                 ; On                 ;
; Ignore Verilog initial constructs                                          ; Off                ; Off                ;
; Iteration limit for constant Verilog loops                                 ; 5000               ; 5000               ;
; Iteration limit for non-constant Verilog loops                             ; 250                ; 250                ;
; Add Pass-Through Logic to Inferred RAMs                                    ; On                 ; On                 ;
; Infer RAMs from Raw Logic                                                  ; On                 ; On                 ;
; Parallel Synthesis                                                         ; On                 ; On                 ;
; DSP Block Balancing                                                        ; Auto               ; Auto               ;
; NOT Gate Push-Back                                                         ; On                 ; On                 ;
; Power-Up Don't Care                                                        ; On                 ; On                 ;
; Remove Redundant Logic Cells                                               ; Off                ; Off                ;
; Remove Duplicate Registers                                                 ; On                 ; On                 ;
; Ignore CARRY Buffers                                                       ; Off                ; Off                ;
; Ignore CASCADE Buffers                                                     ; Off                ; Off                ;
; Ignore GLOBAL Buffers                                                      ; Off                ; Off                ;
; Ignore ROW GLOBAL Buffers                                                  ; Off                ; Off                ;
; Ignore LCELL Buffers                                                       ; Off                ; Off                ;
; Ignore SOFT Buffers                                                        ; On                 ; On                 ;
; Limit AHDL Integers to 32 Bits                                             ; Off                ; Off                ;
; Optimization Technique                                                     ; Balanced           ; Balanced           ;
; Carry Chain Length                                                         ; 70                 ; 70                 ;
; Auto Carry Chains                                                          ; On                 ; On                 ;
; Auto Open-Drain Pins                                                       ; On                 ; On                 ;
; Perform WYSIWYG Primitive Resynthesis                                      ; Off                ; Off                ;
; Auto ROM Replacement                                                       ; On                 ; On                 ;
; Auto RAM Replacement                                                       ; On                 ; On                 ;
; Auto DSP Block Replacement                                                 ; On                 ; On                 ;
; Auto Shift Register Replacement                                            ; Auto               ; Auto               ;
; Allow Shift Register Merging across Hierarchies                            ; Auto               ; Auto               ;
; Auto Clock Enable Replacement                                              ; On                 ; On                 ;
; Strict RAM Replacement                                                     ; Off                ; Off                ;
; Allow Synchronous Control Signals                                          ; On                 ; On                 ;
; Force Use of Synchronous Clear Signals                                     ; Off                ; Off                ;
; Auto RAM Block Balancing                                                   ; On                 ; On                 ;
; Auto RAM to Logic Cell Conversion                                          ; Off                ; Off                ;
; Auto Resource Sharing                                                      ; Off                ; Off                ;
; Allow Any RAM Size For Recognition                                         ; Off                ; Off                ;
; Allow Any ROM Size For Recognition                                         ; Off                ; Off                ;
; Allow Any Shift Register Size For Recognition                              ; Off                ; Off                ;
; Use LogicLock Constraints during Resource Balancing                        ; On                 ; On                 ;
; Ignore translate_off and synthesis_off directives                          ; Off                ; Off                ;
; Timing-Driven Synthesis                                                    ; On                 ; On                 ;
; Report Parameter Settings                                                  ; On                 ; On                 ;
; Report Source Assignments                                                  ; On                 ; On                 ;
; Report Connectivity Checks                                                 ; On                 ; On                 ;
; Ignore Maximum Fan-Out Assignments                                         ; Off                ; Off                ;
; Synchronization Register Chain Length                                      ; 2                  ; 2                  ;
; PowerPlay Power Optimization                                               ; Normal compilation ; Normal compilation ;
; HDL message level                                                          ; Level2             ; Level2             ;
; Suppress Register Optimization Related Messages                            ; Off                ; Off                ;
; Number of Removed Registers Reported in Synthesis Report                   ; 5000               ; 5000               ;
; Number of Swept Nodes Reported in Synthesis Report                         ; 5000               ; 5000               ;
; Number of Inverted Registers Reported in Synthesis Report                  ; 100                ; 100                ;
; Clock MUX Protection                                                       ; On                 ; On                 ;
; Auto Gated Clock Conversion                                                ; Off                ; Off                ;
; Block Design Naming                                                        ; Auto               ; Auto               ;
; SDC constraint protection                                                  ; Off                ; Off                ;
; Synthesis Effort                                                           ; Auto               ; Auto               ;
; Shift Register Replacement - Allow Asynchronous Clear Signal               ; On                 ; On                 ;
; Pre-Mapping Resynthesis Optimization                                       ; Off                ; Off                ;
; Analysis & Synthesis Message Level                                         ; Medium             ; Medium             ;
; Disable Register Merging Across Hierarchies                                ; Auto               ; Auto               ;
; Resource Aware Inference For Block RAM                                     ; On                 ; On                 ;
; Synthesis Seed                                                             ; 1                  ; 1                  ;
+----------------------------------------------------------------------------+--------------------+--------------------+


+------------------------------------------+
; Parallel Compilation                     ;
+----------------------------+-------------+
; Processors                 ; Number      ;
+----------------------------+-------------+
; Number detected on machine ; 8           ;
; Maximum allowed            ; 4           ;
;                            ;             ;
; Average used               ; 1.00        ;
; Maximum used               ; 4           ;
;                            ;             ;
; Usage by Processor         ; % Time Used ;
;     Processor 1            ; 100.0%      ;
;     Processors 2-4         ; < 0.1%      ;
;     Processors 5-8         ;   0.0%      ;
+----------------------------+-------------+


+----------------------------------------------------------------------------------------------------------------------------------------------------------------------------+
; Analysis & Synthesis Source Files Read                                                                                                                                     ;
+----------------------------------+-----------------+----------------------------------------+--------------------------------------------------------------------+---------+
; File Name with User-Entered Path ; Used in Netlist ; File Type                              ; File Name with Absolute Path                                       ; Library ;
+----------------------------------+-----------------+----------------------------------------+--------------------------------------------------------------------+---------+
; ../src/key_filter.v              ; yes             ; User Verilog HDL File                  ; C:/Users/dell/Desktop/ZX/3.5/dds/src/key_filter.v                  ;         ;
; ../src/dds_top.v                 ; yes             ; User Verilog HDL File                  ; C:/Users/dell/Desktop/ZX/3.5/dds/src/dds_top.v                     ;         ;
; ../src/adjust_ctrl.v             ; yes             ; User Verilog HDL File                  ; C:/Users/dell/Desktop/ZX/3.5/dds/src/adjust_ctrl.v                 ;         ;
; ../ip/dds_rom.v                  ; yes             ; User Wizard-Generated File             ; C:/Users/dell/Desktop/ZX/3.5/dds/ip/dds_rom.v                      ;         ;
; ../src/f_word_cal.v              ; yes             ; User Verilog HDL File                  ; C:/Users/dell/Desktop/ZX/3.5/dds/src/f_word_cal.v                  ;         ;
; ../src/addr_ctrl.v               ; yes             ; User Verilog HDL File                  ; C:/Users/dell/Desktop/ZX/3.5/dds/src/addr_ctrl.v                   ;         ;
; ../src/dds_ctrl.v                ; yes             ; User Verilog HDL File                  ; C:/Users/dell/Desktop/ZX/3.5/dds/src/dds_ctrl.v                    ;         ;
; altsyncram.tdf                   ; yes             ; Megafunction                           ; e:/quartus/quartus/libraries/megafunctions/altsyncram.tdf          ;         ;
; stratix_ram_block.inc            ; yes             ; Megafunction                           ; e:/quartus/quartus/libraries/megafunctions/stratix_ram_block.inc   ;         ;
; lpm_mux.inc                      ; yes             ; Megafunction                           ; e:/quartus/quartus/libraries/megafunctions/lpm_mux.inc             ;         ;
; lpm_decode.inc                   ; yes             ; Megafunction                           ; e:/quartus/quartus/libraries/megafunctions/lpm_decode.inc          ;         ;
; aglobal131.inc                   ; yes             ; Megafunction                           ; e:/quartus/quartus/libraries/megafunctions/aglobal131.inc          ;         ;
; a_rdenreg.inc                    ; yes             ; Megafunction                           ; e:/quartus/quartus/libraries/megafunctions/a_rdenreg.inc           ;         ;
; altrom.inc                       ; yes             ; Megafunction                           ; e:/quartus/quartus/libraries/megafunctions/altrom.inc              ;         ;
; altram.inc                       ; yes             ; Megafunction                           ; e:/quartus/quartus/libraries/megafunctions/altram.inc              ;         ;
; altdpram.inc                     ; yes             ; Megafunction                           ; e:/quartus/quartus/libraries/megafunctions/altdpram.inc            ;         ;
; db/altsyncram_kg91.tdf           ; yes             ; Auto-Generated Megafunction            ; C:/Users/dell/Desktop/ZX/3.5/dds/prj/db/altsyncram_kg91.tdf        ;         ;
; dds.mif                          ; yes             ; Auto-Found Memory Initialization File  ; C:/Users/dell/Desktop/ZX/3.5/dds/prj/dds.mif                       ;         ;
; lpm_mult.tdf                     ; yes             ; Megafunction                           ; e:/quartus/quartus/libraries/megafunctions/lpm_mult.tdf            ;         ;
; lpm_add_sub.inc                  ; yes             ; Megafunction                           ; e:/quartus/quartus/libraries/megafunctions/lpm_add_sub.inc         ;         ;
; multcore.inc                     ; yes             ; Megafunction                           ; e:/quartus/quartus/libraries/megafunctions/multcore.inc            ;         ;
; bypassff.inc                     ; yes             ; Megafunction                           ; e:/quartus/quartus/libraries/megafunctions/bypassff.inc            ;         ;
; altshift.inc                     ; yes             ; Megafunction                           ; e:/quartus/quartus/libraries/megafunctions/altshift.inc            ;         ;
; multcore.tdf                     ; yes             ; Megafunction                           ; e:/quartus/quartus/libraries/megafunctions/multcore.tdf            ;         ;
; csa_add.inc                      ; yes             ; Megafunction                           ; e:/quartus/quartus/libraries/megafunctions/csa_add.inc             ;         ;
; mpar_add.inc                     ; yes             ; Megafunction                           ; e:/quartus/quartus/libraries/megafunctions/mpar_add.inc            ;         ;
; muleabz.inc                      ; yes             ; Megafunction                           ; e:/quartus/quartus/libraries/megafunctions/muleabz.inc             ;         ;
; mul_lfrg.inc                     ; yes             ; Megafunction                           ; e:/quartus/quartus/libraries/megafunctions/mul_lfrg.inc            ;         ;
; mul_boothc.inc                   ; yes             ; Megafunction                           ; e:/quartus/quartus/libraries/megafunctions/mul_boothc.inc          ;         ;
; alt_ded_mult.inc                 ; yes             ; Megafunction                           ; e:/quartus/quartus/libraries/megafunctions/alt_ded_mult.inc        ;         ;
; alt_ded_mult_y.inc               ; yes             ; Megafunction                           ; e:/quartus/quartus/libraries/megafunctions/alt_ded_mult_y.inc      ;         ;
; dffpipe.inc                      ; yes             ; Megafunction                           ; e:/quartus/quartus/libraries/megafunctions/dffpipe.inc             ;         ;
; mpar_add.tdf                     ; yes             ; Megafunction                           ; e:/quartus/quartus/libraries/megafunctions/mpar_add.tdf            ;         ;
; lpm_add_sub.tdf                  ; yes             ; Megafunction                           ; e:/quartus/quartus/libraries/megafunctions/lpm_add_sub.tdf         ;         ;
; addcore.inc                      ; yes             ; Megafunction                           ; e:/quartus/quartus/libraries/megafunctions/addcore.inc             ;         ;
; look_add.inc                     ; yes             ; Megafunction                           ; e:/quartus/quartus/libraries/megafunctions/look_add.inc            ;         ;
; alt_stratix_add_sub.inc          ; yes             ; Megafunction                           ; e:/quartus/quartus/libraries/megafunctions/alt_stratix_add_sub.inc ;         ;
; db/add_sub_nbh.tdf               ; yes             ; Auto-Generated Megafunction            ; C:/Users/dell/Desktop/ZX/3.5/dds/prj/db/add_sub_nbh.tdf            ;         ;
; db/add_sub_vch.tdf               ; yes             ; Auto-Generated Megafunction            ; C:/Users/dell/Desktop/ZX/3.5/dds/prj/db/add_sub_vch.tdf            ;         ;
; altshift.tdf                     ; yes             ; Megafunction                           ; e:/quartus/quartus/libraries/megafunctions/altshift.tdf            ;         ;
; lpm_divide.tdf                   ; yes             ; Megafunction                           ; e:/quartus/quartus/libraries/megafunctions/lpm_divide.tdf          ;         ;
; abs_divider.inc                  ; yes             ; Megafunction                           ; e:/quartus/quartus/libraries/megafunctions/abs_divider.inc         ;         ;
; sign_div_unsign.inc              ; yes             ; Megafunction                           ; e:/quartus/quartus/libraries/megafunctions/sign_div_unsign.inc     ;         ;
; db/lpm_divide_pkm.tdf            ; yes             ; Auto-Generated Megafunction            ; C:/Users/dell/Desktop/ZX/3.5/dds/prj/db/lpm_divide_pkm.tdf         ;         ;
; db/sign_div_unsign_hnh.tdf       ; yes             ; Auto-Generated Megafunction            ; C:/Users/dell/Desktop/ZX/3.5/dds/prj/db/sign_div_unsign_hnh.tdf    ;         ;
; db/alt_u_div_maf.tdf             ; yes             ; Auto-Generated Megafunction            ; C:/Users/dell/Desktop/ZX/3.5/dds/prj/db/alt_u_div_maf.tdf          ;         ;
; db/add_sub_7pc.tdf               ; yes             ; Auto-Generated Megafunction            ; C:/Users/dell/Desktop/ZX/3.5/dds/prj/db/add_sub_7pc.tdf            ;         ;
; db/add_sub_8pc.tdf               ; yes             ; Auto-Generated Megafunction            ; C:/Users/dell/Desktop/ZX/3.5/dds/prj/db/add_sub_8pc.tdf            ;         ;
+----------------------------------+-----------------+----------------------------------------+--------------------------------------------------------------------+---------+


+---------------------------------------------------------+
; Analysis & Synthesis Resource Usage Summary             ;
+---------------------------------------------+-----------+
; Resource                                    ; Usage     ;
+---------------------------------------------+-----------+
; Estimated Total logic elements              ; 1,577     ;
;                                             ;           ;
; Total combinational functions               ; 1569      ;
; Logic element usage by number of LUT inputs ;           ;
;     -- 4 input functions                    ; 459       ;
;     -- 3 input functions                    ; 448       ;
;     -- <=2 input functions                  ; 662       ;
;                                             ;           ;
; Logic elements by mode                      ;           ;
;     -- normal mode                          ; 972       ;
;     -- arithmetic mode                      ; 597       ;
;                                             ;           ;
; Total registers                             ; 201       ;
;     -- Dedicated logic registers            ; 201       ;
;     -- I/O registers                        ; 0         ;
;                                             ;           ;
; I/O pins                                    ; 16        ;
; Total memory bits                           ; 8192      ;
; Embedded Multiplier 9-bit elements          ; 0         ;
; Maximum fan-out node                        ; clk~input ;
; Maximum fan-out                             ; 209       ;
; Total fan-out                               ; 5299      ;
; Average fan-out                             ; 2.93      ;
+---------------------------------------------+-----------+


+----------------------------------------------------------------------------------------------------------------------------------------------------------------------------------------------------------------------------------------------------------------------------------------------------------------------------+
; Analysis & Synthesis Resource Utilization by Entity                                                                                                                                                                                                                                                                        ;
+---------------------------------------------------+-------------------+--------------+-------------+--------------+---------+-----------+------+--------------+---------------------------------------------------------------------------------------------------------------------------------------------+--------------+
; Compilation Hierarchy Node                        ; LC Combinationals ; LC Registers ; Memory Bits ; DSP Elements ; DSP 9x9 ; DSP 18x18 ; Pins ; Virtual Pins ; Full Hierarchy Name                                                                                                                         ; Library Name ;
+---------------------------------------------------+-------------------+--------------+-------------+--------------+---------+-----------+------+--------------+---------------------------------------------------------------------------------------------------------------------------------------------+--------------+
; |dds_top                                          ; 1569 (1)          ; 201 (0)      ; 8192        ; 0            ; 0       ; 0         ; 16   ; 0            ; |dds_top                                                                                                                                    ; work         ;
;    |adjust_ctrl:a1|                               ; 271 (271)         ; 77 (77)      ; 0           ; 0            ; 0       ; 0         ; 0    ; 0            ; |dds_top|adjust_ctrl:a1                                                                                                                     ; work         ;
;    |dds_ctrl:d1|                                  ; 1180 (0)          ; 32 (0)       ; 8192        ; 0            ; 0       ; 0         ; 0    ; 0            ; |dds_top|dds_ctrl:d1                                                                                                                        ; work         ;
;       |addr_ctrl:a1|                              ; 32 (32)           ; 32 (32)      ; 0           ; 0            ; 0       ; 0         ; 0    ; 0            ; |dds_top|dds_ctrl:d1|addr_ctrl:a1                                                                                                           ; work         ;
;       |dds_rom:d1|                                ; 0 (0)             ; 0 (0)        ; 8192        ; 0            ; 0       ; 0         ; 0    ; 0            ; |dds_top|dds_ctrl:d1|dds_rom:d1                                                                                                             ; work         ;
;          |altsyncram:altsyncram_component|        ; 0 (0)             ; 0 (0)        ; 8192        ; 0            ; 0       ; 0         ; 0    ; 0            ; |dds_top|dds_ctrl:d1|dds_rom:d1|altsyncram:altsyncram_component                                                                             ; work         ;
;             |altsyncram_kg91:auto_generated|      ; 0 (0)             ; 0 (0)        ; 8192        ; 0            ; 0       ; 0         ; 0    ; 0            ; |dds_top|dds_ctrl:d1|dds_rom:d1|altsyncram:altsyncram_component|altsyncram_kg91:auto_generated                                              ; work         ;
;       |f_word_cal:f1|                             ; 1106 (0)          ; 0 (0)        ; 0           ; 0            ; 0       ; 0         ; 0    ; 0            ; |dds_top|dds_ctrl:d1|f_word_cal:f1                                                                                                          ; work         ;
;          |lpm_divide:Div0|                        ; 1106 (0)          ; 0 (0)        ; 0           ; 0            ; 0       ; 0         ; 0    ; 0            ; |dds_top|dds_ctrl:d1|f_word_cal:f1|lpm_divide:Div0                                                                                          ; work         ;
;             |lpm_divide_pkm:auto_generated|       ; 1106 (0)          ; 0 (0)        ; 0           ; 0            ; 0       ; 0         ; 0    ; 0            ; |dds_top|dds_ctrl:d1|f_word_cal:f1|lpm_divide:Div0|lpm_divide_pkm:auto_generated                                                            ; work         ;
;                |sign_div_unsign_hnh:divider|      ; 1106 (0)          ; 0 (0)        ; 0           ; 0            ; 0       ; 0         ; 0    ; 0            ; |dds_top|dds_ctrl:d1|f_word_cal:f1|lpm_divide:Div0|lpm_divide_pkm:auto_generated|sign_div_unsign_hnh:divider                                ; work         ;
;                   |alt_u_div_maf:divider|         ; 1106 (1106)       ; 0 (0)        ; 0           ; 0            ; 0       ; 0         ; 0    ; 0            ; |dds_top|dds_ctrl:d1|f_word_cal:f1|lpm_divide:Div0|lpm_divide_pkm:auto_generated|sign_div_unsign_hnh:divider|alt_u_div_maf:divider          ; work         ;
;       |lpm_mult:Mult0|                            ; 42 (0)            ; 0 (0)        ; 0           ; 0            ; 0       ; 0         ; 0    ; 0            ; |dds_top|dds_ctrl:d1|lpm_mult:Mult0                                                                                                         ; work         ;
;          |multcore:mult_core|                     ; 42 (24)           ; 0 (0)        ; 0           ; 0            ; 0       ; 0         ; 0    ; 0            ; |dds_top|dds_ctrl:d1|lpm_mult:Mult0|multcore:mult_core                                                                                      ; work         ;
;             |mpar_add:padder|                     ; 18 (0)            ; 0 (0)        ; 0           ; 0            ; 0       ; 0         ; 0    ; 0            ; |dds_top|dds_ctrl:d1|lpm_mult:Mult0|multcore:mult_core|mpar_add:padder                                                                      ; work         ;
;                |lpm_add_sub:adder[0]|             ; 9 (0)             ; 0 (0)        ; 0           ; 0            ; 0       ; 0         ; 0    ; 0            ; |dds_top|dds_ctrl:d1|lpm_mult:Mult0|multcore:mult_core|mpar_add:padder|lpm_add_sub:adder[0]                                                 ; work         ;
;                   |add_sub_nbh:auto_generated|    ; 9 (9)             ; 0 (0)        ; 0           ; 0            ; 0       ; 0         ; 0    ; 0            ; |dds_top|dds_ctrl:d1|lpm_mult:Mult0|multcore:mult_core|mpar_add:padder|lpm_add_sub:adder[0]|add_sub_nbh:auto_generated                      ; work         ;
;                |mpar_add:sub_par_add|             ; 9 (0)             ; 0 (0)        ; 0           ; 0            ; 0       ; 0         ; 0    ; 0            ; |dds_top|dds_ctrl:d1|lpm_mult:Mult0|multcore:mult_core|mpar_add:padder|mpar_add:sub_par_add                                                 ; work         ;
;                   |lpm_add_sub:adder[0]|          ; 9 (0)             ; 0 (0)        ; 0           ; 0            ; 0       ; 0         ; 0    ; 0            ; |dds_top|dds_ctrl:d1|lpm_mult:Mult0|multcore:mult_core|mpar_add:padder|mpar_add:sub_par_add|lpm_add_sub:adder[0]                            ; work         ;
;                      |add_sub_vch:auto_generated| ; 9 (9)             ; 0 (0)        ; 0           ; 0            ; 0       ; 0         ; 0    ; 0            ; |dds_top|dds_ctrl:d1|lpm_mult:Mult0|multcore:mult_core|mpar_add:padder|mpar_add:sub_par_add|lpm_add_sub:adder[0]|add_sub_vch:auto_generated ; work         ;
;    |key_filter:k1|                                ; 29 (29)           ; 23 (23)      ; 0           ; 0            ; 0       ; 0         ; 0    ; 0            ; |dds_top|key_filter:k1                                                                                                                      ; work         ;
;    |key_filter:k2|                                ; 29 (29)           ; 23 (23)      ; 0           ; 0            ; 0       ; 0         ; 0    ; 0            ; |dds_top|key_filter:k2                                                                                                                      ; work         ;
;    |key_filter:k3|                                ; 30 (30)           ; 23 (23)      ; 0           ; 0            ; 0       ; 0         ; 0    ; 0            ; |dds_top|key_filter:k3                                                                                                                      ; work         ;
;    |key_filter:k4|                                ; 29 (29)           ; 23 (23)      ; 0           ; 0            ; 0       ; 0         ; 0    ; 0            ; |dds_top|key_filter:k4                                                                                                                      ; work         ;
+---------------------------------------------------+-------------------+--------------+-------------+--------------+---------+-----------+------+--------------+---------------------------------------------------------------------------------------------------------------------------------------------+--------------+
Note: For table entries with two numbers listed, the numbers in parentheses indicate the number of resources of the given type used by the specific entity alone. The numbers listed outside of parentheses indicate the total resources of the given type used by the specific entity and all of its sub-entities in the hierarchy.


+----------------------------------------------------------------------------------------------------------------------------------------------------------------------------------------------------+
; Analysis & Synthesis RAM Summary                                                                                                                                                                   ;
+--------------------------------------------------------------------------------------------------+------+------+--------------+--------------+--------------+--------------+------+----------------+
; Name                                                                                             ; Type ; Mode ; Port A Depth ; Port A Width ; Port B Depth ; Port B Width ; Size ; MIF            ;
+--------------------------------------------------------------------------------------------------+------+------+--------------+--------------+--------------+--------------+------+----------------+
; dds_ctrl:d1|dds_rom:d1|altsyncram:altsyncram_component|altsyncram_kg91:auto_generated|ALTSYNCRAM ; AUTO ; ROM  ; 1024         ; 8            ; --           ; --           ; 8192 ; ../prj/dds.mif ;
+--------------------------------------------------------------------------------------------------+------+------+--------------+--------------+--------------+--------------+------+----------------+


+-------------------------------------------------------------------------------------------------------------------------------------------------+
; Analysis & Synthesis IP Cores Summary                                                                                                           ;
+--------+--------------+---------+--------------+--------------+---------------------------------+-----------------------------------------------+
; Vendor ; IP Core Name ; Version ; Release Date ; License Type ; Entity Instance                 ; IP Include File                               ;
+--------+--------------+---------+--------------+--------------+---------------------------------+-----------------------------------------------+
; Altera ; ROM: 1-PORT  ; 13.1    ; N/A          ; N/A          ; |dds_top|dds_ctrl:d1|dds_rom:d1 ; C:/Users/dell/Desktop/ZX/3.5/dds/ip/dds_rom.v ;
+--------+--------------+---------+--------------+--------------+---------------------------------+-----------------------------------------------+


+---------------------------------------------------------------------------------+
; Registers Removed During Synthesis                                              ;
+----------------------------------------+----------------------------------------+
; Register name                          ; Reason for Removal                     ;
+----------------------------------------+----------------------------------------+
; adjust_ctrl:a1|wave_f1[0]              ; Merged with adjust_ctrl:a1|wave_f1[1]  ;
; adjust_ctrl:a1|wave_f2[0]              ; Merged with adjust_ctrl:a1|wave_f2[1]  ;
; adjust_ctrl:a1|wave_f3[0]              ; Merged with adjust_ctrl:a1|wave_f3[1]  ;
; adjust_ctrl:a1|wave_f4[0]              ; Merged with adjust_ctrl:a1|wave_f4[1]  ;
; adjust_ctrl:a1|wave_f[1]               ; Merged with adjust_ctrl:a1|wave_f[0]   ;
; adjust_ctrl:a1|wave_f1[1]              ; Stuck at GND due to stuck port data_in ;
; adjust_ctrl:a1|wave_f2[1]              ; Stuck at GND due to stuck port data_in ;
; adjust_ctrl:a1|wave_f3[1]              ; Stuck at GND due to stuck port data_in ;
; adjust_ctrl:a1|wave_f4[1]              ; Stuck at GND due to stuck port data_in ;
; adjust_ctrl:a1|wave_f[0]               ; Stuck at GND due to stuck port data_in ;
; key_filter:k1|state                    ; Merged with key_filter:k1|key_out      ;
; key_filter:k2|state                    ; Merged with key_filter:k2|key_out      ;
; key_filter:k3|state                    ; Merged with key_filter:k3|key_out      ;
; key_filter:k4|state                    ; Merged with key_filter:k4|key_out      ;
; Total Number of Removed Registers = 14 ;                                        ;
+----------------------------------------+----------------------------------------+


+------------------------------------------------------------------------------------------------+
; Removed Registers Triggering Further Register Optimizations                                    ;
+---------------------------+---------------------------+----------------------------------------+
; Register name             ; Reason for Removal        ; Registers Removed due to This Register ;
+---------------------------+---------------------------+----------------------------------------+
; adjust_ctrl:a1|wave_f1[1] ; Stuck at GND              ; adjust_ctrl:a1|wave_f[0]               ;
;                           ; due to stuck port data_in ;                                        ;
+---------------------------+---------------------------+----------------------------------------+


+------------------------------------------------------+
; General Register Statistics                          ;
+----------------------------------------------+-------+
; Statistic                                    ; Value ;
+----------------------------------------------+-------+
; Total registers                              ; 201   ;
; Number of registers using Synchronous Clear  ; 80    ;
; Number of registers using Synchronous Load   ; 0     ;
; Number of registers using Asynchronous Clear ; 201   ;
; Number of registers using Asynchronous Load  ; 0     ;
; Number of registers using Clock Enable       ; 60    ;
; Number of registers using Preset             ; 0     ;
+----------------------------------------------+-------+


+---------------------------------------------------+
; Inverted Register Statistics                      ;
+-----------------------------------------+---------+
; Inverted Register                       ; Fan out ;
+-----------------------------------------+---------+
; adjust_ctrl:a1|wave_a[0]                ; 8       ;
; adjust_ctrl:a1|wave_a2[0]               ; 4       ;
; adjust_ctrl:a1|wave_a3[0]               ; 4       ;
; adjust_ctrl:a1|wave_a1[0]               ; 4       ;
; adjust_ctrl:a1|wave_a4[0]               ; 4       ;
; adjust_ctrl:a1|wave_f[6]                ; 3       ;
; adjust_ctrl:a1|wave_f[5]                ; 3       ;
; adjust_ctrl:a1|wave_f[2]                ; 4       ;
; key_filter:k1|key_buff2                 ; 2       ;
; key_filter:k1|key_buff1                 ; 3       ;
; key_filter:k2|key_buff1                 ; 5       ;
; key_filter:k2|key_buff2                 ; 4       ;
; adjust_ctrl:a1|wave_f2[6]               ; 5       ;
; adjust_ctrl:a1|wave_f3[6]               ; 5       ;
; adjust_ctrl:a1|wave_f1[6]               ; 5       ;
; adjust_ctrl:a1|wave_f4[6]               ; 5       ;
; adjust_ctrl:a1|wave_f3[5]               ; 5       ;
; adjust_ctrl:a1|wave_f2[5]               ; 5       ;
; adjust_ctrl:a1|wave_f1[5]               ; 5       ;
; adjust_ctrl:a1|wave_f4[5]               ; 5       ;
; adjust_ctrl:a1|wave_f2[2]               ; 4       ;
; adjust_ctrl:a1|wave_f3[2]               ; 4       ;
; adjust_ctrl:a1|wave_f1[2]               ; 4       ;
; adjust_ctrl:a1|wave_f4[2]               ; 4       ;
; key_filter:k1|key_out                   ; 3       ;
; key_filter:k2|key_out                   ; 3       ;
; key_filter:k3|key_buff1                 ; 49      ;
; key_filter:k3|key_buff2                 ; 48      ;
; key_filter:k4|key_buff2                 ; 1       ;
; key_filter:k4|key_buff1                 ; 2       ;
; key_filter:k3|key_out                   ; 3       ;
; key_filter:k4|key_out                   ; 3       ;
; Total number of inverted registers = 32 ;         ;
+-----------------------------------------+---------+


+---------------------------------------------------------------------------------------------------------------------------------------------------+
; Multiplexer Restructuring Statistics (Restructuring Performed)                                                                                    ;
+--------------------+-----------+---------------+----------------------+------------------------+------------+-------------------------------------+
; Multiplexer Inputs ; Bus Width ; Baseline Area ; Area if Restructured ; Saving if Restructured ; Registered ; Example Multiplexer Output          ;
+--------------------+-----------+---------------+----------------------+------------------------+------------+-------------------------------------+
; 4:1                ; 10 bits   ; 20 LEs        ; 20 LEs               ; 0 LEs                  ; Yes        ; |dds_top|adjust_ctrl:a1|wave_f[10]  ;
; 4:1                ; 20 bits   ; 40 LEs        ; 20 LEs               ; 20 LEs                 ; Yes        ; |dds_top|key_filter:k1|cnt[15]      ;
; 4:1                ; 20 bits   ; 40 LEs        ; 20 LEs               ; 20 LEs                 ; Yes        ; |dds_top|key_filter:k2|cnt[15]      ;
; 4:1                ; 20 bits   ; 40 LEs        ; 20 LEs               ; 20 LEs                 ; Yes        ; |dds_top|key_filter:k4|cnt[2]       ;
; 4:1                ; 20 bits   ; 40 LEs        ; 20 LEs               ; 20 LEs                 ; Yes        ; |dds_top|key_filter:k3|cnt[4]       ;
; 5:1                ; 9 bits    ; 27 LEs        ; 18 LEs               ; 9 LEs                  ; Yes        ; |dds_top|adjust_ctrl:a1|wave_f1[8]  ;
; 5:1                ; 9 bits    ; 27 LEs        ; 18 LEs               ; 9 LEs                  ; Yes        ; |dds_top|adjust_ctrl:a1|wave_f2[4]  ;
; 5:1                ; 9 bits    ; 27 LEs        ; 18 LEs               ; 9 LEs                  ; Yes        ; |dds_top|adjust_ctrl:a1|wave_f3[11] ;
; 5:1                ; 9 bits    ; 27 LEs        ; 18 LEs               ; 9 LEs                  ; Yes        ; |dds_top|adjust_ctrl:a1|wave_f4[7]  ;
; 4:1                ; 6 bits    ; 12 LEs        ; 12 LEs               ; 0 LEs                  ; Yes        ; |dds_top|adjust_ctrl:a1|wave_f[5]   ;
; 5:1                ; 3 bits    ; 9 LEs         ; 6 LEs                ; 3 LEs                  ; Yes        ; |dds_top|adjust_ctrl:a1|wave_f1[6]  ;
; 5:1                ; 3 bits    ; 9 LEs         ; 6 LEs                ; 3 LEs                  ; Yes        ; |dds_top|adjust_ctrl:a1|wave_f2[2]  ;
; 5:1                ; 3 bits    ; 9 LEs         ; 6 LEs                ; 3 LEs                  ; Yes        ; |dds_top|adjust_ctrl:a1|wave_f3[6]  ;
; 5:1                ; 3 bits    ; 9 LEs         ; 6 LEs                ; 3 LEs                  ; Yes        ; |dds_top|adjust_ctrl:a1|wave_f4[2]  ;
+--------------------+-----------+---------------+----------------------+------------------------+------------+-------------------------------------+


+--------------------------------------------------------------------------------------------------------------+
; Source assignments for dds_ctrl:d1|dds_rom:d1|altsyncram:altsyncram_component|altsyncram_kg91:auto_generated ;
+---------------------------------+--------------------+------+------------------------------------------------+
; Assignment                      ; Value              ; From ; To                                             ;
+---------------------------------+--------------------+------+------------------------------------------------+
; OPTIMIZE_POWER_DURING_SYNTHESIS ; NORMAL_COMPILATION ; -    ; -                                              ;
+---------------------------------+--------------------+------+------------------------------------------------+


+------------------------------------------------------------+
; Parameter Settings for User Entity Instance: key_filter:k1 ;
+----------------+---------+---------------------------------+
; Parameter Name ; Value   ; Type                            ;
+----------------+---------+---------------------------------+
; CNT_MAX        ; 1000000 ; Signed Integer                  ;
+----------------+---------+---------------------------------+
Note: In order to hide this table in the UI and the text report file, please set the "Show Parameter Settings in Synthesis Report" option in "Analysis and Synthesis Settings -> More Settings" to "Off".


+------------------------------------------------------------+
; Parameter Settings for User Entity Instance: key_filter:k2 ;
+----------------+---------+---------------------------------+
; Parameter Name ; Value   ; Type                            ;
+----------------+---------+---------------------------------+
; CNT_MAX        ; 1000000 ; Signed Integer                  ;
+----------------+---------+---------------------------------+
Note: In order to hide this table in the UI and the text report file, please set the "Show Parameter Settings in Synthesis Report" option in "Analysis and Synthesis Settings -> More Settings" to "Off".


+------------------------------------------------------------+
; Parameter Settings for User Entity Instance: key_filter:k3 ;
+----------------+---------+---------------------------------+
; Parameter Name ; Value   ; Type                            ;
+----------------+---------+---------------------------------+
; CNT_MAX        ; 1000000 ; Signed Integer                  ;
+----------------+---------+---------------------------------+
Note: In order to hide this table in the UI and the text report file, please set the "Show Parameter Settings in Synthesis Report" option in "Analysis and Synthesis Settings -> More Settings" to "Off".


+------------------------------------------------------------+
; Parameter Settings for User Entity Instance: key_filter:k4 ;
+----------------+---------+---------------------------------+
; Parameter Name ; Value   ; Type                            ;
+----------------+---------+---------------------------------+
; CNT_MAX        ; 1000000 ; Signed Integer                  ;
+----------------+---------+---------------------------------+
Note: In order to hide this table in the UI and the text report file, please set the "Show Parameter Settings in Synthesis Report" option in "Analysis and Synthesis Settings -> More Settings" to "Off".


+-------------------------------------------------------------+
; Parameter Settings for User Entity Instance: adjust_ctrl:a1 ;
+----------------+-------+------------------------------------+
; Parameter Name ; Value ; Type                               ;
+----------------+-------+------------------------------------+
; F_IDLE         ; 100   ; Signed Integer                     ;
; F_STEP         ; 100   ; Signed Integer                     ;
; A_IDLE         ; 1     ; Signed Integer                     ;
; A_STEP         ; 1     ; Signed Integer                     ;
+----------------+-------+------------------------------------+
Note: In order to hide this table in the UI and the text report file, please set the "Show Parameter Settings in Synthesis Report" option in "Analysis and Synthesis Settings -> More Settings" to "Off".


+-----------------------------------------------------------------------------------------------------+
; Parameter Settings for User Entity Instance: dds_ctrl:d1|dds_rom:d1|altsyncram:altsyncram_component ;
+------------------------------------+----------------------+-----------------------------------------+
; Parameter Name                     ; Value                ; Type                                    ;
+------------------------------------+----------------------+-----------------------------------------+
; BYTE_SIZE_BLOCK                    ; 8                    ; Untyped                                 ;
; AUTO_CARRY_CHAINS                  ; ON                   ; AUTO_CARRY                              ;
; IGNORE_CARRY_BUFFERS               ; OFF                  ; IGNORE_CARRY                            ;
; AUTO_CASCADE_CHAINS                ; ON                   ; AUTO_CASCADE                            ;
; IGNORE_CASCADE_BUFFERS             ; OFF                  ; IGNORE_CASCADE                          ;
; WIDTH_BYTEENA                      ; 1                    ; Untyped                                 ;
; OPERATION_MODE                     ; ROM                  ; Untyped                                 ;
; WIDTH_A                            ; 8                    ; Signed Integer                          ;
; WIDTHAD_A                          ; 10                   ; Signed Integer                          ;
; NUMWORDS_A                         ; 1024                 ; Signed Integer                          ;
; OUTDATA_REG_A                      ; CLOCK0               ; Untyped                                 ;
; ADDRESS_ACLR_A                     ; NONE                 ; Untyped                                 ;
; OUTDATA_ACLR_A                     ; NONE                 ; Untyped                                 ;
; WRCONTROL_ACLR_A                   ; NONE                 ; Untyped                                 ;
; INDATA_ACLR_A                      ; NONE                 ; Untyped                                 ;
; BYTEENA_ACLR_A                     ; NONE                 ; Untyped                                 ;
; WIDTH_B                            ; 1                    ; Untyped                                 ;
; WIDTHAD_B                          ; 1                    ; Untyped                                 ;
; NUMWORDS_B                         ; 1                    ; Untyped                                 ;
; INDATA_REG_B                       ; CLOCK1               ; Untyped                                 ;
; WRCONTROL_WRADDRESS_REG_B          ; CLOCK1               ; Untyped                                 ;
; RDCONTROL_REG_B                    ; CLOCK1               ; Untyped                                 ;
; ADDRESS_REG_B                      ; CLOCK1               ; Untyped                                 ;
; OUTDATA_REG_B                      ; UNREGISTERED         ; Untyped                                 ;
; BYTEENA_REG_B                      ; CLOCK1               ; Untyped                                 ;
; INDATA_ACLR_B                      ; NONE                 ; Untyped                                 ;
; WRCONTROL_ACLR_B                   ; NONE                 ; Untyped                                 ;
; ADDRESS_ACLR_B                     ; NONE                 ; Untyped                                 ;
; OUTDATA_ACLR_B                     ; NONE                 ; Untyped                                 ;
; RDCONTROL_ACLR_B                   ; NONE                 ; Untyped                                 ;
; BYTEENA_ACLR_B                     ; NONE                 ; Untyped                                 ;
; WIDTH_BYTEENA_A                    ; 1                    ; Signed Integer                          ;
; WIDTH_BYTEENA_B                    ; 1                    ; Untyped                                 ;
; RAM_BLOCK_TYPE                     ; AUTO                 ; Untyped                                 ;
; BYTE_SIZE                          ; 8                    ; Untyped                                 ;
; READ_DURING_WRITE_MODE_MIXED_PORTS ; DONT_CARE            ; Untyped                                 ;
; READ_DURING_WRITE_MODE_PORT_A      ; NEW_DATA_NO_NBE_READ ; Untyped                                 ;
; READ_DURING_WRITE_MODE_PORT_B      ; NEW_DATA_NO_NBE_READ ; Untyped                                 ;
; INIT_FILE                          ; ../prj/dds.mif       ; Untyped                                 ;
; INIT_FILE_LAYOUT                   ; PORT_A               ; Untyped                                 ;
; MAXIMUM_DEPTH                      ; 0                    ; Untyped                                 ;
; CLOCK_ENABLE_INPUT_A               ; BYPASS               ; Untyped                                 ;
; CLOCK_ENABLE_INPUT_B               ; NORMAL               ; Untyped                                 ;
; CLOCK_ENABLE_OUTPUT_A              ; BYPASS               ; Untyped                                 ;
; CLOCK_ENABLE_OUTPUT_B              ; NORMAL               ; Untyped                                 ;
; CLOCK_ENABLE_CORE_A                ; USE_INPUT_CLKEN      ; Untyped                                 ;
; CLOCK_ENABLE_CORE_B                ; USE_INPUT_CLKEN      ; Untyped                                 ;
; ENABLE_ECC                         ; FALSE                ; Untyped                                 ;
; ECC_PIPELINE_STAGE_ENABLED         ; FALSE                ; Untyped                                 ;
; WIDTH_ECCSTATUS                    ; 3                    ; Untyped                                 ;
; DEVICE_FAMILY                      ; Cyclone IV E         ; Untyped                                 ;
; CBXI_PARAMETER                     ; altsyncram_kg91      ; Untyped                                 ;
+------------------------------------+----------------------+-----------------------------------------+
Note: In order to hide this table in the UI and the text report file, please set the "Show Parameter Settings in Synthesis Report" option in "Analysis and Synthesis Settings -> More Settings" to "Off".


+-------------------------------------------------------------------------------------+
; Parameter Settings for Inferred Entity Instance: dds_ctrl:d1|lpm_mult:Mult0         ;
+------------------------------------------------+--------------+---------------------+
; Parameter Name                                 ; Value        ; Type                ;
+------------------------------------------------+--------------+---------------------+
; AUTO_CARRY_CHAINS                              ; ON           ; AUTO_CARRY          ;
; IGNORE_CARRY_BUFFERS                           ; OFF          ; IGNORE_CARRY        ;
; AUTO_CASCADE_CHAINS                            ; ON           ; AUTO_CASCADE        ;
; IGNORE_CASCADE_BUFFERS                         ; OFF          ; IGNORE_CASCADE      ;
; LPM_WIDTHA                                     ; 8            ; Untyped             ;
; LPM_WIDTHB                                     ; 3            ; Untyped             ;
; LPM_WIDTHP                                     ; 11           ; Untyped             ;
; LPM_WIDTHR                                     ; 11           ; Untyped             ;
; LPM_WIDTHS                                     ; 1            ; Untyped             ;
; LPM_REPRESENTATION                             ; UNSIGNED     ; Untyped             ;
; LPM_PIPELINE                                   ; 0            ; Untyped             ;
; LATENCY                                        ; 0            ; Untyped             ;
; INPUT_A_IS_CONSTANT                            ; NO           ; Untyped             ;
; INPUT_B_IS_CONSTANT                            ; NO           ; Untyped             ;
; USE_EAB                                        ; OFF          ; Untyped             ;
; MAXIMIZE_SPEED                                 ; 5            ; Untyped             ;
; DEVICE_FAMILY                                  ; Cyclone IV E ; Untyped             ;
; CARRY_CHAIN                                    ; MANUAL       ; Untyped             ;
; APEX20K_TECHNOLOGY_MAPPER                      ; LUT          ; TECH_MAPPER_APEX20K ;
; DEDICATED_MULTIPLIER_CIRCUITRY                 ; AUTO         ; Untyped             ;
; DEDICATED_MULTIPLIER_MIN_INPUT_WIDTH_FOR_AUTO  ; 0            ; Untyped             ;
; DEDICATED_MULTIPLIER_MIN_OUTPUT_WIDTH_FOR_AUTO ; 0            ; Untyped             ;
; CBXI_PARAMETER                                 ; NOTHING      ; Untyped             ;
; INPUT_A_FIXED_VALUE                            ; Bx           ; Untyped             ;
; INPUT_B_FIXED_VALUE                            ; Bx           ; Untyped             ;
; USE_AHDL_IMPLEMENTATION                        ; OFF          ; Untyped             ;
+------------------------------------------------+--------------+---------------------+
Note: In order to hide this table in the UI and the text report file, please set the "Show Parameter Settings in Synthesis Report" option in "Analysis and Synthesis Settings -> More Settings" to "Off".


+--------------------------------------------------------------------------------------------+
; Parameter Settings for Inferred Entity Instance: dds_ctrl:d1|f_word_cal:f1|lpm_divide:Div0 ;
+------------------------+----------------+--------------------------------------------------+
; Parameter Name         ; Value          ; Type                                             ;
+------------------------+----------------+--------------------------------------------------+
; LPM_WIDTHN             ; 46             ; Untyped                                          ;
; LPM_WIDTHD             ; 26             ; Untyped                                          ;
; LPM_NREPRESENTATION    ; UNSIGNED       ; Untyped                                          ;
; LPM_DREPRESENTATION    ; UNSIGNED       ; Untyped                                          ;
; LPM_PIPELINE           ; 0              ; Untyped                                          ;
; LPM_REMAINDERPOSITIVE  ; TRUE           ; Untyped                                          ;
; MAXIMIZE_SPEED         ; 5              ; Untyped                                          ;
; CBXI_PARAMETER         ; lpm_divide_pkm ; Untyped                                          ;
; CARRY_CHAIN            ; MANUAL         ; Untyped                                          ;
; OPTIMIZE_FOR_SPEED     ; 5              ; Untyped                                          ;
; AUTO_CARRY_CHAINS      ; ON             ; AUTO_CARRY                                       ;
; IGNORE_CARRY_BUFFERS   ; OFF            ; IGNORE_CARRY                                     ;
; AUTO_CASCADE_CHAINS    ; ON             ; AUTO_CASCADE                                     ;
; IGNORE_CASCADE_BUFFERS ; OFF            ; IGNORE_CASCADE                                   ;
+------------------------+----------------+--------------------------------------------------+
Note: In order to hide this table in the UI and the text report file, please set the "Show Parameter Settings in Synthesis Report" option in "Analysis and Synthesis Settings -> More Settings" to "Off".


+----------------------------------------------------------------------------------------------------+
; altsyncram Parameter Settings by Entity Instance                                                   ;
+-------------------------------------------+--------------------------------------------------------+
; Name                                      ; Value                                                  ;
+-------------------------------------------+--------------------------------------------------------+
; Number of entity instances                ; 1                                                      ;
; Entity Instance                           ; dds_ctrl:d1|dds_rom:d1|altsyncram:altsyncram_component ;
;     -- OPERATION_MODE                     ; ROM                                                    ;
;     -- WIDTH_A                            ; 8                                                      ;
;     -- NUMWORDS_A                         ; 1024                                                   ;
;     -- OUTDATA_REG_A                      ; CLOCK0                                                 ;
;     -- WIDTH_B                            ; 1                                                      ;
;     -- NUMWORDS_B                         ; 1                                                      ;
;     -- ADDRESS_REG_B                      ; CLOCK1                                                 ;
;     -- OUTDATA_REG_B                      ; UNREGISTERED                                           ;
;     -- RAM_BLOCK_TYPE                     ; AUTO                                                   ;
;     -- READ_DURING_WRITE_MODE_MIXED_PORTS ; DONT_CARE                                              ;
+-------------------------------------------+--------------------------------------------------------+


+--------------------------------------------------------------------+
; lpm_mult Parameter Settings by Entity Instance                     ;
+---------------------------------------+----------------------------+
; Name                                  ; Value                      ;
+---------------------------------------+----------------------------+
; Number of entity instances            ; 1                          ;
; Entity Instance                       ; dds_ctrl:d1|lpm_mult:Mult0 ;
;     -- LPM_WIDTHA                     ; 8                          ;
;     -- LPM_WIDTHB                     ; 3                          ;
;     -- LPM_WIDTHP                     ; 11                         ;
;     -- LPM_REPRESENTATION             ; UNSIGNED                   ;
;     -- INPUT_A_IS_CONSTANT            ; NO                         ;
;     -- INPUT_B_IS_CONSTANT            ; NO                         ;
;     -- USE_EAB                        ; OFF                        ;
;     -- DEDICATED_MULTIPLIER_CIRCUITRY ; AUTO                       ;
;     -- INPUT_A_FIXED_VALUE            ; Bx                         ;
;     -- INPUT_B_FIXED_VALUE            ; Bx                         ;
+---------------------------------------+----------------------------+


+-------------------------------------------------------+
; Port Connectivity Checks: "key_filter:k4"             ;
+----------+--------+----------+------------------------+
; Port     ; Type   ; Severity ; Details                ;
+----------+--------+----------+------------------------+
; key_pose ; Output ; Info     ; Explicitly unconnected ;
+----------+--------+----------+------------------------+


+-------------------------------------------------------+
; Port Connectivity Checks: "key_filter:k3"             ;
+----------+--------+----------+------------------------+
; Port     ; Type   ; Severity ; Details                ;
+----------+--------+----------+------------------------+
; key_pose ; Output ; Info     ; Explicitly unconnected ;
+----------+--------+----------+------------------------+


+-------------------------------------------------------+
; Port Connectivity Checks: "key_filter:k2"             ;
+----------+--------+----------+------------------------+
; Port     ; Type   ; Severity ; Details                ;
+----------+--------+----------+------------------------+
; key_pose ; Output ; Info     ; Explicitly unconnected ;
+----------+--------+----------+------------------------+


+-------------------------------------------------------+
; Port Connectivity Checks: "key_filter:k1"             ;
+----------+--------+----------+------------------------+
; Port     ; Type   ; Severity ; Details                ;
+----------+--------+----------+------------------------+
; key_pose ; Output ; Info     ; Explicitly unconnected ;
+----------+--------+----------+------------------------+


+-------------------------------+
; Elapsed Time Per Partition    ;
+----------------+--------------+
; Partition Name ; Elapsed Time ;
+----------------+--------------+
; Top            ; 00:00:04     ;
+----------------+--------------+


+-------------------------------+
; Analysis & Synthesis Messages ;
+-------------------------------+
Info: *******************************************************************
Info: Running Quartus II 64-Bit Analysis & Synthesis
    Info: Version 13.1.0 Build 162 10/23/2013 SJ Full Version
    Info: Processing started: Thu Mar 05 12:01:56 2026
Info: Command: quartus_map --read_settings_files=on --write_settings_files=off dds -c dds
Info (11104): Parallel Compilation has detected 8 hyper-threaded processors. However, the extra hyper-threaded processors will not be used by default. Parallel Compilation will use 4 of the 4 physical processors detected instead.
Info (12021): Found 1 design units, including 1 entities, in source file /users/dell/desktop/zx/3.5/dds/src/key_filter.v
    Info (12023): Found entity 1: key_filter
Info (12021): Found 1 design units, including 1 entities, in source file /users/dell/desktop/zx/3.5/dds/src/dds_top.v
    Info (12023): Found entity 1: dds_top
Warning (10229): Verilog HDL Expression warning at adjust_ctrl.v(37): truncated literal to match 13 bits
Warning (10229): Verilog HDL Expression warning at adjust_ctrl.v(46): truncated literal to match 13 bits
Warning (10229): Verilog HDL Expression warning at adjust_ctrl.v(61): truncated literal to match 13 bits
Warning (10229): Verilog HDL Expression warning at adjust_ctrl.v(70): truncated literal to match 13 bits
Warning (10229): Verilog HDL Expression warning at adjust_ctrl.v(85): truncated literal to match 13 bits
Warning (10229): Verilog HDL Expression warning at adjust_ctrl.v(94): truncated literal to match 13 bits
Warning (10229): Verilog HDL Expression warning at adjust_ctrl.v(109): truncated literal to match 13 bits
Warning (10229): Verilog HDL Expression warning at adjust_ctrl.v(118): truncated literal to match 13 bits
Info (12021): Found 1 design units, including 1 entities, in source file /users/dell/desktop/zx/3.5/dds/src/adjust_ctrl.v
    Info (12023): Found entity 1: adjust_ctrl
Info (12021): Found 1 design units, including 1 entities, in source file /users/dell/desktop/zx/3.5/dds/ip/dds_rom.v
    Info (12023): Found entity 1: dds_rom
Info (12021): Found 1 design units, including 1 entities, in source file /users/dell/desktop/zx/3.5/dds/src/f_word_cal.v
    Info (12023): Found entity 1: f_word_cal
Info (12021): Found 1 design units, including 1 entities, in source file /users/dell/desktop/zx/3.5/dds/src/addr_ctrl.v
    Info (12023): Found entity 1: addr_ctrl
Info (12021): Found 1 design units, including 1 entities, in source file /users/dell/desktop/zx/3.5/dds/src/dds_ctrl.v
    Info (12023): Found entity 1: dds_ctrl
Info (12021): Found 1 design units, including 1 entities, in source file /users/dell/desktop/zx/3.5/dds/sim/dds_tb.v
    Info (12023): Found entity 1: dds_tb
Info (12127): Elaborating entity "dds_top" for the top level hierarchy
Info (12128): Elaborating entity "key_filter" for hierarchy "key_filter:k1"
Warning (10230): Verilog HDL assignment warning at key_filter.v(32): truncated value with size 32 to match size of target (20)
Warning (10230): Verilog HDL assignment warning at key_filter.v(54): truncated value with size 32 to match size of target (20)
Info (12128): Elaborating entity "adjust_ctrl" for hierarchy "adjust_ctrl:a1"
Warning (10230): Verilog HDL assignment warning at adjust_ctrl.v(33): truncated value with size 32 to match size of target (14)
Warning (10230): Verilog HDL assignment warning at adjust_ctrl.v(38): truncated value with size 32 to match size of target (14)
Warning (10230): Verilog HDL assignment warning at adjust_ctrl.v(40): truncated value with size 32 to match size of target (14)
Warning (10230): Verilog HDL assignment warning at adjust_ctrl.v(44): truncated value with size 32 to match size of target (14)
Warning (10230): Verilog HDL assignment warning at adjust_ctrl.v(57): truncated value with size 32 to match size of target (14)
Warning (10230): Verilog HDL assignment warning at adjust_ctrl.v(62): truncated value with size 32 to match size of target (14)
Warning (10230): Verilog HDL assignment warning at adjust_ctrl.v(64): truncated value with size 32 to match size of target (14)
Warning (10230): Verilog HDL assignment warning at adjust_ctrl.v(68): truncated value with size 32 to match size of target (14)
Warning (10230): Verilog HDL assignment warning at adjust_ctrl.v(81): truncated value with size 32 to match size of target (14)
Warning (10230): Verilog HDL assignment warning at adjust_ctrl.v(86): truncated value with size 32 to match size of target (14)
Warning (10230): Verilog HDL assignment warning at adjust_ctrl.v(88): truncated value with size 32 to match size of target (14)
Warning (10230): Verilog HDL assignment warning at adjust_ctrl.v(92): truncated value with size 32 to match size of target (14)
Warning (10230): Verilog HDL assignment warning at adjust_ctrl.v(105): truncated value with size 32 to match size of target (14)
Warning (10230): Verilog HDL assignment warning at adjust_ctrl.v(110): truncated value with size 32 to match size of target (14)
Warning (10230): Verilog HDL assignment warning at adjust_ctrl.v(112): truncated value with size 32 to match size of target (14)
Warning (10230): Verilog HDL assignment warning at adjust_ctrl.v(116): truncated value with size 32 to match size of target (14)
Warning (10230): Verilog HDL assignment warning at adjust_ctrl.v(131): truncated value with size 32 to match size of target (3)
Warning (10230): Verilog HDL assignment warning at adjust_ctrl.v(137): truncated value with size 32 to match size of target (3)
Warning (10230): Verilog HDL assignment warning at adjust_ctrl.v(139): truncated value with size 32 to match size of target (3)
Warning (10230): Verilog HDL assignment warning at adjust_ctrl.v(151): truncated value with size 32 to match size of target (3)
Warning (10230): Verilog HDL assignment warning at adjust_ctrl.v(157): truncated value with size 32 to match size of target (3)
Warning (10230): Verilog HDL assignment warning at adjust_ctrl.v(159): truncated value with size 32 to match size of target (3)
Warning (10230): Verilog HDL assignment warning at adjust_ctrl.v(171): truncated value with size 32 to match size of target (3)
Warning (10230): Verilog HDL assignment warning at adjust_ctrl.v(177): truncated value with size 32 to match size of target (3)
Warning (10230): Verilog HDL assignment warning at adjust_ctrl.v(179): truncated value with size 32 to match size of target (3)
Warning (10230): Verilog HDL assignment warning at adjust_ctrl.v(191): truncated value with size 32 to match size of target (3)
Warning (10230): Verilog HDL assignment warning at adjust_ctrl.v(197): truncated value with size 32 to match size of target (3)
Warning (10230): Verilog HDL assignment warning at adjust_ctrl.v(199): truncated value with size 32 to match size of target (3)
Warning (10230): Verilog HDL assignment warning at adjust_ctrl.v(217): truncated value with size 32 to match size of target (2)
Warning (10230): Verilog HDL assignment warning at adjust_ctrl.v(231): truncated value with size 32 to match size of target (14)
Warning (10230): Verilog HDL assignment warning at adjust_ctrl.v(248): truncated value with size 32 to match size of target (3)
Info (12128): Elaborating entity "dds_ctrl" for hierarchy "dds_ctrl:d1"
Info (12128): Elaborating entity "f_word_cal" for hierarchy "dds_ctrl:d1|f_word_cal:f1"
Info (12128): Elaborating entity "addr_ctrl" for hierarchy "dds_ctrl:d1|addr_ctrl:a1"
Info (12128): Elaborating entity "dds_rom" for hierarchy "dds_ctrl:d1|dds_rom:d1"
Info (12128): Elaborating entity "altsyncram" for hierarchy "dds_ctrl:d1|dds_rom:d1|altsyncram:altsyncram_component"
Info (12130): Elaborated megafunction instantiation "dds_ctrl:d1|dds_rom:d1|altsyncram:altsyncram_component"
Info (12133): Instantiated megafunction "dds_ctrl:d1|dds_rom:d1|altsyncram:altsyncram_component" with the following parameter:
    Info (12134): Parameter "address_aclr_a" = "NONE"
    Info (12134): Parameter "clock_enable_input_a" = "BYPASS"
    Info (12134): Parameter "clock_enable_output_a" = "BYPASS"
    Info (12134): Parameter "init_file" = "../prj/dds.mif"
    Info (12134): Parameter "intended_device_family" = "Cyclone IV E"
    Info (12134): Parameter "lpm_hint" = "ENABLE_RUNTIME_MOD=NO"
    Info (12134): Parameter "lpm_type" = "altsyncram"
    Info (12134): Parameter "numwords_a" = "1024"
    Info (12134): Parameter "operation_mode" = "ROM"
    Info (12134): Parameter "outdata_aclr_a" = "NONE"
    Info (12134): Parameter "outdata_reg_a" = "CLOCK0"
    Info (12134): Parameter "widthad_a" = "10"
    Info (12134): Parameter "width_a" = "8"
    Info (12134): Parameter "width_byteena_a" = "1"
Info (12021): Found 1 design units, including 1 entities, in source file db/altsyncram_kg91.tdf
    Info (12023): Found entity 1: altsyncram_kg91
Info (12128): Elaborating entity "altsyncram_kg91" for hierarchy "dds_ctrl:d1|dds_rom:d1|altsyncram:altsyncram_component|altsyncram_kg91:auto_generated"
Info (278001): Inferred 2 megafunctions from design logic
    Info (278003): Inferred multiplier megafunction ("lpm_mult") from the following logic: "dds_ctrl:d1|Mult0"
    Info (278004): Inferred divider/modulo megafunction ("lpm_divide") from the following logic: "dds_ctrl:d1|f_word_cal:f1|Div0"
Info (12130): Elaborated megafunction instantiation "dds_ctrl:d1|lpm_mult:Mult0"
Info (12133): Instantiated megafunction "dds_ctrl:d1|lpm_mult:Mult0" with the following parameter:
    Info (12134): Parameter "LPM_WIDTHA" = "8"
    Info (12134): Parameter "LPM_WIDTHB" = "3"
    Info (12134): Parameter "LPM_WIDTHP" = "11"
    Info (12134): Parameter "LPM_WIDTHR" = "11"
    Info (12134): Parameter "LPM_WIDTHS" = "1"
    Info (12134): Parameter "LPM_REPRESENTATION" = "UNSIGNED"
    Info (12134): Parameter "INPUT_A_IS_CONSTANT" = "NO"
    Info (12134): Parameter "INPUT_B_IS_CONSTANT" = "NO"
    Info (12134): Parameter "MAXIMIZE_SPEED" = "5"
Info (12131): Elaborated megafunction instantiation "dds_ctrl:d1|lpm_mult:Mult0|multcore:mult_core", which is child of megafunction instantiation "dds_ctrl:d1|lpm_mult:Mult0"
Info (12131): Elaborated megafunction instantiation "dds_ctrl:d1|lpm_mult:Mult0|multcore:mult_core|mpar_add:padder", which is child of megafunction instantiation "dds_ctrl:d1|lpm_mult:Mult0"
Info (12131): Elaborated megafunction instantiation "dds_ctrl:d1|lpm_mult:Mult0|multcore:mult_core|mpar_add:padder|lpm_add_sub:adder[0]", which is child of megafunction instantiation "dds_ctrl:d1|lpm_mult:Mult0"
Info (12021): Found 1 design units, including 1 entities, in source file db/add_sub_nbh.tdf
    Info (12023): Found entity 1: add_sub_nbh
Info (12131): Elaborated megafunction instantiation "dds_ctrl:d1|lpm_mult:Mult0|multcore:mult_core|mpar_add:padder|mpar_add:sub_par_add", which is child of megafunction instantiation "dds_ctrl:d1|lpm_mult:Mult0"
Info (12131): Elaborated megafunction instantiation "dds_ctrl:d1|lpm_mult:Mult0|multcore:mult_core|mpar_add:padder|mpar_add:sub_par_add|lpm_add_sub:adder[0]", which is child of megafunction instantiation "dds_ctrl:d1|lpm_mult:Mult0"
Info (12021): Found 1 design units, including 1 entities, in source file db/add_sub_vch.tdf
    Info (12023): Found entity 1: add_sub_vch
Info (12131): Elaborated megafunction instantiation "dds_ctrl:d1|lpm_mult:Mult0|altshift:external_latency_ffs", which is child of megafunction instantiation "dds_ctrl:d1|lpm_mult:Mult0"
Info (12130): Elaborated megafunction instantiation "dds_ctrl:d1|f_word_cal:f1|lpm_divide:Div0"
Info (12133): Instantiated megafunction "dds_ctrl:d1|f_word_cal:f1|lpm_divide:Div0" with the following parameter:
    Info (12134): Parameter "LPM_WIDTHN" = "46"
    Info (12134): Parameter "LPM_WIDTHD" = "26"
    Info (12134): Parameter "LPM_NREPRESENTATION" = "UNSIGNED"
    Info (12134): Parameter "LPM_DREPRESENTATION" = "UNSIGNED"
Info (12021): Found 1 design units, including 1 entities, in source file db/lpm_divide_pkm.tdf
    Info (12023): Found entity 1: lpm_divide_pkm
Info (12021): Found 1 design units, including 1 entities, in source file db/sign_div_unsign_hnh.tdf
    Info (12023): Found entity 1: sign_div_unsign_hnh
Info (12021): Found 1 design units, including 1 entities, in source file db/alt_u_div_maf.tdf
    Info (12023): Found entity 1: alt_u_div_maf
Info (12021): Found 1 design units, including 1 entities, in source file db/add_sub_7pc.tdf
    Info (12023): Found entity 1: add_sub_7pc
Info (12021): Found 1 design units, including 1 entities, in source file db/add_sub_8pc.tdf
    Info (12023): Found entity 1: add_sub_8pc
Info (13000): Registers with preset signals will power-up high
Info (13003): DEV_CLRn pin will set, and not reset, register with preset signal due to NOT Gate Push-Back
Info (286030): Timing-Driven Synthesis is running
Info (16010): Generating hard_block partition "hard_block:auto_generated_inst"
    Info (16011): Adding 0 node(s), including 0 DDIO, 0 PLL, 0 transceiver and 0 LCELL
Info (21057): Implemented 1601 device resources after synthesis - the final resource count might be different
    Info (21058): Implemented 5 input pins
    Info (21059): Implemented 11 output pins
    Info (21061): Implemented 1577 logic cells
    Info (21064): Implemented 8 RAM segments
Info: Quartus II 64-Bit Analysis & Synthesis was successful. 0 errors, 41 warnings
    Info: Peak virtual memory: 4680 megabytes
    Info: Processing ended: Thu Mar 05 12:02:02 2026
    Info: Elapsed time: 00:00:06
    Info: Total CPU time (on all processors): 00:00:06


