
*** Running vivado
    with args -log hs_ad_da.vds -m64 -product Vivado -mode batch -messageDb vivado.pb -notrace -source hs_ad_da.tcl


****** Vivado v2018.3 (64-bit)
  **** SW Build 2405991 on Thu Dec  6 23:38:27 MST 2018
  **** IP Build 2404404 on Fri Dec  7 01:43:56 MST 2018
    ** Copyright 1986-2018 Xilinx, Inc. All Rights Reserved.

source hs_ad_da.tcl -notrace
Command: synth_design -top hs_ad_da -part xc7z020clg400-2
Starting synth_design
Attempting to get a license for feature 'Synthesis' and/or device 'xc7z020'
INFO: [Common 17-349] Got license for feature 'Synthesis' and/or device 'xc7z020'
INFO: Launching helper process for spawning children vivado processes
INFO: Helper process launched with PID 248 
---------------------------------------------------------------------------------
Starting RTL Elaboration : Time (s): cpu = 00:00:01 ; elapsed = 00:00:01 . Memory (MB): peak = 417.418 ; gain = 96.535
---------------------------------------------------------------------------------
INFO: [Synth 8-6157] synthesizing module 'hs_ad_da' [D:/GitHub/my_fpga/2_XilinxFpga_AMD/exam20260316_AD_DA/src/hs_ad_da.v:1]
INFO: [Synth 8-6157] synthesizing module 'clk_wiz_0' [D:/GitHub/my_fpga/2_XilinxFpga_AMD/exam20260316_AD_DA/proj/project_1/project_1.runs/synth_1/.Xil/Vivado-24336-LAPTOP-ECP6913Q/realtime/clk_wiz_0_stub.v:5]
INFO: [Synth 8-6155] done synthesizing module 'clk_wiz_0' (1#1) [D:/GitHub/my_fpga/2_XilinxFpga_AMD/exam20260316_AD_DA/proj/project_1/project_1.runs/synth_1/.Xil/Vivado-24336-LAPTOP-ECP6913Q/realtime/clk_wiz_0_stub.v:5]
INFO: [Synth 8-6157] synthesizing module 'da_wave_send' [D:/GitHub/my_fpga/2_XilinxFpga_AMD/exam20260316_AD_DA/src/da_wave_send.v:1]
	Parameter FREQ_ADJ bound to: 8'b00000101 
INFO: [Synth 8-6155] done synthesizing module 'da_wave_send' (2#1) [D:/GitHub/my_fpga/2_XilinxFpga_AMD/exam20260316_AD_DA/src/da_wave_send.v:1]
INFO: [Synth 8-6157] synthesizing module 'blk_mem_gen_0' [D:/GitHub/my_fpga/2_XilinxFpga_AMD/exam20260316_AD_DA/proj/project_1/project_1.runs/synth_1/.Xil/Vivado-24336-LAPTOP-ECP6913Q/realtime/blk_mem_gen_0_stub.v:6]
INFO: [Synth 8-6155] done synthesizing module 'blk_mem_gen_0' (3#1) [D:/GitHub/my_fpga/2_XilinxFpga_AMD/exam20260316_AD_DA/proj/project_1/project_1.runs/synth_1/.Xil/Vivado-24336-LAPTOP-ECP6913Q/realtime/blk_mem_gen_0_stub.v:6]
WARNING: [Synth 8-4446] all outputs are unconnected for this instance and logic may be removed [D:/GitHub/my_fpga/2_XilinxFpga_AMD/exam20260316_AD_DA/src/hs_ad_da.v:55]
INFO: [Synth 8-6157] synthesizing module 'ila_0' [D:/GitHub/my_fpga/2_XilinxFpga_AMD/exam20260316_AD_DA/proj/project_1/project_1.runs/synth_1/.Xil/Vivado-24336-LAPTOP-ECP6913Q/realtime/ila_0_stub.v:6]
INFO: [Synth 8-6155] done synthesizing module 'ila_0' (4#1) [D:/GitHub/my_fpga/2_XilinxFpga_AMD/exam20260316_AD_DA/proj/project_1/project_1.runs/synth_1/.Xil/Vivado-24336-LAPTOP-ECP6913Q/realtime/ila_0_stub.v:6]
INFO: [Synth 8-6071] Mark debug on the nets applies keep_hierarchy on instance 'ila_0'. This will prevent further optimization [D:/GitHub/my_fpga/2_XilinxFpga_AMD/exam20260316_AD_DA/src/hs_ad_da.v:55]
INFO: [Synth 8-6071] Mark debug on the nets applies keep_hierarchy on instance 'da_wave_send_inst'. This will prevent further optimization [D:/GitHub/my_fpga/2_XilinxFpga_AMD/exam20260316_AD_DA/src/hs_ad_da.v:39]
INFO: [Synth 8-6155] done synthesizing module 'hs_ad_da' (5#1) [D:/GitHub/my_fpga/2_XilinxFpga_AMD/exam20260316_AD_DA/src/hs_ad_da.v:1]
---------------------------------------------------------------------------------
Finished RTL Elaboration : Time (s): cpu = 00:00:02 ; elapsed = 00:00:02 . Memory (MB): peak = 472.598 ; gain = 151.715
---------------------------------------------------------------------------------

Report Check Netlist: 
+------+------------------+-------+---------+-------+------------------+
|      |Item              |Errors |Warnings |Status |Description       |
+------+------------------+-------+---------+-------+------------------+
|1     |multi_driven_nets |      0|        0|Passed |Multi driven nets |
+------+------------------+-------+---------+-------+------------------+
---------------------------------------------------------------------------------
Start Handling Custom Attributes
---------------------------------------------------------------------------------
---------------------------------------------------------------------------------
Finished Handling Custom Attributes : Time (s): cpu = 00:00:02 ; elapsed = 00:00:02 . Memory (MB): peak = 472.598 ; gain = 151.715
---------------------------------------------------------------------------------
---------------------------------------------------------------------------------
Finished RTL Optimization Phase 1 : Time (s): cpu = 00:00:02 ; elapsed = 00:00:02 . Memory (MB): peak = 472.598 ; gain = 151.715
---------------------------------------------------------------------------------
INFO: [Device 21-403] Loading part xc7z020clg400-2
INFO: [Project 1-570] Preparing netlist for logic optimization

Processing XDC Constraints
Initializing timing engine
Parsing XDC File [d:/GitHub/my_fpga/2_XilinxFpga_AMD/exam20260316_AD_DA/proj/project_1/project_1.srcs/sources_1/ip/clk_wiz_0/clk_wiz_0/clk_wiz_0_in_context.xdc] for cell 'clk_wiz_0_inst'
Finished Parsing XDC File [d:/GitHub/my_fpga/2_XilinxFpga_AMD/exam20260316_AD_DA/proj/project_1/project_1.srcs/sources_1/ip/clk_wiz_0/clk_wiz_0/clk_wiz_0_in_context.xdc] for cell 'clk_wiz_0_inst'
Parsing XDC File [d:/GitHub/my_fpga/2_XilinxFpga_AMD/exam20260316_AD_DA/proj/project_1/project_1.srcs/sources_1/ip/ila_0/ila_0/ila_0_in_context.xdc] for cell 'ila_0'
Finished Parsing XDC File [d:/GitHub/my_fpga/2_XilinxFpga_AMD/exam20260316_AD_DA/proj/project_1/project_1.srcs/sources_1/ip/ila_0/ila_0/ila_0_in_context.xdc] for cell 'ila_0'
Parsing XDC File [d:/GitHub/my_fpga/2_XilinxFpga_AMD/exam20260316_AD_DA/proj/project_1/project_1.srcs/sources_1/ip/blk_mem_gen_0/blk_mem_gen_0/blk_mem_gen_0_in_context.xdc] for cell 'rom_256x8b_inst'
Finished Parsing XDC File [d:/GitHub/my_fpga/2_XilinxFpga_AMD/exam20260316_AD_DA/proj/project_1/project_1.srcs/sources_1/ip/blk_mem_gen_0/blk_mem_gen_0/blk_mem_gen_0_in_context.xdc] for cell 'rom_256x8b_inst'
Parsing XDC File [D:/GitHub/my_fpga/2_XilinxFpga_AMD/exam20260316_AD_DA/proj/project_1/project_1.srcs/constrs_1/new/my_constraints.xdc]
WARNING: [Constraints 18-619] A clock with name 'sys_clk' already exists, overwriting the previous clock with the same name. [D:/GitHub/my_fpga/2_XilinxFpga_AMD/exam20260316_AD_DA/proj/project_1/project_1.srcs/constrs_1/new/my_constraints.xdc:2]
Finished Parsing XDC File [D:/GitHub/my_fpga/2_XilinxFpga_AMD/exam20260316_AD_DA/proj/project_1/project_1.srcs/constrs_1/new/my_constraints.xdc]
INFO: [Project 1-236] Implementation specific constraints were found while reading constraint file [D:/GitHub/my_fpga/2_XilinxFpga_AMD/exam20260316_AD_DA/proj/project_1/project_1.srcs/constrs_1/new/my_constraints.xdc]. These constraints will be ignored for synthesis but will be used in implementation. Impacted constraints are listed in the file [.Xil/hs_ad_da_propImpl.xdc].
Resolution: To avoid this warning, move constraints listed in [.Xil/hs_ad_da_propImpl.xdc] to another XDC file and exclude this new file from synthesis with the used_in_synthesis property (File Properties dialog in GUI) and re-run elaboration/synthesis.
Parsing XDC File [D:/GitHub/my_fpga/2_XilinxFpga_AMD/exam20260316_AD_DA/proj/project_1/project_1.runs/synth_1/dont_touch.xdc]
Finished Parsing XDC File [D:/GitHub/my_fpga/2_XilinxFpga_AMD/exam20260316_AD_DA/proj/project_1/project_1.runs/synth_1/dont_touch.xdc]
Netlist sorting complete. Time (s): cpu = 00:00:00 ; elapsed = 00:00:00 . Memory (MB): peak = 816.066 ; gain = 0.000
Completed Processing XDC Constraints

Netlist sorting complete. Time (s): cpu = 00:00:00 ; elapsed = 00:00:00 . Memory (MB): peak = 816.066 ; gain = 0.000
INFO: [Project 1-111] Unisim Transformation Summary:
No Unisim elements were transformed.

Netlist sorting complete. Time (s): cpu = 00:00:00 ; elapsed = 00:00:00 . Memory (MB): peak = 816.066 ; gain = 0.000
Constraint Validation Runtime : Time (s): cpu = 00:00:00 ; elapsed = 00:00:00.002 . Memory (MB): peak = 816.066 ; gain = 0.000
---------------------------------------------------------------------------------
Finished Constraint Validation : Time (s): cpu = 00:00:06 ; elapsed = 00:00:07 . Memory (MB): peak = 816.066 ; gain = 495.184
---------------------------------------------------------------------------------
---------------------------------------------------------------------------------
Start Loading Part and Timing Information
---------------------------------------------------------------------------------
Loading part: xc7z020clg400-2
---------------------------------------------------------------------------------
Finished Loading Part and Timing Information : Time (s): cpu = 00:00:06 ; elapsed = 00:00:07 . Memory (MB): peak = 816.066 ; gain = 495.184
---------------------------------------------------------------------------------
---------------------------------------------------------------------------------
Start Applying 'set_property' XDC Constraints
---------------------------------------------------------------------------------
Applied set_property IO_BUFFER_TYPE = NONE for sys_clk. (constraint file  d:/GitHub/my_fpga/2_XilinxFpga_AMD/exam20260316_AD_DA/proj/project_1/project_1.srcs/sources_1/ip/clk_wiz_0/clk_wiz_0/clk_wiz_0_in_context.xdc, line 5).
Applied set_property CLOCK_BUFFER_TYPE = NONE for sys_clk. (constraint file  d:/GitHub/my_fpga/2_XilinxFpga_AMD/exam20260316_AD_DA/proj/project_1/project_1.srcs/sources_1/ip/clk_wiz_0/clk_wiz_0/clk_wiz_0_in_context.xdc, line 6).
Applied set_property DONT_TOUCH = true for clk_wiz_0_inst. (constraint file  auto generated constraint, line ).
Applied set_property DONT_TOUCH = true for ila_0. (constraint file  auto generated constraint, line ).
Applied set_property DONT_TOUCH = true for rom_256x8b_inst. (constraint file  auto generated constraint, line ).
---------------------------------------------------------------------------------
Finished applying 'set_property' XDC Constraints : Time (s): cpu = 00:00:06 ; elapsed = 00:00:07 . Memory (MB): peak = 816.066 ; gain = 495.184
---------------------------------------------------------------------------------
---------------------------------------------------------------------------------
Finished RTL Optimization Phase 2 : Time (s): cpu = 00:00:06 ; elapsed = 00:00:07 . Memory (MB): peak = 816.066 ; gain = 495.184
---------------------------------------------------------------------------------

Report RTL Partitions: 
+-+--------------+------------+----------+
| |RTL Partition |Replication |Instances |
+-+--------------+------------+----------+
+-+--------------+------------+----------+
---------------------------------------------------------------------------------
Start RTL Component Statistics 
---------------------------------------------------------------------------------
Detailed RTL Component Info : 
+---Adders : 
	   2 Input      8 Bit       Adders := 2     
+---Registers : 
	                8 Bit    Registers := 2     
+---Muxes : 
	   2 Input      8 Bit        Muxes := 2     
	   2 Input      1 Bit        Muxes := 1     
---------------------------------------------------------------------------------
Finished RTL Component Statistics 
---------------------------------------------------------------------------------
---------------------------------------------------------------------------------
Start RTL Hierarchical Component Statistics 
---------------------------------------------------------------------------------
Hierarchical RTL Component report 
Module da_wave_send 
Detailed RTL Component Info : 
+---Adders : 
	   2 Input      8 Bit       Adders := 2     
+---Registers : 
	                8 Bit    Registers := 2     
+---Muxes : 
	   2 Input      8 Bit        Muxes := 2     
	   2 Input      1 Bit        Muxes := 1     
---------------------------------------------------------------------------------
Finished RTL Hierarchical Component Statistics
---------------------------------------------------------------------------------
---------------------------------------------------------------------------------
Start Part Resource Summary
---------------------------------------------------------------------------------
Part Resources:
DSPs: 220 (col length:60)
BRAMs: 280 (col length: RAMB18 60 RAMB36 30)
---------------------------------------------------------------------------------
Finished Part Resource Summary
---------------------------------------------------------------------------------
---------------------------------------------------------------------------------
Start Cross Boundary and Area Optimization
---------------------------------------------------------------------------------
Warning: Parallel synthesis criteria is not met 
---------------------------------------------------------------------------------
Finished Cross Boundary and Area Optimization : Time (s): cpu = 00:00:06 ; elapsed = 00:00:07 . Memory (MB): peak = 816.066 ; gain = 495.184
---------------------------------------------------------------------------------

Report RTL Partitions: 
+-+--------------+------------+----------+
| |RTL Partition |Replication |Instances |
+-+--------------+------------+----------+
+-+--------------+------------+----------+
---------------------------------------------------------------------------------
Start Applying XDC Timing Constraints
---------------------------------------------------------------------------------
INFO: [Synth 8-5578] Moved timing constraint from pin 'clk_wiz_0_inst/clk_out1' to pin 'clk_wiz_0_inst/bbstub_clk_out1/O'
INFO: [Synth 8-5578] Moved timing constraint from pin 'clk_wiz_0_inst/clk_out2' to pin 'clk_wiz_0_inst/bbstub_clk_out2/O'
INFO: [Synth 8-5578] Moved timing constraint from pin 'clk_wiz_0_inst/clk_out3' to pin 'clk_wiz_0_inst/bbstub_clk_out3/O'
WARNING: [Synth 8-565] redefining clock 'sys_clk'
INFO: [Synth 8-5819] Moved 3 constraints on hierarchical pins to their respective driving/loading pins
---------------------------------------------------------------------------------
Finished Applying XDC Timing Constraints : Time (s): cpu = 00:00:11 ; elapsed = 00:00:12 . Memory (MB): peak = 822.121 ; gain = 501.238
---------------------------------------------------------------------------------
---------------------------------------------------------------------------------
Start Timing Optimization
---------------------------------------------------------------------------------
---------------------------------------------------------------------------------
Finished Timing Optimization : Time (s): cpu = 00:00:11 ; elapsed = 00:00:12 . Memory (MB): peak = 841.863 ; gain = 520.980
---------------------------------------------------------------------------------

Report RTL Partitions: 
+-+--------------+------------+----------+
| |RTL Partition |Replication |Instances |
+-+--------------+------------+----------+
+-+--------------+------------+----------+
---------------------------------------------------------------------------------
Start Technology Mapping
---------------------------------------------------------------------------------
---------------------------------------------------------------------------------
Finished Technology Mapping : Time (s): cpu = 00:00:11 ; elapsed = 00:00:12 . Memory (MB): peak = 842.621 ; gain = 521.738
---------------------------------------------------------------------------------

Report RTL Partitions: 
+-+--------------+------------+----------+
| |RTL Partition |Replication |Instances |
+-+--------------+------------+----------+
+-+--------------+------------+----------+
---------------------------------------------------------------------------------
Start IO Insertion
---------------------------------------------------------------------------------
---------------------------------------------------------------------------------
Start Flattening Before IO Insertion
---------------------------------------------------------------------------------
---------------------------------------------------------------------------------
Finished Flattening Before IO Insertion
---------------------------------------------------------------------------------
---------------------------------------------------------------------------------
Start Final Netlist Cleanup
---------------------------------------------------------------------------------
---------------------------------------------------------------------------------
Finished Final Netlist Cleanup
---------------------------------------------------------------------------------
---------------------------------------------------------------------------------
Finished IO Insertion : Time (s): cpu = 00:00:11 ; elapsed = 00:00:12 . Memory (MB): peak = 842.621 ; gain = 521.738
---------------------------------------------------------------------------------

Report Check Netlist: 
+------+------------------+-------+---------+-------+------------------+
|      |Item              |Errors |Warnings |Status |Description       |
+------+------------------+-------+---------+-------+------------------+
|1     |multi_driven_nets |      0|        0|Passed |Multi driven nets |
+------+------------------+-------+---------+-------+------------------+
---------------------------------------------------------------------------------
Start Renaming Generated Instances
---------------------------------------------------------------------------------
---------------------------------------------------------------------------------
Finished Renaming Generated Instances : Time (s): cpu = 00:00:11 ; elapsed = 00:00:12 . Memory (MB): peak = 842.621 ; gain = 521.738
---------------------------------------------------------------------------------

Report RTL Partitions: 
+-+--------------+------------+----------+
| |RTL Partition |Replication |Instances |
+-+--------------+------------+----------+
+-+--------------+------------+----------+
---------------------------------------------------------------------------------
Start Rebuilding User Hierarchy
---------------------------------------------------------------------------------
---------------------------------------------------------------------------------
Finished Rebuilding User Hierarchy : Time (s): cpu = 00:00:11 ; elapsed = 00:00:12 . Memory (MB): peak = 842.621 ; gain = 521.738
---------------------------------------------------------------------------------
---------------------------------------------------------------------------------
Start Renaming Generated Ports
---------------------------------------------------------------------------------
---------------------------------------------------------------------------------
Finished Renaming Generated Ports : Time (s): cpu = 00:00:11 ; elapsed = 00:00:12 . Memory (MB): peak = 842.621 ; gain = 521.738
---------------------------------------------------------------------------------
---------------------------------------------------------------------------------
Start Handling Custom Attributes
---------------------------------------------------------------------------------
---------------------------------------------------------------------------------
Finished Handling Custom Attributes : Time (s): cpu = 00:00:11 ; elapsed = 00:00:12 . Memory (MB): peak = 842.621 ; gain = 521.738
---------------------------------------------------------------------------------
---------------------------------------------------------------------------------
Start Renaming Generated Nets
---------------------------------------------------------------------------------
---------------------------------------------------------------------------------
Finished Renaming Generated Nets : Time (s): cpu = 00:00:11 ; elapsed = 00:00:12 . Memory (MB): peak = 842.621 ; gain = 521.738
---------------------------------------------------------------------------------
---------------------------------------------------------------------------------
Start Writing Synthesis Report
---------------------------------------------------------------------------------

Report BlackBoxes: 
+------+--------------+----------+
|      |BlackBox name |Instances |
+------+--------------+----------+
|1     |clk_wiz_0     |         1|
|2     |blk_mem_gen_0 |         1|
|3     |ila_0         |         1|
+------+--------------+----------+

Report Cell Usage: 
+------+--------------+------+
|      |Cell          |Count |
+------+--------------+------+
|1     |blk_mem_gen_0 |     1|
|2     |clk_wiz_0     |     1|
|3     |ila_0         |     1|
|4     |LUT1          |     4|
|5     |LUT2          |     4|
|6     |LUT3          |     5|
|7     |LUT4          |     3|
|8     |LUT5          |     3|
|9     |LUT6          |     5|
|10    |FDCE          |    16|
|11    |IBUF          |    10|
|12    |OBUF          |    10|
+------+--------------+------+

Report Instance Areas: 
+------+--------------------+-------------+------+
|      |Instance            |Module       |Cells |
+------+--------------------+-------------+------+
|1     |top                 |             |    72|
|2     |  da_wave_send_inst |da_wave_send |    39|
+------+--------------------+-------------+------+
---------------------------------------------------------------------------------
Finished Writing Synthesis Report : Time (s): cpu = 00:00:11 ; elapsed = 00:00:12 . Memory (MB): peak = 842.621 ; gain = 521.738
---------------------------------------------------------------------------------
Synthesis finished with 0 errors, 0 critical warnings and 1 warnings.
Synthesis Optimization Runtime : Time (s): cpu = 00:00:06 ; elapsed = 00:00:08 . Memory (MB): peak = 842.621 ; gain = 178.270
Synthesis Optimization Complete : Time (s): cpu = 00:00:11 ; elapsed = 00:00:12 . Memory (MB): peak = 842.621 ; gain = 521.738
INFO: [Project 1-571] Translating synthesized netlist
INFO: [Project 1-570] Preparing netlist for logic optimization
INFO: [Opt 31-138] Pushed 0 inverter(s) to 0 load pin(s).
Netlist sorting complete. Time (s): cpu = 00:00:00 ; elapsed = 00:00:00 . Memory (MB): peak = 842.621 ; gain = 0.000
INFO: [Project 1-111] Unisim Transformation Summary:
No Unisim elements were transformed.

INFO: [Common 17-83] Releasing license: Synthesis
26 Infos, 3 Warnings, 0 Critical Warnings and 0 Errors encountered.
synth_design completed successfully
synth_design: Time (s): cpu = 00:00:12 ; elapsed = 00:00:14 . Memory (MB): peak = 842.621 ; gain = 523.516
INFO: [Common 17-600] The following parameters have non-default value.
tcl.collectionResultDisplayLimit
Netlist sorting complete. Time (s): cpu = 00:00:00 ; elapsed = 00:00:00 . Memory (MB): peak = 842.621 ; gain = 0.000
WARNING: [Constraints 18-5210] No constraints selected for write.
Resolution: This message can indicate that there are no constraints for the design, or it can indicate that the used_in flags are set such that the constraints are ignored. This later case is used when running synth_design to not write synthesis constraints to the resulting checkpoint. Instead, project constraints are read when the synthesized design is opened.
INFO: [Common 17-1381] The checkpoint 'D:/GitHub/my_fpga/2_XilinxFpga_AMD/exam20260316_AD_DA/proj/project_1/project_1.runs/synth_1/hs_ad_da.dcp' has been generated.
INFO: [runtcl-4] Executing : report_utilization -file hs_ad_da_utilization_synth.rpt -pb hs_ad_da_utilization_synth.pb
INFO: [Common 17-206] Exiting Vivado at Mon Mar 23 00:03:29 2026...
