Flow report for keyboard_state3
Wed Mar 11 10:00:03 2026
Quartus II 64-Bit Version 13.1.0 Build 162 10/23/2013 SJ Full Version


---------------------
; Table of Contents ;
---------------------
  1. Legal Notice
  2. Flow Summary
  3. Flow Settings
  4. Flow Non-Default Global Settings
  5. Flow Elapsed Time
  6. Flow OS Summary
  7. Flow Log
  8. Flow Messages
  9. Flow Suppressed Messages



----------------
; Legal Notice ;
----------------
Copyright (C) 1991-2013 Altera Corporation
Your use of Altera Corporation's design tools, logic functions 
and other software and tools, and its AMPP partner logic 
functions, and any output files from any of the foregoing 
(including device programming or simulation files), and any 
associated documentation or information are expressly subject 
to the terms and conditions of the Altera Program License 
Subscription Agreement, Altera MegaCore Function License 
Agreement, or other applicable license agreement, including, 
without limitation, that your use is for the sole purpose of 
programming logic devices manufactured by Altera and sold by 
Altera or its authorized distributors.  Please refer to the 
applicable agreement for further details.



+----------------------------------------------------------------------------------+
; Flow Summary                                                                     ;
+------------------------------------+---------------------------------------------+
; Flow Status                        ; Successful - Wed Mar 11 10:00:03 2026       ;
; Quartus II 64-Bit Version          ; 13.1.0 Build 162 10/23/2013 SJ Full Version ;
; Revision Name                      ; keyboard_state3                             ;
; Top-level Entity Name              ; top                                         ;
; Family                             ; Cyclone IV E                                ;
; Device                             ; EP4CE10F17C8                                ;
; Timing Models                      ; Final                                       ;
; Total logic elements               ; 108 / 10,320 ( 1 % )                        ;
;     Total combinational functions  ; 107 / 10,320 ( 1 % )                        ;
;     Dedicated logic registers      ; 63 / 10,320 ( < 1 % )                       ;
; Total registers                    ; 63                                          ;
; Total pins                         ; 21 / 180 ( 12 % )                           ;
; Total virtual pins                 ; 0                                           ;
; Total memory bits                  ; 0 / 423,936 ( 0 % )                         ;
; Embedded Multiplier 9-bit elements ; 0 / 46 ( 0 % )                              ;
; Total PLLs                         ; 0 / 2 ( 0 % )                               ;
+------------------------------------+---------------------------------------------+


+-----------------------------------------+
; Flow Settings                           ;
+-------------------+---------------------+
; Option            ; Setting             ;
+-------------------+---------------------+
; Start date & time ; 03/11/2026 09:59:41 ;
; Main task         ; Compilation         ;
; Revision Name     ; keyboard_state3     ;
+-------------------+---------------------+


+------------------------------------------------------------------------------------------------------------------------------+
; Flow Non-Default Global Settings                                                                                             ;
+-------------------------------------+---------------------------------------+-----------------+-------------+----------------+
; Assignment Name                     ; Value                                 ; Default Value   ; Entity Name ; Section Id     ;
+-------------------------------------+---------------------------------------+-----------------+-------------+----------------+
; COMPILER_SIGNATURE_ID               ; 154791885109432.177319438133180       ; --              ; --          ; --             ;
; EDA_OUTPUT_DATA_FORMAT              ; Verilog Hdl                           ; --              ; --          ; eda_simulation ;
; EDA_SIMULATION_TOOL                 ; ModelSim-Altera (Verilog)             ; <None>          ; --          ; --             ;
; MAX_CORE_JUNCTION_TEMP              ; 85                                    ; --              ; --          ; --             ;
; MIN_CORE_JUNCTION_TEMP              ; 0                                     ; --              ; --          ; --             ;
; NOMINAL_CORE_SUPPLY_VOLTAGE         ; 1.2V                                  ; --              ; --          ; --             ;
; PARTITION_COLOR                     ; 16764057                              ; --              ; top         ; Top            ;
; PARTITION_FITTER_PRESERVATION_LEVEL ; PLACEMENT_AND_ROUTING                 ; --              ; top         ; Top            ;
; PARTITION_NETLIST_TYPE              ; SOURCE                                ; --              ; top         ; Top            ;
; POWER_BOARD_THERMAL_MODEL           ; None (CONSERVATIVE)                   ; --              ; --          ; --             ;
; POWER_PRESET_COOLING_SOLUTION       ; 23 MM HEAT SINK WITH 200 LFPM AIRFLOW ; --              ; --          ; --             ;
; PROJECT_OUTPUT_DIRECTORY            ; output_files                          ; --              ; --          ; --             ;
; TOP_LEVEL_ENTITY                    ; top                                   ; keyboard_state3 ; --          ; --             ;
+-------------------------------------+---------------------------------------+-----------------+-------------+----------------+


+-------------------------------------------------------------------------------------------------------------------------------+
; Flow Elapsed Time                                                                                                             ;
+---------------------------+--------------+-------------------------+---------------------+------------------------------------+
; Module Name               ; Elapsed Time ; Average Processors Used ; Peak Virtual Memory ; Total CPU Time (on all processors) ;
+---------------------------+--------------+-------------------------+---------------------+------------------------------------+
; Analysis & Synthesis      ; 00:00:01     ; 1.0                     ; 4640 MB             ; 00:00:01                           ;
; Fitter                    ; 00:00:06     ; 1.5                     ; 5375 MB             ; 00:00:06                           ;
; Assembler                 ; 00:00:01     ; 1.0                     ; 4598 MB             ; 00:00:01                           ;
; TimeQuest Timing Analyzer ; 00:00:02     ; 1.0                     ; 4663 MB             ; 00:00:02                           ;
; EDA Netlist Writer        ; 00:00:01     ; 1.0                     ; 4549 MB             ; 00:00:01                           ;
; Total                     ; 00:00:11     ; --                      ; --                  ; 00:00:11                           ;
+---------------------------+--------------+-------------------------+---------------------+------------------------------------+


+----------------------------------------------------------------------------------------+
; Flow OS Summary                                                                        ;
+---------------------------+------------------+-----------+------------+----------------+
; Module Name               ; Machine Hostname ; OS Name   ; OS Version ; Processor type ;
+---------------------------+------------------+-----------+------------+----------------+
; Analysis & Synthesis      ; DESKTOP-KJTD85N  ; Windows 7 ; 6.2        ; x86_64         ;
; Fitter                    ; DESKTOP-KJTD85N  ; Windows 7 ; 6.2        ; x86_64         ;
; Assembler                 ; DESKTOP-KJTD85N  ; Windows 7 ; 6.2        ; x86_64         ;
; TimeQuest Timing Analyzer ; DESKTOP-KJTD85N  ; Windows 7 ; 6.2        ; x86_64         ;
; EDA Netlist Writer        ; DESKTOP-KJTD85N  ; Windows 7 ; 6.2        ; x86_64         ;
+---------------------------+------------------+-----------+------------+----------------+


------------
; Flow Log ;
------------
quartus_map --read_settings_files=on --write_settings_files=off keyboard_state3 -c keyboard_state3
quartus_fit --read_settings_files=off --write_settings_files=off keyboard_state3 -c keyboard_state3
quartus_asm --read_settings_files=off --write_settings_files=off keyboard_state3 -c keyboard_state3
quartus_sta keyboard_state3 -c keyboard_state3
quartus_eda --read_settings_files=off --write_settings_files=off keyboard_state3 -c keyboard_state3



