Analysis & Synthesis report for eeprom
Thu Apr 02 12:05:50 2026
Quartus II 64-Bit Version 13.1.0 Build 162 10/23/2013 SJ Full Version


---------------------
; Table of Contents ;
---------------------
  1. Legal Notice
  2. Analysis & Synthesis Summary
  3. Analysis & Synthesis Settings
  4. Parallel Compilation
  5. Analysis & Synthesis Source Files Read
  6. Analysis & Synthesis Resource Usage Summary
  7. Analysis & Synthesis Resource Utilization by Entity
  8. Analysis & Synthesis RAM Summary
  9. Analysis & Synthesis IP Cores Summary
 10. State Machine - |top|uart_tx:tx_inst|state_c
 11. State Machine - |top|fifo_wr:fifo_wr_inst|c_state
 12. State Machine - |top|uart_rx:rx_inst|state_c
 13. Registers Removed During Synthesis
 14. General Register Statistics
 15. Inverted Register Statistics
 16. Multiplexer Restructuring Statistics (Restructuring Performed)
 17. Source assignments for fifo_wr:fifo_wr_inst|wfifo:wfifo_inst|scfifo:scfifo_component|scfifo_b441:auto_generated|a_dpfifo_ia41:dpfifo|dpram_5711:FIFOram|altsyncram_s0k1:altsyncram1
 18. Source assignments for fifo_rd:fifo_rd_inst|rfifo:rfifo_inst|scfifo:scfifo_component|scfifo_b441:auto_generated|a_dpfifo_ia41:dpfifo|dpram_5711:FIFOram|altsyncram_s0k1:altsyncram1
 19. Parameter Settings for User Entity Instance: uart_rx:rx_inst
 20. Parameter Settings for User Entity Instance: fifo_wr:fifo_wr_inst
 21. Parameter Settings for User Entity Instance: fifo_wr:fifo_wr_inst|wfifo:wfifo_inst|scfifo:scfifo_component
 22. Parameter Settings for User Entity Instance: iic:iic_inst
 23. Parameter Settings for User Entity Instance: fifo_rd:fifo_rd_inst|rfifo:rfifo_inst|scfifo:scfifo_component
 24. Parameter Settings for User Entity Instance: uart_tx:tx_inst
 25. scfifo Parameter Settings by Entity Instance
 26. Port Connectivity Checks: "uart_tx:tx_inst"
 27. Port Connectivity Checks: "fifo_rd:fifo_rd_inst|rfifo:rfifo_inst"
 28. Port Connectivity Checks: "fifo_wr:fifo_wr_inst|wfifo:wfifo_inst"
 29. Elapsed Time Per Partition
 30. Analysis & Synthesis Messages
 31. Analysis & Synthesis Suppressed Messages



----------------
; Legal Notice ;
----------------
Copyright (C) 1991-2013 Altera Corporation
Your use of Altera Corporation's design tools, logic functions 
and other software and tools, and its AMPP partner logic 
functions, and any output files from any of the foregoing 
(including device programming or simulation files), and any 
associated documentation or information are expressly subject 
to the terms and conditions of the Altera Program License 
Subscription Agreement, Altera MegaCore Function License 
Agreement, or other applicable license agreement, including, 
without limitation, that your use is for the sole purpose of 
programming logic devices manufactured by Altera and sold by 
Altera or its authorized distributors.  Please refer to the 
applicable agreement for further details.



+----------------------------------------------------------------------------------+
; Analysis & Synthesis Summary                                                     ;
+------------------------------------+---------------------------------------------+
; Analysis & Synthesis Status        ; Successful - Thu Apr 02 12:05:50 2026       ;
; Quartus II 64-Bit Version          ; 13.1.0 Build 162 10/23/2013 SJ Full Version ;
; Revision Name                      ; eeprom                                      ;
; Top-level Entity Name              ; top                                         ;
; Family                             ; Cyclone IV E                                ;
; Total logic elements               ; 455                                         ;
;     Total combinational functions  ; 407                                         ;
;     Dedicated logic registers      ; 244                                         ;
; Total registers                    ; 244                                         ;
; Total pins                         ; 6                                           ;
; Total virtual pins                 ; 0                                           ;
; Total memory bits                  ; 8,192                                       ;
; Embedded Multiplier 9-bit elements ; 0                                           ;
; Total PLLs                         ; 0                                           ;
+------------------------------------+---------------------------------------------+


+----------------------------------------------------------------------------------------------------------------------+
; Analysis & Synthesis Settings                                                                                        ;
+----------------------------------------------------------------------------+--------------------+--------------------+
; Option                                                                     ; Setting            ; Default Value      ;
+----------------------------------------------------------------------------+--------------------+--------------------+
; Device                                                                     ; EP4CE10F17C8       ;                    ;
; Top-level entity name                                                      ; top                ; eeprom             ;
; Family name                                                                ; Cyclone IV E       ; Cyclone IV GX      ;
; Use smart compilation                                                      ; Off                ; Off                ;
; Enable parallel Assembler and TimeQuest Timing Analyzer during compilation ; On                 ; On                 ;
; Enable compact report table                                                ; Off                ; Off                ;
; Restructure Multiplexers                                                   ; Auto               ; Auto               ;
; Create Debugging Nodes for IP Cores                                        ; Off                ; Off                ;
; Preserve fewer node names                                                  ; On                 ; On                 ;
; Disable OpenCore Plus hardware evaluation                                  ; Off                ; Off                ;
; Verilog Version                                                            ; Verilog_2001       ; Verilog_2001       ;
; VHDL Version                                                               ; VHDL_1993          ; VHDL_1993          ;
; State Machine Processing                                                   ; Auto               ; Auto               ;
; Safe State Machine                                                         ; Off                ; Off                ;
; Extract Verilog State Machines                                             ; On                 ; On                 ;
; Extract VHDL State Machines                                                ; On                 ; On                 ;
; Ignore Verilog initial constructs                                          ; Off                ; Off                ;
; Iteration limit for constant Verilog loops                                 ; 5000               ; 5000               ;
; Iteration limit for non-constant Verilog loops                             ; 250                ; 250                ;
; Add Pass-Through Logic to Inferred RAMs                                    ; On                 ; On                 ;
; Infer RAMs from Raw Logic                                                  ; On                 ; On                 ;
; Parallel Synthesis                                                         ; On                 ; On                 ;
; DSP Block Balancing                                                        ; Auto               ; Auto               ;
; NOT Gate Push-Back                                                         ; On                 ; On                 ;
; Power-Up Don't Care                                                        ; On                 ; On                 ;
; Remove Redundant Logic Cells                                               ; Off                ; Off                ;
; Remove Duplicate Registers                                                 ; On                 ; On                 ;
; Ignore CARRY Buffers                                                       ; Off                ; Off                ;
; Ignore CASCADE Buffers                                                     ; Off                ; Off                ;
; Ignore GLOBAL Buffers                                                      ; Off                ; Off                ;
; Ignore ROW GLOBAL Buffers                                                  ; Off                ; Off                ;
; Ignore LCELL Buffers                                                       ; Off                ; Off                ;
; Ignore SOFT Buffers                                                        ; On                 ; On                 ;
; Limit AHDL Integers to 32 Bits                                             ; Off                ; Off                ;
; Optimization Technique                                                     ; Balanced           ; Balanced           ;
; Carry Chain Length                                                         ; 70                 ; 70                 ;
; Auto Carry Chains                                                          ; On                 ; On                 ;
; Auto Open-Drain Pins                                                       ; On                 ; On                 ;
; Perform WYSIWYG Primitive Resynthesis                                      ; Off                ; Off                ;
; Auto ROM Replacement                                                       ; On                 ; On                 ;
; Auto RAM Replacement                                                       ; On                 ; On                 ;
; Auto DSP Block Replacement                                                 ; On                 ; On                 ;
; Auto Shift Register Replacement                                            ; Auto               ; Auto               ;
; Allow Shift Register Merging across Hierarchies                            ; Auto               ; Auto               ;
; Auto Clock Enable Replacement                                              ; On                 ; On                 ;
; Strict RAM Replacement                                                     ; Off                ; Off                ;
; Allow Synchronous Control Signals                                          ; On                 ; On                 ;
; Force Use of Synchronous Clear Signals                                     ; Off                ; Off                ;
; Auto RAM Block Balancing                                                   ; On                 ; On                 ;
; Auto RAM to Logic Cell Conversion                                          ; Off                ; Off                ;
; Auto Resource Sharing                                                      ; Off                ; Off                ;
; Allow Any RAM Size For Recognition                                         ; Off                ; Off                ;
; Allow Any ROM Size For Recognition                                         ; Off                ; Off                ;
; Allow Any Shift Register Size For Recognition                              ; Off                ; Off                ;
; Use LogicLock Constraints during Resource Balancing                        ; On                 ; On                 ;
; Ignore translate_off and synthesis_off directives                          ; Off                ; Off                ;
; Timing-Driven Synthesis                                                    ; On                 ; On                 ;
; Report Parameter Settings                                                  ; On                 ; On                 ;
; Report Source Assignments                                                  ; On                 ; On                 ;
; Report Connectivity Checks                                                 ; On                 ; On                 ;
; Ignore Maximum Fan-Out Assignments                                         ; Off                ; Off                ;
; Synchronization Register Chain Length                                      ; 2                  ; 2                  ;
; PowerPlay Power Optimization                                               ; Normal compilation ; Normal compilation ;
; HDL message level                                                          ; Level2             ; Level2             ;
; Suppress Register Optimization Related Messages                            ; Off                ; Off                ;
; Number of Removed Registers Reported in Synthesis Report                   ; 5000               ; 5000               ;
; Number of Swept Nodes Reported in Synthesis Report                         ; 5000               ; 5000               ;
; Number of Inverted Registers Reported in Synthesis Report                  ; 100                ; 100                ;
; Clock MUX Protection                                                       ; On                 ; On                 ;
; Auto Gated Clock Conversion                                                ; Off                ; Off                ;
; Block Design Naming                                                        ; Auto               ; Auto               ;
; SDC constraint protection                                                  ; Off                ; Off                ;
; Synthesis Effort                                                           ; Auto               ; Auto               ;
; Shift Register Replacement - Allow Asynchronous Clear Signal               ; On                 ; On                 ;
; Pre-Mapping Resynthesis Optimization                                       ; Off                ; Off                ;
; Analysis & Synthesis Message Level                                         ; Medium             ; Medium             ;
; Disable Register Merging Across Hierarchies                                ; Auto               ; Auto               ;
; Resource Aware Inference For Block RAM                                     ; On                 ; On                 ;
; Synthesis Seed                                                             ; 1                  ; 1                  ;
+----------------------------------------------------------------------------+--------------------+--------------------+


+------------------------------------------+
; Parallel Compilation                     ;
+----------------------------+-------------+
; Processors                 ; Number      ;
+----------------------------+-------------+
; Number detected on machine ; 8           ;
; Maximum allowed            ; 4           ;
;                            ;             ;
; Average used               ; 1.00        ;
; Maximum used               ; 1           ;
;                            ;             ;
; Usage by Processor         ; % Time Used ;
;     Processor 1            ; 100.0%      ;
;     Processors 2-8         ;   0.0%      ;
+----------------------------+-------------+


+-------------------------------------------------------------------------------------------------------------------------------------------------------------------+
; Analysis & Synthesis Source Files Read                                                                                                                            ;
+----------------------------------+-----------------+------------------------------+---------------------------------------------------------------------+---------+
; File Name with User-Entered Path ; Used in Netlist ; File Type                    ; File Name with Absolute Path                                        ; Library ;
+----------------------------------+-----------------+------------------------------+---------------------------------------------------------------------+---------+
; ../src/uart_tx.v                 ; yes             ; User Verilog HDL File        ; C:/Users/dell/Desktop/ZX/xian/4.2/eeprom/src/uart_tx.v              ;         ;
; ../src/uart_rx.v                 ; yes             ; User Verilog HDL File        ; C:/Users/dell/Desktop/ZX/xian/4.2/eeprom/src/uart_rx.v              ;         ;
; ../src/iic.v                     ; yes             ; User Verilog HDL File        ; C:/Users/dell/Desktop/ZX/xian/4.2/eeprom/src/iic.v                  ;         ;
; ../ip/wfifo.v                    ; yes             ; User Wizard-Generated File   ; C:/Users/dell/Desktop/ZX/xian/4.2/eeprom/ip/wfifo.v                 ;         ;
; ../src/top.v                     ; yes             ; User Verilog HDL File        ; C:/Users/dell/Desktop/ZX/xian/4.2/eeprom/src/top.v                  ;         ;
; ../src/fifo_wr.v                 ; yes             ; User Verilog HDL File        ; C:/Users/dell/Desktop/ZX/xian/4.2/eeprom/src/fifo_wr.v              ;         ;
; ../ip/rfifo.v                    ; yes             ; User Wizard-Generated File   ; C:/Users/dell/Desktop/ZX/xian/4.2/eeprom/ip/rfifo.v                 ;         ;
; ../src/fifo_rd.v                 ; yes             ; User Verilog HDL File        ; C:/Users/dell/Desktop/ZX/xian/4.2/eeprom/src/fifo_rd.v              ;         ;
; scfifo.tdf                       ; yes             ; Megafunction                 ; e:/quartus/quartus/libraries/megafunctions/scfifo.tdf               ;         ;
; a_regfifo.inc                    ; yes             ; Megafunction                 ; e:/quartus/quartus/libraries/megafunctions/a_regfifo.inc            ;         ;
; a_dpfifo.inc                     ; yes             ; Megafunction                 ; e:/quartus/quartus/libraries/megafunctions/a_dpfifo.inc             ;         ;
; a_i2fifo.inc                     ; yes             ; Megafunction                 ; e:/quartus/quartus/libraries/megafunctions/a_i2fifo.inc             ;         ;
; a_fffifo.inc                     ; yes             ; Megafunction                 ; e:/quartus/quartus/libraries/megafunctions/a_fffifo.inc             ;         ;
; a_f2fifo.inc                     ; yes             ; Megafunction                 ; e:/quartus/quartus/libraries/megafunctions/a_f2fifo.inc             ;         ;
; aglobal131.inc                   ; yes             ; Megafunction                 ; e:/quartus/quartus/libraries/megafunctions/aglobal131.inc           ;         ;
; db/scfifo_b441.tdf               ; yes             ; Auto-Generated Megafunction  ; C:/Users/dell/Desktop/ZX/xian/4.2/eeprom/prj/db/scfifo_b441.tdf     ;         ;
; db/a_dpfifo_ia41.tdf             ; yes             ; Auto-Generated Megafunction  ; C:/Users/dell/Desktop/ZX/xian/4.2/eeprom/prj/db/a_dpfifo_ia41.tdf   ;         ;
; db/a_fefifo_s7f.tdf              ; yes             ; Auto-Generated Megafunction  ; C:/Users/dell/Desktop/ZX/xian/4.2/eeprom/prj/db/a_fefifo_s7f.tdf    ;         ;
; db/cntr_go7.tdf                  ; yes             ; Auto-Generated Megafunction  ; C:/Users/dell/Desktop/ZX/xian/4.2/eeprom/prj/db/cntr_go7.tdf        ;         ;
; db/dpram_5711.tdf                ; yes             ; Auto-Generated Megafunction  ; C:/Users/dell/Desktop/ZX/xian/4.2/eeprom/prj/db/dpram_5711.tdf      ;         ;
; db/altsyncram_s0k1.tdf           ; yes             ; Auto-Generated Megafunction  ; C:/Users/dell/Desktop/ZX/xian/4.2/eeprom/prj/db/altsyncram_s0k1.tdf ;         ;
; db/cntr_4ob.tdf                  ; yes             ; Auto-Generated Megafunction  ; C:/Users/dell/Desktop/ZX/xian/4.2/eeprom/prj/db/cntr_4ob.tdf        ;         ;
+----------------------------------+-----------------+------------------------------+---------------------------------------------------------------------+---------+


+---------------------------------------------------------+
; Analysis & Synthesis Resource Usage Summary             ;
+---------------------------------------------+-----------+
; Resource                                    ; Usage     ;
+---------------------------------------------+-----------+
; Estimated Total logic elements              ; 455       ;
;                                             ;           ;
; Total combinational functions               ; 407       ;
; Logic element usage by number of LUT inputs ;           ;
;     -- 4 input functions                    ; 194       ;
;     -- 3 input functions                    ; 98        ;
;     -- <=2 input functions                  ; 115       ;
;                                             ;           ;
; Logic elements by mode                      ;           ;
;     -- normal mode                          ; 299       ;
;     -- arithmetic mode                      ; 108       ;
;                                             ;           ;
; Total registers                             ; 244       ;
;     -- Dedicated logic registers            ; 244       ;
;     -- I/O registers                        ; 0         ;
;                                             ;           ;
; I/O pins                                    ; 6         ;
; Total memory bits                           ; 8192      ;
; Embedded Multiplier 9-bit elements          ; 0         ;
; Maximum fan-out node                        ; clk~input ;
; Maximum fan-out                             ; 260       ;
; Total fan-out                               ; 2612      ;
; Average fan-out                             ; 3.84      ;
+---------------------------------------------+-----------+


+---------------------------------------------------------------------------------------------------------------------------------------------------------------------------------------------------------------------------------------------------------------------------------------------------------------------------------------------------+
; Analysis & Synthesis Resource Utilization by Entity                                                                                                                                                                                                                                                                                               ;
+----------------------------------------------------+-------------------+--------------+-------------+--------------+---------+-----------+------+--------------+-------------------------------------------------------------------------------------------------------------------------------------------------------------------+--------------+
; Compilation Hierarchy Node                         ; LC Combinationals ; LC Registers ; Memory Bits ; DSP Elements ; DSP 9x9 ; DSP 18x18 ; Pins ; Virtual Pins ; Full Hierarchy Name                                                                                                                                               ; Library Name ;
+----------------------------------------------------+-------------------+--------------+-------------+--------------+---------+-----------+------+--------------+-------------------------------------------------------------------------------------------------------------------------------------------------------------------+--------------+
; |top                                               ; 407 (0)           ; 244 (0)      ; 8192        ; 0            ; 0       ; 0         ; 6    ; 0            ; |top                                                                                                                                                              ; work         ;
;    |fifo_rd:fifo_rd_inst|                          ; 40 (1)            ; 30 (1)       ; 4096        ; 0            ; 0       ; 0         ; 0    ; 0            ; |top|fifo_rd:fifo_rd_inst                                                                                                                                         ; work         ;
;       |rfifo:rfifo_inst|                           ; 39 (0)            ; 29 (0)       ; 4096        ; 0            ; 0       ; 0         ; 0    ; 0            ; |top|fifo_rd:fifo_rd_inst|rfifo:rfifo_inst                                                                                                                        ; work         ;
;          |scfifo:scfifo_component|                 ; 39 (0)            ; 29 (0)       ; 4096        ; 0            ; 0       ; 0         ; 0    ; 0            ; |top|fifo_rd:fifo_rd_inst|rfifo:rfifo_inst|scfifo:scfifo_component                                                                                                ; work         ;
;             |scfifo_b441:auto_generated|           ; 39 (0)            ; 29 (0)       ; 4096        ; 0            ; 0       ; 0         ; 0    ; 0            ; |top|fifo_rd:fifo_rd_inst|rfifo:rfifo_inst|scfifo:scfifo_component|scfifo_b441:auto_generated                                                                     ; work         ;
;                |a_dpfifo_ia41:dpfifo|              ; 39 (2)            ; 29 (0)       ; 4096        ; 0            ; 0       ; 0         ; 0    ; 0            ; |top|fifo_rd:fifo_rd_inst|rfifo:rfifo_inst|scfifo:scfifo_component|scfifo_b441:auto_generated|a_dpfifo_ia41:dpfifo                                                ; work         ;
;                   |a_fefifo_s7f:fifo_state|        ; 19 (10)           ; 11 (2)       ; 0           ; 0            ; 0       ; 0         ; 0    ; 0            ; |top|fifo_rd:fifo_rd_inst|rfifo:rfifo_inst|scfifo:scfifo_component|scfifo_b441:auto_generated|a_dpfifo_ia41:dpfifo|a_fefifo_s7f:fifo_state                        ; work         ;
;                      |cntr_go7:count_usedw|        ; 9 (9)             ; 9 (9)        ; 0           ; 0            ; 0       ; 0         ; 0    ; 0            ; |top|fifo_rd:fifo_rd_inst|rfifo:rfifo_inst|scfifo:scfifo_component|scfifo_b441:auto_generated|a_dpfifo_ia41:dpfifo|a_fefifo_s7f:fifo_state|cntr_go7:count_usedw   ; work         ;
;                   |cntr_4ob:rd_ptr_count|          ; 9 (9)             ; 9 (9)        ; 0           ; 0            ; 0       ; 0         ; 0    ; 0            ; |top|fifo_rd:fifo_rd_inst|rfifo:rfifo_inst|scfifo:scfifo_component|scfifo_b441:auto_generated|a_dpfifo_ia41:dpfifo|cntr_4ob:rd_ptr_count                          ; work         ;
;                   |cntr_4ob:wr_ptr|                ; 9 (9)             ; 9 (9)        ; 0           ; 0            ; 0       ; 0         ; 0    ; 0            ; |top|fifo_rd:fifo_rd_inst|rfifo:rfifo_inst|scfifo:scfifo_component|scfifo_b441:auto_generated|a_dpfifo_ia41:dpfifo|cntr_4ob:wr_ptr                                ; work         ;
;                   |dpram_5711:FIFOram|             ; 0 (0)             ; 0 (0)        ; 4096        ; 0            ; 0       ; 0         ; 0    ; 0            ; |top|fifo_rd:fifo_rd_inst|rfifo:rfifo_inst|scfifo:scfifo_component|scfifo_b441:auto_generated|a_dpfifo_ia41:dpfifo|dpram_5711:FIFOram                             ; work         ;
;                      |altsyncram_s0k1:altsyncram1| ; 0 (0)             ; 0 (0)        ; 4096        ; 0            ; 0       ; 0         ; 0    ; 0            ; |top|fifo_rd:fifo_rd_inst|rfifo:rfifo_inst|scfifo:scfifo_component|scfifo_b441:auto_generated|a_dpfifo_ia41:dpfifo|dpram_5711:FIFOram|altsyncram_s0k1:altsyncram1 ; work         ;
;    |fifo_wr:fifo_wr_inst|                          ; 64 (26)           ; 80 (51)      ; 4096        ; 0            ; 0       ; 0         ; 0    ; 0            ; |top|fifo_wr:fifo_wr_inst                                                                                                                                         ; work         ;
;       |wfifo:wfifo_inst|                           ; 38 (0)            ; 29 (0)       ; 4096        ; 0            ; 0       ; 0         ; 0    ; 0            ; |top|fifo_wr:fifo_wr_inst|wfifo:wfifo_inst                                                                                                                        ; work         ;
;          |scfifo:scfifo_component|                 ; 38 (0)            ; 29 (0)       ; 4096        ; 0            ; 0       ; 0         ; 0    ; 0            ; |top|fifo_wr:fifo_wr_inst|wfifo:wfifo_inst|scfifo:scfifo_component                                                                                                ; work         ;
;             |scfifo_b441:auto_generated|           ; 38 (0)            ; 29 (0)       ; 4096        ; 0            ; 0       ; 0         ; 0    ; 0            ; |top|fifo_wr:fifo_wr_inst|wfifo:wfifo_inst|scfifo:scfifo_component|scfifo_b441:auto_generated                                                                     ; work         ;
;                |a_dpfifo_ia41:dpfifo|              ; 38 (2)            ; 29 (0)       ; 4096        ; 0            ; 0       ; 0         ; 0    ; 0            ; |top|fifo_wr:fifo_wr_inst|wfifo:wfifo_inst|scfifo:scfifo_component|scfifo_b441:auto_generated|a_dpfifo_ia41:dpfifo                                                ; work         ;
;                   |a_fefifo_s7f:fifo_state|        ; 18 (9)            ; 11 (2)       ; 0           ; 0            ; 0       ; 0         ; 0    ; 0            ; |top|fifo_wr:fifo_wr_inst|wfifo:wfifo_inst|scfifo:scfifo_component|scfifo_b441:auto_generated|a_dpfifo_ia41:dpfifo|a_fefifo_s7f:fifo_state                        ; work         ;
;                      |cntr_go7:count_usedw|        ; 9 (9)             ; 9 (9)        ; 0           ; 0            ; 0       ; 0         ; 0    ; 0            ; |top|fifo_wr:fifo_wr_inst|wfifo:wfifo_inst|scfifo:scfifo_component|scfifo_b441:auto_generated|a_dpfifo_ia41:dpfifo|a_fefifo_s7f:fifo_state|cntr_go7:count_usedw   ; work         ;
;                   |cntr_4ob:rd_ptr_count|          ; 9 (9)             ; 9 (9)        ; 0           ; 0            ; 0       ; 0         ; 0    ; 0            ; |top|fifo_wr:fifo_wr_inst|wfifo:wfifo_inst|scfifo:scfifo_component|scfifo_b441:auto_generated|a_dpfifo_ia41:dpfifo|cntr_4ob:rd_ptr_count                          ; work         ;
;                   |cntr_4ob:wr_ptr|                ; 9 (9)             ; 9 (9)        ; 0           ; 0            ; 0       ; 0         ; 0    ; 0            ; |top|fifo_wr:fifo_wr_inst|wfifo:wfifo_inst|scfifo:scfifo_component|scfifo_b441:auto_generated|a_dpfifo_ia41:dpfifo|cntr_4ob:wr_ptr                                ; work         ;
;                   |dpram_5711:FIFOram|             ; 0 (0)             ; 0 (0)        ; 4096        ; 0            ; 0       ; 0         ; 0    ; 0            ; |top|fifo_wr:fifo_wr_inst|wfifo:wfifo_inst|scfifo:scfifo_component|scfifo_b441:auto_generated|a_dpfifo_ia41:dpfifo|dpram_5711:FIFOram                             ; work         ;
;                      |altsyncram_s0k1:altsyncram1| ; 0 (0)             ; 0 (0)        ; 4096        ; 0            ; 0       ; 0         ; 0    ; 0            ; |top|fifo_wr:fifo_wr_inst|wfifo:wfifo_inst|scfifo:scfifo_component|scfifo_b441:auto_generated|a_dpfifo_ia41:dpfifo|dpram_5711:FIFOram|altsyncram_s0k1:altsyncram1 ; work         ;
;    |iic:iic_inst|                                  ; 207 (207)         ; 73 (73)      ; 0           ; 0            ; 0       ; 0         ; 0    ; 0            ; |top|iic:iic_inst                                                                                                                                                 ; work         ;
;    |uart_rx:rx_inst|                               ; 56 (56)           ; 31 (31)      ; 0           ; 0            ; 0       ; 0         ; 0    ; 0            ; |top|uart_rx:rx_inst                                                                                                                                              ; work         ;
;    |uart_tx:tx_inst|                               ; 40 (40)           ; 30 (30)      ; 0           ; 0            ; 0       ; 0         ; 0    ; 0            ; |top|uart_tx:tx_inst                                                                                                                                              ; work         ;
+----------------------------------------------------+-------------------+--------------+-------------+--------------+---------+-----------+------+--------------+-------------------------------------------------------------------------------------------------------------------------------------------------------------------+--------------+
Note: For table entries with two numbers listed, the numbers in parentheses indicate the number of resources of the given type used by the specific entity alone. The numbers listed outside of parentheses indicate the total resources of the given type used by the specific entity and all of its sub-entities in the hierarchy.


+-----------------------------------------------------------------------------------------------------------------------------------------------------------------------------------------------------------------------------------------------------------------------------+
; Analysis & Synthesis RAM Summary                                                                                                                                                                                                                                            ;
+-------------------------------------------------------------------------------------------------------------------------------------------------------------------------+------+------------------+--------------+--------------+--------------+--------------+------+------+
; Name                                                                                                                                                                    ; Type ; Mode             ; Port A Depth ; Port A Width ; Port B Depth ; Port B Width ; Size ; MIF  ;
+-------------------------------------------------------------------------------------------------------------------------------------------------------------------------+------+------------------+--------------+--------------+--------------+--------------+------+------+
; fifo_rd:fifo_rd_inst|rfifo:rfifo_inst|scfifo:scfifo_component|scfifo_b441:auto_generated|a_dpfifo_ia41:dpfifo|dpram_5711:FIFOram|altsyncram_s0k1:altsyncram1|ALTSYNCRAM ; AUTO ; Simple Dual Port ; 512          ; 8            ; 512          ; 8            ; 4096 ; None ;
; fifo_wr:fifo_wr_inst|wfifo:wfifo_inst|scfifo:scfifo_component|scfifo_b441:auto_generated|a_dpfifo_ia41:dpfifo|dpram_5711:FIFOram|altsyncram_s0k1:altsyncram1|ALTSYNCRAM ; AUTO ; Simple Dual Port ; 512          ; 8            ; 512          ; 8            ; 4096 ; None ;
+-------------------------------------------------------------------------------------------------------------------------------------------------------------------------+------+------------------+--------------+--------------+--------------+--------------+------+------+


+------------------------------------------------------------------------------------------------------------------------------------------------------------------+
; Analysis & Synthesis IP Cores Summary                                                                                                                            ;
+--------+--------------+---------+--------------+--------------+--------------------------------------------+-----------------------------------------------------+
; Vendor ; IP Core Name ; Version ; Release Date ; License Type ; Entity Instance                            ; IP Include File                                     ;
+--------+--------------+---------+--------------+--------------+--------------------------------------------+-----------------------------------------------------+
; Altera ; FIFO         ; 13.1    ; N/A          ; N/A          ; |top|fifo_rd:fifo_rd_inst|rfifo:rfifo_inst ; C:/Users/dell/Desktop/ZX/xian/4.2/eeprom/ip/rfifo.v ;
; Altera ; FIFO         ; 13.1    ; N/A          ; N/A          ; |top|fifo_wr:fifo_wr_inst|wfifo:wfifo_inst ; C:/Users/dell/Desktop/ZX/xian/4.2/eeprom/ip/wfifo.v ;
+--------+--------------+---------+--------------+--------------+--------------------------------------------+-----------------------------------------------------+


Encoding Type:  One-Hot
+--------------------------------------------------------------------------------------------+
; State Machine - |top|uart_tx:tx_inst|state_c                                               ;
+---------------+--------------+---------------+--------------+---------------+--------------+
; Name          ; state_c.STOP ; state_c.CHECK ; state_c.DATA ; state_c.START ; state_c.IDLE ;
+---------------+--------------+---------------+--------------+---------------+--------------+
; state_c.IDLE  ; 0            ; 0             ; 0            ; 0             ; 0            ;
; state_c.START ; 0            ; 0             ; 0            ; 1             ; 1            ;
; state_c.DATA  ; 0            ; 0             ; 1            ; 0             ; 1            ;
; state_c.CHECK ; 0            ; 1             ; 0            ; 0             ; 1            ;
; state_c.STOP  ; 1            ; 0             ; 0            ; 0             ; 1            ;
+---------------+--------------+---------------+--------------+---------------+--------------+


Encoding Type:  One-Hot
+--------------------------------------------------------------------------------------------------------------------------------------------+
; State Machine - |top|fifo_wr:fifo_wr_inst|c_state                                                                                          ;
+----------------+--------------+----------------+----------------+--------------+--------------+--------------+--------------+--------------+
; Name           ; c_state.DATA ; c_state.ADDR_L ; c_state.ADDR_H ; c_state.WORR ; c_state.RECV ; c_state.SEND ; c_state.IDLE ; c_state.STOP ;
+----------------+--------------+----------------+----------------+--------------+--------------+--------------+--------------+--------------+
; c_state.IDLE   ; 0            ; 0              ; 0              ; 0            ; 0            ; 0            ; 0            ; 0            ;
; c_state.SEND   ; 0            ; 0              ; 0              ; 0            ; 0            ; 1            ; 1            ; 0            ;
; c_state.RECV   ; 0            ; 0              ; 0              ; 0            ; 1            ; 0            ; 1            ; 0            ;
; c_state.WORR   ; 0            ; 0              ; 0              ; 1            ; 0            ; 0            ; 1            ; 0            ;
; c_state.ADDR_H ; 0            ; 0              ; 1              ; 0            ; 0            ; 0            ; 1            ; 0            ;
; c_state.ADDR_L ; 0            ; 1              ; 0              ; 0            ; 0            ; 0            ; 1            ; 0            ;
; c_state.DATA   ; 1            ; 0              ; 0              ; 0            ; 0            ; 0            ; 1            ; 0            ;
; c_state.STOP   ; 0            ; 0              ; 0              ; 0            ; 0            ; 0            ; 1            ; 1            ;
+----------------+--------------+----------------+----------------+--------------+--------------+--------------+--------------+--------------+


Encoding Type:  One-Hot
+--------------------------------------------------------------------------------------------+
; State Machine - |top|uart_rx:rx_inst|state_c                                               ;
+---------------+--------------+---------------+--------------+---------------+--------------+
; Name          ; state_c.STOP ; state_c.CHECK ; state_c.DATA ; state_c.START ; state_c.IDLE ;
+---------------+--------------+---------------+--------------+---------------+--------------+
; state_c.IDLE  ; 0            ; 0             ; 0            ; 0             ; 0            ;
; state_c.START ; 0            ; 0             ; 0            ; 1             ; 1            ;
; state_c.DATA  ; 0            ; 0             ; 1            ; 0             ; 1            ;
; state_c.CHECK ; 0            ; 1             ; 0            ; 0             ; 1            ;
; state_c.STOP  ; 1            ; 0             ; 0            ; 0             ; 1            ;
+---------------+--------------+---------------+--------------+---------------+--------------+


+--------------------------------------------------------------------------------+
; Registers Removed During Synthesis                                             ;
+---------------------------------------+----------------------------------------+
; Register name                         ; Reason for Removal                     ;
+---------------------------------------+----------------------------------------+
; fifo_wr:fifo_wr_inst|c_state~4        ; Lost fanout                            ;
; fifo_wr:fifo_wr_inst|c_state~5        ; Lost fanout                            ;
; fifo_wr:fifo_wr_inst|c_state~6        ; Lost fanout                            ;
; uart_tx:tx_inst|state_c.CHECK         ; Stuck at GND due to stuck port data_in ;
; uart_rx:rx_inst|state_c.CHECK         ; Stuck at GND due to stuck port data_in ;
; Total Number of Removed Registers = 5 ;                                        ;
+---------------------------------------+----------------------------------------+


+------------------------------------------------------+
; General Register Statistics                          ;
+----------------------------------------------+-------+
; Statistic                                    ; Value ;
+----------------------------------------------+-------+
; Total registers                              ; 244   ;
; Number of registers using Synchronous Clear  ; 51    ;
; Number of registers using Synchronous Load   ; 0     ;
; Number of registers using Asynchronous Clear ; 244   ;
; Number of registers using Asynchronous Load  ; 0     ;
; Number of registers using Clock Enable       ; 176   ;
; Number of registers using Preset             ; 0     ;
+----------------------------------------------+-------+


+--------------------------------------------------+
; Inverted Register Statistics                     ;
+----------------------------------------+---------+
; Inverted Register                      ; Fan out ;
+----------------------------------------+---------+
; uart_tx:tx_inst|uart_txd               ; 1       ;
; iic:iic_inst|c_state[0]                ; 61      ;
; uart_rx:rx_inst|uart_rxd_r[2]          ; 10      ;
; uart_rx:rx_inst|uart_rxd_r[1]          ; 3       ;
; uart_rx:rx_inst|uart_rxd_r[0]          ; 1       ;
; Total number of inverted registers = 5 ;         ;
+----------------------------------------+---------+


+-----------------------------------------------------------------------------------------------------------------------------------------------+
; Multiplexer Restructuring Statistics (Restructuring Performed)                                                                                ;
+--------------------+-----------+---------------+----------------------+------------------------+------------+---------------------------------+
; Multiplexer Inputs ; Bus Width ; Baseline Area ; Area if Restructured ; Saving if Restructured ; Registered ; Example Multiplexer Output      ;
+--------------------+-----------+---------------+----------------------+------------------------+------------+---------------------------------+
; 3:1                ; 9 bits    ; 18 LEs        ; 9 LEs                ; 9 LEs                  ; Yes        ; |top|iic:iic_inst|cnt[0]        ;
; 16:1               ; 16 bits   ; 160 LEs       ; 16 LEs               ; 144 LEs                ; Yes        ; |top|iic:iic_inst|addr_reg[2]   ;
; 16:1               ; 8 bits    ; 80 LEs        ; 8 LEs                ; 72 LEs                 ; Yes        ; |top|iic:iic_inst|data_i_reg[5] ;
; 12:1               ; 4 bits    ; 32 LEs        ; 4 LEs                ; 28 LEs                 ; Yes        ; |top|iic:iic_inst|cnt_bit[3]    ;
; 17:1               ; 8 bits    ; 88 LEs        ; 8 LEs                ; 80 LEs                 ; Yes        ; |top|iic:iic_inst|recv_cnt[2]   ;
; 17:1               ; 8 bits    ; 88 LEs        ; 8 LEs                ; 80 LEs                 ; Yes        ; |top|iic:iic_inst|send_cnt[3]   ;
+--------------------+-----------+---------------+----------------------+------------------------+------------+---------------------------------+


+-------------------------------------------------------------------------------------------------------------------------------------------------------------------------------------+
; Source assignments for fifo_wr:fifo_wr_inst|wfifo:wfifo_inst|scfifo:scfifo_component|scfifo_b441:auto_generated|a_dpfifo_ia41:dpfifo|dpram_5711:FIFOram|altsyncram_s0k1:altsyncram1 ;
+---------------------------------+--------------------+------+-----------------------------------------------------------------------------------------------------------------------+
; Assignment                      ; Value              ; From ; To                                                                                                                    ;
+---------------------------------+--------------------+------+-----------------------------------------------------------------------------------------------------------------------+
; OPTIMIZE_POWER_DURING_SYNTHESIS ; NORMAL_COMPILATION ; -    ; -                                                                                                                     ;
+---------------------------------+--------------------+------+-----------------------------------------------------------------------------------------------------------------------+


+-------------------------------------------------------------------------------------------------------------------------------------------------------------------------------------+
; Source assignments for fifo_rd:fifo_rd_inst|rfifo:rfifo_inst|scfifo:scfifo_component|scfifo_b441:auto_generated|a_dpfifo_ia41:dpfifo|dpram_5711:FIFOram|altsyncram_s0k1:altsyncram1 ;
+---------------------------------+--------------------+------+-----------------------------------------------------------------------------------------------------------------------+
; Assignment                      ; Value              ; From ; To                                                                                                                    ;
+---------------------------------+--------------------+------+-----------------------------------------------------------------------------------------------------------------------+
; OPTIMIZE_POWER_DURING_SYNTHESIS ; NORMAL_COMPILATION ; -    ; -                                                                                                                     ;
+---------------------------------+--------------------+------+-----------------------------------------------------------------------------------------------------------------------+


+--------------------------------------------------------------+
; Parameter Settings for User Entity Instance: uart_rx:rx_inst ;
+-----------------+----------+---------------------------------+
; Parameter Name  ; Value    ; Type                            ;
+-----------------+----------+---------------------------------+
; CLOCK_FRQ       ; 50000000 ; Signed Integer                  ;
; BAUD            ; 115200   ; Signed Integer                  ;
; DATA_LENTH      ; 8        ; Signed Integer                  ;
; CHECKBIT_SELECT ; 0        ; Signed Integer                  ;
; CHECK_TYPE      ; 0        ; Signed Integer                  ;
+-----------------+----------+---------------------------------+
Note: In order to hide this table in the UI and the text report file, please set the "Show Parameter Settings in Synthesis Report" option in "Analysis and Synthesis Settings -> More Settings" to "Off".


+-------------------------------------------------------------------+
; Parameter Settings for User Entity Instance: fifo_wr:fifo_wr_inst ;
+----------------+-------+------------------------------------------+
; Parameter Name ; Value ; Type                                     ;
+----------------+-------+------------------------------------------+
; IDLE           ; 1     ; Signed Integer                           ;
; SEND           ; 2     ; Signed Integer                           ;
; RECV           ; 3     ; Signed Integer                           ;
; WORR           ; 4     ; Signed Integer                           ;
; ADDR_H         ; 5     ; Signed Integer                           ;
; ADDR_L         ; 6     ; Signed Integer                           ;
; DATA           ; 7     ; Signed Integer                           ;
; STOP           ; 8     ; Signed Integer                           ;
+----------------+-------+------------------------------------------+
Note: In order to hide this table in the UI and the text report file, please set the "Show Parameter Settings in Synthesis Report" option in "Analysis and Synthesis Settings -> More Settings" to "Off".


+------------------------------------------------------------------------------------------------------------+
; Parameter Settings for User Entity Instance: fifo_wr:fifo_wr_inst|wfifo:wfifo_inst|scfifo:scfifo_component ;
+-------------------------+--------------+-------------------------------------------------------------------+
; Parameter Name          ; Value        ; Type                                                              ;
+-------------------------+--------------+-------------------------------------------------------------------+
; AUTO_CARRY_CHAINS       ; ON           ; AUTO_CARRY                                                        ;
; IGNORE_CARRY_BUFFERS    ; OFF          ; IGNORE_CARRY                                                      ;
; AUTO_CASCADE_CHAINS     ; ON           ; AUTO_CASCADE                                                      ;
; IGNORE_CASCADE_BUFFERS  ; OFF          ; IGNORE_CASCADE                                                    ;
; lpm_width               ; 8            ; Signed Integer                                                    ;
; LPM_NUMWORDS            ; 512          ; Signed Integer                                                    ;
; LPM_WIDTHU              ; 9            ; Signed Integer                                                    ;
; LPM_SHOWAHEAD           ; OFF          ; Untyped                                                           ;
; UNDERFLOW_CHECKING      ; ON           ; Untyped                                                           ;
; OVERFLOW_CHECKING       ; ON           ; Untyped                                                           ;
; ALLOW_RWCYCLE_WHEN_FULL ; OFF          ; Untyped                                                           ;
; ADD_RAM_OUTPUT_REGISTER ; OFF          ; Untyped                                                           ;
; ALMOST_FULL_VALUE       ; 0            ; Untyped                                                           ;
; ALMOST_EMPTY_VALUE      ; 0            ; Untyped                                                           ;
; USE_EAB                 ; ON           ; Untyped                                                           ;
; MAXIMIZE_SPEED          ; 5            ; Untyped                                                           ;
; DEVICE_FAMILY           ; Cyclone IV E ; Untyped                                                           ;
; OPTIMIZE_FOR_SPEED      ; 5            ; Untyped                                                           ;
; CBXI_PARAMETER          ; scfifo_b441  ; Untyped                                                           ;
+-------------------------+--------------+-------------------------------------------------------------------+
Note: In order to hide this table in the UI and the text report file, please set the "Show Parameter Settings in Synthesis Report" option in "Analysis and Synthesis Settings -> More Settings" to "Off".


+-----------------------------------------------------------+
; Parameter Settings for User Entity Instance: iic:iic_inst ;
+----------------+----------+-------------------------------+
; Parameter Name ; Value    ; Type                          ;
+----------------+----------+-------------------------------+
; sysclk         ; 50000000 ; Signed Integer                ;
; iicclk         ; 100000   ; Signed Integer                ;
; delay          ; 500      ; Signed Integer                ;
; MID            ; 250      ; Signed Integer                ;
; Q_MID          ; 125      ; Signed Integer                ;
; TQ_MID         ; 375      ; Signed Integer                ;
; IDW            ; 10100000 ; Unsigned Binary               ;
; IDR            ; 10100001 ; Unsigned Binary               ;
+----------------+----------+-------------------------------+
Note: In order to hide this table in the UI and the text report file, please set the "Show Parameter Settings in Synthesis Report" option in "Analysis and Synthesis Settings -> More Settings" to "Off".


+------------------------------------------------------------------------------------------------------------+
; Parameter Settings for User Entity Instance: fifo_rd:fifo_rd_inst|rfifo:rfifo_inst|scfifo:scfifo_component ;
+-------------------------+--------------+-------------------------------------------------------------------+
; Parameter Name          ; Value        ; Type                                                              ;
+-------------------------+--------------+-------------------------------------------------------------------+
; AUTO_CARRY_CHAINS       ; ON           ; AUTO_CARRY                                                        ;
; IGNORE_CARRY_BUFFERS    ; OFF          ; IGNORE_CARRY                                                      ;
; AUTO_CASCADE_CHAINS     ; ON           ; AUTO_CASCADE                                                      ;
; IGNORE_CASCADE_BUFFERS  ; OFF          ; IGNORE_CASCADE                                                    ;
; lpm_width               ; 8            ; Signed Integer                                                    ;
; LPM_NUMWORDS            ; 512          ; Signed Integer                                                    ;
; LPM_WIDTHU              ; 9            ; Signed Integer                                                    ;
; LPM_SHOWAHEAD           ; OFF          ; Untyped                                                           ;
; UNDERFLOW_CHECKING      ; ON           ; Untyped                                                           ;
; OVERFLOW_CHECKING       ; ON           ; Untyped                                                           ;
; ALLOW_RWCYCLE_WHEN_FULL ; OFF          ; Untyped                                                           ;
; ADD_RAM_OUTPUT_REGISTER ; OFF          ; Untyped                                                           ;
; ALMOST_FULL_VALUE       ; 0            ; Untyped                                                           ;
; ALMOST_EMPTY_VALUE      ; 0            ; Untyped                                                           ;
; USE_EAB                 ; ON           ; Untyped                                                           ;
; MAXIMIZE_SPEED          ; 5            ; Untyped                                                           ;
; DEVICE_FAMILY           ; Cyclone IV E ; Untyped                                                           ;
; OPTIMIZE_FOR_SPEED      ; 5            ; Untyped                                                           ;
; CBXI_PARAMETER          ; scfifo_b441  ; Untyped                                                           ;
+-------------------------+--------------+-------------------------------------------------------------------+
Note: In order to hide this table in the UI and the text report file, please set the "Show Parameter Settings in Synthesis Report" option in "Analysis and Synthesis Settings -> More Settings" to "Off".


+--------------------------------------------------------------+
; Parameter Settings for User Entity Instance: uart_tx:tx_inst ;
+-----------------+----------+---------------------------------+
; Parameter Name  ; Value    ; Type                            ;
+-----------------+----------+---------------------------------+
; CLOCK_FRQ       ; 50000000 ; Signed Integer                  ;
; BAUD            ; 115200   ; Signed Integer                  ;
; DATA_LENTH      ; 8        ; Signed Integer                  ;
; CHECKBIT_SELECT ; 0        ; Signed Integer                  ;
; CHECK_TYPE      ; 0        ; Signed Integer                  ;
+-----------------+----------+---------------------------------+
Note: In order to hide this table in the UI and the text report file, please set the "Show Parameter Settings in Synthesis Report" option in "Analysis and Synthesis Settings -> More Settings" to "Off".


+--------------------------------------------------------------------------------------------+
; scfifo Parameter Settings by Entity Instance                                               ;
+----------------------------+---------------------------------------------------------------+
; Name                       ; Value                                                         ;
+----------------------------+---------------------------------------------------------------+
; Number of entity instances ; 2                                                             ;
; Entity Instance            ; fifo_wr:fifo_wr_inst|wfifo:wfifo_inst|scfifo:scfifo_component ;
;     -- FIFO Type           ; Single Clock                                                  ;
;     -- lpm_width           ; 8                                                             ;
;     -- LPM_NUMWORDS        ; 512                                                           ;
;     -- LPM_SHOWAHEAD       ; OFF                                                           ;
;     -- USE_EAB             ; ON                                                            ;
; Entity Instance            ; fifo_rd:fifo_rd_inst|rfifo:rfifo_inst|scfifo:scfifo_component ;
;     -- FIFO Type           ; Single Clock                                                  ;
;     -- lpm_width           ; 8                                                             ;
;     -- LPM_NUMWORDS        ; 512                                                           ;
;     -- LPM_SHOWAHEAD       ; OFF                                                           ;
;     -- USE_EAB             ; ON                                                            ;
+----------------------------+---------------------------------------------------------------+


+----------------------------------------------------+
; Port Connectivity Checks: "uart_tx:tx_inst"        ;
+-------+--------+----------+------------------------+
; Port  ; Type   ; Severity ; Details                ;
+-------+--------+----------+------------------------+
; ready ; Output ; Info     ; Explicitly unconnected ;
+-------+--------+----------+------------------------+


+-----------------------------------------------------------------------------------------------------------------+
; Port Connectivity Checks: "fifo_rd:fifo_rd_inst|rfifo:rfifo_inst"                                               ;
+-------+--------+----------+-------------------------------------------------------------------------------------+
; Port  ; Type   ; Severity ; Details                                                                             ;
+-------+--------+----------+-------------------------------------------------------------------------------------+
; full  ; Output ; Info     ; Connected to dangling logic. Logic that only feeds a dangling port will be removed. ;
; usedw ; Output ; Info     ; Connected to dangling logic. Logic that only feeds a dangling port will be removed. ;
+-------+--------+----------+-------------------------------------------------------------------------------------+


+-----------------------------------------------------------------------------------------------------------------+
; Port Connectivity Checks: "fifo_wr:fifo_wr_inst|wfifo:wfifo_inst"                                               ;
+-------+--------+----------+-------------------------------------------------------------------------------------+
; Port  ; Type   ; Severity ; Details                                                                             ;
+-------+--------+----------+-------------------------------------------------------------------------------------+
; empty ; Output ; Info     ; Connected to dangling logic. Logic that only feeds a dangling port will be removed. ;
; full  ; Output ; Info     ; Connected to dangling logic. Logic that only feeds a dangling port will be removed. ;
; usedw ; Output ; Info     ; Connected to dangling logic. Logic that only feeds a dangling port will be removed. ;
+-------+--------+----------+-------------------------------------------------------------------------------------+


+-------------------------------+
; Elapsed Time Per Partition    ;
+----------------+--------------+
; Partition Name ; Elapsed Time ;
+----------------+--------------+
; Top            ; 00:00:01     ;
+----------------+--------------+


+-------------------------------+
; Analysis & Synthesis Messages ;
+-------------------------------+
Info: *******************************************************************
Info: Running Quartus II 64-Bit Analysis & Synthesis
    Info: Version 13.1.0 Build 162 10/23/2013 SJ Full Version
    Info: Processing started: Thu Apr 02 12:05:47 2026
Info: Command: quartus_map --read_settings_files=on --write_settings_files=off eeprom -c eeprom
Info (11104): Parallel Compilation has detected 8 hyper-threaded processors. However, the extra hyper-threaded processors will not be used by default. Parallel Compilation will use 4 of the 4 physical processors detected instead.
Info (12021): Found 1 design units, including 1 entities, in source file /users/dell/desktop/zx/xian/4.2/eeprom/src/uart_tx.v
    Info (12023): Found entity 1: uart_tx
Info (12021): Found 1 design units, including 1 entities, in source file /users/dell/desktop/zx/xian/4.2/eeprom/src/uart_rx.v
    Info (12023): Found entity 1: uart_rx
Info (12021): Found 1 design units, including 1 entities, in source file /users/dell/desktop/zx/xian/4.2/eeprom/src/iic.v
    Info (12023): Found entity 1: iic
Info (12021): Found 1 design units, including 1 entities, in source file /users/dell/desktop/zx/xian/4.2/eeprom/ip/wfifo.v
    Info (12023): Found entity 1: wfifo
Info (12021): Found 1 design units, including 1 entities, in source file /users/dell/desktop/zx/xian/4.2/eeprom/src/top.v
    Info (12023): Found entity 1: top
Info (12021): Found 1 design units, including 1 entities, in source file /users/dell/desktop/zx/xian/4.2/eeprom/src/fifo_wr.v
    Info (12023): Found entity 1: fifo_wr
Info (12021): Found 1 design units, including 1 entities, in source file /users/dell/desktop/zx/xian/4.2/eeprom/ip/rfifo.v
    Info (12023): Found entity 1: rfifo
Info (12021): Found 1 design units, including 1 entities, in source file /users/dell/desktop/zx/xian/4.2/eeprom/src/fifo_rd.v
    Info (12023): Found entity 1: fifo_rd
Info (12021): Found 1 design units, including 1 entities, in source file /users/dell/desktop/zx/xian/4.2/eeprom/sim/top_tb.v
    Info (12023): Found entity 1: top_tb
Warning (10236): Verilog HDL Implicit Net warning at top.v(87): created implicit net for "done_tx"
Warning (10222): Verilog HDL Parameter Declaration warning at uart_tx.v(30): Parameter Declaration in module "uart_tx" behaves as a Local Parameter Declaration because the module has a Module Parameter Port List
Warning (10222): Verilog HDL Parameter Declaration warning at uart_tx.v(35): Parameter Declaration in module "uart_tx" behaves as a Local Parameter Declaration because the module has a Module Parameter Port List
Warning (10222): Verilog HDL Parameter Declaration warning at uart_rx.v(26): Parameter Declaration in module "uart_rx" behaves as a Local Parameter Declaration because the module has a Module Parameter Port List
Warning (10222): Verilog HDL Parameter Declaration warning at uart_rx.v(31): Parameter Declaration in module "uart_rx" behaves as a Local Parameter Declaration because the module has a Module Parameter Port List
Info (12127): Elaborating entity "top" for the top level hierarchy
Info (12128): Elaborating entity "uart_rx" for hierarchy "uart_rx:rx_inst"
Info (12128): Elaborating entity "fifo_wr" for hierarchy "fifo_wr:fifo_wr_inst"
Warning (10230): Verilog HDL assignment warning at fifo_wr.v(153): truncated value with size 8 to match size of target (1)
Info (12128): Elaborating entity "wfifo" for hierarchy "fifo_wr:fifo_wr_inst|wfifo:wfifo_inst"
Info (12128): Elaborating entity "scfifo" for hierarchy "fifo_wr:fifo_wr_inst|wfifo:wfifo_inst|scfifo:scfifo_component"
Info (12130): Elaborated megafunction instantiation "fifo_wr:fifo_wr_inst|wfifo:wfifo_inst|scfifo:scfifo_component"
Info (12133): Instantiated megafunction "fifo_wr:fifo_wr_inst|wfifo:wfifo_inst|scfifo:scfifo_component" with the following parameter:
    Info (12134): Parameter "add_ram_output_register" = "OFF"
    Info (12134): Parameter "intended_device_family" = "Cyclone IV E"
    Info (12134): Parameter "lpm_numwords" = "512"
    Info (12134): Parameter "lpm_showahead" = "OFF"
    Info (12134): Parameter "lpm_type" = "scfifo"
    Info (12134): Parameter "lpm_width" = "8"
    Info (12134): Parameter "lpm_widthu" = "9"
    Info (12134): Parameter "overflow_checking" = "ON"
    Info (12134): Parameter "underflow_checking" = "ON"
    Info (12134): Parameter "use_eab" = "ON"
Info (12021): Found 1 design units, including 1 entities, in source file db/scfifo_b441.tdf
    Info (12023): Found entity 1: scfifo_b441
Info (12128): Elaborating entity "scfifo_b441" for hierarchy "fifo_wr:fifo_wr_inst|wfifo:wfifo_inst|scfifo:scfifo_component|scfifo_b441:auto_generated"
Info (12021): Found 1 design units, including 1 entities, in source file db/a_dpfifo_ia41.tdf
    Info (12023): Found entity 1: a_dpfifo_ia41
Info (12128): Elaborating entity "a_dpfifo_ia41" for hierarchy "fifo_wr:fifo_wr_inst|wfifo:wfifo_inst|scfifo:scfifo_component|scfifo_b441:auto_generated|a_dpfifo_ia41:dpfifo"
Info (12021): Found 1 design units, including 1 entities, in source file db/a_fefifo_s7f.tdf
    Info (12023): Found entity 1: a_fefifo_s7f
Info (12128): Elaborating entity "a_fefifo_s7f" for hierarchy "fifo_wr:fifo_wr_inst|wfifo:wfifo_inst|scfifo:scfifo_component|scfifo_b441:auto_generated|a_dpfifo_ia41:dpfifo|a_fefifo_s7f:fifo_state"
Info (12021): Found 1 design units, including 1 entities, in source file db/cntr_go7.tdf
    Info (12023): Found entity 1: cntr_go7
Info (12128): Elaborating entity "cntr_go7" for hierarchy "fifo_wr:fifo_wr_inst|wfifo:wfifo_inst|scfifo:scfifo_component|scfifo_b441:auto_generated|a_dpfifo_ia41:dpfifo|a_fefifo_s7f:fifo_state|cntr_go7:count_usedw"
Info (12021): Found 1 design units, including 1 entities, in source file db/dpram_5711.tdf
    Info (12023): Found entity 1: dpram_5711
Info (12128): Elaborating entity "dpram_5711" for hierarchy "fifo_wr:fifo_wr_inst|wfifo:wfifo_inst|scfifo:scfifo_component|scfifo_b441:auto_generated|a_dpfifo_ia41:dpfifo|dpram_5711:FIFOram"
Info (12021): Found 1 design units, including 1 entities, in source file db/altsyncram_s0k1.tdf
    Info (12023): Found entity 1: altsyncram_s0k1
Info (12128): Elaborating entity "altsyncram_s0k1" for hierarchy "fifo_wr:fifo_wr_inst|wfifo:wfifo_inst|scfifo:scfifo_component|scfifo_b441:auto_generated|a_dpfifo_ia41:dpfifo|dpram_5711:FIFOram|altsyncram_s0k1:altsyncram1"
Info (12021): Found 1 design units, including 1 entities, in source file db/cntr_4ob.tdf
    Info (12023): Found entity 1: cntr_4ob
Info (12128): Elaborating entity "cntr_4ob" for hierarchy "fifo_wr:fifo_wr_inst|wfifo:wfifo_inst|scfifo:scfifo_component|scfifo_b441:auto_generated|a_dpfifo_ia41:dpfifo|cntr_4ob:rd_ptr_count"
Info (12128): Elaborating entity "iic" for hierarchy "iic:iic_inst"
Warning (10036): Verilog HDL or VHDL warning at iic.v(73): object "scl_in" assigned a value but never read
Warning (10230): Verilog HDL assignment warning at iic.v(103): truncated value with size 32 to match size of target (4)
Warning (10230): Verilog HDL assignment warning at iic.v(114): truncated value with size 32 to match size of target (4)
Warning (10230): Verilog HDL assignment warning at iic.v(121): truncated value with size 32 to match size of target (4)
Warning (10230): Verilog HDL assignment warning at iic.v(128): truncated value with size 32 to match size of target (4)
Warning (10230): Verilog HDL assignment warning at iic.v(135): truncated value with size 32 to match size of target (4)
Warning (10230): Verilog HDL assignment warning at iic.v(138): truncated value with size 32 to match size of target (4)
Warning (10230): Verilog HDL assignment warning at iic.v(145): truncated value with size 32 to match size of target (4)
Warning (10230): Verilog HDL assignment warning at iic.v(152): truncated value with size 32 to match size of target (4)
Warning (10230): Verilog HDL assignment warning at iic.v(155): truncated value with size 32 to match size of target (4)
Warning (10230): Verilog HDL assignment warning at iic.v(162): truncated value with size 32 to match size of target (4)
Warning (10230): Verilog HDL assignment warning at iic.v(169): truncated value with size 32 to match size of target (4)
Warning (10230): Verilog HDL assignment warning at iic.v(172): truncated value with size 32 to match size of target (4)
Warning (10230): Verilog HDL assignment warning at iic.v(175): truncated value with size 32 to match size of target (4)
Warning (10230): Verilog HDL assignment warning at iic.v(182): truncated value with size 32 to match size of target (4)
Warning (10230): Verilog HDL assignment warning at iic.v(189): truncated value with size 32 to match size of target (4)
Warning (10230): Verilog HDL assignment warning at iic.v(192): truncated value with size 32 to match size of target (4)
Warning (10230): Verilog HDL assignment warning at iic.v(195): truncated value with size 32 to match size of target (4)
Warning (10230): Verilog HDL assignment warning at iic.v(202): truncated value with size 32 to match size of target (4)
Warning (10230): Verilog HDL assignment warning at iic.v(209): truncated value with size 32 to match size of target (4)
Warning (10230): Verilog HDL assignment warning at iic.v(216): truncated value with size 32 to match size of target (4)
Warning (10230): Verilog HDL assignment warning at iic.v(219): truncated value with size 32 to match size of target (4)
Warning (10230): Verilog HDL assignment warning at iic.v(226): truncated value with size 32 to match size of target (4)
Warning (10230): Verilog HDL assignment warning at iic.v(233): truncated value with size 32 to match size of target (4)
Warning (10199): Verilog HDL Case Statement warning at iic.v(238): case item expression never matches the case expression
Warning (10230): Verilog HDL assignment warning at iic.v(248): truncated value with size 32 to match size of target (4)
Warning (10230): Verilog HDL assignment warning at iic.v(302): truncated value with size 32 to match size of target (9)
Warning (10230): Verilog HDL assignment warning at iic.v(332): truncated value with size 32 to match size of target (4)
Warning (10230): Verilog HDL assignment warning at iic.v(336): truncated value with size 32 to match size of target (9)
Warning (10230): Verilog HDL assignment warning at iic.v(366): truncated value with size 32 to match size of target (9)
Warning (10230): Verilog HDL assignment warning at iic.v(394): truncated value with size 32 to match size of target (4)
Warning (10230): Verilog HDL assignment warning at iic.v(397): truncated value with size 32 to match size of target (9)
Warning (10230): Verilog HDL assignment warning at iic.v(418): truncated value with size 32 to match size of target (9)
Warning (10230): Verilog HDL assignment warning at iic.v(446): truncated value with size 32 to match size of target (4)
Warning (10230): Verilog HDL assignment warning at iic.v(449): truncated value with size 32 to match size of target (9)
Warning (10230): Verilog HDL assignment warning at iic.v(470): truncated value with size 32 to match size of target (9)
Warning (10230): Verilog HDL assignment warning at iic.v(499): truncated value with size 32 to match size of target (4)
Warning (10230): Verilog HDL assignment warning at iic.v(503): truncated value with size 32 to match size of target (9)
Warning (10230): Verilog HDL assignment warning at iic.v(533): truncated value with size 32 to match size of target (9)
Warning (10230): Verilog HDL assignment warning at iic.v(545): truncated value with size 32 to match size of target (8)
Warning (10230): Verilog HDL assignment warning at iic.v(568): truncated value with size 32 to match size of target (9)
Warning (10230): Verilog HDL assignment warning at iic.v(599): truncated value with size 32 to match size of target (4)
Warning (10230): Verilog HDL assignment warning at iic.v(603): truncated value with size 32 to match size of target (9)
Warning (10230): Verilog HDL assignment warning at iic.v(630): truncated value with size 32 to match size of target (9)
Warning (10230): Verilog HDL assignment warning at iic.v(641): truncated value with size 32 to match size of target (8)
Warning (10230): Verilog HDL assignment warning at iic.v(661): truncated value with size 32 to match size of target (9)
Warning (10230): Verilog HDL assignment warning at iic.v(691): truncated value with size 32 to match size of target (4)
Warning (10230): Verilog HDL assignment warning at iic.v(695): truncated value with size 32 to match size of target (9)
Warning (10199): Verilog HDL Case Statement warning at iic.v(719): case item expression never matches the case expression
Warning (10230): Verilog HDL assignment warning at iic.v(768): truncated value with size 32 to match size of target (1)
Warning (10230): Verilog HDL assignment warning at iic.v(769): truncated value with size 32 to match size of target (1)
Warning (10230): Verilog HDL assignment warning at iic.v(770): truncated value with size 32 to match size of target (1)
Info (12128): Elaborating entity "fifo_rd" for hierarchy "fifo_rd:fifo_rd_inst"
Info (12128): Elaborating entity "rfifo" for hierarchy "fifo_rd:fifo_rd_inst|rfifo:rfifo_inst"
Info (12128): Elaborating entity "uart_tx" for hierarchy "uart_tx:tx_inst"
Warning (10230): Verilog HDL assignment warning at uart_tx.v(166): truncated value with size 32 to match size of target (1)
Info (13000): Registers with preset signals will power-up high
Info (13003): DEV_CLRn pin will set, and not reset, register with preset signal due to NOT Gate Push-Back
Info (286030): Timing-Driven Synthesis is running
Info (17049): 3 registers lost all their fanouts during netlist optimizations.
Info (144001): Generated suppressed messages file C:/Users/dell/Desktop/ZX/xian/4.2/eeprom/prj/output_files/eeprom.map.smsg
Info (16010): Generating hard_block partition "hard_block:auto_generated_inst"
    Info (16011): Adding 0 node(s), including 0 DDIO, 0 PLL, 0 transceiver and 0 LCELL
Info (21057): Implemented 479 device resources after synthesis - the final resource count might be different
    Info (21058): Implemented 3 input pins
    Info (21059): Implemented 1 output pins
    Info (21060): Implemented 2 bidirectional pins
    Info (21061): Implemented 457 logic cells
    Info (21064): Implemented 16 RAM segments
Info: Quartus II 64-Bit Analysis & Synthesis was successful. 0 errors, 59 warnings
    Info: Peak virtual memory: 4660 megabytes
    Info: Processing ended: Thu Apr 02 12:05:50 2026
    Info: Elapsed time: 00:00:03
    Info: Total CPU time (on all processors): 00:00:03


+------------------------------------------+
; Analysis & Synthesis Suppressed Messages ;
+------------------------------------------+
The suppressed messages can be found in C:/Users/dell/Desktop/ZX/xian/4.2/eeprom/prj/output_files/eeprom.map.smsg.


