Analysis & Synthesis report for eeprom
Fri Apr 03 17:18:39 2026
Quartus Prime Version 18.0.0 Build 614 04/24/2018 SJ Lite Edition


---------------------
; Table of Contents ;
---------------------
  1. Legal Notice
  2. Analysis & Synthesis Summary
  3. Analysis & Synthesis Settings
  4. Parallel Compilation
  5. Analysis & Synthesis Source Files Read
  6. Analysis & Synthesis Resource Usage Summary
  7. Analysis & Synthesis Resource Utilization by Entity
  8. Analysis & Synthesis RAM Summary
  9. Analysis & Synthesis IP Cores Summary
 10. State Machine - |top|uart_tx:tx_inst|state_c
 11. State Machine - |top|iic:iic_inst|c_state
 12. State Machine - |top|fifo_wr:fifo_wr_inst|c_state
 13. State Machine - |top|uart_rx:rx_inst|state_c
 14. Registers Removed During Synthesis
 15. General Register Statistics
 16. Inverted Register Statistics
 17. Multiplexer Restructuring Statistics (Restructuring Performed)
 18. Source assignments for fifo_rd:fifo_rd_inst|rfifo:rfifo_inst|scfifo:scfifo_component|scfifo_b441:auto_generated|a_dpfifo_ia41:dpfifo|altsyncram_kkm1:FIFOram
 19. Parameter Settings for User Entity Instance: uart_rx:rx_inst
 20. Parameter Settings for User Entity Instance: fifo_wr:fifo_wr_inst
 21. Parameter Settings for User Entity Instance: iic:iic_inst
 22. Parameter Settings for User Entity Instance: fifo_rd:fifo_rd_inst|rfifo:rfifo_inst|scfifo:scfifo_component
 23. Parameter Settings for User Entity Instance: uart_tx:tx_inst
 24. scfifo Parameter Settings by Entity Instance
 25. Port Connectivity Checks: "uart_tx:tx_inst"
 26. Port Connectivity Checks: "fifo_rd:fifo_rd_inst|rfifo:rfifo_inst"
 27. Post-Synthesis Netlist Statistics for Top Partition
 28. Elapsed Time Per Partition
 29. Analysis & Synthesis Messages
 30. Analysis & Synthesis Suppressed Messages



----------------
; Legal Notice ;
----------------
Copyright (C) 2018  Intel Corporation. All rights reserved.
Your use of Intel Corporation's design tools, logic functions 
and other software and tools, and its AMPP partner logic 
functions, and any output files from any of the foregoing 
(including device programming or simulation files), and any 
associated documentation or information are expressly subject 
to the terms and conditions of the Intel Program License 
Subscription Agreement, the Intel Quartus Prime License Agreement,
the Intel FPGA IP License Agreement, or other applicable license
agreement, including, without limitation, that your use is for
the sole purpose of programming logic devices manufactured by
Intel and sold by Intel or its authorized distributors.  Please
refer to the applicable agreement for further details.



+----------------------------------------------------------------------------------+
; Analysis & Synthesis Summary                                                     ;
+------------------------------------+---------------------------------------------+
; Analysis & Synthesis Status        ; Successful - Fri Apr 03 17:18:39 2026       ;
; Quartus Prime Version              ; 18.0.0 Build 614 04/24/2018 SJ Lite Edition ;
; Revision Name                      ; eeprom                                      ;
; Top-level Entity Name              ; top                                         ;
; Family                             ; Cyclone IV E                                ;
; Total logic elements               ; 433                                         ;
;     Total combinational functions  ; 376                                         ;
;     Dedicated logic registers      ; 226                                         ;
; Total registers                    ; 226                                         ;
; Total pins                         ; 6                                           ;
; Total virtual pins                 ; 0                                           ;
; Total memory bits                  ; 4,096                                       ;
; Embedded Multiplier 9-bit elements ; 0                                           ;
; Total PLLs                         ; 0                                           ;
+------------------------------------+---------------------------------------------+


+------------------------------------------------------------------------------------------------------------+
; Analysis & Synthesis Settings                                                                              ;
+------------------------------------------------------------------+--------------------+--------------------+
; Option                                                           ; Setting            ; Default Value      ;
+------------------------------------------------------------------+--------------------+--------------------+
; Device                                                           ; EP4CE10F17C8       ;                    ;
; Top-level entity name                                            ; top                ; eeprom             ;
; Family name                                                      ; Cyclone IV E       ; Cyclone V          ;
; Use smart compilation                                            ; Off                ; Off                ;
; Enable parallel Assembler and Timing Analyzer during compilation ; On                 ; On                 ;
; Enable compact report table                                      ; Off                ; Off                ;
; Restructure Multiplexers                                         ; Auto               ; Auto               ;
; Create Debugging Nodes for IP Cores                              ; Off                ; Off                ;
; Preserve fewer node names                                        ; On                 ; On                 ;
; Intel FPGA IP Evaluation Mode                                    ; Enable             ; Enable             ;
; Verilog Version                                                  ; Verilog_2001       ; Verilog_2001       ;
; VHDL Version                                                     ; VHDL_1993          ; VHDL_1993          ;
; State Machine Processing                                         ; Auto               ; Auto               ;
; Safe State Machine                                               ; Off                ; Off                ;
; Extract Verilog State Machines                                   ; On                 ; On                 ;
; Extract VHDL State Machines                                      ; On                 ; On                 ;
; Ignore Verilog initial constructs                                ; Off                ; Off                ;
; Iteration limit for constant Verilog loops                       ; 5000               ; 5000               ;
; Iteration limit for non-constant Verilog loops                   ; 250                ; 250                ;
; Add Pass-Through Logic to Inferred RAMs                          ; On                 ; On                 ;
; Infer RAMs from Raw Logic                                        ; On                 ; On                 ;
; Parallel Synthesis                                               ; On                 ; On                 ;
; DSP Block Balancing                                              ; Auto               ; Auto               ;
; NOT Gate Push-Back                                               ; On                 ; On                 ;
; Power-Up Don't Care                                              ; On                 ; On                 ;
; Remove Redundant Logic Cells                                     ; Off                ; Off                ;
; Remove Duplicate Registers                                       ; On                 ; On                 ;
; Ignore CARRY Buffers                                             ; Off                ; Off                ;
; Ignore CASCADE Buffers                                           ; Off                ; Off                ;
; Ignore GLOBAL Buffers                                            ; Off                ; Off                ;
; Ignore ROW GLOBAL Buffers                                        ; Off                ; Off                ;
; Ignore LCELL Buffers                                             ; Off                ; Off                ;
; Ignore SOFT Buffers                                              ; On                 ; On                 ;
; Limit AHDL Integers to 32 Bits                                   ; Off                ; Off                ;
; Optimization Technique                                           ; Balanced           ; Balanced           ;
; Carry Chain Length                                               ; 70                 ; 70                 ;
; Auto Carry Chains                                                ; On                 ; On                 ;
; Auto Open-Drain Pins                                             ; On                 ; On                 ;
; Perform WYSIWYG Primitive Resynthesis                            ; Off                ; Off                ;
; Auto ROM Replacement                                             ; On                 ; On                 ;
; Auto RAM Replacement                                             ; On                 ; On                 ;
; Auto DSP Block Replacement                                       ; On                 ; On                 ;
; Auto Shift Register Replacement                                  ; Auto               ; Auto               ;
; Allow Shift Register Merging across Hierarchies                  ; Auto               ; Auto               ;
; Auto Clock Enable Replacement                                    ; On                 ; On                 ;
; Strict RAM Replacement                                           ; Off                ; Off                ;
; Allow Synchronous Control Signals                                ; On                 ; On                 ;
; Force Use of Synchronous Clear Signals                           ; Off                ; Off                ;
; Auto RAM Block Balancing                                         ; On                 ; On                 ;
; Auto RAM to Logic Cell Conversion                                ; Off                ; Off                ;
; Auto Resource Sharing                                            ; Off                ; Off                ;
; Allow Any RAM Size For Recognition                               ; Off                ; Off                ;
; Allow Any ROM Size For Recognition                               ; Off                ; Off                ;
; Allow Any Shift Register Size For Recognition                    ; Off                ; Off                ;
; Use LogicLock Constraints during Resource Balancing              ; On                 ; On                 ;
; Ignore translate_off and synthesis_off directives                ; Off                ; Off                ;
; Timing-Driven Synthesis                                          ; On                 ; On                 ;
; Report Parameter Settings                                        ; On                 ; On                 ;
; Report Source Assignments                                        ; On                 ; On                 ;
; Report Connectivity Checks                                       ; On                 ; On                 ;
; Ignore Maximum Fan-Out Assignments                               ; Off                ; Off                ;
; Synchronization Register Chain Length                            ; 2                  ; 2                  ;
; Power Optimization During Synthesis                              ; Normal compilation ; Normal compilation ;
; HDL message level                                                ; Level2             ; Level2             ;
; Suppress Register Optimization Related Messages                  ; Off                ; Off                ;
; Number of Removed Registers Reported in Synthesis Report         ; 5000               ; 5000               ;
; Number of Swept Nodes Reported in Synthesis Report               ; 5000               ; 5000               ;
; Number of Inverted Registers Reported in Synthesis Report        ; 100                ; 100                ;
; Clock MUX Protection                                             ; On                 ; On                 ;
; Auto Gated Clock Conversion                                      ; Off                ; Off                ;
; Block Design Naming                                              ; Auto               ; Auto               ;
; SDC constraint protection                                        ; Off                ; Off                ;
; Synthesis Effort                                                 ; Auto               ; Auto               ;
; Shift Register Replacement - Allow Asynchronous Clear Signal     ; On                 ; On                 ;
; Pre-Mapping Resynthesis Optimization                             ; Off                ; Off                ;
; Analysis & Synthesis Message Level                               ; Medium             ; Medium             ;
; Disable Register Merging Across Hierarchies                      ; Auto               ; Auto               ;
; Resource Aware Inference For Block RAM                           ; On                 ; On                 ;
+------------------------------------------------------------------+--------------------+--------------------+


+------------------------------------------+
; Parallel Compilation                     ;
+----------------------------+-------------+
; Processors                 ; Number      ;
+----------------------------+-------------+
; Number detected on machine ; 16          ;
; Maximum allowed            ; 10          ;
;                            ;             ;
; Average used               ; 1.00        ;
; Maximum used               ; 10          ;
;                            ;             ;
; Usage by Processor         ; % Time Used ;
;     Processor 1            ; 100.0%      ;
;     Processors 2-10        ;   0.0%      ;
+----------------------------+-------------+


+---------------------------------------------------------------------------------------------------------------------------------------------------------------------------------------------+
; Analysis & Synthesis Source Files Read                                                                                                                                                      ;
+----------------------------------+-----------------+------------------------------+-----------------------------------------------------------------------------------------------+---------+
; File Name with User-Entered Path ; Used in Netlist ; File Type                    ; File Name with Absolute Path                                                                  ; Library ;
+----------------------------------+-----------------+------------------------------+-----------------------------------------------------------------------------------------------+---------+
; ../src/uart_tx.v                 ; yes             ; User Verilog HDL File        ; D:/GitHub/my_fpga/1_AlteraFpga_Intel/20260403_IIC_4/4.3/4.3/eeprom/src/uart_tx.v              ;         ;
; ../src/uart_rx.v                 ; yes             ; User Verilog HDL File        ; D:/GitHub/my_fpga/1_AlteraFpga_Intel/20260403_IIC_4/4.3/4.3/eeprom/src/uart_rx.v              ;         ;
; ../src/iic.v                     ; yes             ; User Verilog HDL File        ; D:/GitHub/my_fpga/1_AlteraFpga_Intel/20260403_IIC_4/4.3/4.3/eeprom/src/iic.v                  ;         ;
; ../src/top.v                     ; yes             ; User Verilog HDL File        ; D:/GitHub/my_fpga/1_AlteraFpga_Intel/20260403_IIC_4/4.3/4.3/eeprom/src/top.v                  ;         ;
; ../src/fifo_wr.v                 ; yes             ; User Verilog HDL File        ; D:/GitHub/my_fpga/1_AlteraFpga_Intel/20260403_IIC_4/4.3/4.3/eeprom/src/fifo_wr.v              ;         ;
; ../ip/rfifo.v                    ; yes             ; User Wizard-Generated File   ; D:/GitHub/my_fpga/1_AlteraFpga_Intel/20260403_IIC_4/4.3/4.3/eeprom/ip/rfifo.v                 ;         ;
; ../src/fifo_rd.v                 ; yes             ; User Verilog HDL File        ; D:/GitHub/my_fpga/1_AlteraFpga_Intel/20260403_IIC_4/4.3/4.3/eeprom/src/fifo_rd.v              ;         ;
; scfifo.tdf                       ; yes             ; Megafunction                 ; d:/intelfpga_lite/18.0/quartus/libraries/megafunctions/scfifo.tdf                             ;         ;
; a_regfifo.inc                    ; yes             ; Megafunction                 ; d:/intelfpga_lite/18.0/quartus/libraries/megafunctions/a_regfifo.inc                          ;         ;
; a_dpfifo.inc                     ; yes             ; Megafunction                 ; d:/intelfpga_lite/18.0/quartus/libraries/megafunctions/a_dpfifo.inc                           ;         ;
; a_i2fifo.inc                     ; yes             ; Megafunction                 ; d:/intelfpga_lite/18.0/quartus/libraries/megafunctions/a_i2fifo.inc                           ;         ;
; a_fffifo.inc                     ; yes             ; Megafunction                 ; d:/intelfpga_lite/18.0/quartus/libraries/megafunctions/a_fffifo.inc                           ;         ;
; a_f2fifo.inc                     ; yes             ; Megafunction                 ; d:/intelfpga_lite/18.0/quartus/libraries/megafunctions/a_f2fifo.inc                           ;         ;
; aglobal180.inc                   ; yes             ; Megafunction                 ; d:/intelfpga_lite/18.0/quartus/libraries/megafunctions/aglobal180.inc                         ;         ;
; db/scfifo_b441.tdf               ; yes             ; Auto-Generated Megafunction  ; D:/GitHub/my_fpga/1_AlteraFpga_Intel/20260403_IIC_4/4.3/4.3/eeprom/prj/db/scfifo_b441.tdf     ;         ;
; db/a_dpfifo_ia41.tdf             ; yes             ; Auto-Generated Megafunction  ; D:/GitHub/my_fpga/1_AlteraFpga_Intel/20260403_IIC_4/4.3/4.3/eeprom/prj/db/a_dpfifo_ia41.tdf   ;         ;
; db/a_fefifo_s7f.tdf              ; yes             ; Auto-Generated Megafunction  ; D:/GitHub/my_fpga/1_AlteraFpga_Intel/20260403_IIC_4/4.3/4.3/eeprom/prj/db/a_fefifo_s7f.tdf    ;         ;
; db/cntr_go7.tdf                  ; yes             ; Auto-Generated Megafunction  ; D:/GitHub/my_fpga/1_AlteraFpga_Intel/20260403_IIC_4/4.3/4.3/eeprom/prj/db/cntr_go7.tdf        ;         ;
; db/altsyncram_kkm1.tdf           ; yes             ; Auto-Generated Megafunction  ; D:/GitHub/my_fpga/1_AlteraFpga_Intel/20260403_IIC_4/4.3/4.3/eeprom/prj/db/altsyncram_kkm1.tdf ;         ;
; db/cntr_4ob.tdf                  ; yes             ; Auto-Generated Megafunction  ; D:/GitHub/my_fpga/1_AlteraFpga_Intel/20260403_IIC_4/4.3/4.3/eeprom/prj/db/cntr_4ob.tdf        ;         ;
+----------------------------------+-----------------+------------------------------+-----------------------------------------------------------------------------------------------+---------+


+---------------------------------------------------------+
; Analysis & Synthesis Resource Usage Summary             ;
+---------------------------------------------+-----------+
; Resource                                    ; Usage     ;
+---------------------------------------------+-----------+
; Estimated Total logic elements              ; 433       ;
;                                             ;           ;
; Total combinational functions               ; 376       ;
; Logic element usage by number of LUT inputs ;           ;
;     -- 4 input functions                    ; 187       ;
;     -- 3 input functions                    ; 69        ;
;     -- <=2 input functions                  ; 120       ;
;                                             ;           ;
; Logic elements by mode                      ;           ;
;     -- normal mode                          ; 292       ;
;     -- arithmetic mode                      ; 84        ;
;                                             ;           ;
; Total registers                             ; 226       ;
;     -- Dedicated logic registers            ; 226       ;
;     -- I/O registers                        ; 0         ;
;                                             ;           ;
; I/O pins                                    ; 6         ;
; Total memory bits                           ; 4096      ;
;                                             ;           ;
; Embedded Multiplier 9-bit elements          ; 0         ;
;                                             ;           ;
; Maximum fan-out node                        ; clk~input ;
; Maximum fan-out                             ; 234       ;
; Total fan-out                               ; 2197      ;
; Average fan-out                             ; 3.52      ;
+---------------------------------------------+-----------+


+---------------------------------------------------------------------------------------------------------------------------------------------------------------------------------------------------------------------------------------------------------------------------------------------------------------------------------------------------------------------------+
; Analysis & Synthesis Resource Utilization by Entity                                                                                                                                                                                                                                                                                                                       ;
+---------------------------------------------+---------------------+---------------------------+-------------+--------------+---------+-----------+------+--------------+-----------------------------------------------------------------------------------------------------------------------------------------------------------------+-----------------+--------------+
; Compilation Hierarchy Node                  ; Combinational ALUTs ; Dedicated Logic Registers ; Memory Bits ; DSP Elements ; DSP 9x9 ; DSP 18x18 ; Pins ; Virtual Pins ; Full Hierarchy Name                                                                                                                                             ; Entity Name     ; Library Name ;
+---------------------------------------------+---------------------+---------------------------+-------------+--------------+---------+-----------+------+--------------+-----------------------------------------------------------------------------------------------------------------------------------------------------------------+-----------------+--------------+
; |top                                        ; 376 (0)             ; 226 (0)                   ; 4096        ; 0            ; 0       ; 0         ; 6    ; 0            ; |top                                                                                                                                                            ; top             ; work         ;
;    |fifo_rd:fifo_rd_inst|                   ; 42 (2)              ; 30 (1)                    ; 4096        ; 0            ; 0       ; 0         ; 0    ; 0            ; |top|fifo_rd:fifo_rd_inst                                                                                                                                       ; fifo_rd         ; work         ;
;       |rfifo:rfifo_inst|                    ; 40 (0)              ; 29 (0)                    ; 4096        ; 0            ; 0       ; 0         ; 0    ; 0            ; |top|fifo_rd:fifo_rd_inst|rfifo:rfifo_inst                                                                                                                      ; rfifo           ; work         ;
;          |scfifo:scfifo_component|          ; 40 (0)              ; 29 (0)                    ; 4096        ; 0            ; 0       ; 0         ; 0    ; 0            ; |top|fifo_rd:fifo_rd_inst|rfifo:rfifo_inst|scfifo:scfifo_component                                                                                              ; scfifo          ; work         ;
;             |scfifo_b441:auto_generated|    ; 40 (0)              ; 29 (0)                    ; 4096        ; 0            ; 0       ; 0         ; 0    ; 0            ; |top|fifo_rd:fifo_rd_inst|rfifo:rfifo_inst|scfifo:scfifo_component|scfifo_b441:auto_generated                                                                   ; scfifo_b441     ; work         ;
;                |a_dpfifo_ia41:dpfifo|       ; 40 (3)              ; 29 (0)                    ; 4096        ; 0            ; 0       ; 0         ; 0    ; 0            ; |top|fifo_rd:fifo_rd_inst|rfifo:rfifo_inst|scfifo:scfifo_component|scfifo_b441:auto_generated|a_dpfifo_ia41:dpfifo                                              ; a_dpfifo_ia41   ; work         ;
;                   |a_fefifo_s7f:fifo_state| ; 19 (10)             ; 11 (2)                    ; 0           ; 0            ; 0       ; 0         ; 0    ; 0            ; |top|fifo_rd:fifo_rd_inst|rfifo:rfifo_inst|scfifo:scfifo_component|scfifo_b441:auto_generated|a_dpfifo_ia41:dpfifo|a_fefifo_s7f:fifo_state                      ; a_fefifo_s7f    ; work         ;
;                      |cntr_go7:count_usedw| ; 9 (9)               ; 9 (9)                     ; 0           ; 0            ; 0       ; 0         ; 0    ; 0            ; |top|fifo_rd:fifo_rd_inst|rfifo:rfifo_inst|scfifo:scfifo_component|scfifo_b441:auto_generated|a_dpfifo_ia41:dpfifo|a_fefifo_s7f:fifo_state|cntr_go7:count_usedw ; cntr_go7        ; work         ;
;                   |altsyncram_kkm1:FIFOram| ; 0 (0)               ; 0 (0)                     ; 4096        ; 0            ; 0       ; 0         ; 0    ; 0            ; |top|fifo_rd:fifo_rd_inst|rfifo:rfifo_inst|scfifo:scfifo_component|scfifo_b441:auto_generated|a_dpfifo_ia41:dpfifo|altsyncram_kkm1:FIFOram                      ; altsyncram_kkm1 ; work         ;
;                   |cntr_4ob:rd_ptr_count|   ; 9 (9)               ; 9 (9)                     ; 0           ; 0            ; 0       ; 0         ; 0    ; 0            ; |top|fifo_rd:fifo_rd_inst|rfifo:rfifo_inst|scfifo:scfifo_component|scfifo_b441:auto_generated|a_dpfifo_ia41:dpfifo|cntr_4ob:rd_ptr_count                        ; cntr_4ob        ; work         ;
;                   |cntr_4ob:wr_ptr|         ; 9 (9)               ; 9 (9)                     ; 0           ; 0            ; 0       ; 0         ; 0    ; 0            ; |top|fifo_rd:fifo_rd_inst|rfifo:rfifo_inst|scfifo:scfifo_component|scfifo_b441:auto_generated|a_dpfifo_ia41:dpfifo|cntr_4ob:wr_ptr                              ; cntr_4ob        ; work         ;
;    |fifo_wr:fifo_wr_inst|                   ; 15 (15)             ; 50 (50)                   ; 0           ; 0            ; 0       ; 0         ; 0    ; 0            ; |top|fifo_wr:fifo_wr_inst                                                                                                                                       ; fifo_wr         ; work         ;
;    |iic:iic_inst|                           ; 223 (223)           ; 85 (85)                   ; 0           ; 0            ; 0       ; 0         ; 0    ; 0            ; |top|iic:iic_inst                                                                                                                                               ; iic             ; work         ;
;    |uart_rx:rx_inst|                        ; 56 (56)             ; 31 (31)                   ; 0           ; 0            ; 0       ; 0         ; 0    ; 0            ; |top|uart_rx:rx_inst                                                                                                                                            ; uart_rx         ; work         ;
;    |uart_tx:tx_inst|                        ; 40 (40)             ; 30 (30)                   ; 0           ; 0            ; 0       ; 0         ; 0    ; 0            ; |top|uart_tx:tx_inst                                                                                                                                            ; uart_tx         ; work         ;
+---------------------------------------------+---------------------+---------------------------+-------------+--------------+---------+-----------+------+--------------+-----------------------------------------------------------------------------------------------------------------------------------------------------------------+-----------------+--------------+
Note: For table entries with two numbers listed, the numbers in parentheses indicate the number of resources of the given type used by the specific entity alone. The numbers listed outside of parentheses indicate the total resources of the given type used by the specific entity and all of its sub-entities in the hierarchy.


+------------------------------------------------------------------------------------------------------------------------------------------------------------------------------------------------------------------------------------------------------+
; Analysis & Synthesis RAM Summary                                                                                                                                                                                                                     ;
+--------------------------------------------------------------------------------------------------------------------------------------------------+------+------------------+--------------+--------------+--------------+--------------+------+------+
; Name                                                                                                                                             ; Type ; Mode             ; Port A Depth ; Port A Width ; Port B Depth ; Port B Width ; Size ; MIF  ;
+--------------------------------------------------------------------------------------------------------------------------------------------------+------+------------------+--------------+--------------+--------------+--------------+------+------+
; fifo_rd:fifo_rd_inst|rfifo:rfifo_inst|scfifo:scfifo_component|scfifo_b441:auto_generated|a_dpfifo_ia41:dpfifo|altsyncram_kkm1:FIFOram|ALTSYNCRAM ; AUTO ; Simple Dual Port ; 512          ; 8            ; 512          ; 8            ; 4096 ; None ;
+--------------------------------------------------------------------------------------------------------------------------------------------------+------+------------------+--------------+--------------+--------------+--------------+------+------+


+------------------------------------------------------------------------------------------------------------------------------+
; Analysis & Synthesis IP Cores Summary                                                                                        ;
+--------+--------------+---------+--------------+--------------+--------------------------------------------+-----------------+
; Vendor ; IP Core Name ; Version ; Release Date ; License Type ; Entity Instance                            ; IP Include File ;
+--------+--------------+---------+--------------+--------------+--------------------------------------------+-----------------+
; Altera ; FIFO         ; 18.0    ; N/A          ; N/A          ; |top|fifo_rd:fifo_rd_inst|rfifo:rfifo_inst ; ../ip/rfifo.v   ;
+--------+--------------+---------+--------------+--------------+--------------------------------------------+-----------------+


Encoding Type:  One-Hot
+--------------------------------------------------------------------------------------------+
; State Machine - |top|uart_tx:tx_inst|state_c                                               ;
+---------------+--------------+---------------+--------------+---------------+--------------+
; Name          ; state_c.STOP ; state_c.CHECK ; state_c.DATA ; state_c.START ; state_c.IDLE ;
+---------------+--------------+---------------+--------------+---------------+--------------+
; state_c.IDLE  ; 0            ; 0             ; 0            ; 0             ; 0            ;
; state_c.START ; 0            ; 0             ; 0            ; 1             ; 1            ;
; state_c.DATA  ; 0            ; 0             ; 1            ; 0             ; 1            ;
; state_c.CHECK ; 0            ; 1             ; 0            ; 0             ; 1            ;
; state_c.STOP  ; 1            ; 0             ; 0            ; 0             ; 1            ;
+---------------+--------------+---------------+--------------+---------------+--------------+


Encoding Type:  One-Hot
+---------------------------------------------------------------------------------------------------------------------------------------------------------------------------------------------------------------------------------------------------------------------------------------------+
; State Machine - |top|iic:iic_inst|c_state                                                                                                                                                                                                                                                   ;
+---------------------+-------------+----------------+--------------+-------------------+--------------+--------------+-------------------+--------------+---------------------+--------------+---------------------+--------------+------------+---------------+--------------+--------------+
; Name                ; c_state.ID1 ; c_state.START1 ; c_state.ACK5 ; c_state.RECV_DATA ; c_state.STOP ; c_state.ACK4 ; c_state.SEND_DATA ; c_state.ACK3 ; c_state.SEND_ADDR_L ; c_state.ACK2 ; c_state.SEND_ADDR_H ; c_state.ACK1 ; c_state.ID ; c_state.START ; c_state.IDLE ; c_state.ACK6 ;
+---------------------+-------------+----------------+--------------+-------------------+--------------+--------------+-------------------+--------------+---------------------+--------------+---------------------+--------------+------------+---------------+--------------+--------------+
; c_state.IDLE        ; 0           ; 0              ; 0            ; 0                 ; 0            ; 0            ; 0                 ; 0            ; 0                   ; 0            ; 0                   ; 0            ; 0          ; 0             ; 0            ; 0            ;
; c_state.START       ; 0           ; 0              ; 0            ; 0                 ; 0            ; 0            ; 0                 ; 0            ; 0                   ; 0            ; 0                   ; 0            ; 0          ; 1             ; 1            ; 0            ;
; c_state.ID          ; 0           ; 0              ; 0            ; 0                 ; 0            ; 0            ; 0                 ; 0            ; 0                   ; 0            ; 0                   ; 0            ; 1          ; 0             ; 1            ; 0            ;
; c_state.ACK1        ; 0           ; 0              ; 0            ; 0                 ; 0            ; 0            ; 0                 ; 0            ; 0                   ; 0            ; 0                   ; 1            ; 0          ; 0             ; 1            ; 0            ;
; c_state.SEND_ADDR_H ; 0           ; 0              ; 0            ; 0                 ; 0            ; 0            ; 0                 ; 0            ; 0                   ; 0            ; 1                   ; 0            ; 0          ; 0             ; 1            ; 0            ;
; c_state.ACK2        ; 0           ; 0              ; 0            ; 0                 ; 0            ; 0            ; 0                 ; 0            ; 0                   ; 1            ; 0                   ; 0            ; 0          ; 0             ; 1            ; 0            ;
; c_state.SEND_ADDR_L ; 0           ; 0              ; 0            ; 0                 ; 0            ; 0            ; 0                 ; 0            ; 1                   ; 0            ; 0                   ; 0            ; 0          ; 0             ; 1            ; 0            ;
; c_state.ACK3        ; 0           ; 0              ; 0            ; 0                 ; 0            ; 0            ; 0                 ; 1            ; 0                   ; 0            ; 0                   ; 0            ; 0          ; 0             ; 1            ; 0            ;
; c_state.SEND_DATA   ; 0           ; 0              ; 0            ; 0                 ; 0            ; 0            ; 1                 ; 0            ; 0                   ; 0            ; 0                   ; 0            ; 0          ; 0             ; 1            ; 0            ;
; c_state.ACK4        ; 0           ; 0              ; 0            ; 0                 ; 0            ; 1            ; 0                 ; 0            ; 0                   ; 0            ; 0                   ; 0            ; 0          ; 0             ; 1            ; 0            ;
; c_state.STOP        ; 0           ; 0              ; 0            ; 0                 ; 1            ; 0            ; 0                 ; 0            ; 0                   ; 0            ; 0                   ; 0            ; 0          ; 0             ; 1            ; 0            ;
; c_state.RECV_DATA   ; 0           ; 0              ; 0            ; 1                 ; 0            ; 0            ; 0                 ; 0            ; 0                   ; 0            ; 0                   ; 0            ; 0          ; 0             ; 1            ; 0            ;
; c_state.ACK5        ; 0           ; 0              ; 1            ; 0                 ; 0            ; 0            ; 0                 ; 0            ; 0                   ; 0            ; 0                   ; 0            ; 0          ; 0             ; 1            ; 0            ;
; c_state.START1      ; 0           ; 1              ; 0            ; 0                 ; 0            ; 0            ; 0                 ; 0            ; 0                   ; 0            ; 0                   ; 0            ; 0          ; 0             ; 1            ; 0            ;
; c_state.ID1         ; 1           ; 0              ; 0            ; 0                 ; 0            ; 0            ; 0                 ; 0            ; 0                   ; 0            ; 0                   ; 0            ; 0          ; 0             ; 1            ; 0            ;
; c_state.ACK6        ; 0           ; 0              ; 0            ; 0                 ; 0            ; 0            ; 0                 ; 0            ; 0                   ; 0            ; 0                   ; 0            ; 0          ; 0             ; 1            ; 1            ;
+---------------------+-------------+----------------+--------------+-------------------+--------------+--------------+-------------------+--------------+---------------------+--------------+---------------------+--------------+------------+---------------+--------------+--------------+


Encoding Type:  One-Hot
+--------------------------------------------------------------------------------------------------------------------------------------------+
; State Machine - |top|fifo_wr:fifo_wr_inst|c_state                                                                                          ;
+----------------+--------------+----------------+----------------+--------------+--------------+--------------+--------------+--------------+
; Name           ; c_state.DATA ; c_state.ADDR_L ; c_state.ADDR_H ; c_state.WORR ; c_state.RECV ; c_state.SEND ; c_state.IDLE ; c_state.STOP ;
+----------------+--------------+----------------+----------------+--------------+--------------+--------------+--------------+--------------+
; c_state.IDLE   ; 0            ; 0              ; 0              ; 0            ; 0            ; 0            ; 0            ; 0            ;
; c_state.SEND   ; 0            ; 0              ; 0              ; 0            ; 0            ; 1            ; 1            ; 0            ;
; c_state.RECV   ; 0            ; 0              ; 0              ; 0            ; 1            ; 0            ; 1            ; 0            ;
; c_state.WORR   ; 0            ; 0              ; 0              ; 1            ; 0            ; 0            ; 1            ; 0            ;
; c_state.ADDR_H ; 0            ; 0              ; 1              ; 0            ; 0            ; 0            ; 1            ; 0            ;
; c_state.ADDR_L ; 0            ; 1              ; 0              ; 0            ; 0            ; 0            ; 1            ; 0            ;
; c_state.DATA   ; 1            ; 0              ; 0              ; 0            ; 0            ; 0            ; 1            ; 0            ;
; c_state.STOP   ; 0            ; 0              ; 0              ; 0            ; 0            ; 0            ; 1            ; 1            ;
+----------------+--------------+----------------+----------------+--------------+--------------+--------------+--------------+--------------+


Encoding Type:  One-Hot
+--------------------------------------------------------------------------------------------+
; State Machine - |top|uart_rx:rx_inst|state_c                                               ;
+---------------+--------------+---------------+--------------+---------------+--------------+
; Name          ; state_c.STOP ; state_c.CHECK ; state_c.DATA ; state_c.START ; state_c.IDLE ;
+---------------+--------------+---------------+--------------+---------------+--------------+
; state_c.IDLE  ; 0            ; 0             ; 0            ; 0             ; 0            ;
; state_c.START ; 0            ; 0             ; 0            ; 1             ; 1            ;
; state_c.DATA  ; 0            ; 0             ; 1            ; 0             ; 1            ;
; state_c.CHECK ; 0            ; 1             ; 0            ; 0             ; 1            ;
; state_c.STOP  ; 1            ; 0             ; 0            ; 0             ; 1            ;
+---------------+--------------+---------------+--------------+---------------+--------------+


+--------------------------------------------------------------------------------+
; Registers Removed During Synthesis                                             ;
+---------------------------------------+----------------------------------------+
; Register name                         ; Reason for Removal                     ;
+---------------------------------------+----------------------------------------+
; iic:iic_inst|c_state~4                ; Lost fanout                            ;
; iic:iic_inst|c_state~5                ; Lost fanout                            ;
; iic:iic_inst|c_state~6                ; Lost fanout                            ;
; iic:iic_inst|c_state~7                ; Lost fanout                            ;
; fifo_wr:fifo_wr_inst|c_state~4        ; Lost fanout                            ;
; fifo_wr:fifo_wr_inst|c_state~5        ; Lost fanout                            ;
; fifo_wr:fifo_wr_inst|c_state~6        ; Lost fanout                            ;
; uart_tx:tx_inst|state_c.CHECK         ; Stuck at GND due to stuck port data_in ;
; uart_rx:rx_inst|state_c.CHECK         ; Stuck at GND due to stuck port data_in ;
; Total Number of Removed Registers = 9 ;                                        ;
+---------------------------------------+----------------------------------------+


+------------------------------------------------------+
; General Register Statistics                          ;
+----------------------------------------------+-------+
; Statistic                                    ; Value ;
+----------------------------------------------+-------+
; Total registers                              ; 226   ;
; Number of registers using Synchronous Clear  ; 26    ;
; Number of registers using Synchronous Load   ; 0     ;
; Number of registers using Asynchronous Clear ; 218   ;
; Number of registers using Asynchronous Load  ; 0     ;
; Number of registers using Clock Enable       ; 126   ;
; Number of registers using Preset             ; 0     ;
+----------------------------------------------+-------+


+--------------------------------------------------+
; Inverted Register Statistics                     ;
+----------------------------------------+---------+
; Inverted Register                      ; Fan out ;
+----------------------------------------+---------+
; uart_tx:tx_inst|uart_txd               ; 1       ;
; uart_rx:rx_inst|uart_rxd_r[2]          ; 10      ;
; uart_rx:rx_inst|uart_rxd_r[1]          ; 3       ;
; uart_rx:rx_inst|uart_rxd_r[0]          ; 1       ;
; Total number of inverted registers = 4 ;         ;
+----------------------------------------+---------+


+--------------------------------------------------------------------------------------------------------------------------------------------+
; Multiplexer Restructuring Statistics (Restructuring Performed)                                                                             ;
+--------------------+-----------+---------------+----------------------+------------------------+------------+------------------------------+
; Multiplexer Inputs ; Bus Width ; Baseline Area ; Area if Restructured ; Saving if Restructured ; Registered ; Example Multiplexer Output   ;
+--------------------+-----------+---------------+----------------------+------------------------+------------+------------------------------+
; 4:1                ; 4 bits    ; 8 LEs         ; 4 LEs                ; 4 LEs                  ; Yes        ; |top|iic:iic_inst|cnt_bit[3] ;
; 3:1                ; 2 bits    ; 4 LEs         ; 2 LEs                ; 2 LEs                  ; No         ; |top|iic:iic_inst|n_state    ;
+--------------------+-----------+---------------+----------------------+------------------------+------------+------------------------------+


+--------------------------------------------------------------------------------------------------------------------------------------------------------------+
; Source assignments for fifo_rd:fifo_rd_inst|rfifo:rfifo_inst|scfifo:scfifo_component|scfifo_b441:auto_generated|a_dpfifo_ia41:dpfifo|altsyncram_kkm1:FIFOram ;
+---------------------------------+--------------------+------+------------------------------------------------------------------------------------------------+
; Assignment                      ; Value              ; From ; To                                                                                             ;
+---------------------------------+--------------------+------+------------------------------------------------------------------------------------------------+
; OPTIMIZE_POWER_DURING_SYNTHESIS ; NORMAL_COMPILATION ; -    ; -                                                                                              ;
+---------------------------------+--------------------+------+------------------------------------------------------------------------------------------------+


+--------------------------------------------------------------+
; Parameter Settings for User Entity Instance: uart_rx:rx_inst ;
+-----------------+----------+---------------------------------+
; Parameter Name  ; Value    ; Type                            ;
+-----------------+----------+---------------------------------+
; CLOCK_FRQ       ; 50000000 ; Signed Integer                  ;
; BAUD            ; 115200   ; Signed Integer                  ;
; DATA_LENTH      ; 8        ; Signed Integer                  ;
; CHECKBIT_SELECT ; 0        ; Signed Integer                  ;
; CHECK_TYPE      ; 0        ; Signed Integer                  ;
+-----------------+----------+---------------------------------+
Note: In order to hide this table in the UI and the text report file, please set the "Show Parameter Settings in Synthesis Report" option in "Analysis and Synthesis Settings -> More Settings" to "Off".


+-------------------------------------------------------------------+
; Parameter Settings for User Entity Instance: fifo_wr:fifo_wr_inst ;
+----------------+-------+------------------------------------------+
; Parameter Name ; Value ; Type                                     ;
+----------------+-------+------------------------------------------+
; IDLE           ; 1     ; Signed Integer                           ;
; SEND           ; 2     ; Signed Integer                           ;
; RECV           ; 3     ; Signed Integer                           ;
; WORR           ; 4     ; Signed Integer                           ;
; ADDR_H         ; 5     ; Signed Integer                           ;
; ADDR_L         ; 6     ; Signed Integer                           ;
; DATA           ; 7     ; Signed Integer                           ;
; STOP           ; 8     ; Signed Integer                           ;
+----------------+-------+------------------------------------------+
Note: In order to hide this table in the UI and the text report file, please set the "Show Parameter Settings in Synthesis Report" option in "Analysis and Synthesis Settings -> More Settings" to "Off".


+-----------------------------------------------------------+
; Parameter Settings for User Entity Instance: iic:iic_inst ;
+----------------+----------+-------------------------------+
; Parameter Name ; Value    ; Type                          ;
+----------------+----------+-------------------------------+
; sysclk         ; 50000000 ; Signed Integer                ;
; iicclk         ; 100000   ; Signed Integer                ;
; delay          ; 500      ; Signed Integer                ;
; MID            ; 250      ; Signed Integer                ;
; Q_MID          ; 125      ; Signed Integer                ;
; TQ_MID         ; 375      ; Signed Integer                ;
; IDW            ; 10100000 ; Unsigned Binary               ;
; IDR            ; 10100001 ; Unsigned Binary               ;
+----------------+----------+-------------------------------+
Note: In order to hide this table in the UI and the text report file, please set the "Show Parameter Settings in Synthesis Report" option in "Analysis and Synthesis Settings -> More Settings" to "Off".


+------------------------------------------------------------------------------------------------------------+
; Parameter Settings for User Entity Instance: fifo_rd:fifo_rd_inst|rfifo:rfifo_inst|scfifo:scfifo_component ;
+-------------------------+--------------+-------------------------------------------------------------------+
; Parameter Name          ; Value        ; Type                                                              ;
+-------------------------+--------------+-------------------------------------------------------------------+
; AUTO_CARRY_CHAINS       ; ON           ; AUTO_CARRY                                                        ;
; IGNORE_CARRY_BUFFERS    ; OFF          ; IGNORE_CARRY                                                      ;
; AUTO_CASCADE_CHAINS     ; ON           ; AUTO_CASCADE                                                      ;
; IGNORE_CASCADE_BUFFERS  ; OFF          ; IGNORE_CASCADE                                                    ;
; lpm_width               ; 8            ; Signed Integer                                                    ;
; LPM_NUMWORDS            ; 512          ; Signed Integer                                                    ;
; LPM_WIDTHU              ; 9            ; Signed Integer                                                    ;
; LPM_SHOWAHEAD           ; OFF          ; Untyped                                                           ;
; UNDERFLOW_CHECKING      ; ON           ; Untyped                                                           ;
; OVERFLOW_CHECKING       ; ON           ; Untyped                                                           ;
; ALLOW_RWCYCLE_WHEN_FULL ; OFF          ; Untyped                                                           ;
; ADD_RAM_OUTPUT_REGISTER ; OFF          ; Untyped                                                           ;
; ALMOST_FULL_VALUE       ; 0            ; Untyped                                                           ;
; ALMOST_EMPTY_VALUE      ; 0            ; Untyped                                                           ;
; ENABLE_ECC              ; FALSE        ; Untyped                                                           ;
; USE_EAB                 ; ON           ; Untyped                                                           ;
; MAXIMIZE_SPEED          ; 5            ; Untyped                                                           ;
; DEVICE_FAMILY           ; Cyclone IV E ; Untyped                                                           ;
; OPTIMIZE_FOR_SPEED      ; 5            ; Untyped                                                           ;
; CBXI_PARAMETER          ; scfifo_b441  ; Untyped                                                           ;
+-------------------------+--------------+-------------------------------------------------------------------+
Note: In order to hide this table in the UI and the text report file, please set the "Show Parameter Settings in Synthesis Report" option in "Analysis and Synthesis Settings -> More Settings" to "Off".


+--------------------------------------------------------------+
; Parameter Settings for User Entity Instance: uart_tx:tx_inst ;
+-----------------+----------+---------------------------------+
; Parameter Name  ; Value    ; Type                            ;
+-----------------+----------+---------------------------------+
; CLOCK_FRQ       ; 50000000 ; Signed Integer                  ;
; BAUD            ; 115200   ; Signed Integer                  ;
; DATA_LENTH      ; 8        ; Signed Integer                  ;
; CHECKBIT_SELECT ; 0        ; Signed Integer                  ;
; CHECK_TYPE      ; 0        ; Signed Integer                  ;
+-----------------+----------+---------------------------------+
Note: In order to hide this table in the UI and the text report file, please set the "Show Parameter Settings in Synthesis Report" option in "Analysis and Synthesis Settings -> More Settings" to "Off".


+--------------------------------------------------------------------------------------------+
; scfifo Parameter Settings by Entity Instance                                               ;
+----------------------------+---------------------------------------------------------------+
; Name                       ; Value                                                         ;
+----------------------------+---------------------------------------------------------------+
; Number of entity instances ; 1                                                             ;
; Entity Instance            ; fifo_rd:fifo_rd_inst|rfifo:rfifo_inst|scfifo:scfifo_component ;
;     -- FIFO Type           ; Single Clock                                                  ;
;     -- lpm_width           ; 8                                                             ;
;     -- LPM_NUMWORDS        ; 512                                                           ;
;     -- LPM_SHOWAHEAD       ; OFF                                                           ;
;     -- USE_EAB             ; ON                                                            ;
+----------------------------+---------------------------------------------------------------+


+----------------------------------------------------+
; Port Connectivity Checks: "uart_tx:tx_inst"        ;
+-------+--------+----------+------------------------+
; Port  ; Type   ; Severity ; Details                ;
+-------+--------+----------+------------------------+
; ready ; Output ; Info     ; Explicitly unconnected ;
+-------+--------+----------+------------------------+


+-----------------------------------------------------------------------------------------------------------------+
; Port Connectivity Checks: "fifo_rd:fifo_rd_inst|rfifo:rfifo_inst"                                               ;
+-------+--------+----------+-------------------------------------------------------------------------------------+
; Port  ; Type   ; Severity ; Details                                                                             ;
+-------+--------+----------+-------------------------------------------------------------------------------------+
; full  ; Output ; Info     ; Connected to dangling logic. Logic that only feeds a dangling port will be removed. ;
; usedw ; Output ; Info     ; Connected to dangling logic. Logic that only feeds a dangling port will be removed. ;
+-------+--------+----------+-------------------------------------------------------------------------------------+


+-----------------------------------------------------+
; Post-Synthesis Netlist Statistics for Top Partition ;
+-----------------------+-----------------------------+
; Type                  ; Count                       ;
+-----------------------+-----------------------------+
; boundary_port         ; 6                           ;
; cycloneiii_ff         ; 226                         ;
;     CLR               ; 100                         ;
;     ENA               ; 8                           ;
;     ENA CLR           ; 92                          ;
;     ENA CLR SCLR      ; 26                          ;
; cycloneiii_io_obuf    ; 2                           ;
; cycloneiii_lcell_comb ; 377                         ;
;     arith             ; 84                          ;
;         2 data inputs ; 60                          ;
;         3 data inputs ; 24                          ;
;     normal            ; 293                         ;
;         1 data inputs ; 10                          ;
;         2 data inputs ; 51                          ;
;         3 data inputs ; 45                          ;
;         4 data inputs ; 187                         ;
; cycloneiii_ram_block  ; 8                           ;
;                       ;                             ;
; Max LUT depth         ; 6.00                        ;
; Average LUT depth     ; 3.28                        ;
+-----------------------+-----------------------------+


+-------------------------------+
; Elapsed Time Per Partition    ;
+----------------+--------------+
; Partition Name ; Elapsed Time ;
+----------------+--------------+
; Top            ; 00:00:00     ;
+----------------+--------------+


+-------------------------------+
; Analysis & Synthesis Messages ;
+-------------------------------+
Info: *******************************************************************
Info: Running Quartus Prime Analysis & Synthesis
    Info: Version 18.0.0 Build 614 04/24/2018 SJ Lite Edition
    Info: Processing started: Fri Apr 03 17:18:32 2026
Info: Command: quartus_map --read_settings_files=on --write_settings_files=off eeprom -c eeprom
Warning (18236): Number of processors has not been specified which may cause overloading on shared machines.  Set the global assignment NUM_PARALLEL_PROCESSORS in your QSF to an appropriate value for best performance.
Info (20030): Parallel compilation is enabled and will use 10 of the 10 processors detected
Info (12021): Found 1 design units, including 1 entities, in source file /github/my_fpga/1_alterafpga_intel/20260403_iic_4/4.3/4.3/eeprom/sim/m24lc64.v
    Info (12023): Found entity 1: M24LC64 File: D:/GitHub/my_fpga/1_AlteraFpga_Intel/20260403_IIC_4/4.3/4.3/eeprom/sim/M24LC64.v Line: 87
Info (12021): Found 1 design units, including 1 entities, in source file /github/my_fpga/1_alterafpga_intel/20260403_iic_4/4.3/4.3/eeprom/src/uart_tx.v
    Info (12023): Found entity 1: uart_tx File: D:/GitHub/my_fpga/1_AlteraFpga_Intel/20260403_IIC_4/4.3/4.3/eeprom/src/uart_tx.v Line: 9
Info (12021): Found 1 design units, including 1 entities, in source file /github/my_fpga/1_alterafpga_intel/20260403_iic_4/4.3/4.3/eeprom/src/uart_rx.v
    Info (12023): Found entity 1: uart_rx File: D:/GitHub/my_fpga/1_AlteraFpga_Intel/20260403_IIC_4/4.3/4.3/eeprom/src/uart_rx.v Line: 9
Info (12021): Found 1 design units, including 1 entities, in source file /github/my_fpga/1_alterafpga_intel/20260403_iic_4/4.3/4.3/eeprom/src/iic.v
    Info (12023): Found entity 1: iic File: D:/GitHub/my_fpga/1_AlteraFpga_Intel/20260403_IIC_4/4.3/4.3/eeprom/src/iic.v Line: 3
Info (12021): Found 1 design units, including 1 entities, in source file /github/my_fpga/1_alterafpga_intel/20260403_iic_4/4.3/4.3/eeprom/ip/wfifo.v
    Info (12023): Found entity 1: wfifo File: D:/GitHub/my_fpga/1_AlteraFpga_Intel/20260403_IIC_4/4.3/4.3/eeprom/ip/wfifo.v Line: 39
Info (12021): Found 1 design units, including 1 entities, in source file /github/my_fpga/1_alterafpga_intel/20260403_iic_4/4.3/4.3/eeprom/src/top.v
    Info (12023): Found entity 1: top File: D:/GitHub/my_fpga/1_AlteraFpga_Intel/20260403_IIC_4/4.3/4.3/eeprom/src/top.v Line: 4
Info (12021): Found 1 design units, including 1 entities, in source file /github/my_fpga/1_alterafpga_intel/20260403_iic_4/4.3/4.3/eeprom/src/fifo_wr.v
    Info (12023): Found entity 1: fifo_wr File: D:/GitHub/my_fpga/1_AlteraFpga_Intel/20260403_IIC_4/4.3/4.3/eeprom/src/fifo_wr.v Line: 2
Info (12021): Found 1 design units, including 1 entities, in source file /github/my_fpga/1_alterafpga_intel/20260403_iic_4/4.3/4.3/eeprom/ip/rfifo.v
    Info (12023): Found entity 1: rfifo File: D:/GitHub/my_fpga/1_AlteraFpga_Intel/20260403_IIC_4/4.3/4.3/eeprom/ip/rfifo.v Line: 39
Info (12021): Found 1 design units, including 1 entities, in source file /github/my_fpga/1_alterafpga_intel/20260403_iic_4/4.3/4.3/eeprom/src/fifo_rd.v
    Info (12023): Found entity 1: fifo_rd File: D:/GitHub/my_fpga/1_AlteraFpga_Intel/20260403_IIC_4/4.3/4.3/eeprom/src/fifo_rd.v Line: 1
Info (12021): Found 1 design units, including 1 entities, in source file /github/my_fpga/1_alterafpga_intel/20260403_iic_4/4.3/4.3/eeprom/sim/top_tb.v
    Info (12023): Found entity 1: top_tb File: D:/GitHub/my_fpga/1_AlteraFpga_Intel/20260403_IIC_4/4.3/4.3/eeprom/sim/top_tb.v Line: 3
Warning (10236): Verilog HDL Implicit Net warning at top.v(86): created implicit net for "done_tx" File: D:/GitHub/my_fpga/1_AlteraFpga_Intel/20260403_IIC_4/4.3/4.3/eeprom/src/top.v Line: 86
Warning (10222): Verilog HDL Parameter Declaration warning at uart_tx.v(26): Parameter Declaration in module "uart_tx" behaves as a Local Parameter Declaration because the module has a Module Parameter Port List File: D:/GitHub/my_fpga/1_AlteraFpga_Intel/20260403_IIC_4/4.3/4.3/eeprom/src/uart_tx.v Line: 26
Warning (10222): Verilog HDL Parameter Declaration warning at uart_tx.v(31): Parameter Declaration in module "uart_tx" behaves as a Local Parameter Declaration because the module has a Module Parameter Port List File: D:/GitHub/my_fpga/1_AlteraFpga_Intel/20260403_IIC_4/4.3/4.3/eeprom/src/uart_tx.v Line: 31
Warning (10222): Verilog HDL Parameter Declaration warning at uart_rx.v(23): Parameter Declaration in module "uart_rx" behaves as a Local Parameter Declaration because the module has a Module Parameter Port List File: D:/GitHub/my_fpga/1_AlteraFpga_Intel/20260403_IIC_4/4.3/4.3/eeprom/src/uart_rx.v Line: 23
Warning (10222): Verilog HDL Parameter Declaration warning at uart_rx.v(28): Parameter Declaration in module "uart_rx" behaves as a Local Parameter Declaration because the module has a Module Parameter Port List File: D:/GitHub/my_fpga/1_AlteraFpga_Intel/20260403_IIC_4/4.3/4.3/eeprom/src/uart_rx.v Line: 28
Info (12127): Elaborating entity "top" for the top level hierarchy
Info (12128): Elaborating entity "uart_rx" for hierarchy "uart_rx:rx_inst" File: D:/GitHub/my_fpga/1_AlteraFpga_Intel/20260403_IIC_4/4.3/4.3/eeprom/src/top.v Line: 46
Info (12128): Elaborating entity "fifo_wr" for hierarchy "fifo_wr:fifo_wr_inst" File: D:/GitHub/my_fpga/1_AlteraFpga_Intel/20260403_IIC_4/4.3/4.3/eeprom/src/top.v Line: 61
Warning (10036): Verilog HDL or VHDL warning at fifo_wr.v(31): object "data" assigned a value but never read File: D:/GitHub/my_fpga/1_AlteraFpga_Intel/20260403_IIC_4/4.3/4.3/eeprom/src/fifo_wr.v Line: 31
Warning (10036): Verilog HDL or VHDL warning at fifo_wr.v(32): object "wrreq" assigned a value but never read File: D:/GitHub/my_fpga/1_AlteraFpga_Intel/20260403_IIC_4/4.3/4.3/eeprom/src/fifo_wr.v Line: 32
Warning (10230): Verilog HDL assignment warning at fifo_wr.v(150): truncated value with size 8 to match size of target (1) File: D:/GitHub/my_fpga/1_AlteraFpga_Intel/20260403_IIC_4/4.3/4.3/eeprom/src/fifo_wr.v Line: 150
Info (12128): Elaborating entity "iic" for hierarchy "iic:iic_inst" File: D:/GitHub/my_fpga/1_AlteraFpga_Intel/20260403_IIC_4/4.3/4.3/eeprom/src/top.v Line: 78
Warning (10036): Verilog HDL or VHDL warning at iic.v(67): object "scl_in" assigned a value but never read File: D:/GitHub/my_fpga/1_AlteraFpga_Intel/20260403_IIC_4/4.3/4.3/eeprom/src/iic.v Line: 67
Warning (10230): Verilog HDL assignment warning at iic.v(295): truncated value with size 32 to match size of target (9) File: D:/GitHub/my_fpga/1_AlteraFpga_Intel/20260403_IIC_4/4.3/4.3/eeprom/src/iic.v Line: 295
Warning (10230): Verilog HDL assignment warning at iic.v(317): truncated value with size 32 to match size of target (4) File: D:/GitHub/my_fpga/1_AlteraFpga_Intel/20260403_IIC_4/4.3/4.3/eeprom/src/iic.v Line: 317
Warning (10230): Verilog HDL assignment warning at iic.v(321): truncated value with size 32 to match size of target (9) File: D:/GitHub/my_fpga/1_AlteraFpga_Intel/20260403_IIC_4/4.3/4.3/eeprom/src/iic.v Line: 321
Warning (10230): Verilog HDL assignment warning at iic.v(344): truncated value with size 32 to match size of target (9) File: D:/GitHub/my_fpga/1_AlteraFpga_Intel/20260403_IIC_4/4.3/4.3/eeprom/src/iic.v Line: 344
Warning (10230): Verilog HDL assignment warning at iic.v(366): truncated value with size 32 to match size of target (4) File: D:/GitHub/my_fpga/1_AlteraFpga_Intel/20260403_IIC_4/4.3/4.3/eeprom/src/iic.v Line: 366
Warning (10230): Verilog HDL assignment warning at iic.v(369): truncated value with size 32 to match size of target (9) File: D:/GitHub/my_fpga/1_AlteraFpga_Intel/20260403_IIC_4/4.3/4.3/eeprom/src/iic.v Line: 369
Warning (10230): Verilog HDL assignment warning at iic.v(389): truncated value with size 32 to match size of target (9) File: D:/GitHub/my_fpga/1_AlteraFpga_Intel/20260403_IIC_4/4.3/4.3/eeprom/src/iic.v Line: 389
Warning (10230): Verilog HDL assignment warning at iic.v(412): truncated value with size 32 to match size of target (4) File: D:/GitHub/my_fpga/1_AlteraFpga_Intel/20260403_IIC_4/4.3/4.3/eeprom/src/iic.v Line: 412
Warning (10230): Verilog HDL assignment warning at iic.v(415): truncated value with size 32 to match size of target (9) File: D:/GitHub/my_fpga/1_AlteraFpga_Intel/20260403_IIC_4/4.3/4.3/eeprom/src/iic.v Line: 415
Warning (10230): Verilog HDL assignment warning at iic.v(435): truncated value with size 32 to match size of target (9) File: D:/GitHub/my_fpga/1_AlteraFpga_Intel/20260403_IIC_4/4.3/4.3/eeprom/src/iic.v Line: 435
Warning (10230): Verilog HDL assignment warning at iic.v(458): truncated value with size 32 to match size of target (4) File: D:/GitHub/my_fpga/1_AlteraFpga_Intel/20260403_IIC_4/4.3/4.3/eeprom/src/iic.v Line: 458
Warning (10230): Verilog HDL assignment warning at iic.v(462): truncated value with size 32 to match size of target (9) File: D:/GitHub/my_fpga/1_AlteraFpga_Intel/20260403_IIC_4/4.3/4.3/eeprom/src/iic.v Line: 462
Warning (10230): Verilog HDL assignment warning at iic.v(488): truncated value with size 32 to match size of target (9) File: D:/GitHub/my_fpga/1_AlteraFpga_Intel/20260403_IIC_4/4.3/4.3/eeprom/src/iic.v Line: 488
Warning (10230): Verilog HDL assignment warning at iic.v(499): truncated value with size 32 to match size of target (8) File: D:/GitHub/my_fpga/1_AlteraFpga_Intel/20260403_IIC_4/4.3/4.3/eeprom/src/iic.v Line: 499
Warning (10230): Verilog HDL assignment warning at iic.v(522): truncated value with size 32 to match size of target (9) File: D:/GitHub/my_fpga/1_AlteraFpga_Intel/20260403_IIC_4/4.3/4.3/eeprom/src/iic.v Line: 522
Warning (10230): Verilog HDL assignment warning at iic.v(553): truncated value with size 32 to match size of target (4) File: D:/GitHub/my_fpga/1_AlteraFpga_Intel/20260403_IIC_4/4.3/4.3/eeprom/src/iic.v Line: 553
Warning (10230): Verilog HDL assignment warning at iic.v(557): truncated value with size 32 to match size of target (9) File: D:/GitHub/my_fpga/1_AlteraFpga_Intel/20260403_IIC_4/4.3/4.3/eeprom/src/iic.v Line: 557
Warning (10230): Verilog HDL assignment warning at iic.v(579): truncated value with size 32 to match size of target (9) File: D:/GitHub/my_fpga/1_AlteraFpga_Intel/20260403_IIC_4/4.3/4.3/eeprom/src/iic.v Line: 579
Warning (10230): Verilog HDL assignment warning at iic.v(587): truncated value with size 32 to match size of target (8) File: D:/GitHub/my_fpga/1_AlteraFpga_Intel/20260403_IIC_4/4.3/4.3/eeprom/src/iic.v Line: 587
Warning (10230): Verilog HDL assignment warning at iic.v(606): truncated value with size 32 to match size of target (9) File: D:/GitHub/my_fpga/1_AlteraFpga_Intel/20260403_IIC_4/4.3/4.3/eeprom/src/iic.v Line: 606
Warning (10230): Verilog HDL assignment warning at iic.v(628): truncated value with size 32 to match size of target (4) File: D:/GitHub/my_fpga/1_AlteraFpga_Intel/20260403_IIC_4/4.3/4.3/eeprom/src/iic.v Line: 628
Warning (10230): Verilog HDL assignment warning at iic.v(632): truncated value with size 32 to match size of target (9) File: D:/GitHub/my_fpga/1_AlteraFpga_Intel/20260403_IIC_4/4.3/4.3/eeprom/src/iic.v Line: 632
Warning (10230): Verilog HDL assignment warning at iic.v(655): truncated value with size 32 to match size of target (9) File: D:/GitHub/my_fpga/1_AlteraFpga_Intel/20260403_IIC_4/4.3/4.3/eeprom/src/iic.v Line: 655
Warning (10230): Verilog HDL assignment warning at iic.v(693): truncated value with size 32 to match size of target (1) File: D:/GitHub/my_fpga/1_AlteraFpga_Intel/20260403_IIC_4/4.3/4.3/eeprom/src/iic.v Line: 693
Warning (10230): Verilog HDL assignment warning at iic.v(694): truncated value with size 32 to match size of target (1) File: D:/GitHub/my_fpga/1_AlteraFpga_Intel/20260403_IIC_4/4.3/4.3/eeprom/src/iic.v Line: 694
Warning (10230): Verilog HDL assignment warning at iic.v(695): truncated value with size 32 to match size of target (1) File: D:/GitHub/my_fpga/1_AlteraFpga_Intel/20260403_IIC_4/4.3/4.3/eeprom/src/iic.v Line: 695
Info (12128): Elaborating entity "fifo_rd" for hierarchy "fifo_rd:fifo_rd_inst" File: D:/GitHub/my_fpga/1_AlteraFpga_Intel/20260403_IIC_4/4.3/4.3/eeprom/src/top.v Line: 90
Info (12128): Elaborating entity "rfifo" for hierarchy "fifo_rd:fifo_rd_inst|rfifo:rfifo_inst" File: D:/GitHub/my_fpga/1_AlteraFpga_Intel/20260403_IIC_4/4.3/4.3/eeprom/src/fifo_rd.v Line: 42
Info (12128): Elaborating entity "scfifo" for hierarchy "fifo_rd:fifo_rd_inst|rfifo:rfifo_inst|scfifo:scfifo_component" File: D:/GitHub/my_fpga/1_AlteraFpga_Intel/20260403_IIC_4/4.3/4.3/eeprom/ip/rfifo.v Line: 82
Info (12130): Elaborated megafunction instantiation "fifo_rd:fifo_rd_inst|rfifo:rfifo_inst|scfifo:scfifo_component" File: D:/GitHub/my_fpga/1_AlteraFpga_Intel/20260403_IIC_4/4.3/4.3/eeprom/ip/rfifo.v Line: 82
Info (12133): Instantiated megafunction "fifo_rd:fifo_rd_inst|rfifo:rfifo_inst|scfifo:scfifo_component" with the following parameter: File: D:/GitHub/my_fpga/1_AlteraFpga_Intel/20260403_IIC_4/4.3/4.3/eeprom/ip/rfifo.v Line: 82
    Info (12134): Parameter "add_ram_output_register" = "OFF"
    Info (12134): Parameter "intended_device_family" = "Cyclone IV E"
    Info (12134): Parameter "lpm_numwords" = "512"
    Info (12134): Parameter "lpm_showahead" = "OFF"
    Info (12134): Parameter "lpm_type" = "scfifo"
    Info (12134): Parameter "lpm_width" = "8"
    Info (12134): Parameter "lpm_widthu" = "9"
    Info (12134): Parameter "overflow_checking" = "ON"
    Info (12134): Parameter "underflow_checking" = "ON"
    Info (12134): Parameter "use_eab" = "ON"
Info (12021): Found 1 design units, including 1 entities, in source file db/scfifo_b441.tdf
    Info (12023): Found entity 1: scfifo_b441 File: D:/GitHub/my_fpga/1_AlteraFpga_Intel/20260403_IIC_4/4.3/4.3/eeprom/prj/db/scfifo_b441.tdf Line: 24
Info (12128): Elaborating entity "scfifo_b441" for hierarchy "fifo_rd:fifo_rd_inst|rfifo:rfifo_inst|scfifo:scfifo_component|scfifo_b441:auto_generated" File: d:/intelfpga_lite/18.0/quartus/libraries/megafunctions/scfifo.tdf Line: 299
Info (12021): Found 1 design units, including 1 entities, in source file db/a_dpfifo_ia41.tdf
    Info (12023): Found entity 1: a_dpfifo_ia41 File: D:/GitHub/my_fpga/1_AlteraFpga_Intel/20260403_IIC_4/4.3/4.3/eeprom/prj/db/a_dpfifo_ia41.tdf Line: 28
Info (12128): Elaborating entity "a_dpfifo_ia41" for hierarchy "fifo_rd:fifo_rd_inst|rfifo:rfifo_inst|scfifo:scfifo_component|scfifo_b441:auto_generated|a_dpfifo_ia41:dpfifo" File: D:/GitHub/my_fpga/1_AlteraFpga_Intel/20260403_IIC_4/4.3/4.3/eeprom/prj/db/scfifo_b441.tdf Line: 37
Info (12021): Found 1 design units, including 1 entities, in source file db/a_fefifo_s7f.tdf
    Info (12023): Found entity 1: a_fefifo_s7f File: D:/GitHub/my_fpga/1_AlteraFpga_Intel/20260403_IIC_4/4.3/4.3/eeprom/prj/db/a_fefifo_s7f.tdf Line: 24
Info (12128): Elaborating entity "a_fefifo_s7f" for hierarchy "fifo_rd:fifo_rd_inst|rfifo:rfifo_inst|scfifo:scfifo_component|scfifo_b441:auto_generated|a_dpfifo_ia41:dpfifo|a_fefifo_s7f:fifo_state" File: D:/GitHub/my_fpga/1_AlteraFpga_Intel/20260403_IIC_4/4.3/4.3/eeprom/prj/db/a_dpfifo_ia41.tdf Line: 42
Info (12021): Found 1 design units, including 1 entities, in source file db/cntr_go7.tdf
    Info (12023): Found entity 1: cntr_go7 File: D:/GitHub/my_fpga/1_AlteraFpga_Intel/20260403_IIC_4/4.3/4.3/eeprom/prj/db/cntr_go7.tdf Line: 25
Info (12128): Elaborating entity "cntr_go7" for hierarchy "fifo_rd:fifo_rd_inst|rfifo:rfifo_inst|scfifo:scfifo_component|scfifo_b441:auto_generated|a_dpfifo_ia41:dpfifo|a_fefifo_s7f:fifo_state|cntr_go7:count_usedw" File: D:/GitHub/my_fpga/1_AlteraFpga_Intel/20260403_IIC_4/4.3/4.3/eeprom/prj/db/a_fefifo_s7f.tdf Line: 38
Info (12021): Found 1 design units, including 1 entities, in source file db/altsyncram_kkm1.tdf
    Info (12023): Found entity 1: altsyncram_kkm1 File: D:/GitHub/my_fpga/1_AlteraFpga_Intel/20260403_IIC_4/4.3/4.3/eeprom/prj/db/altsyncram_kkm1.tdf Line: 27
Info (12128): Elaborating entity "altsyncram_kkm1" for hierarchy "fifo_rd:fifo_rd_inst|rfifo:rfifo_inst|scfifo:scfifo_component|scfifo_b441:auto_generated|a_dpfifo_ia41:dpfifo|altsyncram_kkm1:FIFOram" File: D:/GitHub/my_fpga/1_AlteraFpga_Intel/20260403_IIC_4/4.3/4.3/eeprom/prj/db/a_dpfifo_ia41.tdf Line: 43
Info (12021): Found 1 design units, including 1 entities, in source file db/cntr_4ob.tdf
    Info (12023): Found entity 1: cntr_4ob File: D:/GitHub/my_fpga/1_AlteraFpga_Intel/20260403_IIC_4/4.3/4.3/eeprom/prj/db/cntr_4ob.tdf Line: 25
Info (12128): Elaborating entity "cntr_4ob" for hierarchy "fifo_rd:fifo_rd_inst|rfifo:rfifo_inst|scfifo:scfifo_component|scfifo_b441:auto_generated|a_dpfifo_ia41:dpfifo|cntr_4ob:rd_ptr_count" File: D:/GitHub/my_fpga/1_AlteraFpga_Intel/20260403_IIC_4/4.3/4.3/eeprom/prj/db/a_dpfifo_ia41.tdf Line: 44
Info (12128): Elaborating entity "uart_tx" for hierarchy "uart_tx:tx_inst" File: D:/GitHub/my_fpga/1_AlteraFpga_Intel/20260403_IIC_4/4.3/4.3/eeprom/src/top.v Line: 106
Warning (10230): Verilog HDL assignment warning at uart_tx.v(146): truncated value with size 32 to match size of target (1) File: D:/GitHub/my_fpga/1_AlteraFpga_Intel/20260403_IIC_4/4.3/4.3/eeprom/src/uart_tx.v Line: 146
Info (13000): Registers with preset signals will power-up high File: D:/GitHub/my_fpga/1_AlteraFpga_Intel/20260403_IIC_4/4.3/4.3/eeprom/src/uart_tx.v Line: 20
Info (13003): DEV_CLRn pin will set, and not reset, register with preset signal due to NOT Gate Push-Back
Info (286030): Timing-Driven Synthesis is running
Info (17049): 7 registers lost all their fanouts during netlist optimizations.
Info (144001): Generated suppressed messages file D:/GitHub/my_fpga/1_AlteraFpga_Intel/20260403_IIC_4/4.3/4.3/eeprom/prj/output_files/eeprom.map.smsg
Info (16010): Generating hard_block partition "hard_block:auto_generated_inst"
    Info (16011): Adding 0 node(s), including 0 DDIO, 0 PLL, 0 transceiver and 0 LCELL
Info (21057): Implemented 448 device resources after synthesis - the final resource count might be different
    Info (21058): Implemented 3 input pins
    Info (21059): Implemented 1 output pins
    Info (21060): Implemented 2 bidirectional pins
    Info (21061): Implemented 434 logic cells
    Info (21064): Implemented 8 RAM segments
Info: Quartus Prime Analysis & Synthesis was successful. 0 errors, 37 warnings
    Info: Peak virtual memory: 4833 megabytes
    Info: Processing ended: Fri Apr 03 17:18:39 2026
    Info: Elapsed time: 00:00:07
    Info: Total CPU time (on all processors): 00:00:13


+------------------------------------------+
; Analysis & Synthesis Suppressed Messages ;
+------------------------------------------+
The suppressed messages can be found in D:/GitHub/my_fpga/1_AlteraFpga_Intel/20260403_IIC_4/4.3/4.3/eeprom/prj/output_files/eeprom.map.smsg.


