Copyright 1986-2020 Xilinx, Inc. All Rights Reserved.
-----------------------------------------------------------------------------------------------------------------------------------------------------------------------------------------
| Tool Version : Vivado v.2020.2 (win64) Build 3064766 Wed Nov 18 09:12:45 MST 2020
| Date         : Sun May  3 11:31:06 2026
| Host         : LAPTOP-ECP6913Q running 64-bit major release  (build 9200)
| Command      : report_methodology -file top_ad_da_fir_lcd_methodology_drc_routed.rpt -pb top_ad_da_fir_lcd_methodology_drc_routed.pb -rpx top_ad_da_fir_lcd_methodology_drc_routed.rpx
| Design       : top_ad_da_fir_lcd
| Device       : xc7z020clg400-2
| Speed File   : -2
| Design State : Fully Routed
-----------------------------------------------------------------------------------------------------------------------------------------------------------------------------------------

Report Methodology

Table of Contents
-----------------
1. REPORT SUMMARY
2. REPORT DETAILS

1. REPORT SUMMARY
-----------------
            Netlist: netlist
          Floorplan: design_1
      Design limits: <entire design considered>
             Max violations: <unlimited>
             Violations found: 21
+-----------+------------------+-------------------------------------------------------------------+------------+
| Rule      | Severity         | Description                                                       | Violations |
+-----------+------------------+-------------------------------------------------------------------+------------+
| TIMING-4  | Critical Warning | Invalid primary clock redefinition on a clock tree                | 1          |
| TIMING-6  | Critical Warning | No common primary clock between related clocks                    | 1          |
| TIMING-7  | Critical Warning | No common node between related clocks                             | 1          |
| TIMING-27 | Critical Warning | Invalid primary clock on hierarchical pin                         | 1          |
| CKLD-2    | Warning          | Clock Net has IO Driver, not a Clock Buf, and/or non-Clock loads  | 1          |
| LUTAR-1   | Warning          | LUT drives async reset alert                                      | 1          |
| TIMING-9  | Warning          | Unknown CDC Logic                                                 | 1          |
| TIMING-18 | Warning          | Missing input or output delay                                     | 10         |
| TIMING-28 | Warning          | Auto-derived clock referenced by a timing constraint              | 3          |
| TIMING-47 | Warning          | False path or asynchronous clock group between synchronous clocks | 1          |
+-----------+------------------+-------------------------------------------------------------------+------------+

2. REPORT DETAILS
-----------------
TIMING-4#1 Critical Warning
Invalid primary clock redefinition on a clock tree  
Invalid clock redefinition on a clock tree. The primary clock u_pll/inst/clk_in1 is defined downstream of clock sys_clk and overrides its insertion delay and/or waveform definition
Related violations: <none>

TIMING-6#1 Critical Warning
No common primary clock between related clocks  
The clocks clk_out5_pll and sys_clk are related (timed together) but they have no common primary clock. The design could fail in hardware. To find a timing path between these clocks, run the following command: report_timing -from [get_clocks clk_out5_pll] -to [get_clocks sys_clk]
Related violations: <none>

TIMING-7#1 Critical Warning
No common node between related clocks  
The clocks clk_out5_pll and sys_clk are related (timed together) but they have no common node. The design could fail in hardware. To find a timing path between these clocks, run the following command: report_timing -from [get_clocks clk_out5_pll] -to [get_clocks sys_clk]
Related violations: <none>

TIMING-27#1 Critical Warning
Invalid primary clock on hierarchical pin  
A primary clock u_pll/inst/clk_in1 is created on an inappropriate internal pin u_pll/inst/clk_in1. It is not recommended to create a primary clock on a hierarchical pin when its driver pin has a fanout connected to multiple clock pins
Related violations: <none>

CKLD-2#1 Warning
Clock Net has IO Driver, not a Clock Buf, and/or non-Clock loads  
Clock net sys_clk_IBUF is directly driven by an IO rather than a Clock Buffer or may be an IO driving a mix of Clock Buffer and non-Clock loads. This connectivity should be reviewed and corrected as appropriate. Driver(s): hdmi_colorbar_top_inst/sys_clk, sys_clk_IBUF_inst/O, u_pll/clk_in1
Related violations: <none>

LUTAR-1#1 Warning
LUT drives async reset alert  
LUT cell hdmi_colorbar_top_inst/col_y_axle_en_i_2, with 2 or more inputs, drives asynchronous preset/clear pin(s) fft_s_axis_data_tdata_reg[18]/CLR, fft_s_axis_data_tdata_reg[19]/CLR,
fft_s_axis_data_tdata_reg[20]/CLR, fft_s_axis_data_tdata_reg[21]/CLR,
fft_s_axis_data_tdata_reg[22]/CLR, fft_s_axis_data_tdata_reg[23]/CLR,
fft_s_axis_data_tdata_reg[24]/CLR, fft_s_axis_data_tdata_reg[25]/CLR,
fft_s_axis_data_tdata_reg[26]/CLR, fft_s_axis_data_tvalid_reg/CLR,
fir_cnt_reg[0]/CLR, fir_cnt_reg[1]/CLR, fir_cnt_reg[2]/CLR,
fir_cnt_reg[3]/CLR, fir_cnt_reg[4]/CLR (the first 15 of 237 listed). The LUT may glitch and trigger an unexpected reset, even if it is a properly timed path.
Related violations: <none>

TIMING-9#1 Warning
Unknown CDC Logic  
One or more asynchronous Clock Domain Crossing has been detected between 2 clock domains through a set_false_path or a set_clock_groups or set_max_delay -datapath_only constraint but no double-registers logic synchronizer has been found on the side of the capture clock. It is recommended to run report_cdc for a complete and detailed CDC coverage. Please consider using XPM_CDC to avoid Critical severities
Related violations: <none>

TIMING-18#1 Warning
Missing input or output delay  
An input delay is missing on key relative to clock(s) u_pll/inst/clk_in1
Related violations: <none>

TIMING-18#2 Warning
Missing input or output delay  
An input delay is missing on sys_rst_n relative to clock(s) u_pll/inst/clk_in1
Related violations: <none>

TIMING-18#3 Warning
Missing input or output delay  
An output delay is missing on da_data[0] relative to clock(s) u_pll/inst/clk_in1
Related violations: <none>

TIMING-18#4 Warning
Missing input or output delay  
An output delay is missing on da_data[1] relative to clock(s) u_pll/inst/clk_in1
Related violations: <none>

TIMING-18#5 Warning
Missing input or output delay  
An output delay is missing on da_data[2] relative to clock(s) u_pll/inst/clk_in1
Related violations: <none>

TIMING-18#6 Warning
Missing input or output delay  
An output delay is missing on da_data[3] relative to clock(s) u_pll/inst/clk_in1
Related violations: <none>

TIMING-18#7 Warning
Missing input or output delay  
An output delay is missing on da_data[4] relative to clock(s) u_pll/inst/clk_in1
Related violations: <none>

TIMING-18#8 Warning
Missing input or output delay  
An output delay is missing on da_data[5] relative to clock(s) u_pll/inst/clk_in1
Related violations: <none>

TIMING-18#9 Warning
Missing input or output delay  
An output delay is missing on da_data[6] relative to clock(s) u_pll/inst/clk_in1
Related violations: <none>

TIMING-18#10 Warning
Missing input or output delay  
An output delay is missing on da_data[7] relative to clock(s) u_pll/inst/clk_in1
Related violations: <none>

TIMING-28#1 Warning
Auto-derived clock referenced by a timing constraint  
The auto-derived clock clk_out1_pll is referenced by name inside timing constraint (see constraint position 7 in the Timing Constraint window in Vivado IDE). It is recommended to reference an auto-derived clock by the pin name attached to the clock: get_clocks -of_objects [get_pins u_pll/inst/mmcm_adv_inst/CLKOUT0]
Related violations: <none>

TIMING-28#2 Warning
Auto-derived clock referenced by a timing constraint  
The auto-derived clock clk_out5_pll is referenced by name inside timing constraint (see constraint position 6 in the Timing Constraint window in Vivado IDE). It is recommended to reference an auto-derived clock by the pin name attached to the clock: get_clocks -of_objects [get_pins u_pll/inst/mmcm_adv_inst/CLKOUT4]
Related violations: <none>

TIMING-28#3 Warning
Auto-derived clock referenced by a timing constraint  
The auto-derived clock clk_out5_pll is referenced by name inside timing constraint (see constraint position 7 in the Timing Constraint window in Vivado IDE). It is recommended to reference an auto-derived clock by the pin name attached to the clock: get_clocks -of_objects [get_pins u_pll/inst/mmcm_adv_inst/CLKOUT4]
Related violations: <none>

TIMING-47#1 Warning
False path or asynchronous clock group between synchronous clocks  
A False Path timing constraint is set between synchronous clocks clk_out1_pll and clk_out5_pll (see constraint position 7 in the Timing Constraint window in Vivado IDE). Masking entire synchronous clock domains via set_false_path or set_clock_groups may result in failure in hardware.
Related violations: <none>


