Copyright 1986-2020 Xilinx, Inc. All Rights Reserved.
----------------------------------------------------------------------------------------------
| Tool Version : Vivado v.2020.2 (win64) Build 3064766 Wed Nov 18 09:12:45 MST 2020
| Date         : Sun May  3 11:30:47 2026
| Host         : LAPTOP-ECP6913Q running 64-bit major release  (build 9200)
| Command      : report_control_sets -verbose -file top_ad_da_fir_lcd_control_sets_placed.rpt
| Design       : top_ad_da_fir_lcd
| Device       : xc7z020
----------------------------------------------------------------------------------------------

Control Set Information

Table of Contents
-----------------
1. Summary
2. Histogram
3. Flip-Flop Distribution
4. Detailed Control Set Information

1. Summary
----------

+----------------------------------------------------------+-------+
|                          Status                          | Count |
+----------------------------------------------------------+-------+
| Total control sets                                       |    43 |
|    Minimum number of control sets                        |    43 |
|    Addition due to synthesis replication                 |     0 |
|    Addition due to physical synthesis replication        |     0 |
| Unused register locations in slices containing registers |   102 |
+----------------------------------------------------------+-------+
* Control sets can be merged at opt_design using control_set_merge or merge_equivalent_drivers
** Run report_qor_suggestions for automated merging and remapping suggestions


2. Histogram
------------

+--------------------+-------+
|       Fanout       | Count |
+--------------------+-------+
| Total control sets |    43 |
| >= 0 to < 4        |     2 |
| >= 4 to < 6        |     1 |
| >= 6 to < 8        |     3 |
| >= 8 to < 10       |    11 |
| >= 10 to < 12      |     6 |
| >= 12 to < 14      |     0 |
| >= 14 to < 16      |     0 |
| >= 16              |    20 |
+--------------------+-------+
* Control sets can be remapped at either synth_design or opt_design


3. Flip-Flop Distribution
-------------------------

+--------------+-----------------------+------------------------+-----------------+--------------+
| Clock Enable | Synchronous Set/Reset | Asynchronous Set/Reset | Total Registers | Total Slices |
+--------------+-----------------------+------------------------+-----------------+--------------+
| No           | No                    | No                     |             344 |          104 |
| No           | No                    | Yes                    |             203 |           75 |
| No           | Yes                   | No                     |              38 |           13 |
| Yes          | No                    | No                     |            1702 |          400 |
| Yes          | No                    | Yes                    |              58 |           19 |
| Yes          | Yes                   | No                     |              81 |           29 |
+--------------+-----------------------+------------------------+-----------------+--------------+


4. Detailed Control Set Information
-----------------------------------

+----------------------+-------------------------------------------------------------------------------------------------------------------------------------------------------------+-------------------------------------------------------------------------------------------------------------------------------+------------------+----------------+--------------+
|     Clock Signal     |                                                                        Enable Signal                                                                        |                                                        Set/Reset Signal                                                       | Slice Load Count | Bel Load Count | Bels / Slice |
+----------------------+-------------------------------------------------------------------------------------------------------------------------------------------------------------+-------------------------------------------------------------------------------------------------------------------------------+------------------+----------------+--------------+
|  u_pll/inst/clk_out1 | xfft_0_inst/U0/i_synth/axi_wrapper/config_channel_fifo/gen_non_real_time.data_in_fifo_pt1/wr_enable                                                         |                                                                                                                               |                1 |              1 |         1.00 |
|  u_pll/inst/clk_out2 | u_hs_da/u_da_wave_send/u_key_debounce/key_value_0                                                                                                           | hdmi_colorbar_top_inst/sys_rst_n                                                                                              |                1 |              1 |         1.00 |
|  u_pll/inst/clk_out1 | xfft_0_inst/U0/i_synth/axi_wrapper/ce_rank_0                                                                                                                | xfft_0_inst/U0/i_synth/xfft_inst/non_floating_point.arch_b.xfft_inst/control/control/process_state_s_reg_0                    |                2 |              4 |         2.00 |
|  u_pll/inst/clk_out1 | xfft_0_inst/U0/i_synth/xfft_inst/non_floating_point.arch_b.xfft_inst/control/control/processing_state/i_ce_rn_reg                                           | xfft_0_inst/U0/i_synth/xfft_inst/non_floating_point.arch_b.xfft_inst/control/control/loading_state/sclr_or_nfft_we_or_loading |                3 |              7 |         2.33 |
|  u_pll/inst/clk_out1 | xfft_0_inst/U0/i_synth/axi_wrapper/ce_w2c                                                                                                                   | xfft_0_inst/U0/i_synth/axi_wrapper/sclr_w2c                                                                                   |                2 |              7 |         3.50 |
|  u_pll/inst/clk_out1 | xfft_0_inst/U0/i_synth/xfft_inst/non_floating_point.arch_b.xfft_inst/control/control/processing_state/ce_pedelay                                            | xfft_0_inst/U0/i_synth/axi_wrapper/sclr_w2c                                                                                   |                3 |              7 |         2.33 |
|  u_pll/inst/clk_out1 | fir_lowpass_inst/U0/i_synth/g_single_rate.i_single_rate/g_s_data_chan_fifo.i_s_data_chan_fifo/wr_enable                                                     |                                                                                                                               |                1 |              8 |         8.00 |
|  u_pll/inst/clk_out1 | xfft_0_inst/U0/i_synth/axi_wrapper/symbols_out_remaining[7]_i_1_n_129                                                                                       | xfft_0_inst/U0/i_synth/axi_wrapper/reset_pipe[1]                                                                              |                3 |              8 |         2.67 |
|  u_pll/inst/clk_out5 | hdmi_colorbar_top_inst/u_video_display/rom_row_shift_data[7]_i_1_n_0                                                                                        | hdmi_colorbar_top_inst/sys_rst_n                                                                                              |                3 |              8 |         2.67 |
|  u_pll/inst/clk_out5 | hdmi_colorbar_top_inst/u_video_display/rom_col_shift_data[7]_i_1_n_0                                                                                        | hdmi_colorbar_top_inst/sys_rst_n                                                                                              |                2 |              8 |         4.00 |
|  u_pll/inst/clk_out1 | u_data_modulus/u_cordic_0/U0/i_synth/i_synth/gen_sqrt.square_root/gen_rdy_int/CE                                                                            |                                                                                                                               |                3 |              8 |         2.67 |
|  u_pll/inst/clk_out1 | u_fifo_ctrl/u_fifo_512x8/U0/inst_fifo_gen/gconvfifo.rf/grf.rf/gntv_or_sync_fifo.gl0.rd/gr1.gr1_int.rfwft/E[0]                                               |                                                                                                                               |                1 |              8 |         8.00 |
|  u_pll/inst/clk_out1 | xfft_0_inst/U0/i_synth/axi_wrapper/data_in_channel_fifo/gen_non_real_time.data_in_fifo_pt1/wr_enable                                                        |                                                                                                                               |                2 |              9 |         4.50 |
|  u_pll/inst/clk_out1 | xfft_0_inst/U0/i_synth/axi_wrapper/data_in_channel_fifo/gen_non_real_time.data_in_fifo_pt1/gen_non_real_time.gen_has_skid_buffer.data_out_reg_full_2_reg[0] | xfft_0_inst/U0/i_synth/axi_wrapper/reset_pipe[1]                                                                              |                2 |              9 |         4.50 |
|  u_pll/inst/clk_out1 | fir_lowpass_inst/U0/i_synth/g_single_rate.i_single_rate/g_parallel.i_latch_op/gen_dly.gen_shiftreg.gen_rtl_delay.delay_bus_reg[10]                          |                                                                                                                               |                2 |              9 |         4.50 |
|  u_pll/inst/clk_out1 | u_fifo_ctrl/E[0]                                                                                                                                            | hdmi_colorbar_top_inst/sys_rst_n                                                                                              |                3 |              9 |         3.00 |
|  u_pll/inst/clk_out1 | xfft_0_inst/U0/i_synth/axi_wrapper/data_in_channel_fifo/gen_non_real_time.data_in_fifo_pt1/E[0]                                                             | xfft_0_inst/U0/i_synth/axi_wrapper/reset_pipe[1]                                                                              |                2 |              9 |         4.50 |
|  u_pll/inst/clk_out1 | xfft_0_inst/U0/i_synth/axi_wrapper/xn_index_counter_ce                                                                                                      | xfft_0_inst/U0/i_synth/axi_wrapper/sclr_w2c                                                                                   |                3 |             10 |         3.33 |
|  u_pll/inst/clk_out1 | xfft_0_inst/U0/i_synth/axi_wrapper/xk_index_counter_ce                                                                                                      | xfft_0_inst/U0/i_synth/axi_wrapper/sclr_w2c                                                                                   |                4 |             10 |         2.50 |
|  u_pll/inst/clk_out1 | xfft_0_inst/U0/i_synth/axi_wrapper/ce_w2c                                                                                                                   | xfft_0_inst/U0/i_synth/axi_wrapper/reset_pipe[1]                                                                              |                5 |             10 |         2.00 |
|  u_pll/inst/clk_out5 | hdmi_colorbar_top_inst/u_video_driver/cnt_v                                                                                                                 | hdmi_colorbar_top_inst/sys_rst_n                                                                                              |                3 |             10 |         3.33 |
|  u_pll/inst/clk_out5 | hdmi_colorbar_top_inst/u_video_display/col_axle_addr                                                                                                        | hdmi_colorbar_top_inst/sys_rst_n                                                                                              |                4 |             11 |         2.75 |
|  u_pll/inst/clk_out5 | hdmi_colorbar_top_inst/u_video_display/row_axle_addr                                                                                                        | hdmi_colorbar_top_inst/sys_rst_n                                                                                              |                3 |             11 |         3.67 |
|  u_pll/inst/clk_out1 | fir_lowpass_inst/U0/i_synth/g_single_rate.i_single_rate/cntrl[1]_15[6]                                                                                      |                                                                                                                               |                1 |             16 |        16.00 |
|  u_pll/inst/clk_out4 |                                                                                                                                                             | hdmi_colorbar_top_inst/sys_rst_n                                                                                              |                5 |             16 |         3.20 |
|  u_pll/inst/clk_out1 | fir_lowpass_inst/U0/i_synth/g_single_rate.i_single_rate/cntrl[2]_14[6]                                                                                      |                                                                                                                               |                1 |             16 |        16.00 |
|  u_pll/inst/clk_out1 | fir_lowpass_inst/U0/i_synth/g_single_rate.i_single_rate/cntrl[3]_13[6]                                                                                      |                                                                                                                               |                1 |             16 |        16.00 |
|  u_pll/inst/clk_out1 | fir_lowpass_inst/U0/i_synth/g_single_rate.i_single_rate/cntrl[5]_11[6]                                                                                      |                                                                                                                               |                1 |             16 |        16.00 |
|  u_pll/inst/clk_out1 | fir_lowpass_inst/U0/i_synth/g_single_rate.i_single_rate/cntrl[4]_12[6]                                                                                      |                                                                                                                               |                1 |             16 |        16.00 |
|  u_pll/inst/clk_out1 | xfft_0_inst/U0/i_synth/axi_wrapper/data_out_channel/gen_non_real_time.fifo_i_1__0_n_129                                                                     |                                                                                                                               |                3 |             18 |         6.00 |
|  u_pll/inst/clk_out1 | u_fifo_ctrl/u_fifo_512x8/U0/inst_fifo_gen/gconvfifo.rf/grf.rf/gntv_or_sync_fifo.gl0.rd/gr1.gr1_int.rfwft/ram_empty_fb_i_reg[0]                              |                                                                                                                               |                3 |             18 |         6.00 |
|  u_pll/inst/clk_out5 |                                                                                                                                                             |                                                                                                                               |                8 |             18 |         2.25 |
|  u_pll/inst/clk_out5 |                                                                                                                                                             | hdmi_colorbar_top_inst/u_rgb2dvi_0/reset_syn/AR[0]                                                                            |               12 |             24 |         2.00 |
|  u_pll/inst/clk_out4 | u_fifo_ctrl/u_fifo_512x8/U0/inst_fifo_gen/gconvfifo.rf/grf.rf/gntv_or_sync_fifo.gl0.wr/gwas.wsts/E[0]                                                       |                                                                                                                               |                6 |             27 |         4.50 |
|  u_pll/inst/clk_out1 |                                                                                                                                                             | xfft_0_inst/U0/i_synth/axi_wrapper/reset_pipe[1]                                                                              |               13 |             38 |         2.92 |
|  u_pll/inst/clk_out4 |                                                                                                                                                             |                                                                                                                               |               10 |             38 |         3.80 |
|  u_pll/inst/clk_out2 |                                                                                                                                                             | hdmi_colorbar_top_inst/sys_rst_n                                                                                              |               13 |             48 |         3.69 |
|  u_pll/inst/clk_out1 |                                                                                                                                                             | hdmi_colorbar_top_inst/sys_rst_n                                                                                              |               16 |             53 |         3.31 |
|  u_pll/inst/clk_out5 |                                                                                                                                                             | hdmi_colorbar_top_inst/sys_rst_n                                                                                              |               29 |             62 |         2.14 |
|  u_pll/inst/clk_out1 | xfft_0_inst/U0/i_synth/axi_wrapper/i_sw_en                                                                                                                  |                                                                                                                               |               20 |             72 |         3.60 |
|  u_pll/inst/clk_out1 | fir_lowpass_inst/U0/i_synth/g_single_rate.i_single_rate/g_parallel.i_cntrl_src/cntrl[-1]_4                                                                  |                                                                                                                               |               11 |             72 |         6.55 |
|  u_pll/inst/clk_out1 |                                                                                                                                                             |                                                                                                                               |               86 |            333 |         3.87 |
|  u_pll/inst/clk_out1 | xfft_0_inst/U0/i_synth/axi_wrapper/ce_w2c                                                                                                                   |                                                                                                                               |              349 |           1709 |         4.90 |
+----------------------+-------------------------------------------------------------------------------------------------------------------------------------------------------------+-------------------------------------------------------------------------------------------------------------------------------+------------------+----------------+--------------+


