Analysis & Synthesis report for my_project
Sun Mar 08 23:08:20 2026
Quartus Prime Version 18.0.0 Build 614 04/24/2018 SJ Lite Edition


---------------------
; Table of Contents ;
---------------------
  1. Legal Notice
  2. Analysis & Synthesis Summary
  3. Analysis & Synthesis Settings
  4. Parallel Compilation
  5. Analysis & Synthesis Source Files Read
  6. Analysis & Synthesis Resource Usage Summary
  7. Analysis & Synthesis Resource Utilization by Entity
  8. Analysis & Synthesis IP Cores Summary
  9. Registers Removed During Synthesis
 10. Removed Registers Triggering Further Register Optimizations
 11. General Register Statistics
 12. Inverted Register Statistics
 13. Multiplexer Restructuring Statistics (Restructuring Performed)
 14. Source assignments for dds_ctrl:dds_ctrl_inst|my_rom:my_rom_inst|altsyncram:altsyncram_component|altsyncram_rd91:auto_generated
 15. Parameter Settings for User Entity Instance: key_filter:k1
 16. Parameter Settings for User Entity Instance: key_filter:k2
 17. Parameter Settings for User Entity Instance: key_filter:k3
 18. Parameter Settings for User Entity Instance: key_filter:k4
 19. Parameter Settings for User Entity Instance: adjust_ctrl:adjust_ctrl_inst
 20. Parameter Settings for User Entity Instance: dds_ctrl:dds_ctrl_inst|my_rom:my_rom_inst|altsyncram:altsyncram_component
 21. Parameter Settings for User Entity Instance: seg_driver:seg_driver_inst
 22. Parameter Settings for Inferred Entity Instance: data_montage:data_montage_inst|lpm_divide:Div0
 23. Parameter Settings for Inferred Entity Instance: data_montage:data_montage_inst|bin_bcd:bin_bcd_inst|lpm_divide:Mod1
 24. altsyncram Parameter Settings by Entity Instance
 25. Port Connectivity Checks: "seg_driver:seg_driver_inst"
 26. Port Connectivity Checks: "data_montage:data_montage_inst"
 27. Port Connectivity Checks: "dds_ctrl:dds_ctrl_inst"
 28. Port Connectivity Checks: "key_filter:k4"
 29. Port Connectivity Checks: "key_filter:k3"
 30. Port Connectivity Checks: "key_filter:k2"
 31. Port Connectivity Checks: "key_filter:k1"
 32. Post-Synthesis Netlist Statistics for Top Partition
 33. Elapsed Time Per Partition
 34. Analysis & Synthesis Messages



----------------
; Legal Notice ;
----------------
Copyright (C) 2018  Intel Corporation. All rights reserved.
Your use of Intel Corporation's design tools, logic functions 
and other software and tools, and its AMPP partner logic 
functions, and any output files from any of the foregoing 
(including device programming or simulation files), and any 
associated documentation or information are expressly subject 
to the terms and conditions of the Intel Program License 
Subscription Agreement, the Intel Quartus Prime License Agreement,
the Intel FPGA IP License Agreement, or other applicable license
agreement, including, without limitation, that your use is for
the sole purpose of programming logic devices manufactured by
Intel and sold by Intel or its authorized distributors.  Please
refer to the applicable agreement for further details.



+----------------------------------------------------------------------------------+
; Analysis & Synthesis Summary                                                     ;
+------------------------------------+---------------------------------------------+
; Analysis & Synthesis Status        ; Successful - Sun Mar 08 23:08:20 2026       ;
; Quartus Prime Version              ; 18.0.0 Build 614 04/24/2018 SJ Lite Edition ;
; Revision Name                      ; my_project                                  ;
; Top-level Entity Name              ; dds_top                                     ;
; Family                             ; Cyclone IV E                                ;
; Total logic elements               ; 647                                         ;
;     Total combinational functions  ; 635                                         ;
;     Dedicated logic registers      ; 172                                         ;
; Total registers                    ; 172                                         ;
; Total pins                         ; 16                                          ;
; Total virtual pins                 ; 0                                           ;
; Total memory bits                  ; 0                                           ;
; Embedded Multiplier 9-bit elements ; 0                                           ;
; Total PLLs                         ; 0                                           ;
+------------------------------------+---------------------------------------------+


+------------------------------------------------------------------------------------------------------------+
; Analysis & Synthesis Settings                                                                              ;
+------------------------------------------------------------------+--------------------+--------------------+
; Option                                                           ; Setting            ; Default Value      ;
+------------------------------------------------------------------+--------------------+--------------------+
; Device                                                           ; EP4CE10F17C8       ;                    ;
; Top-level entity name                                            ; dds_top            ; my_project         ;
; Family name                                                      ; Cyclone IV E       ; Cyclone V          ;
; Use smart compilation                                            ; Off                ; Off                ;
; Enable parallel Assembler and Timing Analyzer during compilation ; On                 ; On                 ;
; Enable compact report table                                      ; Off                ; Off                ;
; Restructure Multiplexers                                         ; Auto               ; Auto               ;
; Create Debugging Nodes for IP Cores                              ; Off                ; Off                ;
; Preserve fewer node names                                        ; On                 ; On                 ;
; Intel FPGA IP Evaluation Mode                                    ; Enable             ; Enable             ;
; Verilog Version                                                  ; Verilog_2001       ; Verilog_2001       ;
; VHDL Version                                                     ; VHDL_1993          ; VHDL_1993          ;
; State Machine Processing                                         ; Auto               ; Auto               ;
; Safe State Machine                                               ; Off                ; Off                ;
; Extract Verilog State Machines                                   ; On                 ; On                 ;
; Extract VHDL State Machines                                      ; On                 ; On                 ;
; Ignore Verilog initial constructs                                ; Off                ; Off                ;
; Iteration limit for constant Verilog loops                       ; 5000               ; 5000               ;
; Iteration limit for non-constant Verilog loops                   ; 250                ; 250                ;
; Add Pass-Through Logic to Inferred RAMs                          ; On                 ; On                 ;
; Infer RAMs from Raw Logic                                        ; On                 ; On                 ;
; Parallel Synthesis                                               ; On                 ; On                 ;
; DSP Block Balancing                                              ; Auto               ; Auto               ;
; NOT Gate Push-Back                                               ; On                 ; On                 ;
; Power-Up Don't Care                                              ; On                 ; On                 ;
; Remove Redundant Logic Cells                                     ; Off                ; Off                ;
; Remove Duplicate Registers                                       ; On                 ; On                 ;
; Ignore CARRY Buffers                                             ; Off                ; Off                ;
; Ignore CASCADE Buffers                                           ; Off                ; Off                ;
; Ignore GLOBAL Buffers                                            ; Off                ; Off                ;
; Ignore ROW GLOBAL Buffers                                        ; Off                ; Off                ;
; Ignore LCELL Buffers                                             ; Off                ; Off                ;
; Ignore SOFT Buffers                                              ; On                 ; On                 ;
; Limit AHDL Integers to 32 Bits                                   ; Off                ; Off                ;
; Optimization Technique                                           ; Balanced           ; Balanced           ;
; Carry Chain Length                                               ; 70                 ; 70                 ;
; Auto Carry Chains                                                ; On                 ; On                 ;
; Auto Open-Drain Pins                                             ; On                 ; On                 ;
; Perform WYSIWYG Primitive Resynthesis                            ; Off                ; Off                ;
; Auto ROM Replacement                                             ; On                 ; On                 ;
; Auto RAM Replacement                                             ; On                 ; On                 ;
; Auto DSP Block Replacement                                       ; On                 ; On                 ;
; Auto Shift Register Replacement                                  ; Auto               ; Auto               ;
; Allow Shift Register Merging across Hierarchies                  ; Auto               ; Auto               ;
; Auto Clock Enable Replacement                                    ; On                 ; On                 ;
; Strict RAM Replacement                                           ; Off                ; Off                ;
; Allow Synchronous Control Signals                                ; On                 ; On                 ;
; Force Use of Synchronous Clear Signals                           ; Off                ; Off                ;
; Auto RAM Block Balancing                                         ; On                 ; On                 ;
; Auto RAM to Logic Cell Conversion                                ; Off                ; Off                ;
; Auto Resource Sharing                                            ; Off                ; Off                ;
; Allow Any RAM Size For Recognition                               ; Off                ; Off                ;
; Allow Any ROM Size For Recognition                               ; Off                ; Off                ;
; Allow Any Shift Register Size For Recognition                    ; Off                ; Off                ;
; Use LogicLock Constraints during Resource Balancing              ; On                 ; On                 ;
; Ignore translate_off and synthesis_off directives                ; Off                ; Off                ;
; Timing-Driven Synthesis                                          ; On                 ; On                 ;
; Report Parameter Settings                                        ; On                 ; On                 ;
; Report Source Assignments                                        ; On                 ; On                 ;
; Report Connectivity Checks                                       ; On                 ; On                 ;
; Ignore Maximum Fan-Out Assignments                               ; Off                ; Off                ;
; Synchronization Register Chain Length                            ; 2                  ; 2                  ;
; Power Optimization During Synthesis                              ; Normal compilation ; Normal compilation ;
; HDL message level                                                ; Level2             ; Level2             ;
; Suppress Register Optimization Related Messages                  ; Off                ; Off                ;
; Number of Removed Registers Reported in Synthesis Report         ; 5000               ; 5000               ;
; Number of Swept Nodes Reported in Synthesis Report               ; 5000               ; 5000               ;
; Number of Inverted Registers Reported in Synthesis Report        ; 100                ; 100                ;
; Clock MUX Protection                                             ; On                 ; On                 ;
; Auto Gated Clock Conversion                                      ; Off                ; Off                ;
; Block Design Naming                                              ; Auto               ; Auto               ;
; SDC constraint protection                                        ; Off                ; Off                ;
; Synthesis Effort                                                 ; Auto               ; Auto               ;
; Shift Register Replacement - Allow Asynchronous Clear Signal     ; On                 ; On                 ;
; Pre-Mapping Resynthesis Optimization                             ; Off                ; Off                ;
; Analysis & Synthesis Message Level                               ; Medium             ; Medium             ;
; Disable Register Merging Across Hierarchies                      ; Auto               ; Auto               ;
; Resource Aware Inference For Block RAM                           ; On                 ; On                 ;
+------------------------------------------------------------------+--------------------+--------------------+


+------------------------------------------+
; Parallel Compilation                     ;
+----------------------------+-------------+
; Processors                 ; Number      ;
+----------------------------+-------------+
; Number detected on machine ; 16          ;
; Maximum allowed            ; 10          ;
;                            ;             ;
; Average used               ; 1.00        ;
; Maximum used               ; 10          ;
;                            ;             ;
; Usage by Processor         ; % Time Used ;
;     Processor 1            ; 100.0%      ;
;     Processor 2            ;   0.0%      ;
;     Processor 3            ;   0.0%      ;
;     Processor 4            ;   0.0%      ;
;     Processor 5            ;   0.0%      ;
;     Processor 6            ;   0.0%      ;
;     Processor 7            ;   0.0%      ;
;     Processor 8            ;   0.0%      ;
;     Processors 9-10        ;   0.0%      ;
+----------------------------+-------------+


+--------------------------------------------------------------------------------------------------------------------------------------------------------------------------------------+
; Analysis & Synthesis Source Files Read                                                                                                                                               ;
+----------------------------------+-----------------+----------------------------------------+------------------------------------------------------------------------------+---------+
; File Name with User-Entered Path ; Used in Netlist ; File Type                              ; File Name with Absolute Path                                                 ; Library ;
+----------------------------------+-----------------+----------------------------------------+------------------------------------------------------------------------------+---------+
; ../src/seg_driver.v              ; yes             ; User Verilog HDL File                  ; D:/FPGALearn/20260305_DDS_shuMaGuanXianShi/src/seg_driver.v                  ;         ;
; ../src/bin_bcd.v                 ; yes             ; User Verilog HDL File                  ; D:/FPGALearn/20260305_DDS_shuMaGuanXianShi/src/bin_bcd.v                     ;         ;
; ../src/data_montage.v            ; yes             ; User Verilog HDL File                  ; D:/FPGALearn/20260305_DDS_shuMaGuanXianShi/src/data_montage.v                ;         ;
; ../src/key_filter.v              ; yes             ; User Verilog HDL File                  ; D:/FPGALearn/20260305_DDS_shuMaGuanXianShi/src/key_filter.v                  ;         ;
; ../src/f_word_cal.v              ; yes             ; User Verilog HDL File                  ; D:/FPGALearn/20260305_DDS_shuMaGuanXianShi/src/f_word_cal.v                  ;         ;
; ../src/addr_ctrl.v               ; yes             ; User Verilog HDL File                  ; D:/FPGALearn/20260305_DDS_shuMaGuanXianShi/src/addr_ctrl.v                   ;         ;
; ../src/dds_top.v                 ; yes             ; User Verilog HDL File                  ; D:/FPGALearn/20260305_DDS_shuMaGuanXianShi/src/dds_top.v                     ;         ;
; ../src/dds_ctrl.v                ; yes             ; User Verilog HDL File                  ; D:/FPGALearn/20260305_DDS_shuMaGuanXianShi/src/dds_ctrl.v                    ;         ;
; ../src/adjust_ctrl.v             ; yes             ; User Verilog HDL File                  ; D:/FPGALearn/20260305_DDS_shuMaGuanXianShi/src/adjust_ctrl.v                 ;         ;
; ../ip/my_rom.v                   ; yes             ; User Wizard-Generated File             ; D:/FPGALearn/20260305_DDS_shuMaGuanXianShi/ip/my_rom.v                       ;         ;
; altsyncram.tdf                   ; yes             ; Megafunction                           ; d:/intelfpga_lite/18.0/quartus/libraries/megafunctions/altsyncram.tdf        ;         ;
; stratix_ram_block.inc            ; yes             ; Megafunction                           ; d:/intelfpga_lite/18.0/quartus/libraries/megafunctions/stratix_ram_block.inc ;         ;
; lpm_mux.inc                      ; yes             ; Megafunction                           ; d:/intelfpga_lite/18.0/quartus/libraries/megafunctions/lpm_mux.inc           ;         ;
; lpm_decode.inc                   ; yes             ; Megafunction                           ; d:/intelfpga_lite/18.0/quartus/libraries/megafunctions/lpm_decode.inc        ;         ;
; aglobal180.inc                   ; yes             ; Megafunction                           ; d:/intelfpga_lite/18.0/quartus/libraries/megafunctions/aglobal180.inc        ;         ;
; a_rdenreg.inc                    ; yes             ; Megafunction                           ; d:/intelfpga_lite/18.0/quartus/libraries/megafunctions/a_rdenreg.inc         ;         ;
; altrom.inc                       ; yes             ; Megafunction                           ; d:/intelfpga_lite/18.0/quartus/libraries/megafunctions/altrom.inc            ;         ;
; altram.inc                       ; yes             ; Megafunction                           ; d:/intelfpga_lite/18.0/quartus/libraries/megafunctions/altram.inc            ;         ;
; altdpram.inc                     ; yes             ; Megafunction                           ; d:/intelfpga_lite/18.0/quartus/libraries/megafunctions/altdpram.inc          ;         ;
; db/altsyncram_rd91.tdf           ; yes             ; Auto-Generated Megafunction            ; D:/FPGALearn/20260305_DDS_shuMaGuanXianShi/proj/db/altsyncram_rd91.tdf       ;         ;
; dds_rom.mif                      ; yes             ; Auto-Found Memory Initialization File  ; D:/FPGALearn/20260305_DDS_shuMaGuanXianShi/proj/dds_rom.mif                  ;         ;
; lpm_divide.tdf                   ; yes             ; Megafunction                           ; d:/intelfpga_lite/18.0/quartus/libraries/megafunctions/lpm_divide.tdf        ;         ;
; abs_divider.inc                  ; yes             ; Megafunction                           ; d:/intelfpga_lite/18.0/quartus/libraries/megafunctions/abs_divider.inc       ;         ;
; sign_div_unsign.inc              ; yes             ; Megafunction                           ; d:/intelfpga_lite/18.0/quartus/libraries/megafunctions/sign_div_unsign.inc   ;         ;
; db/lpm_divide_6jm.tdf            ; yes             ; Auto-Generated Megafunction            ; D:/FPGALearn/20260305_DDS_shuMaGuanXianShi/proj/db/lpm_divide_6jm.tdf        ;         ;
; db/sign_div_unsign_ulh.tdf       ; yes             ; Auto-Generated Megafunction            ; D:/FPGALearn/20260305_DDS_shuMaGuanXianShi/proj/db/sign_div_unsign_ulh.tdf   ;         ;
; db/alt_u_div_g7f.tdf             ; yes             ; Auto-Generated Megafunction            ; D:/FPGALearn/20260305_DDS_shuMaGuanXianShi/proj/db/alt_u_div_g7f.tdf         ;         ;
; db/add_sub_7pc.tdf               ; yes             ; Auto-Generated Megafunction            ; D:/FPGALearn/20260305_DDS_shuMaGuanXianShi/proj/db/add_sub_7pc.tdf           ;         ;
; db/add_sub_8pc.tdf               ; yes             ; Auto-Generated Megafunction            ; D:/FPGALearn/20260305_DDS_shuMaGuanXianShi/proj/db/add_sub_8pc.tdf           ;         ;
; db/lpm_divide_1bm.tdf            ; yes             ; Auto-Generated Megafunction            ; D:/FPGALearn/20260305_DDS_shuMaGuanXianShi/proj/db/lpm_divide_1bm.tdf        ;         ;
; db/sign_div_unsign_mlh.tdf       ; yes             ; Auto-Generated Megafunction            ; D:/FPGALearn/20260305_DDS_shuMaGuanXianShi/proj/db/sign_div_unsign_mlh.tdf   ;         ;
; db/alt_u_div_07f.tdf             ; yes             ; Auto-Generated Megafunction            ; D:/FPGALearn/20260305_DDS_shuMaGuanXianShi/proj/db/alt_u_div_07f.tdf         ;         ;
+----------------------------------+-----------------+----------------------------------------+------------------------------------------------------------------------------+---------+


+-----------------------------------------------------+
; Analysis & Synthesis Resource Usage Summary         ;
+---------------------------------------------+-------+
; Resource                                    ; Usage ;
+---------------------------------------------+-------+
; Estimated Total logic elements              ; 647   ;
;                                             ;       ;
; Total combinational functions               ; 635   ;
; Logic element usage by number of LUT inputs ;       ;
;     -- 4 input functions                    ; 197   ;
;     -- 3 input functions                    ; 110   ;
;     -- <=2 input functions                  ; 328   ;
;                                             ;       ;
; Logic elements by mode                      ;       ;
;     -- normal mode                          ; 386   ;
;     -- arithmetic mode                      ; 249   ;
;                                             ;       ;
; Total registers                             ; 172   ;
;     -- Dedicated logic registers            ; 172   ;
;     -- I/O registers                        ; 0     ;
;                                             ;       ;
; I/O pins                                    ; 16    ;
;                                             ;       ;
; Embedded Multiplier 9-bit elements          ; 0     ;
;                                             ;       ;
; Maximum fan-out node                        ; rst_n ;
; Maximum fan-out                             ; 172   ;
; Total fan-out                               ; 2402  ;
; Average fan-out                             ; 2.86  ;
+---------------------------------------------+-------+


+-----------------------------------------------------------------------------------------------------------------------------------------------------------------------------------------------------------------------------------------------------------------------------------------------------------------------------------------------------+
; Analysis & Synthesis Resource Utilization by Entity                                                                                                                                                                                                                                                                                                 ;
+-------------------------------------------+---------------------+---------------------------+-------------+--------------+---------+-----------+------+--------------+-----------------------------------------------------------------------------------------------------------------------------------------+---------------------+--------------+
; Compilation Hierarchy Node                ; Combinational ALUTs ; Dedicated Logic Registers ; Memory Bits ; DSP Elements ; DSP 9x9 ; DSP 18x18 ; Pins ; Virtual Pins ; Full Hierarchy Name                                                                                                                     ; Entity Name         ; Library Name ;
+-------------------------------------------+---------------------+---------------------------+-------------+--------------+---------+-----------+------+--------------+-----------------------------------------------------------------------------------------------------------------------------------------+---------------------+--------------+
; |dds_top                                  ; 635 (1)             ; 172 (0)                   ; 0           ; 0            ; 0       ; 0         ; 16   ; 0            ; |dds_top                                                                                                                                ; dds_top             ; work         ;
;    |adjust_ctrl:adjust_ctrl_inst|         ; 318 (318)           ; 77 (77)                   ; 0           ; 0            ; 0       ; 0         ; 0    ; 0            ; |dds_top|adjust_ctrl:adjust_ctrl_inst                                                                                                   ; adjust_ctrl         ; work         ;
;    |data_montage:data_montage_inst|       ; 196 (0)             ; 0 (0)                     ; 0           ; 0            ; 0       ; 0         ; 0    ; 0            ; |dds_top|data_montage:data_montage_inst                                                                                                 ; data_montage        ; work         ;
;       |lpm_divide:Div0|                   ; 196 (0)             ; 0 (0)                     ; 0           ; 0            ; 0       ; 0         ; 0    ; 0            ; |dds_top|data_montage:data_montage_inst|lpm_divide:Div0                                                                                 ; lpm_divide          ; work         ;
;          |lpm_divide_6jm:auto_generated|  ; 196 (0)             ; 0 (0)                     ; 0           ; 0            ; 0       ; 0         ; 0    ; 0            ; |dds_top|data_montage:data_montage_inst|lpm_divide:Div0|lpm_divide_6jm:auto_generated                                                   ; lpm_divide_6jm      ; work         ;
;             |sign_div_unsign_ulh:divider| ; 196 (0)             ; 0 (0)                     ; 0           ; 0            ; 0       ; 0         ; 0    ; 0            ; |dds_top|data_montage:data_montage_inst|lpm_divide:Div0|lpm_divide_6jm:auto_generated|sign_div_unsign_ulh:divider                       ; sign_div_unsign_ulh ; work         ;
;                |alt_u_div_g7f:divider|    ; 196 (196)           ; 0 (0)                     ; 0           ; 0            ; 0       ; 0         ; 0    ; 0            ; |dds_top|data_montage:data_montage_inst|lpm_divide:Div0|lpm_divide_6jm:auto_generated|sign_div_unsign_ulh:divider|alt_u_div_g7f:divider ; alt_u_div_g7f       ; work         ;
;    |key_filter:k1|                        ; 29 (29)             ; 23 (23)                   ; 0           ; 0            ; 0       ; 0         ; 0    ; 0            ; |dds_top|key_filter:k1                                                                                                                  ; key_filter          ; work         ;
;    |key_filter:k3|                        ; 30 (30)             ; 23 (23)                   ; 0           ; 0            ; 0       ; 0         ; 0    ; 0            ; |dds_top|key_filter:k3                                                                                                                  ; key_filter          ; work         ;
;    |key_filter:k4|                        ; 29 (29)             ; 23 (23)                   ; 0           ; 0            ; 0       ; 0         ; 0    ; 0            ; |dds_top|key_filter:k4                                                                                                                  ; key_filter          ; work         ;
;    |seg_driver:seg_driver_inst|           ; 32 (32)             ; 26 (26)                   ; 0           ; 0            ; 0       ; 0         ; 0    ; 0            ; |dds_top|seg_driver:seg_driver_inst                                                                                                     ; seg_driver          ; work         ;
+-------------------------------------------+---------------------+---------------------------+-------------+--------------+---------+-----------+------+--------------+-----------------------------------------------------------------------------------------------------------------------------------------+---------------------+--------------+
Note: For table entries with two numbers listed, the numbers in parentheses indicate the number of resources of the given type used by the specific entity alone. The numbers listed outside of parentheses indicate the total resources of the given type used by the specific entity and all of its sub-entities in the hierarchy.


+--------------------------------------------------------------------------------------------------------------------------------------+
; Analysis & Synthesis IP Cores Summary                                                                                                ;
+--------+--------------+---------+--------------+--------------+----------------------------------------------------+-----------------+
; Vendor ; IP Core Name ; Version ; Release Date ; License Type ; Entity Instance                                    ; IP Include File ;
+--------+--------------+---------+--------------+--------------+----------------------------------------------------+-----------------+
; Altera ; ROM: 1-PORT  ; 18.0    ; N/A          ; N/A          ; |dds_top|dds_ctrl:dds_ctrl_inst|my_rom:my_rom_inst ; ../ip/my_rom.v  ;
+--------+--------------+---------+--------------+--------------+----------------------------------------------------+-----------------+


+-----------------------------------------------------------------------------------------------------------------------+
; Registers Removed During Synthesis                                                                                    ;
+-----------------------------------------------------------------+-----------------------------------------------------+
; Register name                                                   ; Reason for Removal                                  ;
+-----------------------------------------------------------------+-----------------------------------------------------+
; seg_driver:seg_driver_inst|dot                                  ; Stuck at VCC due to stuck port data_in              ;
; dds_ctrl:dds_ctrl_inst|addr_ctrl:addr_ctrl_inst|addr_cnt[0..31] ; Lost fanout                                         ;
; adjust_ctrl:adjust_ctrl_inst|wave_f1[0]                         ; Merged with adjust_ctrl:adjust_ctrl_inst|wave_f1[1] ;
; adjust_ctrl:adjust_ctrl_inst|wave_f2[0]                         ; Merged with adjust_ctrl:adjust_ctrl_inst|wave_f2[1] ;
; adjust_ctrl:adjust_ctrl_inst|wave_f3[0]                         ; Merged with adjust_ctrl:adjust_ctrl_inst|wave_f3[1] ;
; adjust_ctrl:adjust_ctrl_inst|wave_f4[0]                         ; Merged with adjust_ctrl:adjust_ctrl_inst|wave_f4[1] ;
; seg_driver:seg_driver_inst|temp_data[2,3]                       ; Merged with seg_driver:seg_driver_inst|temp_data[1] ;
; adjust_ctrl:adjust_ctrl_inst|wave_f[1]                          ; Merged with adjust_ctrl:adjust_ctrl_inst|wave_f[0]  ;
; seg_driver:seg_driver_inst|seg[1,2]                             ; Stuck at GND due to stuck port data_in              ;
; seg_driver:seg_driver_inst|temp_data[1]                         ; Stuck at GND due to stuck port data_in              ;
; adjust_ctrl:adjust_ctrl_inst|wave_f1[1]                         ; Stuck at GND due to stuck port data_in              ;
; adjust_ctrl:adjust_ctrl_inst|wave_f2[1]                         ; Stuck at GND due to stuck port data_in              ;
; adjust_ctrl:adjust_ctrl_inst|wave_f3[1]                         ; Stuck at GND due to stuck port data_in              ;
; adjust_ctrl:adjust_ctrl_inst|wave_f4[1]                         ; Stuck at GND due to stuck port data_in              ;
; adjust_ctrl:adjust_ctrl_inst|wave_f[0]                          ; Stuck at GND due to stuck port data_in              ;
; key_filter:k1|state                                             ; Merged with key_filter:k1|key_out                   ;
; key_filter:k3|state                                             ; Merged with key_filter:k3|key_out                   ;
; key_filter:k4|state                                             ; Merged with key_filter:k4|key_out                   ;
; Total Number of Removed Registers = 51                          ;                                                     ;
+-----------------------------------------------------------------+-----------------------------------------------------+


+--------------------------------------------------------------------------------------------------------------+
; Removed Registers Triggering Further Register Optimizations                                                  ;
+-----------------------------------------+---------------------------+----------------------------------------+
; Register name                           ; Reason for Removal        ; Registers Removed due to This Register ;
+-----------------------------------------+---------------------------+----------------------------------------+
; adjust_ctrl:adjust_ctrl_inst|wave_f1[1] ; Stuck at GND              ; adjust_ctrl:adjust_ctrl_inst|wave_f[0] ;
;                                         ; due to stuck port data_in ;                                        ;
+-----------------------------------------+---------------------------+----------------------------------------+


+------------------------------------------------------+
; General Register Statistics                          ;
+----------------------------------------------+-------+
; Statistic                                    ; Value ;
+----------------------------------------------+-------+
; Total registers                              ; 172   ;
; Number of registers using Synchronous Clear  ; 60    ;
; Number of registers using Synchronous Load   ; 0     ;
; Number of registers using Asynchronous Clear ; 172   ;
; Number of registers using Asynchronous Load  ; 0     ;
; Number of registers using Clock Enable       ; 63    ;
; Number of registers using Preset             ; 0     ;
+----------------------------------------------+-------+


+---------------------------------------------------+
; Inverted Register Statistics                      ;
+-----------------------------------------+---------+
; Inverted Register                       ; Fan out ;
+-----------------------------------------+---------+
; adjust_ctrl:adjust_ctrl_inst|wave_f[6]  ; 4       ;
; adjust_ctrl:adjust_ctrl_inst|wave_f[5]  ; 4       ;
; adjust_ctrl:adjust_ctrl_inst|wave_f[2]  ; 2       ;
; adjust_ctrl:adjust_ctrl_inst|wave_f2[6] ; 5       ;
; adjust_ctrl:adjust_ctrl_inst|wave_f3[6] ; 5       ;
; adjust_ctrl:adjust_ctrl_inst|wave_f1[6] ; 5       ;
; adjust_ctrl:adjust_ctrl_inst|wave_f4[6] ; 5       ;
; adjust_ctrl:adjust_ctrl_inst|wave_f3[5] ; 5       ;
; adjust_ctrl:adjust_ctrl_inst|wave_f2[5] ; 5       ;
; adjust_ctrl:adjust_ctrl_inst|wave_f1[5] ; 5       ;
; adjust_ctrl:adjust_ctrl_inst|wave_f4[5] ; 5       ;
; adjust_ctrl:adjust_ctrl_inst|wave_f2[2] ; 5       ;
; adjust_ctrl:adjust_ctrl_inst|wave_f3[2] ; 5       ;
; adjust_ctrl:adjust_ctrl_inst|wave_f1[2] ; 5       ;
; adjust_ctrl:adjust_ctrl_inst|wave_f4[2] ; 5       ;
; key_filter:k3|key_buff1                 ; 34      ;
; key_filter:k3|key_buff2                 ; 33      ;
; key_filter:k4|key_buff1                 ; 3       ;
; key_filter:k4|key_buff2                 ; 2       ;
; key_filter:k1|key_buff2                 ; 2       ;
; key_filter:k1|key_buff1                 ; 3       ;
; key_filter:k3|key_out                   ; 3       ;
; key_filter:k4|key_out                   ; 3       ;
; key_filter:k1|key_out                   ; 3       ;
; Total number of inverted registers = 24 ;         ;
+-----------------------------------------+---------+


+-----------------------------------------------------------------------------------------------------------------------------------------------------------------+
; Multiplexer Restructuring Statistics (Restructuring Performed)                                                                                                  ;
+--------------------+-----------+---------------+----------------------+------------------------+------------+---------------------------------------------------+
; Multiplexer Inputs ; Bus Width ; Baseline Area ; Area if Restructured ; Saving if Restructured ; Registered ; Example Multiplexer Output                        ;
+--------------------+-----------+---------------+----------------------+------------------------+------------+---------------------------------------------------+
; 4:1                ; 12 bits   ; 24 LEs        ; 24 LEs               ; 0 LEs                  ; Yes        ; |dds_top|adjust_ctrl:adjust_ctrl_inst|wave_f[3]   ;
; 3:1                ; 20 bits   ; 40 LEs        ; 20 LEs               ; 20 LEs                 ; Yes        ; |dds_top|key_filter:k1|cnt[10]                    ;
; 3:1                ; 20 bits   ; 40 LEs        ; 20 LEs               ; 20 LEs                 ; Yes        ; |dds_top|key_filter:k4|cnt[11]                    ;
; 3:1                ; 20 bits   ; 40 LEs        ; 20 LEs               ; 20 LEs                 ; Yes        ; |dds_top|key_filter:k3|cnt[8]                     ;
; 5:1                ; 12 bits   ; 36 LEs        ; 24 LEs               ; 12 LEs                 ; Yes        ; |dds_top|adjust_ctrl:adjust_ctrl_inst|wave_f1[11] ;
; 5:1                ; 12 bits   ; 36 LEs        ; 24 LEs               ; 12 LEs                 ; Yes        ; |dds_top|adjust_ctrl:adjust_ctrl_inst|wave_f2[9]  ;
; 5:1                ; 12 bits   ; 36 LEs        ; 24 LEs               ; 12 LEs                 ; Yes        ; |dds_top|adjust_ctrl:adjust_ctrl_inst|wave_f3[3]  ;
; 5:1                ; 12 bits   ; 36 LEs        ; 24 LEs               ; 12 LEs                 ; Yes        ; |dds_top|adjust_ctrl:adjust_ctrl_inst|wave_f4[14] ;
; 4:1                ; 3 bits    ; 6 LEs         ; 6 LEs                ; 0 LEs                  ; Yes        ; |dds_top|adjust_ctrl:adjust_ctrl_inst|wave_f[2]   ;
; 5:1                ; 3 bits    ; 9 LEs         ; 6 LEs                ; 3 LEs                  ; Yes        ; |dds_top|adjust_ctrl:adjust_ctrl_inst|wave_f1[6]  ;
; 5:1                ; 3 bits    ; 9 LEs         ; 6 LEs                ; 3 LEs                  ; Yes        ; |dds_top|adjust_ctrl:adjust_ctrl_inst|wave_f2[6]  ;
; 5:1                ; 3 bits    ; 9 LEs         ; 6 LEs                ; 3 LEs                  ; Yes        ; |dds_top|adjust_ctrl:adjust_ctrl_inst|wave_f3[6]  ;
; 5:1                ; 3 bits    ; 9 LEs         ; 6 LEs                ; 3 LEs                  ; Yes        ; |dds_top|adjust_ctrl:adjust_ctrl_inst|wave_f4[5]  ;
+--------------------+-----------+---------------+----------------------+------------------------+------------+---------------------------------------------------+


+---------------------------------------------------------------------------------------------------------------------------------+
; Source assignments for dds_ctrl:dds_ctrl_inst|my_rom:my_rom_inst|altsyncram:altsyncram_component|altsyncram_rd91:auto_generated ;
+---------------------------------+--------------------+------+-------------------------------------------------------------------+
; Assignment                      ; Value              ; From ; To                                                                ;
+---------------------------------+--------------------+------+-------------------------------------------------------------------+
; OPTIMIZE_POWER_DURING_SYNTHESIS ; NORMAL_COMPILATION ; -    ; -                                                                 ;
+---------------------------------+--------------------+------+-------------------------------------------------------------------+


+------------------------------------------------------------+
; Parameter Settings for User Entity Instance: key_filter:k1 ;
+----------------+---------+---------------------------------+
; Parameter Name ; Value   ; Type                            ;
+----------------+---------+---------------------------------+
; CNT_MAX        ; 1000000 ; Signed Integer                  ;
+----------------+---------+---------------------------------+
Note: In order to hide this table in the UI and the text report file, please set the "Show Parameter Settings in Synthesis Report" option in "Analysis and Synthesis Settings -> More Settings" to "Off".


+------------------------------------------------------------+
; Parameter Settings for User Entity Instance: key_filter:k2 ;
+----------------+---------+---------------------------------+
; Parameter Name ; Value   ; Type                            ;
+----------------+---------+---------------------------------+
; CNT_MAX        ; 1000000 ; Signed Integer                  ;
+----------------+---------+---------------------------------+
Note: In order to hide this table in the UI and the text report file, please set the "Show Parameter Settings in Synthesis Report" option in "Analysis and Synthesis Settings -> More Settings" to "Off".


+------------------------------------------------------------+
; Parameter Settings for User Entity Instance: key_filter:k3 ;
+----------------+---------+---------------------------------+
; Parameter Name ; Value   ; Type                            ;
+----------------+---------+---------------------------------+
; CNT_MAX        ; 1000000 ; Signed Integer                  ;
+----------------+---------+---------------------------------+
Note: In order to hide this table in the UI and the text report file, please set the "Show Parameter Settings in Synthesis Report" option in "Analysis and Synthesis Settings -> More Settings" to "Off".


+------------------------------------------------------------+
; Parameter Settings for User Entity Instance: key_filter:k4 ;
+----------------+---------+---------------------------------+
; Parameter Name ; Value   ; Type                            ;
+----------------+---------+---------------------------------+
; CNT_MAX        ; 1000000 ; Signed Integer                  ;
+----------------+---------+---------------------------------+
Note: In order to hide this table in the UI and the text report file, please set the "Show Parameter Settings in Synthesis Report" option in "Analysis and Synthesis Settings -> More Settings" to "Off".


+---------------------------------------------------------------------------+
; Parameter Settings for User Entity Instance: adjust_ctrl:adjust_ctrl_inst ;
+----------------+-------+--------------------------------------------------+
; Parameter Name ; Value ; Type                                             ;
+----------------+-------+--------------------------------------------------+
; F_IDLE         ; 100   ; Signed Integer                                   ;
; F_STEP         ; 100   ; Signed Integer                                   ;
; A_IDLE         ; 1     ; Signed Integer                                   ;
; A_STEP         ; 1     ; Signed Integer                                   ;
+----------------+-------+--------------------------------------------------+
Note: In order to hide this table in the UI and the text report file, please set the "Show Parameter Settings in Synthesis Report" option in "Analysis and Synthesis Settings -> More Settings" to "Off".


+------------------------------------------------------------------------------------------------------------------------+
; Parameter Settings for User Entity Instance: dds_ctrl:dds_ctrl_inst|my_rom:my_rom_inst|altsyncram:altsyncram_component ;
+------------------------------------+----------------------+------------------------------------------------------------+
; Parameter Name                     ; Value                ; Type                                                       ;
+------------------------------------+----------------------+------------------------------------------------------------+
; BYTE_SIZE_BLOCK                    ; 8                    ; Untyped                                                    ;
; AUTO_CARRY_CHAINS                  ; ON                   ; AUTO_CARRY                                                 ;
; IGNORE_CARRY_BUFFERS               ; OFF                  ; IGNORE_CARRY                                               ;
; AUTO_CASCADE_CHAINS                ; ON                   ; AUTO_CASCADE                                               ;
; IGNORE_CASCADE_BUFFERS             ; OFF                  ; IGNORE_CASCADE                                             ;
; WIDTH_BYTEENA                      ; 1                    ; Untyped                                                    ;
; OPERATION_MODE                     ; ROM                  ; Untyped                                                    ;
; WIDTH_A                            ; 8                    ; Signed Integer                                             ;
; WIDTHAD_A                          ; 10                   ; Signed Integer                                             ;
; NUMWORDS_A                         ; 1024                 ; Signed Integer                                             ;
; OUTDATA_REG_A                      ; CLOCK0               ; Untyped                                                    ;
; ADDRESS_ACLR_A                     ; NONE                 ; Untyped                                                    ;
; OUTDATA_ACLR_A                     ; NONE                 ; Untyped                                                    ;
; WRCONTROL_ACLR_A                   ; NONE                 ; Untyped                                                    ;
; INDATA_ACLR_A                      ; NONE                 ; Untyped                                                    ;
; BYTEENA_ACLR_A                     ; NONE                 ; Untyped                                                    ;
; WIDTH_B                            ; 1                    ; Untyped                                                    ;
; WIDTHAD_B                          ; 1                    ; Untyped                                                    ;
; NUMWORDS_B                         ; 1                    ; Untyped                                                    ;
; INDATA_REG_B                       ; CLOCK1               ; Untyped                                                    ;
; WRCONTROL_WRADDRESS_REG_B          ; CLOCK1               ; Untyped                                                    ;
; RDCONTROL_REG_B                    ; CLOCK1               ; Untyped                                                    ;
; ADDRESS_REG_B                      ; CLOCK1               ; Untyped                                                    ;
; OUTDATA_REG_B                      ; UNREGISTERED         ; Untyped                                                    ;
; BYTEENA_REG_B                      ; CLOCK1               ; Untyped                                                    ;
; INDATA_ACLR_B                      ; NONE                 ; Untyped                                                    ;
; WRCONTROL_ACLR_B                   ; NONE                 ; Untyped                                                    ;
; ADDRESS_ACLR_B                     ; NONE                 ; Untyped                                                    ;
; OUTDATA_ACLR_B                     ; NONE                 ; Untyped                                                    ;
; RDCONTROL_ACLR_B                   ; NONE                 ; Untyped                                                    ;
; BYTEENA_ACLR_B                     ; NONE                 ; Untyped                                                    ;
; WIDTH_BYTEENA_A                    ; 1                    ; Signed Integer                                             ;
; WIDTH_BYTEENA_B                    ; 1                    ; Untyped                                                    ;
; RAM_BLOCK_TYPE                     ; AUTO                 ; Untyped                                                    ;
; BYTE_SIZE                          ; 8                    ; Untyped                                                    ;
; READ_DURING_WRITE_MODE_MIXED_PORTS ; DONT_CARE            ; Untyped                                                    ;
; READ_DURING_WRITE_MODE_PORT_A      ; NEW_DATA_NO_NBE_READ ; Untyped                                                    ;
; READ_DURING_WRITE_MODE_PORT_B      ; NEW_DATA_NO_NBE_READ ; Untyped                                                    ;
; INIT_FILE                          ; dds_rom.mif          ; Untyped                                                    ;
; INIT_FILE_LAYOUT                   ; PORT_A               ; Untyped                                                    ;
; MAXIMUM_DEPTH                      ; 0                    ; Untyped                                                    ;
; CLOCK_ENABLE_INPUT_A               ; BYPASS               ; Untyped                                                    ;
; CLOCK_ENABLE_INPUT_B               ; NORMAL               ; Untyped                                                    ;
; CLOCK_ENABLE_OUTPUT_A              ; BYPASS               ; Untyped                                                    ;
; CLOCK_ENABLE_OUTPUT_B              ; NORMAL               ; Untyped                                                    ;
; CLOCK_ENABLE_CORE_A                ; USE_INPUT_CLKEN      ; Untyped                                                    ;
; CLOCK_ENABLE_CORE_B                ; USE_INPUT_CLKEN      ; Untyped                                                    ;
; ENABLE_ECC                         ; FALSE                ; Untyped                                                    ;
; ECC_PIPELINE_STAGE_ENABLED         ; FALSE                ; Untyped                                                    ;
; WIDTH_ECCSTATUS                    ; 3                    ; Untyped                                                    ;
; DEVICE_FAMILY                      ; Cyclone IV E         ; Untyped                                                    ;
; CBXI_PARAMETER                     ; altsyncram_rd91      ; Untyped                                                    ;
+------------------------------------+----------------------+------------------------------------------------------------+
Note: In order to hide this table in the UI and the text report file, please set the "Show Parameter Settings in Synthesis Report" option in "Analysis and Synthesis Settings -> More Settings" to "Off".


+-------------------------------------------------------------------------+
; Parameter Settings for User Entity Instance: seg_driver:seg_driver_inst ;
+----------------+-------+------------------------------------------------+
; Parameter Name ; Value ; Type                                           ;
+----------------+-------+------------------------------------------------+
; CNT_MAX        ; 50000 ; Signed Integer                                 ;
+----------------+-------+------------------------------------------------+
Note: In order to hide this table in the UI and the text report file, please set the "Show Parameter Settings in Synthesis Report" option in "Analysis and Synthesis Settings -> More Settings" to "Off".


+-------------------------------------------------------------------------------------------------+
; Parameter Settings for Inferred Entity Instance: data_montage:data_montage_inst|lpm_divide:Div0 ;
+------------------------+----------------+-------------------------------------------------------+
; Parameter Name         ; Value          ; Type                                                  ;
+------------------------+----------------+-------------------------------------------------------+
; LPM_WIDTHN             ; 17             ; Untyped                                               ;
; LPM_WIDTHD             ; 7              ; Untyped                                               ;
; LPM_NREPRESENTATION    ; UNSIGNED       ; Untyped                                               ;
; LPM_DREPRESENTATION    ; UNSIGNED       ; Untyped                                               ;
; LPM_PIPELINE           ; 0              ; Untyped                                               ;
; LPM_REMAINDERPOSITIVE  ; TRUE           ; Untyped                                               ;
; MAXIMIZE_SPEED         ; 5              ; Untyped                                               ;
; CBXI_PARAMETER         ; lpm_divide_6jm ; Untyped                                               ;
; CARRY_CHAIN            ; MANUAL         ; Untyped                                               ;
; OPTIMIZE_FOR_SPEED     ; 5              ; Untyped                                               ;
; AUTO_CARRY_CHAINS      ; ON             ; AUTO_CARRY                                            ;
; IGNORE_CARRY_BUFFERS   ; OFF            ; IGNORE_CARRY                                          ;
; AUTO_CASCADE_CHAINS    ; ON             ; AUTO_CASCADE                                          ;
; IGNORE_CASCADE_BUFFERS ; OFF            ; IGNORE_CASCADE                                        ;
+------------------------+----------------+-------------------------------------------------------+
Note: In order to hide this table in the UI and the text report file, please set the "Show Parameter Settings in Synthesis Report" option in "Analysis and Synthesis Settings -> More Settings" to "Off".


+----------------------------------------------------------------------------------------------------------------------+
; Parameter Settings for Inferred Entity Instance: data_montage:data_montage_inst|bin_bcd:bin_bcd_inst|lpm_divide:Mod1 ;
+------------------------+----------------+----------------------------------------------------------------------------+
; Parameter Name         ; Value          ; Type                                                                       ;
+------------------------+----------------+----------------------------------------------------------------------------+
; LPM_WIDTHN             ; 12             ; Untyped                                                                    ;
; LPM_WIDTHD             ; 4              ; Untyped                                                                    ;
; LPM_NREPRESENTATION    ; UNSIGNED       ; Untyped                                                                    ;
; LPM_DREPRESENTATION    ; UNSIGNED       ; Untyped                                                                    ;
; LPM_PIPELINE           ; 0              ; Untyped                                                                    ;
; LPM_REMAINDERPOSITIVE  ; TRUE           ; Untyped                                                                    ;
; MAXIMIZE_SPEED         ; 5              ; Untyped                                                                    ;
; CBXI_PARAMETER         ; lpm_divide_1bm ; Untyped                                                                    ;
; CARRY_CHAIN            ; MANUAL         ; Untyped                                                                    ;
; OPTIMIZE_FOR_SPEED     ; 5              ; Untyped                                                                    ;
; AUTO_CARRY_CHAINS      ; ON             ; AUTO_CARRY                                                                 ;
; IGNORE_CARRY_BUFFERS   ; OFF            ; IGNORE_CARRY                                                               ;
; AUTO_CASCADE_CHAINS    ; ON             ; AUTO_CASCADE                                                               ;
; IGNORE_CASCADE_BUFFERS ; OFF            ; IGNORE_CASCADE                                                             ;
+------------------------+----------------+----------------------------------------------------------------------------+
Note: In order to hide this table in the UI and the text report file, please set the "Show Parameter Settings in Synthesis Report" option in "Analysis and Synthesis Settings -> More Settings" to "Off".


+-----------------------------------------------------------------------------------------------------------------------+
; altsyncram Parameter Settings by Entity Instance                                                                      ;
+-------------------------------------------+---------------------------------------------------------------------------+
; Name                                      ; Value                                                                     ;
+-------------------------------------------+---------------------------------------------------------------------------+
; Number of entity instances                ; 1                                                                         ;
; Entity Instance                           ; dds_ctrl:dds_ctrl_inst|my_rom:my_rom_inst|altsyncram:altsyncram_component ;
;     -- OPERATION_MODE                     ; ROM                                                                       ;
;     -- WIDTH_A                            ; 8                                                                         ;
;     -- NUMWORDS_A                         ; 1024                                                                      ;
;     -- OUTDATA_REG_A                      ; CLOCK0                                                                    ;
;     -- WIDTH_B                            ; 1                                                                         ;
;     -- NUMWORDS_B                         ; 1                                                                         ;
;     -- ADDRESS_REG_B                      ; CLOCK1                                                                    ;
;     -- OUTDATA_REG_B                      ; UNREGISTERED                                                              ;
;     -- RAM_BLOCK_TYPE                     ; AUTO                                                                      ;
;     -- READ_DURING_WRITE_MODE_MIXED_PORTS ; DONT_CARE                                                                 ;
+-------------------------------------------+---------------------------------------------------------------------------+


+--------------------------------------------------------------------------------------------------------------------------------------------------------------------------+
; Port Connectivity Checks: "seg_driver:seg_driver_inst"                                                                                                                   ;
+------+-------+----------+------------------------------------------------------------------------------------------------------------------------------------------------+
; Port ; Type  ; Severity ; Details                                                                                                                                        ;
+------+-------+----------+------------------------------------------------------------------------------------------------------------------------------------------------+
; data ; Input ; Warning  ; Input port expression (1 bits) is smaller than the input port (24 bits) it drives.  Extra input bit(s) "data[23..1]" will be connected to GND. ;
+------+-------+----------+------------------------------------------------------------------------------------------------------------------------------------------------+


+------------------------------------------------------------------------------------------------------------------------------------------------------+
; Port Connectivity Checks: "data_montage:data_montage_inst"                                                                                           ;
+------+--------+----------+---------------------------------------------------------------------------------------------------------------------------+
; Port ; Type   ; Severity ; Details                                                                                                                   ;
+------+--------+----------+---------------------------------------------------------------------------------------------------------------------------+
; data ; Output ; Warning  ; Output or bidir port (24 bits) is wider than the port expression (1 bits) it drives; bit(s) "data[23..1]" have no fanouts ;
+------+--------+----------+---------------------------------------------------------------------------------------------------------------------------+


+---------------------------------------------------------------------------------------------------------------------+
; Port Connectivity Checks: "dds_ctrl:dds_ctrl_inst"                                                                  ;
+-----------+--------+----------+-------------------------------------------------------------------------------------+
; Port      ; Type   ; Severity ; Details                                                                             ;
+-----------+--------+----------+-------------------------------------------------------------------------------------+
; wave_data ; Output ; Info     ; Connected to dangling logic. Logic that only feeds a dangling port will be removed. ;
+-----------+--------+----------+-------------------------------------------------------------------------------------+


+-------------------------------------------------------+
; Port Connectivity Checks: "key_filter:k4"             ;
+----------+--------+----------+------------------------+
; Port     ; Type   ; Severity ; Details                ;
+----------+--------+----------+------------------------+
; key_pose ; Output ; Info     ; Explicitly unconnected ;
+----------+--------+----------+------------------------+


+-------------------------------------------------------+
; Port Connectivity Checks: "key_filter:k3"             ;
+----------+--------+----------+------------------------+
; Port     ; Type   ; Severity ; Details                ;
+----------+--------+----------+------------------------+
; key_pose ; Output ; Info     ; Explicitly unconnected ;
+----------+--------+----------+------------------------+


+-------------------------------------------------------+
; Port Connectivity Checks: "key_filter:k2"             ;
+----------+--------+----------+------------------------+
; Port     ; Type   ; Severity ; Details                ;
+----------+--------+----------+------------------------+
; key_pose ; Output ; Info     ; Explicitly unconnected ;
+----------+--------+----------+------------------------+


+-------------------------------------------------------+
; Port Connectivity Checks: "key_filter:k1"             ;
+----------+--------+----------+------------------------+
; Port     ; Type   ; Severity ; Details                ;
+----------+--------+----------+------------------------+
; key_pose ; Output ; Info     ; Explicitly unconnected ;
+----------+--------+----------+------------------------+


+-----------------------------------------------------+
; Post-Synthesis Netlist Statistics for Top Partition ;
+-----------------------+-----------------------------+
; Type                  ; Count                       ;
+-----------------------+-----------------------------+
; boundary_port         ; 16                          ;
; cycloneiii_ff         ; 172                         ;
;     CLR               ; 49                          ;
;     CLR SCLR          ; 60                          ;
;     ENA CLR           ; 63                          ;
; cycloneiii_lcell_comb ; 636                         ;
;     arith             ; 249                         ;
;         2 data inputs ; 189                         ;
;         3 data inputs ; 60                          ;
;     normal            ; 387                         ;
;         0 data inputs ; 12                          ;
;         1 data inputs ; 12                          ;
;         2 data inputs ; 116                         ;
;         3 data inputs ; 50                          ;
;         4 data inputs ; 197                         ;
;                       ;                             ;
; Max LUT depth         ; 28.50                       ;
; Average LUT depth     ; 9.73                        ;
+-----------------------+-----------------------------+


+-------------------------------+
; Elapsed Time Per Partition    ;
+----------------+--------------+
; Partition Name ; Elapsed Time ;
+----------------+--------------+
; Top            ; 00:00:00     ;
+----------------+--------------+


+-------------------------------+
; Analysis & Synthesis Messages ;
+-------------------------------+
Info: *******************************************************************
Info: Running Quartus Prime Analysis & Synthesis
    Info: Version 18.0.0 Build 614 04/24/2018 SJ Lite Edition
    Info: Processing started: Sun Mar 08 23:08:12 2026
Info: Command: quartus_map --read_settings_files=on --write_settings_files=off my_project -c my_project
Warning (18236): Number of processors has not been specified which may cause overloading on shared machines.  Set the global assignment NUM_PARALLEL_PROCESSORS in your QSF to an appropriate value for best performance.
Info (20030): Parallel compilation is enabled and will use 10 of the 10 processors detected
Info (12021): Found 1 design units, including 1 entities, in source file /fpgalearn/20260305_dds_shumaguanxianshi/src/seg_driver.v
    Info (12023): Found entity 1: seg_driver File: D:/FPGALearn/20260305_DDS_shuMaGuanXianShi/src/seg_driver.v Line: 1
Info (12021): Found 1 design units, including 1 entities, in source file /fpgalearn/20260305_dds_shumaguanxianshi/src/bin_bcd.v
    Info (12023): Found entity 1: bin_bcd File: D:/FPGALearn/20260305_DDS_shuMaGuanXianShi/src/bin_bcd.v Line: 1
Info (12021): Found 1 design units, including 1 entities, in source file /fpgalearn/20260305_dds_shumaguanxianshi/src/data_montage.v
    Info (12023): Found entity 1: data_montage File: D:/FPGALearn/20260305_DDS_shuMaGuanXianShi/src/data_montage.v Line: 1
Info (12021): Found 1 design units, including 1 entities, in source file /fpgalearn/20260305_dds_shumaguanxianshi/src/key_filter.v
    Info (12023): Found entity 1: key_filter File: D:/FPGALearn/20260305_DDS_shuMaGuanXianShi/src/key_filter.v Line: 1
Info (12021): Found 1 design units, including 1 entities, in source file /fpgalearn/20260305_dds_shumaguanxianshi/src/f_word_cal.v
    Info (12023): Found entity 1: f_word_cal File: D:/FPGALearn/20260305_DDS_shuMaGuanXianShi/src/f_word_cal.v Line: 1
Info (12021): Found 1 design units, including 1 entities, in source file /fpgalearn/20260305_dds_shumaguanxianshi/src/addr_ctrl.v
    Info (12023): Found entity 1: addr_ctrl File: D:/FPGALearn/20260305_DDS_shuMaGuanXianShi/src/addr_ctrl.v Line: 1
Info (12021): Found 1 design units, including 1 entities, in source file /fpgalearn/20260305_dds_shumaguanxianshi/sim/dds_top_tb.v
    Info (12023): Found entity 1: dds_top_tb File: D:/FPGALearn/20260305_DDS_shuMaGuanXianShi/sim/dds_top_tb.v Line: 2
Info (12021): Found 1 design units, including 1 entities, in source file /fpgalearn/20260305_dds_shumaguanxianshi/src/dds_top.v
    Info (12023): Found entity 1: dds_top File: D:/FPGALearn/20260305_DDS_shuMaGuanXianShi/src/dds_top.v Line: 1
Info (12021): Found 1 design units, including 1 entities, in source file /fpgalearn/20260305_dds_shumaguanxianshi/src/dds_ctrl.v
    Info (12023): Found entity 1: dds_ctrl File: D:/FPGALearn/20260305_DDS_shuMaGuanXianShi/src/dds_ctrl.v Line: 1
Info (12021): Found 1 design units, including 1 entities, in source file /fpgalearn/20260305_dds_shumaguanxianshi/src/adjust_ctrl.v
    Info (12023): Found entity 1: adjust_ctrl File: D:/FPGALearn/20260305_DDS_shuMaGuanXianShi/src/adjust_ctrl.v Line: 4
Info (12021): Found 1 design units, including 1 entities, in source file /fpgalearn/20260305_dds_shumaguanxianshi/ip/my_rom.v
    Info (12023): Found entity 1: my_rom File: D:/FPGALearn/20260305_DDS_shuMaGuanXianShi/ip/my_rom.v Line: 39
Warning (10236): Verilog HDL Implicit Net warning at dds_top.v(14): created implicit net for "rst_n" File: D:/FPGALearn/20260305_DDS_shuMaGuanXianShi/src/dds_top.v Line: 14
Warning (10236): Verilog HDL Implicit Net warning at dds_top.v(85): created implicit net for "data" File: D:/FPGALearn/20260305_DDS_shuMaGuanXianShi/src/dds_top.v Line: 85
Info (12127): Elaborating entity "dds_top" for the top level hierarchy
Info (12128): Elaborating entity "key_filter" for hierarchy "key_filter:k1" File: D:/FPGALearn/20260305_DDS_shuMaGuanXianShi/src/dds_top.v Line: 25
Warning (10230): Verilog HDL assignment warning at key_filter.v(32): truncated value with size 32 to match size of target (20) File: D:/FPGALearn/20260305_DDS_shuMaGuanXianShi/src/key_filter.v Line: 32
Warning (10230): Verilog HDL assignment warning at key_filter.v(54): truncated value with size 32 to match size of target (20) File: D:/FPGALearn/20260305_DDS_shuMaGuanXianShi/src/key_filter.v Line: 54
Info (12128): Elaborating entity "adjust_ctrl" for hierarchy "adjust_ctrl:adjust_ctrl_inst" File: D:/FPGALearn/20260305_DDS_shuMaGuanXianShi/src/dds_top.v Line: 68
Warning (10230): Verilog HDL assignment warning at adjust_ctrl.v(36): truncated value with size 32 to match size of target (17) File: D:/FPGALearn/20260305_DDS_shuMaGuanXianShi/src/adjust_ctrl.v Line: 36
Warning (10230): Verilog HDL assignment warning at adjust_ctrl.v(41): truncated value with size 32 to match size of target (17) File: D:/FPGALearn/20260305_DDS_shuMaGuanXianShi/src/adjust_ctrl.v Line: 41
Warning (10230): Verilog HDL assignment warning at adjust_ctrl.v(43): truncated value with size 32 to match size of target (17) File: D:/FPGALearn/20260305_DDS_shuMaGuanXianShi/src/adjust_ctrl.v Line: 43
Warning (10230): Verilog HDL assignment warning at adjust_ctrl.v(47): truncated value with size 32 to match size of target (17) File: D:/FPGALearn/20260305_DDS_shuMaGuanXianShi/src/adjust_ctrl.v Line: 47
Warning (10230): Verilog HDL assignment warning at adjust_ctrl.v(61): truncated value with size 32 to match size of target (17) File: D:/FPGALearn/20260305_DDS_shuMaGuanXianShi/src/adjust_ctrl.v Line: 61
Warning (10230): Verilog HDL assignment warning at adjust_ctrl.v(66): truncated value with size 32 to match size of target (17) File: D:/FPGALearn/20260305_DDS_shuMaGuanXianShi/src/adjust_ctrl.v Line: 66
Warning (10230): Verilog HDL assignment warning at adjust_ctrl.v(68): truncated value with size 32 to match size of target (17) File: D:/FPGALearn/20260305_DDS_shuMaGuanXianShi/src/adjust_ctrl.v Line: 68
Warning (10230): Verilog HDL assignment warning at adjust_ctrl.v(72): truncated value with size 32 to match size of target (17) File: D:/FPGALearn/20260305_DDS_shuMaGuanXianShi/src/adjust_ctrl.v Line: 72
Warning (10230): Verilog HDL assignment warning at adjust_ctrl.v(86): truncated value with size 32 to match size of target (17) File: D:/FPGALearn/20260305_DDS_shuMaGuanXianShi/src/adjust_ctrl.v Line: 86
Warning (10230): Verilog HDL assignment warning at adjust_ctrl.v(91): truncated value with size 32 to match size of target (17) File: D:/FPGALearn/20260305_DDS_shuMaGuanXianShi/src/adjust_ctrl.v Line: 91
Warning (10230): Verilog HDL assignment warning at adjust_ctrl.v(93): truncated value with size 32 to match size of target (17) File: D:/FPGALearn/20260305_DDS_shuMaGuanXianShi/src/adjust_ctrl.v Line: 93
Warning (10230): Verilog HDL assignment warning at adjust_ctrl.v(97): truncated value with size 32 to match size of target (17) File: D:/FPGALearn/20260305_DDS_shuMaGuanXianShi/src/adjust_ctrl.v Line: 97
Warning (10230): Verilog HDL assignment warning at adjust_ctrl.v(111): truncated value with size 32 to match size of target (17) File: D:/FPGALearn/20260305_DDS_shuMaGuanXianShi/src/adjust_ctrl.v Line: 111
Warning (10230): Verilog HDL assignment warning at adjust_ctrl.v(116): truncated value with size 32 to match size of target (17) File: D:/FPGALearn/20260305_DDS_shuMaGuanXianShi/src/adjust_ctrl.v Line: 116
Warning (10230): Verilog HDL assignment warning at adjust_ctrl.v(118): truncated value with size 32 to match size of target (17) File: D:/FPGALearn/20260305_DDS_shuMaGuanXianShi/src/adjust_ctrl.v Line: 118
Warning (10230): Verilog HDL assignment warning at adjust_ctrl.v(122): truncated value with size 32 to match size of target (17) File: D:/FPGALearn/20260305_DDS_shuMaGuanXianShi/src/adjust_ctrl.v Line: 122
Warning (10230): Verilog HDL assignment warning at adjust_ctrl.v(137): truncated value with size 32 to match size of target (3) File: D:/FPGALearn/20260305_DDS_shuMaGuanXianShi/src/adjust_ctrl.v Line: 137
Warning (10230): Verilog HDL assignment warning at adjust_ctrl.v(142): truncated value with size 32 to match size of target (3) File: D:/FPGALearn/20260305_DDS_shuMaGuanXianShi/src/adjust_ctrl.v Line: 142
Warning (10230): Verilog HDL assignment warning at adjust_ctrl.v(144): truncated value with size 32 to match size of target (3) File: D:/FPGALearn/20260305_DDS_shuMaGuanXianShi/src/adjust_ctrl.v Line: 144
Warning (10230): Verilog HDL assignment warning at adjust_ctrl.v(155): truncated value with size 32 to match size of target (3) File: D:/FPGALearn/20260305_DDS_shuMaGuanXianShi/src/adjust_ctrl.v Line: 155
Warning (10230): Verilog HDL assignment warning at adjust_ctrl.v(160): truncated value with size 32 to match size of target (3) File: D:/FPGALearn/20260305_DDS_shuMaGuanXianShi/src/adjust_ctrl.v Line: 160
Warning (10230): Verilog HDL assignment warning at adjust_ctrl.v(162): truncated value with size 32 to match size of target (3) File: D:/FPGALearn/20260305_DDS_shuMaGuanXianShi/src/adjust_ctrl.v Line: 162
Warning (10230): Verilog HDL assignment warning at adjust_ctrl.v(173): truncated value with size 32 to match size of target (3) File: D:/FPGALearn/20260305_DDS_shuMaGuanXianShi/src/adjust_ctrl.v Line: 173
Warning (10230): Verilog HDL assignment warning at adjust_ctrl.v(178): truncated value with size 32 to match size of target (3) File: D:/FPGALearn/20260305_DDS_shuMaGuanXianShi/src/adjust_ctrl.v Line: 178
Warning (10230): Verilog HDL assignment warning at adjust_ctrl.v(180): truncated value with size 32 to match size of target (3) File: D:/FPGALearn/20260305_DDS_shuMaGuanXianShi/src/adjust_ctrl.v Line: 180
Warning (10230): Verilog HDL assignment warning at adjust_ctrl.v(191): truncated value with size 32 to match size of target (3) File: D:/FPGALearn/20260305_DDS_shuMaGuanXianShi/src/adjust_ctrl.v Line: 191
Warning (10230): Verilog HDL assignment warning at adjust_ctrl.v(196): truncated value with size 32 to match size of target (3) File: D:/FPGALearn/20260305_DDS_shuMaGuanXianShi/src/adjust_ctrl.v Line: 196
Warning (10230): Verilog HDL assignment warning at adjust_ctrl.v(198): truncated value with size 32 to match size of target (3) File: D:/FPGALearn/20260305_DDS_shuMaGuanXianShi/src/adjust_ctrl.v Line: 198
Warning (10230): Verilog HDL assignment warning at adjust_ctrl.v(212): truncated value with size 32 to match size of target (2) File: D:/FPGALearn/20260305_DDS_shuMaGuanXianShi/src/adjust_ctrl.v Line: 212
Warning (10230): Verilog HDL assignment warning at adjust_ctrl.v(222): truncated value with size 32 to match size of target (17) File: D:/FPGALearn/20260305_DDS_shuMaGuanXianShi/src/adjust_ctrl.v Line: 222
Warning (10230): Verilog HDL assignment warning at adjust_ctrl.v(237): truncated value with size 32 to match size of target (3) File: D:/FPGALearn/20260305_DDS_shuMaGuanXianShi/src/adjust_ctrl.v Line: 237
Info (12128): Elaborating entity "dds_ctrl" for hierarchy "dds_ctrl:dds_ctrl_inst" File: D:/FPGALearn/20260305_DDS_shuMaGuanXianShi/src/dds_top.v Line: 79
Info (12128): Elaborating entity "f_word_cal" for hierarchy "dds_ctrl:dds_ctrl_inst|f_word_cal:f_word_cal_inst" File: D:/FPGALearn/20260305_DDS_shuMaGuanXianShi/src/dds_ctrl.v Line: 13
Info (12128): Elaborating entity "addr_ctrl" for hierarchy "dds_ctrl:dds_ctrl_inst|addr_ctrl:addr_ctrl_inst" File: D:/FPGALearn/20260305_DDS_shuMaGuanXianShi/src/dds_ctrl.v Line: 23
Info (12128): Elaborating entity "my_rom" for hierarchy "dds_ctrl:dds_ctrl_inst|my_rom:my_rom_inst" File: D:/FPGALearn/20260305_DDS_shuMaGuanXianShi/src/dds_ctrl.v Line: 31
Info (12128): Elaborating entity "altsyncram" for hierarchy "dds_ctrl:dds_ctrl_inst|my_rom:my_rom_inst|altsyncram:altsyncram_component" File: D:/FPGALearn/20260305_DDS_shuMaGuanXianShi/ip/my_rom.v Line: 81
Info (12130): Elaborated megafunction instantiation "dds_ctrl:dds_ctrl_inst|my_rom:my_rom_inst|altsyncram:altsyncram_component" File: D:/FPGALearn/20260305_DDS_shuMaGuanXianShi/ip/my_rom.v Line: 81
Info (12133): Instantiated megafunction "dds_ctrl:dds_ctrl_inst|my_rom:my_rom_inst|altsyncram:altsyncram_component" with the following parameter: File: D:/FPGALearn/20260305_DDS_shuMaGuanXianShi/ip/my_rom.v Line: 81
    Info (12134): Parameter "address_aclr_a" = "NONE"
    Info (12134): Parameter "clock_enable_input_a" = "BYPASS"
    Info (12134): Parameter "clock_enable_output_a" = "BYPASS"
    Info (12134): Parameter "init_file" = "dds_rom.mif"
    Info (12134): Parameter "intended_device_family" = "Cyclone IV E"
    Info (12134): Parameter "lpm_hint" = "ENABLE_RUNTIME_MOD=NO"
    Info (12134): Parameter "lpm_type" = "altsyncram"
    Info (12134): Parameter "numwords_a" = "1024"
    Info (12134): Parameter "operation_mode" = "ROM"
    Info (12134): Parameter "outdata_aclr_a" = "NONE"
    Info (12134): Parameter "outdata_reg_a" = "CLOCK0"
    Info (12134): Parameter "widthad_a" = "10"
    Info (12134): Parameter "width_a" = "8"
    Info (12134): Parameter "width_byteena_a" = "1"
Info (12021): Found 1 design units, including 1 entities, in source file db/altsyncram_rd91.tdf
    Info (12023): Found entity 1: altsyncram_rd91 File: D:/FPGALearn/20260305_DDS_shuMaGuanXianShi/proj/db/altsyncram_rd91.tdf Line: 27
Info (12128): Elaborating entity "altsyncram_rd91" for hierarchy "dds_ctrl:dds_ctrl_inst|my_rom:my_rom_inst|altsyncram:altsyncram_component|altsyncram_rd91:auto_generated" File: d:/intelfpga_lite/18.0/quartus/libraries/megafunctions/altsyncram.tdf Line: 791
Info (12128): Elaborating entity "data_montage" for hierarchy "data_montage:data_montage_inst" File: D:/FPGALearn/20260305_DDS_shuMaGuanXianShi/src/dds_top.v Line: 86
Warning (10230): Verilog HDL assignment warning at data_montage.v(13): truncated value with size 32 to match size of target (12) File: D:/FPGALearn/20260305_DDS_shuMaGuanXianShi/src/data_montage.v Line: 13
Info (12128): Elaborating entity "bin_bcd" for hierarchy "data_montage:data_montage_inst|bin_bcd:bin_bcd_inst" File: D:/FPGALearn/20260305_DDS_shuMaGuanXianShi/src/data_montage.v Line: 19
Warning (10230): Verilog HDL assignment warning at bin_bcd.v(9): truncated value with size 32 to match size of target (4) File: D:/FPGALearn/20260305_DDS_shuMaGuanXianShi/src/bin_bcd.v Line: 9
Warning (10230): Verilog HDL assignment warning at bin_bcd.v(10): truncated value with size 32 to match size of target (4) File: D:/FPGALearn/20260305_DDS_shuMaGuanXianShi/src/bin_bcd.v Line: 10
Warning (10230): Verilog HDL assignment warning at bin_bcd.v(11): truncated value with size 32 to match size of target (4) File: D:/FPGALearn/20260305_DDS_shuMaGuanXianShi/src/bin_bcd.v Line: 11
Info (12128): Elaborating entity "seg_driver" for hierarchy "seg_driver:seg_driver_inst" File: D:/FPGALearn/20260305_DDS_shuMaGuanXianShi/src/dds_top.v Line: 96
Warning (14284): Synthesized away the following node(s):
    Warning (14285): Synthesized away the following RAM node(s):
        Warning (14320): Synthesized away node "dds_ctrl:dds_ctrl_inst|my_rom:my_rom_inst|altsyncram:altsyncram_component|altsyncram_rd91:auto_generated|q_a[0]" File: D:/FPGALearn/20260305_DDS_shuMaGuanXianShi/proj/db/altsyncram_rd91.tdf Line: 34
        Warning (14320): Synthesized away node "dds_ctrl:dds_ctrl_inst|my_rom:my_rom_inst|altsyncram:altsyncram_component|altsyncram_rd91:auto_generated|q_a[1]" File: D:/FPGALearn/20260305_DDS_shuMaGuanXianShi/proj/db/altsyncram_rd91.tdf Line: 56
        Warning (14320): Synthesized away node "dds_ctrl:dds_ctrl_inst|my_rom:my_rom_inst|altsyncram:altsyncram_component|altsyncram_rd91:auto_generated|q_a[2]" File: D:/FPGALearn/20260305_DDS_shuMaGuanXianShi/proj/db/altsyncram_rd91.tdf Line: 78
        Warning (14320): Synthesized away node "dds_ctrl:dds_ctrl_inst|my_rom:my_rom_inst|altsyncram:altsyncram_component|altsyncram_rd91:auto_generated|q_a[3]" File: D:/FPGALearn/20260305_DDS_shuMaGuanXianShi/proj/db/altsyncram_rd91.tdf Line: 100
        Warning (14320): Synthesized away node "dds_ctrl:dds_ctrl_inst|my_rom:my_rom_inst|altsyncram:altsyncram_component|altsyncram_rd91:auto_generated|q_a[4]" File: D:/FPGALearn/20260305_DDS_shuMaGuanXianShi/proj/db/altsyncram_rd91.tdf Line: 122
        Warning (14320): Synthesized away node "dds_ctrl:dds_ctrl_inst|my_rom:my_rom_inst|altsyncram:altsyncram_component|altsyncram_rd91:auto_generated|q_a[5]" File: D:/FPGALearn/20260305_DDS_shuMaGuanXianShi/proj/db/altsyncram_rd91.tdf Line: 144
        Warning (14320): Synthesized away node "dds_ctrl:dds_ctrl_inst|my_rom:my_rom_inst|altsyncram:altsyncram_component|altsyncram_rd91:auto_generated|q_a[6]" File: D:/FPGALearn/20260305_DDS_shuMaGuanXianShi/proj/db/altsyncram_rd91.tdf Line: 166
        Warning (14320): Synthesized away node "dds_ctrl:dds_ctrl_inst|my_rom:my_rom_inst|altsyncram:altsyncram_component|altsyncram_rd91:auto_generated|q_a[7]" File: D:/FPGALearn/20260305_DDS_shuMaGuanXianShi/proj/db/altsyncram_rd91.tdf Line: 188
Info (278001): Inferred 2 megafunctions from design logic
    Info (278004): Inferred divider/modulo megafunction ("lpm_divide") from the following logic: "data_montage:data_montage_inst|Div0" File: D:/FPGALearn/20260305_DDS_shuMaGuanXianShi/src/data_montage.v Line: 13
    Info (278004): Inferred divider/modulo megafunction ("lpm_divide") from the following logic: "data_montage:data_montage_inst|bin_bcd:bin_bcd_inst|Mod1" File: D:/FPGALearn/20260305_DDS_shuMaGuanXianShi/src/bin_bcd.v Line: 11
Info (12130): Elaborated megafunction instantiation "data_montage:data_montage_inst|lpm_divide:Div0" File: D:/FPGALearn/20260305_DDS_shuMaGuanXianShi/src/data_montage.v Line: 13
Info (12133): Instantiated megafunction "data_montage:data_montage_inst|lpm_divide:Div0" with the following parameter: File: D:/FPGALearn/20260305_DDS_shuMaGuanXianShi/src/data_montage.v Line: 13
    Info (12134): Parameter "LPM_WIDTHN" = "17"
    Info (12134): Parameter "LPM_WIDTHD" = "7"
    Info (12134): Parameter "LPM_NREPRESENTATION" = "UNSIGNED"
    Info (12134): Parameter "LPM_DREPRESENTATION" = "UNSIGNED"
Info (12021): Found 1 design units, including 1 entities, in source file db/lpm_divide_6jm.tdf
    Info (12023): Found entity 1: lpm_divide_6jm File: D:/FPGALearn/20260305_DDS_shuMaGuanXianShi/proj/db/lpm_divide_6jm.tdf Line: 24
Info (12021): Found 1 design units, including 1 entities, in source file db/sign_div_unsign_ulh.tdf
    Info (12023): Found entity 1: sign_div_unsign_ulh File: D:/FPGALearn/20260305_DDS_shuMaGuanXianShi/proj/db/sign_div_unsign_ulh.tdf Line: 24
Info (12021): Found 1 design units, including 1 entities, in source file db/alt_u_div_g7f.tdf
    Info (12023): Found entity 1: alt_u_div_g7f File: D:/FPGALearn/20260305_DDS_shuMaGuanXianShi/proj/db/alt_u_div_g7f.tdf Line: 26
Info (12021): Found 1 design units, including 1 entities, in source file db/add_sub_7pc.tdf
    Info (12023): Found entity 1: add_sub_7pc File: D:/FPGALearn/20260305_DDS_shuMaGuanXianShi/proj/db/add_sub_7pc.tdf Line: 22
Info (12021): Found 1 design units, including 1 entities, in source file db/add_sub_8pc.tdf
    Info (12023): Found entity 1: add_sub_8pc File: D:/FPGALearn/20260305_DDS_shuMaGuanXianShi/proj/db/add_sub_8pc.tdf Line: 22
Info (12130): Elaborated megafunction instantiation "data_montage:data_montage_inst|bin_bcd:bin_bcd_inst|lpm_divide:Mod1" File: D:/FPGALearn/20260305_DDS_shuMaGuanXianShi/src/bin_bcd.v Line: 11
Info (12133): Instantiated megafunction "data_montage:data_montage_inst|bin_bcd:bin_bcd_inst|lpm_divide:Mod1" with the following parameter: File: D:/FPGALearn/20260305_DDS_shuMaGuanXianShi/src/bin_bcd.v Line: 11
    Info (12134): Parameter "LPM_WIDTHN" = "12"
    Info (12134): Parameter "LPM_WIDTHD" = "4"
    Info (12134): Parameter "LPM_NREPRESENTATION" = "UNSIGNED"
    Info (12134): Parameter "LPM_DREPRESENTATION" = "UNSIGNED"
Info (12021): Found 1 design units, including 1 entities, in source file db/lpm_divide_1bm.tdf
    Info (12023): Found entity 1: lpm_divide_1bm File: D:/FPGALearn/20260305_DDS_shuMaGuanXianShi/proj/db/lpm_divide_1bm.tdf Line: 24
Info (12021): Found 1 design units, including 1 entities, in source file db/sign_div_unsign_mlh.tdf
    Info (12023): Found entity 1: sign_div_unsign_mlh File: D:/FPGALearn/20260305_DDS_shuMaGuanXianShi/proj/db/sign_div_unsign_mlh.tdf Line: 24
Info (12021): Found 1 design units, including 1 entities, in source file db/alt_u_div_07f.tdf
    Info (12023): Found entity 1: alt_u_div_07f File: D:/FPGALearn/20260305_DDS_shuMaGuanXianShi/proj/db/alt_u_div_07f.tdf Line: 26
Warning (12241): 2 hierarchies have connectivity warnings - see the Connectivity Checks report folder
Info (13000): Registers with preset signals will power-up high File: D:/FPGALearn/20260305_DDS_shuMaGuanXianShi/src/adjust_ctrl.v Line: 224
Info (13003): DEV_CLRn pin will set, and not reset, register with preset signal due to NOT Gate Push-Back
Warning (13024): Output pins are stuck at VCC or GND
    Warning (13410): Pin "seg[1]" is stuck at GND File: D:/FPGALearn/20260305_DDS_shuMaGuanXianShi/src/dds_top.v Line: 10
    Warning (13410): Pin "seg[2]" is stuck at GND File: D:/FPGALearn/20260305_DDS_shuMaGuanXianShi/src/dds_top.v Line: 10
Info (286030): Timing-Driven Synthesis is running
Info (17049): 32 registers lost all their fanouts during netlist optimizations.
Info (16010): Generating hard_block partition "hard_block:auto_generated_inst"
    Info (16011): Adding 0 node(s), including 0 DDIO, 0 PLL, 0 transceiver and 0 LCELL
Warning (21074): Design contains 1 input pin(s) that do not drive logic
    Warning (15610): No output dependent on input pin "key_a" File: D:/FPGALearn/20260305_DDS_shuMaGuanXianShi/src/dds_top.v Line: 5
Info (21057): Implemented 663 device resources after synthesis - the final resource count might be different
    Info (21058): Implemented 5 input pins
    Info (21059): Implemented 11 output pins
    Info (21061): Implemented 647 logic cells
Info: Quartus Prime Analysis & Synthesis was successful. 0 errors, 56 warnings
    Info: Peak virtual memory: 4840 megabytes
    Info: Processing ended: Sun Mar 08 23:08:20 2026
    Info: Elapsed time: 00:00:08
    Info: Total CPU time (on all processors): 00:00:14


