Analysis & Synthesis report for my_project
Mon Mar 09 17:03:14 2026
Quartus Prime Version 18.0.0 Build 614 04/24/2018 SJ Lite Edition


---------------------
; Table of Contents ;
---------------------
  1. Legal Notice
  2. Analysis & Synthesis Summary
  3. Analysis & Synthesis Settings
  4. Parallel Compilation
  5. Analysis & Synthesis Source Files Read
  6. Analysis & Synthesis Resource Usage Summary
  7. Analysis & Synthesis Resource Utilization by Entity
  8. Registers Removed During Synthesis
  9. General Register Statistics
 10. Inverted Register Statistics
 11. Multiplexer Restructuring Statistics (Restructuring Performed)
 12. Parameter Settings for User Entity Instance: math_clk:math_clk_inst
 13. Parameter Settings for User Entity Instance: math_clk:math_clk_inst|bin_bcd:bin_bcd_inst1
 14. Parameter Settings for User Entity Instance: math_clk:math_clk_inst|bin_bcd:bin_bcd_inst1|move:M[0].move_inst
 15. Parameter Settings for User Entity Instance: math_clk:math_clk_inst|bin_bcd:bin_bcd_inst1|move:M[1].move_inst
 16. Parameter Settings for User Entity Instance: math_clk:math_clk_inst|bin_bcd:bin_bcd_inst1|move:M[2].move_inst
 17. Parameter Settings for User Entity Instance: math_clk:math_clk_inst|bin_bcd:bin_bcd_inst1|move:M[3].move_inst
 18. Parameter Settings for User Entity Instance: math_clk:math_clk_inst|bin_bcd:bin_bcd_inst1|move:M[4].move_inst
 19. Parameter Settings for User Entity Instance: math_clk:math_clk_inst|bin_bcd:bin_bcd_inst1|move:M[5].move_inst
 20. Parameter Settings for User Entity Instance: math_clk:math_clk_inst|bin_bcd:bin_bcd_inst2
 21. Parameter Settings for User Entity Instance: math_clk:math_clk_inst|bin_bcd:bin_bcd_inst2|move:M[0].move_inst
 22. Parameter Settings for User Entity Instance: math_clk:math_clk_inst|bin_bcd:bin_bcd_inst2|move:M[1].move_inst
 23. Parameter Settings for User Entity Instance: math_clk:math_clk_inst|bin_bcd:bin_bcd_inst2|move:M[2].move_inst
 24. Parameter Settings for User Entity Instance: math_clk:math_clk_inst|bin_bcd:bin_bcd_inst2|move:M[3].move_inst
 25. Parameter Settings for User Entity Instance: math_clk:math_clk_inst|bin_bcd:bin_bcd_inst2|move:M[4].move_inst
 26. Parameter Settings for User Entity Instance: math_clk:math_clk_inst|bin_bcd:bin_bcd_inst2|move:M[5].move_inst
 27. Parameter Settings for User Entity Instance: math_clk:math_clk_inst|bin_bcd:bin_bcd_inst3
 28. Parameter Settings for User Entity Instance: math_clk:math_clk_inst|bin_bcd:bin_bcd_inst3|move:M[0].move_inst
 29. Parameter Settings for User Entity Instance: math_clk:math_clk_inst|bin_bcd:bin_bcd_inst3|move:M[1].move_inst
 30. Parameter Settings for User Entity Instance: math_clk:math_clk_inst|bin_bcd:bin_bcd_inst3|move:M[2].move_inst
 31. Parameter Settings for User Entity Instance: math_clk:math_clk_inst|bin_bcd:bin_bcd_inst3|move:M[3].move_inst
 32. Parameter Settings for User Entity Instance: math_clk:math_clk_inst|bin_bcd:bin_bcd_inst3|move:M[4].move_inst
 33. Parameter Settings for User Entity Instance: math_clk:math_clk_inst|bin_bcd:bin_bcd_inst3|move:M[5].move_inst
 34. Parameter Settings for User Entity Instance: seg_driver:seg_driver_inst
 35. Port Connectivity Checks: "math_clk:math_clk_inst|bin_bcd:bin_bcd_inst3"
 36. Port Connectivity Checks: "math_clk:math_clk_inst|bin_bcd:bin_bcd_inst2"
 37. Port Connectivity Checks: "math_clk:math_clk_inst|bin_bcd:bin_bcd_inst1|move:M[5].move_inst"
 38. Port Connectivity Checks: "math_clk:math_clk_inst|bin_bcd:bin_bcd_inst1|move:M[0].move_inst|adjust:A[0].adjust_inst"
 39. Port Connectivity Checks: "math_clk:math_clk_inst|bin_bcd:bin_bcd_inst1|move:M[0].move_inst"
 40. Port Connectivity Checks: "math_clk:math_clk_inst|bin_bcd:bin_bcd_inst1"
 41. Post-Synthesis Netlist Statistics for Top Partition
 42. Elapsed Time Per Partition
 43. Analysis & Synthesis Messages



----------------
; Legal Notice ;
----------------
Copyright (C) 2018  Intel Corporation. All rights reserved.
Your use of Intel Corporation's design tools, logic functions 
and other software and tools, and its AMPP partner logic 
functions, and any output files from any of the foregoing 
(including device programming or simulation files), and any 
associated documentation or information are expressly subject 
to the terms and conditions of the Intel Program License 
Subscription Agreement, the Intel Quartus Prime License Agreement,
the Intel FPGA IP License Agreement, or other applicable license
agreement, including, without limitation, that your use is for
the sole purpose of programming logic devices manufactured by
Intel and sold by Intel or its authorized distributors.  Please
refer to the applicable agreement for further details.



+----------------------------------------------------------------------------------+
; Analysis & Synthesis Summary                                                     ;
+------------------------------------+---------------------------------------------+
; Analysis & Synthesis Status        ; Successful - Mon Mar 09 17:03:14 2026       ;
; Quartus Prime Version              ; 18.0.0 Build 614 04/24/2018 SJ Lite Edition ;
; Revision Name                      ; my_project                                  ;
; Top-level Entity Name              ; math_clk_tp                                 ;
; Family                             ; Cyclone IV E                                ;
; Total logic elements               ; 207                                         ;
;     Total combinational functions  ; 207                                         ;
;     Dedicated logic registers      ; 81                                          ;
; Total registers                    ; 81                                          ;
; Total pins                         ; 13                                          ;
; Total virtual pins                 ; 0                                           ;
; Total memory bits                  ; 0                                           ;
; Embedded Multiplier 9-bit elements ; 0                                           ;
; Total PLLs                         ; 0                                           ;
+------------------------------------+---------------------------------------------+


+------------------------------------------------------------------------------------------------------------+
; Analysis & Synthesis Settings                                                                              ;
+------------------------------------------------------------------+--------------------+--------------------+
; Option                                                           ; Setting            ; Default Value      ;
+------------------------------------------------------------------+--------------------+--------------------+
; Device                                                           ; EP4CE10F17C8       ;                    ;
; Top-level entity name                                            ; math_clk_tp        ; my_project         ;
; Family name                                                      ; Cyclone IV E       ; Cyclone V          ;
; Use smart compilation                                            ; Off                ; Off                ;
; Enable parallel Assembler and Timing Analyzer during compilation ; On                 ; On                 ;
; Enable compact report table                                      ; Off                ; Off                ;
; Restructure Multiplexers                                         ; Auto               ; Auto               ;
; Create Debugging Nodes for IP Cores                              ; Off                ; Off                ;
; Preserve fewer node names                                        ; On                 ; On                 ;
; Intel FPGA IP Evaluation Mode                                    ; Enable             ; Enable             ;
; Verilog Version                                                  ; Verilog_2001       ; Verilog_2001       ;
; VHDL Version                                                     ; VHDL_1993          ; VHDL_1993          ;
; State Machine Processing                                         ; Auto               ; Auto               ;
; Safe State Machine                                               ; Off                ; Off                ;
; Extract Verilog State Machines                                   ; On                 ; On                 ;
; Extract VHDL State Machines                                      ; On                 ; On                 ;
; Ignore Verilog initial constructs                                ; Off                ; Off                ;
; Iteration limit for constant Verilog loops                       ; 5000               ; 5000               ;
; Iteration limit for non-constant Verilog loops                   ; 250                ; 250                ;
; Add Pass-Through Logic to Inferred RAMs                          ; On                 ; On                 ;
; Infer RAMs from Raw Logic                                        ; On                 ; On                 ;
; Parallel Synthesis                                               ; On                 ; On                 ;
; DSP Block Balancing                                              ; Auto               ; Auto               ;
; NOT Gate Push-Back                                               ; On                 ; On                 ;
; Power-Up Don't Care                                              ; On                 ; On                 ;
; Remove Redundant Logic Cells                                     ; Off                ; Off                ;
; Remove Duplicate Registers                                       ; On                 ; On                 ;
; Ignore CARRY Buffers                                             ; Off                ; Off                ;
; Ignore CASCADE Buffers                                           ; Off                ; Off                ;
; Ignore GLOBAL Buffers                                            ; Off                ; Off                ;
; Ignore ROW GLOBAL Buffers                                        ; Off                ; Off                ;
; Ignore LCELL Buffers                                             ; Off                ; Off                ;
; Ignore SOFT Buffers                                              ; On                 ; On                 ;
; Limit AHDL Integers to 32 Bits                                   ; Off                ; Off                ;
; Optimization Technique                                           ; Balanced           ; Balanced           ;
; Carry Chain Length                                               ; 70                 ; 70                 ;
; Auto Carry Chains                                                ; On                 ; On                 ;
; Auto Open-Drain Pins                                             ; On                 ; On                 ;
; Perform WYSIWYG Primitive Resynthesis                            ; Off                ; Off                ;
; Auto ROM Replacement                                             ; On                 ; On                 ;
; Auto RAM Replacement                                             ; On                 ; On                 ;
; Auto DSP Block Replacement                                       ; On                 ; On                 ;
; Auto Shift Register Replacement                                  ; Auto               ; Auto               ;
; Allow Shift Register Merging across Hierarchies                  ; Auto               ; Auto               ;
; Auto Clock Enable Replacement                                    ; On                 ; On                 ;
; Strict RAM Replacement                                           ; Off                ; Off                ;
; Allow Synchronous Control Signals                                ; On                 ; On                 ;
; Force Use of Synchronous Clear Signals                           ; Off                ; Off                ;
; Auto RAM Block Balancing                                         ; On                 ; On                 ;
; Auto RAM to Logic Cell Conversion                                ; Off                ; Off                ;
; Auto Resource Sharing                                            ; Off                ; Off                ;
; Allow Any RAM Size For Recognition                               ; Off                ; Off                ;
; Allow Any ROM Size For Recognition                               ; Off                ; Off                ;
; Allow Any Shift Register Size For Recognition                    ; Off                ; Off                ;
; Use LogicLock Constraints during Resource Balancing              ; On                 ; On                 ;
; Ignore translate_off and synthesis_off directives                ; Off                ; Off                ;
; Timing-Driven Synthesis                                          ; On                 ; On                 ;
; Report Parameter Settings                                        ; On                 ; On                 ;
; Report Source Assignments                                        ; On                 ; On                 ;
; Report Connectivity Checks                                       ; On                 ; On                 ;
; Ignore Maximum Fan-Out Assignments                               ; Off                ; Off                ;
; Synchronization Register Chain Length                            ; 2                  ; 2                  ;
; Power Optimization During Synthesis                              ; Normal compilation ; Normal compilation ;
; HDL message level                                                ; Level2             ; Level2             ;
; Suppress Register Optimization Related Messages                  ; Off                ; Off                ;
; Number of Removed Registers Reported in Synthesis Report         ; 5000               ; 5000               ;
; Number of Swept Nodes Reported in Synthesis Report               ; 5000               ; 5000               ;
; Number of Inverted Registers Reported in Synthesis Report        ; 100                ; 100                ;
; Clock MUX Protection                                             ; On                 ; On                 ;
; Auto Gated Clock Conversion                                      ; Off                ; Off                ;
; Block Design Naming                                              ; Auto               ; Auto               ;
; SDC constraint protection                                        ; Off                ; Off                ;
; Synthesis Effort                                                 ; Auto               ; Auto               ;
; Shift Register Replacement - Allow Asynchronous Clear Signal     ; On                 ; On                 ;
; Pre-Mapping Resynthesis Optimization                             ; Off                ; Off                ;
; Analysis & Synthesis Message Level                               ; Medium             ; Medium             ;
; Disable Register Merging Across Hierarchies                      ; Auto               ; Auto               ;
; Resource Aware Inference For Block RAM                           ; On                 ; On                 ;
+------------------------------------------------------------------+--------------------+--------------------+


+------------------------------------------+
; Parallel Compilation                     ;
+----------------------------+-------------+
; Processors                 ; Number      ;
+----------------------------+-------------+
; Number detected on machine ; 16          ;
; Maximum allowed            ; 10          ;
;                            ;             ;
; Average used               ; 1.00        ;
; Maximum used               ; 10          ;
;                            ;             ;
; Usage by Processor         ; % Time Used ;
;     Processor 1            ; 100.0%      ;
;     Processor 2            ;   0.0%      ;
;     Processors 3-10        ;   0.0%      ;
+----------------------------+-------------+


+-------------------------------------------------------------------------------------------------------------------------------------------------+
; Analysis & Synthesis Source Files Read                                                                                                          ;
+----------------------------------+-----------------+------------------------+---------------------------------------------------------+---------+
; File Name with User-Entered Path ; Used in Netlist ; File Type              ; File Name with Absolute Path                            ; Library ;
+----------------------------------+-----------------+------------------------+---------------------------------------------------------+---------+
; ../src/seg_driver.v              ; yes             ; User Verilog HDL File  ; D:/FPGALearn/20260309_shuZiShiZhong_2/src/seg_driver.v  ;         ;
; ../src/move.v                    ; yes             ; User Verilog HDL File  ; D:/FPGALearn/20260309_shuZiShiZhong_2/src/move.v        ;         ;
; ../src/math_clk_tp.v             ; yes             ; User Verilog HDL File  ; D:/FPGALearn/20260309_shuZiShiZhong_2/src/math_clk_tp.v ;         ;
; ../src/math_clk.v                ; yes             ; User Verilog HDL File  ; D:/FPGALearn/20260309_shuZiShiZhong_2/src/math_clk.v    ;         ;
; ../src/bin_bcd.v                 ; yes             ; User Verilog HDL File  ; D:/FPGALearn/20260309_shuZiShiZhong_2/src/bin_bcd.v     ;         ;
; ../src/adjust.v                  ; yes             ; User Verilog HDL File  ; D:/FPGALearn/20260309_shuZiShiZhong_2/src/adjust.v      ;         ;
+----------------------------------+-----------------+------------------------+---------------------------------------------------------+---------+


+-----------------------------------------------------------+
; Analysis & Synthesis Resource Usage Summary               ;
+---------------------------------------------+-------------+
; Resource                                    ; Usage       ;
+---------------------------------------------+-------------+
; Estimated Total logic elements              ; 207         ;
;                                             ;             ;
; Total combinational functions               ; 207         ;
; Logic element usage by number of LUT inputs ;             ;
;     -- 4 input functions                    ; 76          ;
;     -- 3 input functions                    ; 35          ;
;     -- <=2 input functions                  ; 96          ;
;                                             ;             ;
; Logic elements by mode                      ;             ;
;     -- normal mode                          ; 123         ;
;     -- arithmetic mode                      ; 84          ;
;                                             ;             ;
; Total registers                             ; 81          ;
;     -- Dedicated logic registers            ; 81          ;
;     -- I/O registers                        ; 0           ;
;                                             ;             ;
; I/O pins                                    ; 13          ;
;                                             ;             ;
; Embedded Multiplier 9-bit elements          ; 0           ;
;                                             ;             ;
; Maximum fan-out node                        ; rst_n~input ;
; Maximum fan-out                             ; 81          ;
; Total fan-out                               ; 886         ;
; Average fan-out                             ; 2.82        ;
+---------------------------------------------+-------------+


+-------------------------------------------------------------------------------------------------------------------------------------------------------------------------------------------------------------------------------------------------------------------------------------------------------+
; Analysis & Synthesis Resource Utilization by Entity                                                                                                                                                                                                                                                   ;
+---------------------------------------+---------------------+---------------------------+-------------+--------------+---------+-----------+------+--------------+-------------------------------------------------------------------------------------------------------+-------------+--------------+
; Compilation Hierarchy Node            ; Combinational ALUTs ; Dedicated Logic Registers ; Memory Bits ; DSP Elements ; DSP 9x9 ; DSP 18x18 ; Pins ; Virtual Pins ; Full Hierarchy Name                                                                                   ; Entity Name ; Library Name ;
+---------------------------------------+---------------------+---------------------------+-------------+--------------+---------+-----------+------+--------------+-------------------------------------------------------------------------------------------------------+-------------+--------------+
; |math_clk_tp                          ; 207 (0)             ; 81 (0)                    ; 0           ; 0            ; 0       ; 0         ; 13   ; 0            ; |math_clk_tp                                                                                          ; math_clk_tp ; work         ;
;    |math_clk:math_clk_inst|           ; 145 (125)           ; 49 (49)                   ; 0           ; 0            ; 0       ; 0         ; 0    ; 0            ; |math_clk_tp|math_clk:math_clk_inst                                                                   ; math_clk    ; work         ;
;       |bin_bcd:bin_bcd_inst1|         ; 4 (0)               ; 0 (0)                     ; 0           ; 0            ; 0       ; 0         ; 0    ; 0            ; |math_clk_tp|math_clk:math_clk_inst|bin_bcd:bin_bcd_inst1                                             ; bin_bcd     ; work         ;
;          |move:M[4].move_inst|        ; 3 (0)               ; 0 (0)                     ; 0           ; 0            ; 0       ; 0         ; 0    ; 0            ; |math_clk_tp|math_clk:math_clk_inst|bin_bcd:bin_bcd_inst1|move:M[4].move_inst                         ; move        ; work         ;
;             |adjust:A[1].adjust_inst| ; 3 (3)               ; 0 (0)                     ; 0           ; 0            ; 0       ; 0         ; 0    ; 0            ; |math_clk_tp|math_clk:math_clk_inst|bin_bcd:bin_bcd_inst1|move:M[4].move_inst|adjust:A[1].adjust_inst ; adjust      ; work         ;
;          |move:M[5].move_inst|        ; 1 (0)               ; 0 (0)                     ; 0           ; 0            ; 0       ; 0         ; 0    ; 0            ; |math_clk_tp|math_clk:math_clk_inst|bin_bcd:bin_bcd_inst1|move:M[5].move_inst                         ; move        ; work         ;
;             |adjust:A[1].adjust_inst| ; 1 (1)               ; 0 (0)                     ; 0           ; 0            ; 0       ; 0         ; 0    ; 0            ; |math_clk_tp|math_clk:math_clk_inst|bin_bcd:bin_bcd_inst1|move:M[5].move_inst|adjust:A[1].adjust_inst ; adjust      ; work         ;
;       |bin_bcd:bin_bcd_inst2|         ; 8 (0)               ; 0 (0)                     ; 0           ; 0            ; 0       ; 0         ; 0    ; 0            ; |math_clk_tp|math_clk:math_clk_inst|bin_bcd:bin_bcd_inst2                                             ; bin_bcd     ; work         ;
;          |move:M[3].move_inst|        ; 1 (0)               ; 0 (0)                     ; 0           ; 0            ; 0       ; 0         ; 0    ; 0            ; |math_clk_tp|math_clk:math_clk_inst|bin_bcd:bin_bcd_inst2|move:M[3].move_inst                         ; move        ; work         ;
;             |adjust:A[1].adjust_inst| ; 1 (1)               ; 0 (0)                     ; 0           ; 0            ; 0       ; 0         ; 0    ; 0            ; |math_clk_tp|math_clk:math_clk_inst|bin_bcd:bin_bcd_inst2|move:M[3].move_inst|adjust:A[1].adjust_inst ; adjust      ; work         ;
;          |move:M[4].move_inst|        ; 4 (0)               ; 0 (0)                     ; 0           ; 0            ; 0       ; 0         ; 0    ; 0            ; |math_clk_tp|math_clk:math_clk_inst|bin_bcd:bin_bcd_inst2|move:M[4].move_inst                         ; move        ; work         ;
;             |adjust:A[1].adjust_inst| ; 4 (4)               ; 0 (0)                     ; 0           ; 0            ; 0       ; 0         ; 0    ; 0            ; |math_clk_tp|math_clk:math_clk_inst|bin_bcd:bin_bcd_inst2|move:M[4].move_inst|adjust:A[1].adjust_inst ; adjust      ; work         ;
;          |move:M[5].move_inst|        ; 3 (0)               ; 0 (0)                     ; 0           ; 0            ; 0       ; 0         ; 0    ; 0            ; |math_clk_tp|math_clk:math_clk_inst|bin_bcd:bin_bcd_inst2|move:M[5].move_inst                         ; move        ; work         ;
;             |adjust:A[1].adjust_inst| ; 3 (3)               ; 0 (0)                     ; 0           ; 0            ; 0       ; 0         ; 0    ; 0            ; |math_clk_tp|math_clk:math_clk_inst|bin_bcd:bin_bcd_inst2|move:M[5].move_inst|adjust:A[1].adjust_inst ; adjust      ; work         ;
;       |bin_bcd:bin_bcd_inst3|         ; 8 (0)               ; 0 (0)                     ; 0           ; 0            ; 0       ; 0         ; 0    ; 0            ; |math_clk_tp|math_clk:math_clk_inst|bin_bcd:bin_bcd_inst3                                             ; bin_bcd     ; work         ;
;          |move:M[3].move_inst|        ; 1 (0)               ; 0 (0)                     ; 0           ; 0            ; 0       ; 0         ; 0    ; 0            ; |math_clk_tp|math_clk:math_clk_inst|bin_bcd:bin_bcd_inst3|move:M[3].move_inst                         ; move        ; work         ;
;             |adjust:A[1].adjust_inst| ; 1 (1)               ; 0 (0)                     ; 0           ; 0            ; 0       ; 0         ; 0    ; 0            ; |math_clk_tp|math_clk:math_clk_inst|bin_bcd:bin_bcd_inst3|move:M[3].move_inst|adjust:A[1].adjust_inst ; adjust      ; work         ;
;          |move:M[4].move_inst|        ; 4 (0)               ; 0 (0)                     ; 0           ; 0            ; 0       ; 0         ; 0    ; 0            ; |math_clk_tp|math_clk:math_clk_inst|bin_bcd:bin_bcd_inst3|move:M[4].move_inst                         ; move        ; work         ;
;             |adjust:A[1].adjust_inst| ; 4 (4)               ; 0 (0)                     ; 0           ; 0            ; 0       ; 0         ; 0    ; 0            ; |math_clk_tp|math_clk:math_clk_inst|bin_bcd:bin_bcd_inst3|move:M[4].move_inst|adjust:A[1].adjust_inst ; adjust      ; work         ;
;          |move:M[5].move_inst|        ; 3 (0)               ; 0 (0)                     ; 0           ; 0            ; 0       ; 0         ; 0    ; 0            ; |math_clk_tp|math_clk:math_clk_inst|bin_bcd:bin_bcd_inst3|move:M[5].move_inst                         ; move        ; work         ;
;             |adjust:A[1].adjust_inst| ; 3 (3)               ; 0 (0)                     ; 0           ; 0            ; 0       ; 0         ; 0    ; 0            ; |math_clk_tp|math_clk:math_clk_inst|bin_bcd:bin_bcd_inst3|move:M[5].move_inst|adjust:A[1].adjust_inst ; adjust      ; work         ;
;    |seg_driver:seg_driver_inst|       ; 62 (62)             ; 32 (32)                   ; 0           ; 0            ; 0       ; 0         ; 0    ; 0            ; |math_clk_tp|seg_driver:seg_driver_inst                                                               ; seg_driver  ; work         ;
+---------------------------------------+---------------------+---------------------------+-------------+--------------+---------+-----------+------+--------------+-------------------------------------------------------------------------------------------------------+-------------+--------------+
Note: For table entries with two numbers listed, the numbers in parentheses indicate the number of resources of the given type used by the specific entity alone. The numbers listed outside of parentheses indicate the total resources of the given type used by the specific entity and all of its sub-entities in the hierarchy.


+--------------------------------------------------------------------------------------------+
; Registers Removed During Synthesis                                                         ;
+---------------------------------------+----------------------------------------------------+
; Register name                         ; Reason for Removal                                 ;
+---------------------------------------+----------------------------------------------------+
; math_clk:math_clk_inst|cnt[0]         ; Merged with seg_driver:seg_driver_inst|cnt_time[0] ;
; math_clk:math_clk_inst|cnt[1]         ; Merged with seg_driver:seg_driver_inst|cnt_time[1] ;
; Total Number of Removed Registers = 2 ;                                                    ;
+---------------------------------------+----------------------------------------------------+


+------------------------------------------------------+
; General Register Statistics                          ;
+----------------------------------------------+-------+
; Statistic                                    ; Value ;
+----------------------------------------------+-------+
; Total registers                              ; 81    ;
; Number of registers using Synchronous Clear  ; 0     ;
; Number of registers using Synchronous Load   ; 10    ;
; Number of registers using Asynchronous Clear ; 81    ;
; Number of registers using Asynchronous Load  ; 0     ;
; Number of registers using Clock Enable       ; 3     ;
; Number of registers using Preset             ; 0     ;
+----------------------------------------------+-------+


+--------------------------------------------------+
; Inverted Register Statistics                     ;
+----------------------------------------+---------+
; Inverted Register                      ; Fan out ;
+----------------------------------------+---------+
; seg_driver:seg_driver_inst|dot         ; 2       ;
; Total number of inverted registers = 1 ;         ;
+----------------------------------------+---------+


+------------------------------------------------------------------------------------------------------------------------------------------------------------+
; Multiplexer Restructuring Statistics (Restructuring Performed)                                                                                             ;
+--------------------+-----------+---------------+----------------------+------------------------+------------+----------------------------------------------+
; Multiplexer Inputs ; Bus Width ; Baseline Area ; Area if Restructured ; Saving if Restructured ; Registered ; Example Multiplexer Output                   ;
+--------------------+-----------+---------------+----------------------+------------------------+------------+----------------------------------------------+
; 4:1                ; 8 bits    ; 16 LEs        ; 8 LEs                ; 8 LEs                  ; Yes        ; |math_clk_tp|math_clk:math_clk_inst|data[0]  ;
; 4:1                ; 8 bits    ; 16 LEs        ; 16 LEs               ; 0 LEs                  ; Yes        ; |math_clk_tp|math_clk:math_clk_inst|data[8]  ;
; 4:1                ; 8 bits    ; 16 LEs        ; 16 LEs               ; 0 LEs                  ; Yes        ; |math_clk_tp|math_clk:math_clk_inst|data[17] ;
+--------------------+-----------+---------------+----------------------+------------------------+------------+----------------------------------------------+


+---------------------------------------------------------------------+
; Parameter Settings for User Entity Instance: math_clk:math_clk_inst ;
+----------------+----------+-----------------------------------------+
; Parameter Name ; Value    ; Type                                    ;
+----------------+----------+-----------------------------------------+
; CNT_MAX        ; 25000000 ; Signed Integer                          ;
+----------------+----------+-----------------------------------------+
Note: In order to hide this table in the UI and the text report file, please set the "Show Parameter Settings in Synthesis Report" option in "Analysis and Synthesis Settings -> More Settings" to "Off".


+-------------------------------------------------------------------------------------------+
; Parameter Settings for User Entity Instance: math_clk:math_clk_inst|bin_bcd:bin_bcd_inst1 ;
+----------------+-------+------------------------------------------------------------------+
; Parameter Name ; Value ; Type                                                             ;
+----------------+-------+------------------------------------------------------------------+
; BIN_WIDTH      ; 6     ; Signed Integer                                                   ;
; BCD_WIDTH      ; 8     ; Signed Integer                                                   ;
+----------------+-------+------------------------------------------------------------------+
Note: In order to hide this table in the UI and the text report file, please set the "Show Parameter Settings in Synthesis Report" option in "Analysis and Synthesis Settings -> More Settings" to "Off".


+---------------------------------------------------------------------------------------------------------------+
; Parameter Settings for User Entity Instance: math_clk:math_clk_inst|bin_bcd:bin_bcd_inst1|move:M[0].move_inst ;
+----------------+-------+--------------------------------------------------------------------------------------+
; Parameter Name ; Value ; Type                                                                                 ;
+----------------+-------+--------------------------------------------------------------------------------------+
; BIN_WIDTH      ; 6     ; Signed Integer                                                                       ;
; BCD_WIDTH      ; 8     ; Signed Integer                                                                       ;
+----------------+-------+--------------------------------------------------------------------------------------+
Note: In order to hide this table in the UI and the text report file, please set the "Show Parameter Settings in Synthesis Report" option in "Analysis and Synthesis Settings -> More Settings" to "Off".


+---------------------------------------------------------------------------------------------------------------+
; Parameter Settings for User Entity Instance: math_clk:math_clk_inst|bin_bcd:bin_bcd_inst1|move:M[1].move_inst ;
+----------------+-------+--------------------------------------------------------------------------------------+
; Parameter Name ; Value ; Type                                                                                 ;
+----------------+-------+--------------------------------------------------------------------------------------+
; BIN_WIDTH      ; 6     ; Signed Integer                                                                       ;
; BCD_WIDTH      ; 8     ; Signed Integer                                                                       ;
+----------------+-------+--------------------------------------------------------------------------------------+
Note: In order to hide this table in the UI and the text report file, please set the "Show Parameter Settings in Synthesis Report" option in "Analysis and Synthesis Settings -> More Settings" to "Off".


+---------------------------------------------------------------------------------------------------------------+
; Parameter Settings for User Entity Instance: math_clk:math_clk_inst|bin_bcd:bin_bcd_inst1|move:M[2].move_inst ;
+----------------+-------+--------------------------------------------------------------------------------------+
; Parameter Name ; Value ; Type                                                                                 ;
+----------------+-------+--------------------------------------------------------------------------------------+
; BIN_WIDTH      ; 6     ; Signed Integer                                                                       ;
; BCD_WIDTH      ; 8     ; Signed Integer                                                                       ;
+----------------+-------+--------------------------------------------------------------------------------------+
Note: In order to hide this table in the UI and the text report file, please set the "Show Parameter Settings in Synthesis Report" option in "Analysis and Synthesis Settings -> More Settings" to "Off".


+---------------------------------------------------------------------------------------------------------------+
; Parameter Settings for User Entity Instance: math_clk:math_clk_inst|bin_bcd:bin_bcd_inst1|move:M[3].move_inst ;
+----------------+-------+--------------------------------------------------------------------------------------+
; Parameter Name ; Value ; Type                                                                                 ;
+----------------+-------+--------------------------------------------------------------------------------------+
; BIN_WIDTH      ; 6     ; Signed Integer                                                                       ;
; BCD_WIDTH      ; 8     ; Signed Integer                                                                       ;
+----------------+-------+--------------------------------------------------------------------------------------+
Note: In order to hide this table in the UI and the text report file, please set the "Show Parameter Settings in Synthesis Report" option in "Analysis and Synthesis Settings -> More Settings" to "Off".


+---------------------------------------------------------------------------------------------------------------+
; Parameter Settings for User Entity Instance: math_clk:math_clk_inst|bin_bcd:bin_bcd_inst1|move:M[4].move_inst ;
+----------------+-------+--------------------------------------------------------------------------------------+
; Parameter Name ; Value ; Type                                                                                 ;
+----------------+-------+--------------------------------------------------------------------------------------+
; BIN_WIDTH      ; 6     ; Signed Integer                                                                       ;
; BCD_WIDTH      ; 8     ; Signed Integer                                                                       ;
+----------------+-------+--------------------------------------------------------------------------------------+
Note: In order to hide this table in the UI and the text report file, please set the "Show Parameter Settings in Synthesis Report" option in "Analysis and Synthesis Settings -> More Settings" to "Off".


+---------------------------------------------------------------------------------------------------------------+
; Parameter Settings for User Entity Instance: math_clk:math_clk_inst|bin_bcd:bin_bcd_inst1|move:M[5].move_inst ;
+----------------+-------+--------------------------------------------------------------------------------------+
; Parameter Name ; Value ; Type                                                                                 ;
+----------------+-------+--------------------------------------------------------------------------------------+
; BIN_WIDTH      ; 6     ; Signed Integer                                                                       ;
; BCD_WIDTH      ; 8     ; Signed Integer                                                                       ;
+----------------+-------+--------------------------------------------------------------------------------------+
Note: In order to hide this table in the UI and the text report file, please set the "Show Parameter Settings in Synthesis Report" option in "Analysis and Synthesis Settings -> More Settings" to "Off".


+-------------------------------------------------------------------------------------------+
; Parameter Settings for User Entity Instance: math_clk:math_clk_inst|bin_bcd:bin_bcd_inst2 ;
+----------------+-------+------------------------------------------------------------------+
; Parameter Name ; Value ; Type                                                             ;
+----------------+-------+------------------------------------------------------------------+
; BIN_WIDTH      ; 6     ; Signed Integer                                                   ;
; BCD_WIDTH      ; 8     ; Signed Integer                                                   ;
+----------------+-------+------------------------------------------------------------------+
Note: In order to hide this table in the UI and the text report file, please set the "Show Parameter Settings in Synthesis Report" option in "Analysis and Synthesis Settings -> More Settings" to "Off".


+---------------------------------------------------------------------------------------------------------------+
; Parameter Settings for User Entity Instance: math_clk:math_clk_inst|bin_bcd:bin_bcd_inst2|move:M[0].move_inst ;
+----------------+-------+--------------------------------------------------------------------------------------+
; Parameter Name ; Value ; Type                                                                                 ;
+----------------+-------+--------------------------------------------------------------------------------------+
; BIN_WIDTH      ; 6     ; Signed Integer                                                                       ;
; BCD_WIDTH      ; 8     ; Signed Integer                                                                       ;
+----------------+-------+--------------------------------------------------------------------------------------+
Note: In order to hide this table in the UI and the text report file, please set the "Show Parameter Settings in Synthesis Report" option in "Analysis and Synthesis Settings -> More Settings" to "Off".


+---------------------------------------------------------------------------------------------------------------+
; Parameter Settings for User Entity Instance: math_clk:math_clk_inst|bin_bcd:bin_bcd_inst2|move:M[1].move_inst ;
+----------------+-------+--------------------------------------------------------------------------------------+
; Parameter Name ; Value ; Type                                                                                 ;
+----------------+-------+--------------------------------------------------------------------------------------+
; BIN_WIDTH      ; 6     ; Signed Integer                                                                       ;
; BCD_WIDTH      ; 8     ; Signed Integer                                                                       ;
+----------------+-------+--------------------------------------------------------------------------------------+
Note: In order to hide this table in the UI and the text report file, please set the "Show Parameter Settings in Synthesis Report" option in "Analysis and Synthesis Settings -> More Settings" to "Off".


+---------------------------------------------------------------------------------------------------------------+
; Parameter Settings for User Entity Instance: math_clk:math_clk_inst|bin_bcd:bin_bcd_inst2|move:M[2].move_inst ;
+----------------+-------+--------------------------------------------------------------------------------------+
; Parameter Name ; Value ; Type                                                                                 ;
+----------------+-------+--------------------------------------------------------------------------------------+
; BIN_WIDTH      ; 6     ; Signed Integer                                                                       ;
; BCD_WIDTH      ; 8     ; Signed Integer                                                                       ;
+----------------+-------+--------------------------------------------------------------------------------------+
Note: In order to hide this table in the UI and the text report file, please set the "Show Parameter Settings in Synthesis Report" option in "Analysis and Synthesis Settings -> More Settings" to "Off".


+---------------------------------------------------------------------------------------------------------------+
; Parameter Settings for User Entity Instance: math_clk:math_clk_inst|bin_bcd:bin_bcd_inst2|move:M[3].move_inst ;
+----------------+-------+--------------------------------------------------------------------------------------+
; Parameter Name ; Value ; Type                                                                                 ;
+----------------+-------+--------------------------------------------------------------------------------------+
; BIN_WIDTH      ; 6     ; Signed Integer                                                                       ;
; BCD_WIDTH      ; 8     ; Signed Integer                                                                       ;
+----------------+-------+--------------------------------------------------------------------------------------+
Note: In order to hide this table in the UI and the text report file, please set the "Show Parameter Settings in Synthesis Report" option in "Analysis and Synthesis Settings -> More Settings" to "Off".


+---------------------------------------------------------------------------------------------------------------+
; Parameter Settings for User Entity Instance: math_clk:math_clk_inst|bin_bcd:bin_bcd_inst2|move:M[4].move_inst ;
+----------------+-------+--------------------------------------------------------------------------------------+
; Parameter Name ; Value ; Type                                                                                 ;
+----------------+-------+--------------------------------------------------------------------------------------+
; BIN_WIDTH      ; 6     ; Signed Integer                                                                       ;
; BCD_WIDTH      ; 8     ; Signed Integer                                                                       ;
+----------------+-------+--------------------------------------------------------------------------------------+
Note: In order to hide this table in the UI and the text report file, please set the "Show Parameter Settings in Synthesis Report" option in "Analysis and Synthesis Settings -> More Settings" to "Off".


+---------------------------------------------------------------------------------------------------------------+
; Parameter Settings for User Entity Instance: math_clk:math_clk_inst|bin_bcd:bin_bcd_inst2|move:M[5].move_inst ;
+----------------+-------+--------------------------------------------------------------------------------------+
; Parameter Name ; Value ; Type                                                                                 ;
+----------------+-------+--------------------------------------------------------------------------------------+
; BIN_WIDTH      ; 6     ; Signed Integer                                                                       ;
; BCD_WIDTH      ; 8     ; Signed Integer                                                                       ;
+----------------+-------+--------------------------------------------------------------------------------------+
Note: In order to hide this table in the UI and the text report file, please set the "Show Parameter Settings in Synthesis Report" option in "Analysis and Synthesis Settings -> More Settings" to "Off".


+-------------------------------------------------------------------------------------------+
; Parameter Settings for User Entity Instance: math_clk:math_clk_inst|bin_bcd:bin_bcd_inst3 ;
+----------------+-------+------------------------------------------------------------------+
; Parameter Name ; Value ; Type                                                             ;
+----------------+-------+------------------------------------------------------------------+
; BIN_WIDTH      ; 6     ; Signed Integer                                                   ;
; BCD_WIDTH      ; 8     ; Signed Integer                                                   ;
+----------------+-------+------------------------------------------------------------------+
Note: In order to hide this table in the UI and the text report file, please set the "Show Parameter Settings in Synthesis Report" option in "Analysis and Synthesis Settings -> More Settings" to "Off".


+---------------------------------------------------------------------------------------------------------------+
; Parameter Settings for User Entity Instance: math_clk:math_clk_inst|bin_bcd:bin_bcd_inst3|move:M[0].move_inst ;
+----------------+-------+--------------------------------------------------------------------------------------+
; Parameter Name ; Value ; Type                                                                                 ;
+----------------+-------+--------------------------------------------------------------------------------------+
; BIN_WIDTH      ; 6     ; Signed Integer                                                                       ;
; BCD_WIDTH      ; 8     ; Signed Integer                                                                       ;
+----------------+-------+--------------------------------------------------------------------------------------+
Note: In order to hide this table in the UI and the text report file, please set the "Show Parameter Settings in Synthesis Report" option in "Analysis and Synthesis Settings -> More Settings" to "Off".


+---------------------------------------------------------------------------------------------------------------+
; Parameter Settings for User Entity Instance: math_clk:math_clk_inst|bin_bcd:bin_bcd_inst3|move:M[1].move_inst ;
+----------------+-------+--------------------------------------------------------------------------------------+
; Parameter Name ; Value ; Type                                                                                 ;
+----------------+-------+--------------------------------------------------------------------------------------+
; BIN_WIDTH      ; 6     ; Signed Integer                                                                       ;
; BCD_WIDTH      ; 8     ; Signed Integer                                                                       ;
+----------------+-------+--------------------------------------------------------------------------------------+
Note: In order to hide this table in the UI and the text report file, please set the "Show Parameter Settings in Synthesis Report" option in "Analysis and Synthesis Settings -> More Settings" to "Off".


+---------------------------------------------------------------------------------------------------------------+
; Parameter Settings for User Entity Instance: math_clk:math_clk_inst|bin_bcd:bin_bcd_inst3|move:M[2].move_inst ;
+----------------+-------+--------------------------------------------------------------------------------------+
; Parameter Name ; Value ; Type                                                                                 ;
+----------------+-------+--------------------------------------------------------------------------------------+
; BIN_WIDTH      ; 6     ; Signed Integer                                                                       ;
; BCD_WIDTH      ; 8     ; Signed Integer                                                                       ;
+----------------+-------+--------------------------------------------------------------------------------------+
Note: In order to hide this table in the UI and the text report file, please set the "Show Parameter Settings in Synthesis Report" option in "Analysis and Synthesis Settings -> More Settings" to "Off".


+---------------------------------------------------------------------------------------------------------------+
; Parameter Settings for User Entity Instance: math_clk:math_clk_inst|bin_bcd:bin_bcd_inst3|move:M[3].move_inst ;
+----------------+-------+--------------------------------------------------------------------------------------+
; Parameter Name ; Value ; Type                                                                                 ;
+----------------+-------+--------------------------------------------------------------------------------------+
; BIN_WIDTH      ; 6     ; Signed Integer                                                                       ;
; BCD_WIDTH      ; 8     ; Signed Integer                                                                       ;
+----------------+-------+--------------------------------------------------------------------------------------+
Note: In order to hide this table in the UI and the text report file, please set the "Show Parameter Settings in Synthesis Report" option in "Analysis and Synthesis Settings -> More Settings" to "Off".


+---------------------------------------------------------------------------------------------------------------+
; Parameter Settings for User Entity Instance: math_clk:math_clk_inst|bin_bcd:bin_bcd_inst3|move:M[4].move_inst ;
+----------------+-------+--------------------------------------------------------------------------------------+
; Parameter Name ; Value ; Type                                                                                 ;
+----------------+-------+--------------------------------------------------------------------------------------+
; BIN_WIDTH      ; 6     ; Signed Integer                                                                       ;
; BCD_WIDTH      ; 8     ; Signed Integer                                                                       ;
+----------------+-------+--------------------------------------------------------------------------------------+
Note: In order to hide this table in the UI and the text report file, please set the "Show Parameter Settings in Synthesis Report" option in "Analysis and Synthesis Settings -> More Settings" to "Off".


+---------------------------------------------------------------------------------------------------------------+
; Parameter Settings for User Entity Instance: math_clk:math_clk_inst|bin_bcd:bin_bcd_inst3|move:M[5].move_inst ;
+----------------+-------+--------------------------------------------------------------------------------------+
; Parameter Name ; Value ; Type                                                                                 ;
+----------------+-------+--------------------------------------------------------------------------------------+
; BIN_WIDTH      ; 6     ; Signed Integer                                                                       ;
; BCD_WIDTH      ; 8     ; Signed Integer                                                                       ;
+----------------+-------+--------------------------------------------------------------------------------------+
Note: In order to hide this table in the UI and the text report file, please set the "Show Parameter Settings in Synthesis Report" option in "Analysis and Synthesis Settings -> More Settings" to "Off".


+-------------------------------------------------------------------------+
; Parameter Settings for User Entity Instance: seg_driver:seg_driver_inst ;
+----------------+-------+------------------------------------------------+
; Parameter Name ; Value ; Type                                           ;
+----------------+-------+------------------------------------------------+
; CNT_MAX        ; 50000 ; Signed Integer                                 ;
+----------------+-------+------------------------------------------------+
Note: In order to hide this table in the UI and the text report file, please set the "Show Parameter Settings in Synthesis Report" option in "Analysis and Synthesis Settings -> More Settings" to "Off".


+------------------------------------------------------------------------------------------------------------------------------------------------------------------------------------------------------------+
; Port Connectivity Checks: "math_clk:math_clk_inst|bin_bcd:bin_bcd_inst3"                                                                                                                                   ;
+------+-------+----------+----------------------------------------------------------------------------------------------------------------------------------------------------------------------------------+
; Port ; Type  ; Severity ; Details                                                                                                                                                                          ;
+------+-------+----------+----------------------------------------------------------------------------------------------------------------------------------------------------------------------------------+
; bin  ; Input ; Warning  ; Input port expression (8 bits) is wider than the input port (6 bits) it drives.  The 2 most-significant bit(s) in the expression will be dangling if they have no other fanouts. ;
+------+-------+----------+----------------------------------------------------------------------------------------------------------------------------------------------------------------------------------+


+------------------------------------------------------------------------------------------------------------------------------------------------------------------------------------------------------------+
; Port Connectivity Checks: "math_clk:math_clk_inst|bin_bcd:bin_bcd_inst2"                                                                                                                                   ;
+------+-------+----------+----------------------------------------------------------------------------------------------------------------------------------------------------------------------------------+
; Port ; Type  ; Severity ; Details                                                                                                                                                                          ;
+------+-------+----------+----------------------------------------------------------------------------------------------------------------------------------------------------------------------------------+
; bin  ; Input ; Warning  ; Input port expression (8 bits) is wider than the input port (6 bits) it drives.  The 2 most-significant bit(s) in the expression will be dangling if they have no other fanouts. ;
+------+-------+----------+----------------------------------------------------------------------------------------------------------------------------------------------------------------------------------+


+--------------------------------------------------------------------------------------------------------------------------+
; Port Connectivity Checks: "math_clk:math_clk_inst|bin_bcd:bin_bcd_inst1|move:M[5].move_inst"                             ;
+----------------+--------+----------+-------------------------------------------------------------------------------------+
; Port           ; Type   ; Severity ; Details                                                                             ;
+----------------+--------+----------+-------------------------------------------------------------------------------------+
; move_out[5..0] ; Output ; Info     ; Connected to dangling logic. Logic that only feeds a dangling port will be removed. ;
+----------------+--------+----------+-------------------------------------------------------------------------------------+


+-------------------------------------------------------------------------------------------------------------------------+
; Port Connectivity Checks: "math_clk:math_clk_inst|bin_bcd:bin_bcd_inst1|move:M[0].move_inst|adjust:A[0].adjust_inst"    ;
+---------------+--------+----------+-------------------------------------------------------------------------------------+
; Port          ; Type   ; Severity ; Details                                                                             ;
+---------------+--------+----------+-------------------------------------------------------------------------------------+
; adjust_out[3] ; Output ; Info     ; Connected to dangling logic. Logic that only feeds a dangling port will be removed. ;
+---------------+--------+----------+-------------------------------------------------------------------------------------+


+----------------------------------------------------------------------------------------------+
; Port Connectivity Checks: "math_clk:math_clk_inst|bin_bcd:bin_bcd_inst1|move:M[0].move_inst" ;
+----------------+-------+----------+----------------------------------------------------------+
; Port           ; Type  ; Severity ; Details                                                  ;
+----------------+-------+----------+----------------------------------------------------------+
; move_in[13..6] ; Input ; Info     ; Stuck at GND                                             ;
+----------------+-------+----------+----------------------------------------------------------+


+------------------------------------------------------------------------------------------------------------------------------------------------------------------------------------------------------------+
; Port Connectivity Checks: "math_clk:math_clk_inst|bin_bcd:bin_bcd_inst1"                                                                                                                                   ;
+------+-------+----------+----------------------------------------------------------------------------------------------------------------------------------------------------------------------------------+
; Port ; Type  ; Severity ; Details                                                                                                                                                                          ;
+------+-------+----------+----------------------------------------------------------------------------------------------------------------------------------------------------------------------------------+
; bin  ; Input ; Warning  ; Input port expression (8 bits) is wider than the input port (6 bits) it drives.  The 2 most-significant bit(s) in the expression will be dangling if they have no other fanouts. ;
+------+-------+----------+----------------------------------------------------------------------------------------------------------------------------------------------------------------------------------+


+-----------------------------------------------------+
; Post-Synthesis Netlist Statistics for Top Partition ;
+-----------------------+-----------------------------+
; Type                  ; Count                       ;
+-----------------------+-----------------------------+
; boundary_port         ; 13                          ;
; cycloneiii_ff         ; 81                          ;
;     CLR               ; 68                          ;
;     CLR SLD           ; 10                          ;
;     ENA CLR           ; 3                           ;
; cycloneiii_lcell_comb ; 207                         ;
;     arith             ; 84                          ;
;         2 data inputs ; 83                          ;
;         3 data inputs ; 1                           ;
;     normal            ; 123                         ;
;         1 data inputs ; 5                           ;
;         2 data inputs ; 8                           ;
;         3 data inputs ; 34                          ;
;         4 data inputs ; 76                          ;
;                       ;                             ;
; Max LUT depth         ; 5.00                        ;
; Average LUT depth     ; 3.23                        ;
+-----------------------+-----------------------------+


+-------------------------------+
; Elapsed Time Per Partition    ;
+----------------+--------------+
; Partition Name ; Elapsed Time ;
+----------------+--------------+
; Top            ; 00:00:00     ;
+----------------+--------------+


+-------------------------------+
; Analysis & Synthesis Messages ;
+-------------------------------+
Info: *******************************************************************
Info: Running Quartus Prime Analysis & Synthesis
    Info: Version 18.0.0 Build 614 04/24/2018 SJ Lite Edition
    Info: Processing started: Mon Mar 09 17:03:07 2026
Info: Command: quartus_map --read_settings_files=on --write_settings_files=off my_project -c my_project
Warning (18236): Number of processors has not been specified which may cause overloading on shared machines.  Set the global assignment NUM_PARALLEL_PROCESSORS in your QSF to an appropriate value for best performance.
Info (20030): Parallel compilation is enabled and will use 10 of the 10 processors detected
Info (12021): Found 1 design units, including 1 entities, in source file /fpgalearn/20260309_shuzishizhong_2/src/seg_driver.v
    Info (12023): Found entity 1: seg_driver File: D:/FPGALearn/20260309_shuZiShiZhong_2/src/seg_driver.v Line: 1
Info (12021): Found 1 design units, including 1 entities, in source file /fpgalearn/20260309_shuzishizhong_2/src/move.v
    Info (12023): Found entity 1: move File: D:/FPGALearn/20260309_shuZiShiZhong_2/src/move.v Line: 1
Info (12021): Found 1 design units, including 1 entities, in source file /fpgalearn/20260309_shuzishizhong_2/src/math_clk_tp.v
    Info (12023): Found entity 1: math_clk_tp File: D:/FPGALearn/20260309_shuZiShiZhong_2/src/math_clk_tp.v Line: 1
Info (12021): Found 1 design units, including 1 entities, in source file /fpgalearn/20260309_shuzishizhong_2/src/math_clk.v
    Info (12023): Found entity 1: math_clk File: D:/FPGALearn/20260309_shuZiShiZhong_2/src/math_clk.v Line: 1
Info (12021): Found 1 design units, including 1 entities, in source file /fpgalearn/20260309_shuzishizhong_2/src/bin_bcd.v
    Info (12023): Found entity 1: bin_bcd File: D:/FPGALearn/20260309_shuZiShiZhong_2/src/bin_bcd.v Line: 1
Info (12021): Found 1 design units, including 1 entities, in source file /fpgalearn/20260309_shuzishizhong_2/src/adjust.v
    Info (12023): Found entity 1: adjust File: D:/FPGALearn/20260309_shuZiShiZhong_2/src/adjust.v Line: 2
Info (12127): Elaborating entity "math_clk_tp" for the top level hierarchy
Info (12128): Elaborating entity "math_clk" for hierarchy "math_clk:math_clk_inst" File: D:/FPGALearn/20260309_shuZiShiZhong_2/src/math_clk_tp.v Line: 15
Warning (10230): Verilog HDL assignment warning at math_clk.v(34): truncated value with size 32 to match size of target (26) File: D:/FPGALearn/20260309_shuZiShiZhong_2/src/math_clk.v Line: 34
Info (12128): Elaborating entity "bin_bcd" for hierarchy "math_clk:math_clk_inst|bin_bcd:bin_bcd_inst1" File: D:/FPGALearn/20260309_shuZiShiZhong_2/src/math_clk.v Line: 80
Info (12128): Elaborating entity "move" for hierarchy "math_clk:math_clk_inst|bin_bcd:bin_bcd_inst1|move:M[0].move_inst" File: D:/FPGALearn/20260309_shuZiShiZhong_2/src/bin_bcd.v Line: 21
Info (12128): Elaborating entity "adjust" for hierarchy "math_clk:math_clk_inst|bin_bcd:bin_bcd_inst1|move:M[0].move_inst|adjust:A[0].adjust_inst" File: D:/FPGALearn/20260309_shuZiShiZhong_2/src/move.v Line: 16
Warning (10230): Verilog HDL assignment warning at adjust.v(8): truncated value with size 32 to match size of target (4) File: D:/FPGALearn/20260309_shuZiShiZhong_2/src/adjust.v Line: 8
Info (12128): Elaborating entity "seg_driver" for hierarchy "seg_driver:seg_driver_inst" File: D:/FPGALearn/20260309_shuZiShiZhong_2/src/math_clk_tp.v Line: 25
Warning (12241): 3 hierarchies have connectivity warnings - see the Connectivity Checks report folder
Info (13000): Registers with preset signals will power-up high File: D:/FPGALearn/20260309_shuZiShiZhong_2/src/seg_driver.v Line: 31
Info (13003): DEV_CLRn pin will set, and not reset, register with preset signal due to NOT Gate Push-Back
Info (286030): Timing-Driven Synthesis is running
Info (16010): Generating hard_block partition "hard_block:auto_generated_inst"
    Info (16011): Adding 0 node(s), including 0 DDIO, 0 PLL, 0 transceiver and 0 LCELL
Info (21057): Implemented 220 device resources after synthesis - the final resource count might be different
    Info (21058): Implemented 2 input pins
    Info (21059): Implemented 11 output pins
    Info (21061): Implemented 207 logic cells
Info: Quartus Prime Analysis & Synthesis was successful. 0 errors, 4 warnings
    Info: Peak virtual memory: 4846 megabytes
    Info: Processing ended: Mon Mar 09 17:03:14 2026
    Info: Elapsed time: 00:00:07
    Info: Total CPU time (on all processors): 00:00:13


