Vivado Simulator 2018.3
Time resolution is 1 ps
 Block Memory Generator module loading initial data...
 Block Memory Generator data initialization complete.
Block Memory Generator module top_ad_da_fft_lcd_tb.u_top_ad_da_fft_lcd.u_hs_da.rom_256X8_0_inst.inst.native_mem_module.blk_mem_gen_v8_4_2_inst is using a behavioral model for simulation which will not precisely model memory collision behavior.
 Block Memory Generator module loading initial data...
 Block Memory Generator data initialization complete.
Block Memory Generator module top_ad_da_fft_lcd_tb.u_top_ad_da_fft_lcd.u_hs_da.rom_256X8_1_inst.inst.native_mem_module.blk_mem_gen_v8_4_2_inst is using a behavioral model for simulation which will not precisely model memory collision behavior.
WARNING: Behavioral models for independent clock FIFO configurations do not model synchronization delays. The behavioral models are functionally correct, and will represent the behavior of the configured FIFO. See the FIFO Generator User Guide for more information.
Block Memory Generator module top_ad_da_fft_lcd_tb.u_top_ad_da_fft_lcd.u_lcd_top.rw_ram_ctrl_inst.ram_256X8.inst.native_mem_module.blk_mem_gen_v8_4_2_inst is using a behavioral model for simulation which will not precisely model memory collision behavior.
 Block Memory Generator module loading initial data...
 Block Memory Generator data initialization complete.
Block Memory Generator module top_ad_da_fft_lcd_tb.u_top_ad_da_fft_lcd.u_lcd_top.lcd_rgb_top_inst.lcd_display_inst.u_rom_row_axle.inst.native_mem_module.blk_mem_gen_v8_4_2_inst is using a behavioral model for simulation which will not precisely model memory collision behavior.
 Block Memory Generator module loading initial data...
 Block Memory Generator data initialization complete.
Block Memory Generator module top_ad_da_fft_lcd_tb.u_top_ad_da_fft_lcd.u_lcd_top.lcd_rgb_top_inst.lcd_display_inst.u_rom_col_axle.inst.native_mem_module.blk_mem_gen_v8_4_2_inst is using a behavioral model for simulation which will not precisely model memory collision behavior.
 Block Memory Generator module loading initial data...
 Block Memory Generator data initialization complete.
Block Memory Generator module top_ad_da_fft_lcd_tb.u_top_ad_da_fft_lcd.u_hs_da.rom_256X8_0_inst.inst.native_mem_module.blk_mem_gen_v8_4_2_inst is using a behavioral model for simulation which will not precisely model memory collision behavior.
 Block Memory Generator module loading initial data...
 Block Memory Generator data initialization complete.
Block Memory Generator module top_ad_da_fft_lcd_tb.u_top_ad_da_fft_lcd.u_hs_da.rom_256X8_1_inst.inst.native_mem_module.blk_mem_gen_v8_4_2_inst is using a behavioral model for simulation which will not precisely model memory collision behavior.
WARNING: Behavioral models for independent clock FIFO configurations do not model synchronization delays. The behavioral models are functionally correct, and will represent the behavior of the configured FIFO. See the FIFO Generator User Guide for more information.
Block Memory Generator module top_ad_da_fft_lcd_tb.u_top_ad_da_fft_lcd.u_lcd_top.rw_ram_ctrl_inst.ram_256X8.inst.native_mem_module.blk_mem_gen_v8_4_2_inst is using a behavioral model for simulation which will not precisely model memory collision behavior.
 Block Memory Generator module loading initial data...
 Block Memory Generator data initialization complete.
Block Memory Generator module top_ad_da_fft_lcd_tb.u_top_ad_da_fft_lcd.u_lcd_top.lcd_rgb_top_inst.lcd_display_inst.u_rom_row_axle.inst.native_mem_module.blk_mem_gen_v8_4_2_inst is using a behavioral model for simulation which will not precisely model memory collision behavior.
 Block Memory Generator module loading initial data...
 Block Memory Generator data initialization complete.
Block Memory Generator module top_ad_da_fft_lcd_tb.u_top_ad_da_fft_lcd.u_lcd_top.lcd_rgb_top_inst.lcd_display_inst.u_rom_col_axle.inst.native_mem_module.blk_mem_gen_v8_4_2_inst is using a behavioral model for simulation which will not precisely model memory collision behavior.
blk_mem_gen_v8_4_2 collision detected at time: 45040000, Instance: top_ad_da_fft_lcd_tb.u_top_ad_da_fft_lcd.u_lcd_top.rw_ram_ctrl_inst.ram_256X8.inst.native_mem_module.blk_mem_gen_v8_4_2_inst, A write address: 0, B read address: 0
