INFO: [VRFC 10-2263] Analyzing Verilog file "D:/GitHub/my_fpga/fpga_project1_High_speed_ADDA_realTime_spectrum_analyzer_PL/code/proj/my_project/my_project.srcs/sources_1/ip/rom_col_axle/sim/rom_col_axle.v" into library xil_defaultlib
INFO: [VRFC 10-311] analyzing module rom_col_axle
INFO: [VRFC 10-2263] Analyzing Verilog file "D:/GitHub/my_fpga/fpga_project1_High_speed_ADDA_realTime_spectrum_analyzer_PL/code/proj/my_project/my_project.srcs/sources_1/ip/rom_row_axle/sim/rom_row_axle.v" into library xil_defaultlib
INFO: [VRFC 10-311] analyzing module rom_row_axle
INFO: [VRFC 10-2263] Analyzing Verilog file "D:/GitHub/my_fpga/fpga_project1_High_speed_ADDA_realTime_spectrum_analyzer_PL/code/proj/my_project/my_project.srcs/sources_1/ip/ram_256X8/sim/ram_256X8.v" into library xil_defaultlib
INFO: [VRFC 10-311] analyzing module ram_256X8
INFO: [VRFC 10-2263] Analyzing Verilog file "D:/GitHub/my_fpga/fpga_project1_High_speed_ADDA_realTime_spectrum_analyzer_PL/code/proj/my_project/my_project.srcs/sources_1/ip/fifo_512X8/sim/fifo_512X8.v" into library xil_defaultlib
INFO: [VRFC 10-311] analyzing module fifo_512X8
INFO: [VRFC 10-2263] Analyzing Verilog file "D:/GitHub/my_fpga/fpga_project1_High_speed_ADDA_realTime_spectrum_analyzer_PL/code/proj/my_project/my_project.srcs/sources_1/ip/rom_256X8_1/sim/rom_256X8_1.v" into library xil_defaultlib
INFO: [VRFC 10-311] analyzing module rom_256X8_1
INFO: [VRFC 10-2263] Analyzing Verilog file "D:/GitHub/my_fpga/fpga_project1_High_speed_ADDA_realTime_spectrum_analyzer_PL/code/proj/my_project/my_project.srcs/sources_1/ip/rom_256X8_0/sim/rom_256X8_0.v" into library xil_defaultlib
INFO: [VRFC 10-311] analyzing module rom_256X8_0
INFO: [VRFC 10-2263] Analyzing Verilog file "D:/GitHub/my_fpga/fpga_project1_High_speed_ADDA_realTime_spectrum_analyzer_PL/code/proj/my_project/my_project.srcs/sources_1/ip/my_pll/my_pll_clk_wiz.v" into library xil_defaultlib
INFO: [VRFC 10-311] analyzing module my_pll_clk_wiz
INFO: [VRFC 10-2263] Analyzing Verilog file "D:/GitHub/my_fpga/fpga_project1_High_speed_ADDA_realTime_spectrum_analyzer_PL/code/proj/my_project/my_project.srcs/sources_1/ip/my_pll/my_pll.v" into library xil_defaultlib
INFO: [VRFC 10-311] analyzing module my_pll
INFO: [VRFC 10-2263] Analyzing Verilog file "D:/GitHub/my_fpga/fpga_project1_High_speed_ADDA_realTime_spectrum_analyzer_PL/code/proj/my_project/my_project.srcs/sources_1/new/clk_div.v" into library xil_defaultlib
INFO: [VRFC 10-311] analyzing module clk_div
INFO: [VRFC 10-2263] Analyzing Verilog file "D:/GitHub/my_fpga/fpga_project1_High_speed_ADDA_realTime_spectrum_analyzer_PL/code/src/da_wave_send.v" into library xil_defaultlib
INFO: [VRFC 10-311] analyzing module da_wave_send
INFO: [VRFC 10-2263] Analyzing Verilog file "D:/GitHub/my_fpga/fpga_project1_High_speed_ADDA_realTime_spectrum_analyzer_PL/code/src/data_modulus.v" into library xil_defaultlib
INFO: [VRFC 10-311] analyzing module data_modulus
INFO: [VRFC 10-2263] Analyzing Verilog file "D:/GitHub/my_fpga/fpga_project1_High_speed_ADDA_realTime_spectrum_analyzer_PL/code/src/fifo_ctrl.v" into library xil_defaultlib
INFO: [VRFC 10-311] analyzing module fifo_ctrl
INFO: [VRFC 10-2263] Analyzing Verilog file "D:/GitHub/my_fpga/fpga_project1_High_speed_ADDA_realTime_spectrum_analyzer_PL/code/src/hs_da.v" into library xil_defaultlib
INFO: [VRFC 10-311] analyzing module hs_da
INFO: [VRFC 10-2263] Analyzing Verilog file "D:/GitHub/my_fpga/fpga_project1_High_speed_ADDA_realTime_spectrum_analyzer_PL/code/src/key_debounce.v" into library xil_defaultlib
INFO: [VRFC 10-311] analyzing module key_debounce
INFO: [VRFC 10-2263] Analyzing Verilog file "D:/GitHub/my_fpga/fpga_project1_High_speed_ADDA_realTime_spectrum_analyzer_PL/code/src/lcd_display.v" into library xil_defaultlib
INFO: [VRFC 10-311] analyzing module lcd_display
INFO: [VRFC 10-2263] Analyzing Verilog file "D:/GitHub/my_fpga/fpga_project1_High_speed_ADDA_realTime_spectrum_analyzer_PL/code/proj/my_project/my_project.srcs/sources_1/new/lcd_driver.v" into library xil_defaultlib
INFO: [VRFC 10-311] analyzing module lcd_driver
INFO: [VRFC 10-2263] Analyzing Verilog file "D:/GitHub/my_fpga/fpga_project1_High_speed_ADDA_realTime_spectrum_analyzer_PL/code/src/lcd_rgb_top.v" into library xil_defaultlib
INFO: [VRFC 10-311] analyzing module lcd_rgb_top
INFO: [VRFC 10-2263] Analyzing Verilog file "D:/GitHub/my_fpga/fpga_project1_High_speed_ADDA_realTime_spectrum_analyzer_PL/code/src/lcd_top.v" into library xil_defaultlib
INFO: [VRFC 10-311] analyzing module lcd_top
INFO: [VRFC 10-2263] Analyzing Verilog file "D:/GitHub/my_fpga/fpga_project1_High_speed_ADDA_realTime_spectrum_analyzer_PL/code/proj/my_project/my_project.srcs/sources_1/new/rd_id.v" into library xil_defaultlib
INFO: [VRFC 10-311] analyzing module rd_id
INFO: [VRFC 10-2263] Analyzing Verilog file "D:/GitHub/my_fpga/fpga_project1_High_speed_ADDA_realTime_spectrum_analyzer_PL/code/src/rw_ram_ctrl.v" into library xil_defaultlib
INFO: [VRFC 10-311] analyzing module rw_ram_ctrl
INFO: [VRFC 10-2263] Analyzing Verilog file "D:/GitHub/my_fpga/fpga_project1_High_speed_ADDA_realTime_spectrum_analyzer_PL/code/src/top_ad_da_fft_lcd.v" into library xil_defaultlib
INFO: [VRFC 10-311] analyzing module top_ad_da_fft_lcd
INFO: [VRFC 10-2263] Analyzing Verilog file "D:/GitHub/my_fpga/fpga_project1_High_speed_ADDA_realTime_spectrum_analyzer_PL/code/sim/top_ad_da_fft_lcd_tb.v" into library xil_defaultlib
INFO: [VRFC 10-311] analyzing module top_ad_da_fft_lcd_tb
